
02-01-2014 22:42:56 --- INFO: start: 02-01-2014 22:42:56
02-01-2014 22:42:56 --- INFO: ----------Source_Adesa (apache2handler)
02-01-2014 22:42:57 --- INFO: Authorized request
02-01-2014 22:47:08 --- INFO: Lexus RX 330 - found: 8, pass primary filters: 3, did not pass the filter by colors: 2, did not pass the filter by options: 1, added: 0, new vincodes: 0
02-01-2014 22:47:12 --- INFO: Lexus RX 400H - found: 8, pass primary filters: 8, did not pass the filter by colors: 7, did not pass the filter by options: 0, added: 1, new vincodes: 4
02-01-2014 22:47:13 --- INFO: Lexus GX 470 - found: 0, pass primary filters: 0, did not pass the filter by colors: 0, did not pass the filter by options: 0, added: 0, new vincodes: 0
02-01-2014 22:49:23 --- INFO: Lexus GX 470 - found: 13, pass primary filters: 12, did not pass the filter by colors: 6, did not pass the filter by options: 2, added: 4, new vincodes: 10
02-01-2014 22:49:27 --- INFO: Lexus LX 470 - found: 4, pass primary filters: 4, did not pass the filter by colors: 4, did not pass the filter by options: , added: 0, new vincodes: 2
02-01-2014 22:49:27 --- INFO: Toyota Sequoia - found: 0, pass primary filters: 0, did not pass the filter by colors: 0, did not pass the filter by options: 0, added: 0, new vincodes: 0
02-01-2014 22:49:28 --- INFO: Toyota Land Cruiser - found: 1, pass primary filters: 1, did not pass the filter by colors: 1, did not pass the filter by options: , added: 0, new vincodes: 0
02-01-2014 22:49:28 --- INFO: Lexus LX 570 - found: 0, pass primary filters: 0, did not pass the filter by colors: 0, did not pass the filter by options: 0, added: 0, new vincodes: 0
02-01-2014 22:49:30 --- INFO: Toyota Venza - found: 0, pass primary filters: 0, did not pass the filter by colors: 0, did not pass the filter by options: 0, added: 0, new vincodes: 0
02-01-2014 22:49:30 --- INFO: Toyota 4runner 2010 - found: 0, pass primary filters: 0, did not pass the filter by colors: 0, did not pass the filter by options: 0, added: 0, new vincodes: 0
02-01-2014 22:49:31 --- INFO: Toyota 4RUNNER 4WD V6 - found: 17, pass primary filters: 2, did not pass the filter by colors: 1, did not pass the filter by options: , added: 1, new vincodes: 2
02-01-2014 22:49:32 --- INFO: Toyota FJ cruiser - found: 5, pass primary filters: 0, did not pass the filter by colors: 0, did not pass the filter by options: 0, added: 0, new vincodes: 0
02-01-2014 22:49:32 --- INFO: Lexus RX 350 2013 - found: 0, pass primary filters: 0, did not pass the filter by colors: 0, did not pass the filter by options: 0, added: 0, new vincodes: 0
02-01-2014 22:50:13 --- INFO: Toyota Highlander - found: 29, pass primary filters: 8, did not pass the filter by colors: 8, did not pass the filter by options: , added: 0, new vincodes: 6
02-01-2014 22:52:40 --- INFO: Lexus RX 350 - found: 32, pass primary filters: 22, did not pass the filter by colors: 14, did not pass the filter by options: 3, added: 5, new vincodes: 14
02-01-2014 22:52:41 --- INFO: Toyota 4RUNNER Limited V6 - found: 21, pass primary filters: 1, did not pass the filter by colors: 0, did not pass the filter by options: , added: 1, new vincodes: 0
02-01-2014 22:52:41 --- INFO: finish: 02-01-2014 22:52:41
02-01-2014 22:52:41 --- INFO: elapsed time: ~585.05 sec., memory usage: ~3.81 Mb.
02-01-2014 22:47:54 --- INFO: start: 02-01-2014 22:47:54
02-01-2014 22:47:54 --- INFO: ----------Source_Oodle (apache2handler)
02-01-2014 22:47:59 --- INFO: Toyota Highlander - found: 25, pass primary filters: 22, did not pass the filter by colors: 0, did not pass the filter by options: 0, added: 22, new vincodes: 0
02-01-2014 22:49:21 --- INFO: Lexus RX 330 - found: 242, pass primary filters: 1, did not pass the filter by colors: 0, did not pass the filter by options: 0, added: 1, new vincodes: 0
02-01-2014 22:49:22 --- INFO: Lexus RX 400H - found: 0, pass primary filters: 0, did not pass the filter by colors: 0, did not pass the filter by options: 0, added: 0, new vincodes: 0
02-01-2014 22:49:23 --- INFO: Lexus GX 470 - found: 16, pass primary filters: 9, did not pass the filter by colors: 0, did not pass the filter by options: 0, added: 9, new vincodes: 0
02-01-2014 22:50:48 --- INFO: Lexus GX 470 - found: 206, pass primary filters: 1, did not pass the filter by colors: 0, did not pass the filter by options: 0, added: 1, new vincodes: 0
02-01-2014 22:51:11 --- INFO: Lexus LX 470 - found: 65, pass primary filters: 6, did not pass the filter by colors: 0, did not pass the filter by options: 0, added: 6, new vincodes: 0
02-01-2014 22:51:18 --- INFO: Toyota Sequoia - found: 76, pass primary filters: 7, did not pass the filter by colors: 0, did not pass the filter by options: 0, added: 7, new vincodes: 0
02-01-2014 22:52:31 --- INFO: Toyota Land Cruiser - found: 23, pass primary filters: 11, did not pass the filter by colors: 0, did not pass the filter by options: 0, added: 11, new vincodes: 4
02-01-2014 22:52:32 --- INFO: Lexus LX 570 - found: 0, pass primary filters: 0, did not pass the filter by colors: 0, did not pass the filter by options: 0, added: 0, new vincodes: 0
02-01-2014 22:52:32 --- INFO: Toyota Venza - found: 0, pass primary filters: 0, did not pass the filter by colors: 0, did not pass the filter by options: 0, added: 0, new vincodes: 0
02-01-2014 22:52:33 --- INFO: Toyota 4runner 2010 - found: 4, pass primary filters: 3, did not pass the filter by colors: 0, did not pass the filter by options: 0, added: 3, new vincodes: 1
02-01-2014 22:53:28 --- INFO: Toyota 4RUNNER 4WD V6 - found: 459, pass primary filters: 0, did not pass the filter by colors: 0, did not pass the filter by options: 0, added: 0, new vincodes: 0
02-01-2014 22:54:25 --- INFO: Toyota RAV 4 - found: 3015, pass primary filters: 0, did not pass the filter by colors: 0, did not pass the filter by options: 0, added: 0, new vincodes: 0
02-01-2014 22:54:36 --- INFO: Toyota Highlander 4WD - found: 475, pass primary filters: 0, did not pass the filter by colors: 0, did not pass the filter by options: 0, added: 0, new vincodes: 0
02-01-2014 22:54:46 --- INFO: Toyota Highlander - found: 475, pass primary filters: 0, did not pass the filter by colors: 0, did not pass the filter by options: 0, added: 0, new vincodes: 0
02-01-2014 22:56:03 --- INFO: Lexus RX 350 - found: 684, pass primary filters: 2, did not pass the filter by colors: 0, did not pass the filter by options: 0, added: 2, new vincodes: 0
02-01-2014 22:56:14 --- INFO: Toyota 4RUNNER Limited V6 - found: 528, pass primary filters: 1, did not pass the filter by colors: 0, did not pass the filter by options: 0, added: 1, new vincodes: 0
02-01-2014 22:56:14 --- INFO: Lexus GX 460 - found: 0, pass primary filters: 0, did not pass the filter by colors: 0, did not pass the filter by options: 0, added: 0, new vincodes: 0
02-01-2014 22:56:15 --- INFO: Lexus RX 350 - found: 10, pass primary filters: 5, did not pass the filter by colors: 0, did not pass the filter by options: 0, added: 5, new vincodes: 0
02-01-2014 22:56:26 --- INFO: Lexus GS300 - found: 103, pass primary filters: 0, did not pass the filter by colors: 0, did not pass the filter by options: 0, added: 0, new vincodes: 0
02-01-2014 22:56:28 --- INFO: Toyota FJ cruiser - found: 82, pass primary filters: 0, did not pass the filter by colors: 0, did not pass the filter by options: 0, added: 0, new vincodes: 0
02-01-2014 22:57:39 --- INFO: Lexus RX 350 2013 - found: 72, pass primary filters: 1, did not pass the filter by colors: 0, did not pass the filter by options: 0, added: 1, new vincodes: 0
02-01-2014 22:57:39 --- INFO: finish: 02-01-2014 22:57:39
02-01-2014 22:57:39 --- INFO: elapsed time: ~584.99 sec., memory usage: ~6.53 Mb.
02-01-2014 22:49:08 --- INFO: start: 02-01-2014 22:49:08
02-01-2014 22:49:08 --- INFO: ----------Source_AutoSalon (apache2handler)
02-01-2014 22:49:28 --- INFO: Lexus RX 330 - found: 59, pass primary filters: 0, did not pass the filter by colors: 0, did not pass the filter by options: 0, added: 0, new vincodes: 0
02-01-2014 22:49:31 --- INFO: Lexus RX 400H - found: 1, pass primary filters: 0, did not pass the filter by colors: 0, did not pass the filter by options: 0, added: 0, new vincodes: 0
02-01-2014 22:51:28 --- INFO: Lexus GX 470 - found: 5, pass primary filters: 5, did not pass the filter by colors: 0, did not pass the filter by options: 0, added: 5, new vincodes: 0
02-01-2014 23:10:31 --- INFO: Lexus GX 470 - found: 61, pass primary filters: 11, did not pass the filter by colors: 0, did not pass the filter by options: 0, added: 11, new vincodes: 2
02-01-2014 23:15:06 --- INFO: Lexus LX 470 - found: 27, pass primary filters: 2, did not pass the filter by colors: 0, did not pass the filter by options: 0, added: 2, new vincodes: 1
02-01-2014 23:15:12 --- INFO: Toyota Sequoia - found: 0, pass primary filters: 0, did not pass the filter by colors: 0, did not pass the filter by options: 0, added: 0, new vincodes: 0
02-01-2014 23:15:14 --- INFO: Toyota Land Cruiser - found: 0, pass primary filters: 0, did not pass the filter by colors: 0, did not pass the filter by options: 0, added: 0, new vincodes: 0
02-01-2014 23:17:17 --- INFO: Lexus LX 570 - found: 17, pass primary filters: 16, did not pass the filter by colors: 0, did not pass the filter by options: 0, added: 16, new vincodes: 1
02-01-2014 23:17:20 --- INFO: Toyota Venza - found: 0, pass primary filters: 0, did not pass the filter by colors: 0, did not pass the filter by options: 0, added: 0, new vincodes: 0
02-01-2014 23:17:23 --- INFO: Toyota 4runner 2010 - found: 0, pass primary filters: 0, did not pass the filter by colors: 0, did not pass the filter by options: 0, added: 0, new vincodes: 0
02-01-2014 23:17:25 --- INFO: Toyota 4RUNNER 4WD V6 - found: 0, pass primary filters: 0, did not pass the filter by colors: 0, did not pass the filter by options: 0, added: 0, new vincodes: 0
02-01-2014 23:17:28 --- INFO: Toyota RAV 4 - found: 0, pass primary filters: 0, did not pass the filter by colors: 0, did not pass the filter by options: 0, added: 0, new vincodes: 0
02-01-2014 23:17:30 --- INFO: Toyota Highlander 4WD - found: 0, pass primary filters: 0, did not pass the filter by colors: 0, did not pass the filter by options: 0, added: 0, new vincodes: 0
02-01-2014 23:17:33 --- INFO: Toyota Highlander - found: 0, pass primary filters: 0, did not pass the filter by colors: 0, did not pass the filter by options: 0, added: 0, new vincodes: 0
02-01-2014 23:22:50 --- INFO: Lexus RX 350 - found: 132, pass primary filters: 2, did not pass the filter by colors: 0, did not pass the filter by options: 0, added: 2, new vincodes: 0
02-01-2014 23:22:52 --- INFO: Toyota 4RUNNER Limited V6 - found: 0, pass primary filters: 0, did not pass the filter by colors: 0, did not pass the filter by options: 0, added: 0, new vincodes: 0
02-01-2014 23:22:56 --- INFO: Lexus GX 460 - found: 0, pass primary filters: 0, did not pass the filter by colors: 0, did not pass the filter by options: 0, added: 0, new vincodes: 0
02-01-2014 23:27:13 --- INFO: Lexus RX 350 - found: 17, pass primary filters: 9, did not pass the filter by colors: 0, did not pass the filter by options: 0, added: 9, new vincodes: 2
02-01-2014 23:31:36 --- INFO: Toyota Highlander - found: 17, pass primary filters: 15, did not pass the filter by colors: 0, did not pass the filter by options: 0, added: 15, new vincodes: 4
02-01-2014 23:33:16 --- INFO: Lexus GS300 - found: 19, pass primary filters: 6, did not pass the filter by colors: 0, did not pass the filter by options: 0, added: 6, new vincodes: 2
02-01-2014 23:40:59 --- INFO: Toyota FJ cruiser - found: 25, pass primary filters: 16, did not pass the filter by colors: 0, did not pass the filter by options: 0, added: 16, new vincodes: 5
02-01-2014 23:44:29 --- INFO: Lexus RX 350 2013 - found: 30, pass primary filters: 0, did not pass the filter by colors: 0, did not pass the filter by options: 0, added: 0, new vincodes: 0
02-01-2014 23:44:29 --- INFO: finish: 02-01-2014 23:44:29
02-01-2014 23:44:29 --- INFO: elapsed time: ~3320.42 sec., memory usage: ~5.86 Mb.