
04-01-2014 00:01:18 --- INFO: start: 04-01-2014 00:01:18
04-01-2014 00:01:18 --- INFO: ----------Source_Oodle (apache2handler)
04-01-2014 00:01:21 --- INFO: Toyota Highlander - found: 23, pass primary filters: 21, did not pass the filter by colors: 0, did not pass the filter by options: 0, added: 21, new vincodes: 0
04-01-2014 00:01:28 --- INFO: Lexus RX 330 - found: 232, pass primary filters: 1, did not pass the filter by colors: 0, did not pass the filter by options: 0, added: 1, new vincodes: 0
04-01-2014 00:01:29 --- INFO: Lexus RX 400H - found: 0, pass primary filters: 0, did not pass the filter by colors: 0, did not pass the filter by options: 0, added: 0, new vincodes: 0
04-01-2014 00:01:30 --- INFO: Lexus GX 470 - found: 13, pass primary filters: 8, did not pass the filter by colors: 0, did not pass the filter by options: 0, added: 8, new vincodes: 0
04-01-2014 00:02:06 --- INFO: Lexus GX 470 - found: 193, pass primary filters: 9, did not pass the filter by colors: 0, did not pass the filter by options: 0, added: 9, new vincodes: 0
04-01-2014 00:02:10 --- INFO: Lexus LX 470 - found: 60, pass primary filters: 4, did not pass the filter by colors: 0, did not pass the filter by options: 0, added: 4, new vincodes: 0
04-01-2014 00:02:13 --- INFO: Toyota Sequoia - found: 75, pass primary filters: 5, did not pass the filter by colors: 0, did not pass the filter by options: 0, added: 5, new vincodes: 0
04-01-2014 00:02:14 --- INFO: Toyota Land Cruiser - found: 22, pass primary filters: 10, did not pass the filter by colors: 0, did not pass the filter by options: 0, added: 10, new vincodes: 0
04-01-2014 00:02:14 --- INFO: Lexus LX 570 - found: 0, pass primary filters: 0, did not pass the filter by colors: 0, did not pass the filter by options: 0, added: 0, new vincodes: 0
04-01-2014 00:02:14 --- INFO: Toyota Venza - found: 0, pass primary filters: 0, did not pass the filter by colors: 0, did not pass the filter by options: 0, added: 0, new vincodes: 0
04-01-2014 00:02:15 --- INFO: Toyota 4runner 2010 - found: 4, pass primary filters: 3, did not pass the filter by colors: 0, did not pass the filter by options: 0, added: 3, new vincodes: 0
04-01-2014 00:02:26 --- INFO: Toyota 4RUNNER 4WD V6 - found: 454, pass primary filters: 0, did not pass the filter by colors: 0, did not pass the filter by options: 0, added: 0, new vincodes: 0
04-01-2014 00:03:25 --- INFO: Toyota RAV 4 - found: 2875, pass primary filters: 0, did not pass the filter by colors: 0, did not pass the filter by options: 0, added: 0, new vincodes: 0
04-01-2014 00:03:34 --- INFO: Toyota Highlander 4WD - found: 457, pass primary filters: 0, did not pass the filter by colors: 0, did not pass the filter by options: 0, added: 0, new vincodes: 0
04-01-2014 00:03:44 --- INFO: Toyota Highlander - found: 457, pass primary filters: 0, did not pass the filter by colors: 0, did not pass the filter by options: 0, added: 0, new vincodes: 0
04-01-2014 00:03:57 --- INFO: Lexus RX 350 - found: 621, pass primary filters: 2, did not pass the filter by colors: 0, did not pass the filter by options: 0, added: 2, new vincodes: 0
04-01-2014 00:04:08 --- INFO: Toyota 4RUNNER Limited V6 - found: 519, pass primary filters: 1, did not pass the filter by colors: 0, did not pass the filter by options: 0, added: 1, new vincodes: 0
04-01-2014 00:04:08 --- INFO: Lexus GX 460 - found: 0, pass primary filters: 0, did not pass the filter by colors: 0, did not pass the filter by options: 0, added: 0, new vincodes: 0
04-01-2014 00:04:11 --- INFO: Lexus RX 350 - found: 9, pass primary filters: 5, did not pass the filter by colors: 0, did not pass the filter by options: 0, added: 5, new vincodes: 0
04-01-2014 00:04:13 --- INFO: Lexus GS300 - found: 98, pass primary filters: 6, did not pass the filter by colors: 0, did not pass the filter by options: 0, added: 6, new vincodes: 0
04-01-2014 00:04:20 --- INFO: Toyota FJ cruiser - found: 80, pass primary filters: 0, did not pass the filter by colors: 0, did not pass the filter by options: 0, added: 0, new vincodes: 0
04-01-2014 00:04:23 --- INFO: Lexus RX 350 2013 - found: 74, pass primary filters: 1, did not pass the filter by colors: 0, did not pass the filter by options: 0, added: 1, new vincodes: 0
04-01-2014 00:04:23 --- INFO: finish: 04-01-2014 00:04:23
04-01-2014 00:04:23 --- INFO: elapsed time: ~185.27 sec., memory usage: ~5.81 Mb.
04-01-2014 00:13:07 --- INFO: start: 04-01-2014 00:13:07
04-01-2014 00:13:07 --- INFO: ----------Source_Adesa (apache2handler)
04-01-2014 00:13:08 --- INFO: Authorized request
04-01-2014 00:13:10 --- INFO: Lexus RX 330 - found: 6, pass primary filters: 1, did not pass the filter by colors: 0, did not pass the filter by options: 1, added: 0, new vincodes: 1
04-01-2014 00:13:11 --- INFO: Lexus RX 400H - found: 5, pass primary filters: 5, did not pass the filter by colors: 5, did not pass the filter by options: 0, added: 0, new vincodes: 0
04-01-2014 00:13:12 --- INFO: Lexus GX 470 - found: 0, pass primary filters: 0, did not pass the filter by colors: 0, did not pass the filter by options: 0, added: 0, new vincodes: 0
04-01-2014 00:14:03 --- INFO: Lexus GX 470 - found: 11, pass primary filters: 10, did not pass the filter by colors: 4, did not pass the filter by options: 2, added: 4, new vincodes: 1
04-01-2014 00:14:04 --- INFO: Lexus LX 470 - found: 5, pass primary filters: 5, did not pass the filter by colors: 5, did not pass the filter by options: , added: 0, new vincodes: 1
04-01-2014 00:14:04 --- INFO: Toyota Sequoia - found: 0, pass primary filters: 0, did not pass the filter by colors: 0, did not pass the filter by options: 0, added: 0, new vincodes: 0
04-01-2014 00:14:05 --- INFO: Toyota Land Cruiser - found: 1, pass primary filters: 1, did not pass the filter by colors: 1, did not pass the filter by options: , added: 0, new vincodes: 0
04-01-2014 00:14:05 --- INFO: Lexus LX 570 - found: 0, pass primary filters: 0, did not pass the filter by colors: 0, did not pass the filter by options: 0, added: 0, new vincodes: 0
04-01-2014 00:14:06 --- INFO: Toyota Venza - found: 0, pass primary filters: 0, did not pass the filter by colors: 0, did not pass the filter by options: 0, added: 0, new vincodes: 0
04-01-2014 00:14:07 --- INFO: Toyota 4runner 2010 - found: 0, pass primary filters: 0, did not pass the filter by colors: 0, did not pass the filter by options: 0, added: 0, new vincodes: 0
04-01-2014 00:16:01 --- INFO: Toyota 4RUNNER 4WD V6 - found: 23, pass primary filters: 9, did not pass the filter by colors: 1, did not pass the filter by options: , added: 8, new vincodes: 7
04-01-2014 00:16:02 --- INFO: Toyota FJ cruiser - found: 7, pass primary filters: 0, did not pass the filter by colors: 0, did not pass the filter by options: 0, added: 0, new vincodes: 0
04-01-2014 00:16:03 --- INFO: Lexus RX 350 2013 - found: 0, pass primary filters: 0, did not pass the filter by colors: 0, did not pass the filter by options: 0, added: 0, new vincodes: 0
04-01-2014 00:16:07 --- INFO: Toyota Highlander - found: 36, pass primary filters: 10, did not pass the filter by colors: 9, did not pass the filter by options: , added: 1, new vincodes: 2
04-01-2014 00:16:14 --- INFO: Lexus RX 350 - found: 30, pass primary filters: 21, did not pass the filter by colors: 12, did not pass the filter by options: 4, added: 5, new vincodes: 5
04-01-2014 00:16:15 --- INFO: Toyota 4RUNNER Limited V6 - found: 27, pass primary filters: 0, did not pass the filter by colors: 0, did not pass the filter by options: 0, added: 0, new vincodes: 0
04-01-2014 00:16:15 --- INFO: finish: 04-01-2014 00:16:15
04-01-2014 00:16:15 --- INFO: elapsed time: ~187.75 sec., memory usage: ~3.77 Mb.