
05-12-2013 02:00:01 --- INFO: start: 05-12-2013 02:00:01
05-12-2013 02:00:01 --- INFO: ----------Source_Adesa (cli)
05-12-2013 02:00:02 --- INFO: Authorized request
05-12-2013 02:00:04 --- INFO: Lexus RX 330 - found: 15, pass primary filters: 11, did not pass the filter by colors: 9, did not pass the filter by options: 1, added: 1, new vincodes: 0
05-12-2013 02:00:05 --- INFO: Lexus RX 400H - found: 9, pass primary filters: 8, did not pass the filter by colors: 6, did not pass the filter by options: 1, added: 1, new vincodes: 1
05-12-2013 02:00:08 --- INFO: Lexus GX 470 - found: 3, pass primary filters: 3, did not pass the filter by colors: 1, did not pass the filter by options: 1, added: 1, new vincodes: 0
05-12-2013 02:01:02 --- INFO: Lexus GX 470 - found: 13, pass primary filters: 13, did not pass the filter by colors: 7, did not pass the filter by options: 3, added: 3, new vincodes: 1
05-12-2013 02:01:03 --- INFO: Lexus LX 470 - found: 4, pass primary filters: 4, did not pass the filter by colors: 4, did not pass the filter by options: , added: 0, new vincodes: 0
05-12-2013 02:01:04 --- INFO: Toyota Sequoia - found: 0, pass primary filters: 0, did not pass the filter by colors: 0, did not pass the filter by options: 0, added: 0, new vincodes: 0
05-12-2013 02:01:04 --- INFO: Toyota Land Cruiser - found: 0, pass primary filters: 0, did not pass the filter by colors: 0, did not pass the filter by options: 0, added: 0, new vincodes: 0
05-12-2013 02:01:05 --- INFO: Lexus LX 570 - found: 0, pass primary filters: 0, did not pass the filter by colors: 0, did not pass the filter by options: 0, added: 0, new vincodes: 0
05-12-2013 02:01:06 --- INFO: Toyota Venza - found: 0, pass primary filters: 0, did not pass the filter by colors: 0, did not pass the filter by options: 0, added: 0, new vincodes: 0
05-12-2013 02:01:07 --- INFO: Toyota 4runner 2010 - found: 0, pass primary filters: 0, did not pass the filter by colors: 0, did not pass the filter by options: 0, added: 0, new vincodes: 0
05-12-2013 02:01:11 --- INFO: Toyota 4RUNNER 4WD V6 - found: 35, pass primary filters: 19, did not pass the filter by colors: 8, did not pass the filter by options: , added: 11, new vincodes: 1
05-12-2013 02:01:12 --- INFO: Toyota FJ cruiser - found: 10, pass primary filters: 0, did not pass the filter by colors: 0, did not pass the filter by options: 0, added: 0, new vincodes: 0
05-12-2013 02:01:12 --- INFO: Lexus RX 350 2013 - found: 0, pass primary filters: 0, did not pass the filter by colors: 0, did not pass the filter by options: 0, added: 0, new vincodes: 0
05-12-2013 02:01:15 --- INFO: Toyota Highlander - found: 45, pass primary filters: 4, did not pass the filter by colors: 2, did not pass the filter by options: , added: 2, new vincodes: 1
05-12-2013 02:02:06 --- INFO: Lexus RX 350 - found: 29, pass primary filters: 20, did not pass the filter by colors: 11, did not pass the filter by options: 3, added: 6, new vincodes: 2
05-12-2013 02:02:07 --- INFO: Toyota 4RUNNER Limited V6 - found: 39, pass primary filters: 0, did not pass the filter by colors: 0, did not pass the filter by options: 0, added: 0, new vincodes: 0
05-12-2013 02:02:07 --- INFO: finish: 05-12-2013 02:02:07
05-12-2013 02:02:07 --- INFO: elapsed time: ~125.52 sec., memory usage: ~2.57 Mb.
05-12-2013 02:30:01 --- INFO: start: 05-12-2013 02:30:01
05-12-2013 02:30:01 --- INFO: ----------Source_ExpOfCars (cli)
05-12-2013 02:30:05 --- INFO: Lexus RX 330 - found: 45, pass primary filters: 29, did not pass the filter by colors: 0, did not pass the filter by options: 0, added: 29, new vincodes: 0
05-12-2013 02:30:08 --- INFO: Lexus RX 400H - found: 23, pass primary filters: 21, did not pass the filter by colors: 0, did not pass the filter by options: 0, added: 21, new vincodes: 0
05-12-2013 02:30:10 --- INFO: Lexus GX 470 - found: 9, pass primary filters: 9, did not pass the filter by colors: 0, did not pass the filter by options: 0, added: 9, new vincodes: 0
05-12-2013 02:30:14 --- INFO: Lexus GX 470 - found: 45, pass primary filters: 45, did not pass the filter by colors: 0, did not pass the filter by options: 0, added: 45, new vincodes: 0
05-12-2013 02:30:17 --- INFO: Lexus LX 470 - found: 18, pass primary filters: 18, did not pass the filter by colors: 0, did not pass the filter by options: 0, added: 18, new vincodes: 0
05-12-2013 02:30:19 --- INFO: Toyota Sequoia - found: 22, pass primary filters: 22, did not pass the filter by colors: 0, did not pass the filter by options: 0, added: 22, new vincodes: 0
05-12-2013 02:30:20 --- INFO: Toyota Land Cruiser - found: 13, pass primary filters: 13, did not pass the filter by colors: 0, did not pass the filter by options: 0, added: 13, new vincodes: 0
05-12-2013 02:30:22 --- INFO: Lexus LX 570 - found: 19, pass primary filters: 19, did not pass the filter by colors: 0, did not pass the filter by options: 0, added: 19, new vincodes: 0
05-12-2013 02:30:23 --- INFO: Toyota Venza - found: 4, pass primary filters: 4, did not pass the filter by colors: 0, did not pass the filter by options: 0, added: 4, new vincodes: 0
05-12-2013 02:30:24 --- INFO: Toyota 4runner 2010 - found: 1, pass primary filters: 1, did not pass the filter by colors: 0, did not pass the filter by options: 0, added: 1, new vincodes: 0
05-12-2013 02:30:26 --- INFO: Toyota 4RUNNER 4WD V6 - found: 38, pass primary filters: 11, did not pass the filter by colors: 0, did not pass the filter by options: 0, added: 11, new vincodes: 0
05-12-2013 02:30:32 --- INFO: Toyota RAV 4 - found: 168, pass primary filters: 0, did not pass the filter by colors: 0, did not pass the filter by options: 0, added: 0, new vincodes: 0
05-12-2013 02:30:34 --- INFO: Toyota Highlander 4WD - found: 54, pass primary filters: 2, did not pass the filter by colors: 0, did not pass the filter by options: 0, added: 2, new vincodes: 0
05-12-2013 02:30:37 --- INFO: Toyota Highlander - found: 54, pass primary filters: 16, did not pass the filter by colors: 0, did not pass the filter by options: 0, added: 16, new vincodes: 0
05-12-2013 02:30:46 --- INFO: Lexus RX 350 - found: 106, pass primary filters: 84, did not pass the filter by colors: 0, did not pass the filter by options: 0, added: 84, new vincodes: 0
05-12-2013 02:30:49 --- INFO: Toyota 4RUNNER Limited V6 - found: 48, pass primary filters: 0, did not pass the filter by colors: 0, did not pass the filter by options: 0, added: 0, new vincodes: 0
05-12-2013 02:30:50 --- INFO: Lexus GX 460 - found: 1, pass primary filters: 1, did not pass the filter by colors: 0, did not pass the filter by options: 0, added: 1, new vincodes: 0
05-12-2013 02:30:51 --- INFO: Lexus RX 350 - found: 9, pass primary filters: 9, did not pass the filter by colors: 0, did not pass the filter by options: 0, added: 9, new vincodes: 0
05-12-2013 02:30:52 --- INFO: Toyota Highlander - found: 9, pass primary filters: 9, did not pass the filter by colors: 0, did not pass the filter by options: 0, added: 9, new vincodes: 0
05-12-2013 02:30:54 --- INFO: Lexus GS300 - found: 19, pass primary filters: 6, did not pass the filter by colors: 0, did not pass the filter by options: 0, added: 6, new vincodes: 0
05-12-2013 02:30:54 --- INFO: finish: 05-12-2013 02:30:54
05-12-2013 02:30:54 --- INFO: elapsed time: ~52.9 sec., memory usage: ~3.35 Mb.
05-12-2013 02:45:01 --- INFO: start: 05-12-2013 02:45:01
05-12-2013 02:45:01 --- INFO: ----------Source_Oodle (cli)
05-12-2013 02:45:03 --- INFO: Toyota Highlander - found: 27, pass primary filters: 23, did not pass the filter by colors: 0, did not pass the filter by options: 0, added: 23, new vincodes: 0
05-12-2013 02:45:08 --- INFO: Lexus RX 330 - found: 211, pass primary filters: 0, did not pass the filter by colors: 0, did not pass the filter by options: 0, added: 0, new vincodes: 0
05-12-2013 02:45:09 --- INFO: Lexus RX 400H - found: 0, pass primary filters: 0, did not pass the filter by colors: 0, did not pass the filter by options: 0, added: 0, new vincodes: 0
05-12-2013 02:45:10 --- INFO: Lexus GX 470 - found: 13, pass primary filters: 9, did not pass the filter by colors: 0, did not pass the filter by options: 0, added: 9, new vincodes: 0
05-12-2013 02:45:15 --- INFO: Lexus GX 470 - found: 181, pass primary filters: 6, did not pass the filter by colors: 0, did not pass the filter by options: 0, added: 6, new vincodes: 0
05-12-2013 02:45:18 --- INFO: Lexus LX 470 - found: 69, pass primary filters: 10, did not pass the filter by colors: 0, did not pass the filter by options: 0, added: 10, new vincodes: 0
05-12-2013 02:45:20 --- INFO: Toyota Sequoia - found: 80, pass primary filters: 6, did not pass the filter by colors: 0, did not pass the filter by options: 0, added: 6, new vincodes: 0
05-12-2013 02:45:21 --- INFO: Toyota Land Cruiser - found: 22, pass primary filters: 9, did not pass the filter by colors: 0, did not pass the filter by options: 0, added: 9, new vincodes: 0
05-12-2013 02:45:21 --- INFO: Lexus LX 570 - found: 0, pass primary filters: 0, did not pass the filter by colors: 0, did not pass the filter by options: 0, added: 0, new vincodes: 0
05-12-2013 02:45:21 --- INFO: Toyota Venza - found: 0, pass primary filters: 0, did not pass the filter by colors: 0, did not pass the filter by options: 0, added: 0, new vincodes: 0
05-12-2013 02:45:22 --- INFO: Toyota 4runner 2010 - found: 3, pass primary filters: 2, did not pass the filter by colors: 0, did not pass the filter by options: 0, added: 2, new vincodes: 0
05-12-2013 02:45:32 --- INFO: Toyota 4RUNNER 4WD V6 - found: 449, pass primary filters: 1, did not pass the filter by colors: 0, did not pass the filter by options: 0, added: 1, new vincodes: 0
05-12-2013 02:46:38 --- INFO: Toyota RAV 4 - found: 3154, pass primary filters: 0, did not pass the filter by colors: 0, did not pass the filter by options: 0, added: 0, new vincodes: 0
05-12-2013 02:46:47 --- INFO: Toyota Highlander 4WD - found: 435, pass primary filters: 0, did not pass the filter by colors: 0, did not pass the filter by options: 0, added: 0, new vincodes: 0
05-12-2013 02:46:55 --- INFO: Toyota Highlander - found: 435, pass primary filters: 0, did not pass the filter by colors: 0, did not pass the filter by options: 0, added: 0, new vincodes: 0
05-12-2013 02:47:11 --- INFO: Lexus RX 350 - found: 616, pass primary filters: 1, did not pass the filter by colors: 0, did not pass the filter by options: 0, added: 1, new vincodes: 0
05-12-2013 02:47:23 --- INFO: Toyota 4RUNNER Limited V6 - found: 531, pass primary filters: 0, did not pass the filter by colors: 0, did not pass the filter by options: 0, added: 0, new vincodes: 0
05-12-2013 02:47:23 --- INFO: Lexus GX 460 - found: 0, pass primary filters: 0, did not pass the filter by colors: 0, did not pass the filter by options: 0, added: 0, new vincodes: 0
05-12-2013 02:47:24 --- INFO: Lexus RX 350 - found: 13, pass primary filters: 6, did not pass the filter by colors: 0, did not pass the filter by options: 0, added: 6, new vincodes: 0
05-12-2013 02:47:26 --- INFO: Lexus GS300 - found: 88, pass primary filters: 3, did not pass the filter by colors: 0, did not pass the filter by options: 0, added: 3, new vincodes: 0
05-12-2013 02:47:28 --- INFO: Toyota FJ cruiser - found: 86, pass primary filters: 0, did not pass the filter by colors: 0, did not pass the filter by options: 0, added: 0, new vincodes: 0
05-12-2013 02:47:30 --- INFO: Lexus RX 350 2013 - found: 55, pass primary filters: 0, did not pass the filter by colors: 0, did not pass the filter by options: 0, added: 0, new vincodes: 0
05-12-2013 02:47:30 --- INFO: finish: 05-12-2013 02:47:30
05-12-2013 02:47:30 --- INFO: elapsed time: ~148.79 sec., memory usage: ~3.65 Mb.
05-12-2013 03:00:01 --- INFO: start: 05-12-2013 03:00:01
05-12-2013 03:00:01 --- INFO: ----------Source_AutoSalon (cli)
05-12-2013 03:00:25 --- INFO: Lexus RX 330 - found: 93, pass primary filters: 0, did not pass the filter by colors: 0, did not pass the filter by options: 0, added: 0, new vincodes: 0
05-12-2013 03:00:29 --- INFO: Lexus RX 400H - found: 0, pass primary filters: 0, did not pass the filter by colors: 0, did not pass the filter by options: 0, added: 0, new vincodes: 0
05-12-2013 03:00:36 --- INFO: Lexus GX 470 - found: 17, pass primary filters: 15, did not pass the filter by colors: 0, did not pass the filter by options: 0, added: 15, new vincodes: 0
05-12-2013 03:02:12 --- INFO: Lexus GX 470 - found: 84, pass primary filters: 9, did not pass the filter by colors: 0, did not pass the filter by options: 0, added: 9, new vincodes: 1
05-12-2013 03:03:31 --- INFO: Lexus LX 470 - found: 45, pass primary filters: 18, did not pass the filter by colors: 0, did not pass the filter by options: 0, added: 18, new vincodes: 0
05-12-2013 03:03:36 --- INFO: Toyota Sequoia - found: 0, pass primary filters: 0, did not pass the filter by colors: 0, did not pass the filter by options: 0, added: 0, new vincodes: 0
05-12-2013 03:03:38 --- INFO: Toyota Land Cruiser - found: 0, pass primary filters: 0, did not pass the filter by colors: 0, did not pass the filter by options: 0, added: 0, new vincodes: 0
05-12-2013 03:03:56 --- INFO: Lexus LX 570 - found: 29, pass primary filters: 4, did not pass the filter by colors: 0, did not pass the filter by options: 0, added: 4, new vincodes: 0
05-12-2013 03:03:59 --- INFO: Toyota Venza - found: 0, pass primary filters: 0, did not pass the filter by colors: 0, did not pass the filter by options: 0, added: 0, new vincodes: 0
05-12-2013 03:04:02 --- INFO: Toyota 4runner 2010 - found: 0, pass primary filters: 0, did not pass the filter by colors: 0, did not pass the filter by options: 0, added: 0, new vincodes: 0
05-12-2013 03:04:04 --- INFO: Toyota 4RUNNER 4WD V6 - found: 0, pass primary filters: 0, did not pass the filter by colors: 0, did not pass the filter by options: 0, added: 0, new vincodes: 0
05-12-2013 03:04:06 --- INFO: Toyota RAV 4 - found: 0, pass primary filters: 0, did not pass the filter by colors: 0, did not pass the filter by options: 0, added: 0, new vincodes: 0
05-12-2013 03:04:09 --- INFO: Toyota Highlander 4WD - found: 0, pass primary filters: 0, did not pass the filter by colors: 0, did not pass the filter by options: 0, added: 0, new vincodes: 0
05-12-2013 03:04:11 --- INFO: Toyota Highlander - found: 0, pass primary filters: 0, did not pass the filter by colors: 0, did not pass the filter by options: 0, added: 0, new vincodes: 0
05-12-2013 03:05:07 --- INFO: Lexus RX 350 - found: 179, pass primary filters: 1, did not pass the filter by colors: 0, did not pass the filter by options: 0, added: 1, new vincodes: 0
05-12-2013 03:05:09 --- INFO: Toyota 4RUNNER Limited V6 - found: 0, pass primary filters: 0, did not pass the filter by colors: 0, did not pass the filter by options: 0, added: 0, new vincodes: 0
05-12-2013 03:05:12 --- INFO: Lexus GX 460 - found: 1, pass primary filters: 1, did not pass the filter by colors: 0, did not pass the filter by options: 0, added: 1, new vincodes: 0
05-12-2013 03:05:15 --- INFO: Lexus RX 350 - found: 17, pass primary filters: 6, did not pass the filter by colors: 0, did not pass the filter by options: 0, added: 6, new vincodes: 0
05-12-2013 03:06:21 --- INFO: Toyota Highlander - found: 18, pass primary filters: 13, did not pass the filter by colors: 0, did not pass the filter by options: 0, added: 13, new vincodes: 1
05-12-2013 03:06:29 --- INFO: Lexus GS300 - found: 32, pass primary filters: 1, did not pass the filter by colors: 0, did not pass the filter by options: 0, added: 1, new vincodes: 0
05-12-2013 03:06:37 --- INFO: Toyota FJ cruiser - found: 30, pass primary filters: 3, did not pass the filter by colors: 0, did not pass the filter by options: 0, added: 3, new vincodes: 0
05-12-2013 03:08:53 --- INFO: Lexus RX 350 2013 - found: 29, pass primary filters: 1, did not pass the filter by colors: 0, did not pass the filter by options: 0, added: 1, new vincodes: 0
05-12-2013 03:08:53 --- INFO: finish: 05-12-2013 03:08:53
05-12-2013 03:08:53 --- INFO: elapsed time: ~531.68 sec., memory usage: ~3.54 Mb.
05-12-2013 06:00:01 --- INFO: start: 05-12-2013 06:00:01
05-12-2013 06:00:01 --- INFO: ----------Source_Adesa (cli)
05-12-2013 06:00:02 --- INFO: Authorized request
05-12-2013 06:00:07 --- INFO: Lexus RX 330 - found: 18, pass primary filters: 12, did not pass the filter by colors: 10, did not pass the filter by options: 1, added: 1, new vincodes: 1
05-12-2013 06:00:14 --- INFO: Lexus RX 400H - found: 10, pass primary filters: 9, did not pass the filter by colors: 7, did not pass the filter by options: 1, added: 1, new vincodes: 1
05-12-2013 06:00:16 --- INFO: Lexus GX 470 - found: 5, pass primary filters: 4, did not pass the filter by colors: 2, did not pass the filter by options: 0, added: 2, new vincodes: 1
05-12-2013 06:00:17 --- INFO: Lexus GX 470 - found: 15, pass primary filters: 15, did not pass the filter by colors: 7, did not pass the filter by options: 4, added: 4, new vincodes: 0
05-12-2013 06:00:20 --- INFO: Lexus LX 470 - found: 5, pass primary filters: 5, did not pass the filter by colors: 5, did not pass the filter by options: , added: 0, new vincodes: 1
05-12-2013 06:00:20 --- INFO: Toyota Sequoia - found: 0, pass primary filters: 0, did not pass the filter by colors: 0, did not pass the filter by options: 0, added: 0, new vincodes: 0
05-12-2013 06:00:21 --- INFO: Toyota Land Cruiser - found: 0, pass primary filters: 0, did not pass the filter by colors: 0, did not pass the filter by options: 0, added: 0, new vincodes: 0
05-12-2013 06:00:21 --- INFO: Lexus LX 570 - found: 0, pass primary filters: 0, did not pass the filter by colors: 0, did not pass the filter by options: 0, added: 0, new vincodes: 0
05-12-2013 06:00:22 --- INFO: Toyota Venza - found: 0, pass primary filters: 0, did not pass the filter by colors: 0, did not pass the filter by options: 0, added: 0, new vincodes: 0
05-12-2013 06:00:23 --- INFO: Toyota 4runner 2010 - found: 0, pass primary filters: 0, did not pass the filter by colors: 0, did not pass the filter by options: 0, added: 0, new vincodes: 0
05-12-2013 06:00:24 --- INFO: Toyota 4RUNNER 4WD V6 - found: 38, pass primary filters: 20, did not pass the filter by colors: 9, did not pass the filter by options: , added: 11, new vincodes: 1
05-12-2013 06:00:25 --- INFO: Toyota FJ cruiser - found: 12, pass primary filters: 0, did not pass the filter by colors: 0, did not pass the filter by options: 0, added: 0, new vincodes: 0
05-12-2013 06:00:25 --- INFO: Lexus RX 350 2013 - found: 0, pass primary filters: 0, did not pass the filter by colors: 0, did not pass the filter by options: 0, added: 0, new vincodes: 0
05-12-2013 06:00:29 --- INFO: Toyota Highlander - found: 55, pass primary filters: 5, did not pass the filter by colors: 3, did not pass the filter by options: , added: 2, new vincodes: 1
05-12-2013 06:00:32 --- INFO: Lexus RX 350 - found: 35, pass primary filters: 22, did not pass the filter by colors: 12, did not pass the filter by options: 3, added: 7, new vincodes: 2
05-12-2013 06:00:33 --- INFO: Toyota 4RUNNER Limited V6 - found: 43, pass primary filters: 1, did not pass the filter by colors: 0, did not pass the filter by options: , added: 1, new vincodes: 1
05-12-2013 06:00:33 --- INFO: finish: 05-12-2013 06:00:33
05-12-2013 06:00:33 --- INFO: elapsed time: ~32.08 sec., memory usage: ~2.65 Mb.
05-12-2013 06:30:01 --- INFO: start: 05-12-2013 06:30:01
05-12-2013 06:30:01 --- INFO: ----------Source_ExpOfCars (cli)
05-12-2013 06:30:06 --- INFO: Lexus RX 330 - found: 42, pass primary filters: 27, did not pass the filter by colors: 0, did not pass the filter by options: 0, added: 27, new vincodes: 0
05-12-2013 06:30:09 --- INFO: Lexus RX 400H - found: 23, pass primary filters: 21, did not pass the filter by colors: 0, did not pass the filter by options: 0, added: 21, new vincodes: 0
05-12-2013 06:30:10 --- INFO: Lexus GX 470 - found: 8, pass primary filters: 8, did not pass the filter by colors: 0, did not pass the filter by options: 0, added: 8, new vincodes: 0
05-12-2013 06:30:14 --- INFO: Lexus GX 470 - found: 42, pass primary filters: 42, did not pass the filter by colors: 0, did not pass the filter by options: 0, added: 42, new vincodes: 0
05-12-2013 06:30:16 --- INFO: Lexus LX 470 - found: 16, pass primary filters: 16, did not pass the filter by colors: 0, did not pass the filter by options: 0, added: 16, new vincodes: 0
05-12-2013 06:30:18 --- INFO: Toyota Sequoia - found: 21, pass primary filters: 21, did not pass the filter by colors: 0, did not pass the filter by options: 0, added: 21, new vincodes: 0
05-12-2013 06:30:19 --- INFO: Toyota Land Cruiser - found: 12, pass primary filters: 12, did not pass the filter by colors: 0, did not pass the filter by options: 0, added: 12, new vincodes: 0
05-12-2013 06:30:21 --- INFO: Lexus LX 570 - found: 18, pass primary filters: 18, did not pass the filter by colors: 0, did not pass the filter by options: 0, added: 18, new vincodes: 0
05-12-2013 06:30:22 --- INFO: Toyota Venza - found: 4, pass primary filters: 4, did not pass the filter by colors: 0, did not pass the filter by options: 0, added: 4, new vincodes: 0
05-12-2013 06:30:24 --- INFO: Toyota 4runner 2010 - found: 1, pass primary filters: 1, did not pass the filter by colors: 0, did not pass the filter by options: 0, added: 1, new vincodes: 0
05-12-2013 06:30:26 --- INFO: Toyota 4RUNNER 4WD V6 - found: 35, pass primary filters: 11, did not pass the filter by colors: 0, did not pass the filter by options: 0, added: 11, new vincodes: 0
05-12-2013 06:30:32 --- INFO: Toyota RAV 4 - found: 163, pass primary filters: 0, did not pass the filter by colors: 0, did not pass the filter by options: 0, added: 0, new vincodes: 0
05-12-2013 06:30:35 --- INFO: Toyota Highlander 4WD - found: 52, pass primary filters: 2, did not pass the filter by colors: 0, did not pass the filter by options: 0, added: 2, new vincodes: 0
05-12-2013 06:30:38 --- INFO: Toyota Highlander - found: 52, pass primary filters: 14, did not pass the filter by colors: 0, did not pass the filter by options: 0, added: 14, new vincodes: 0
05-12-2013 06:30:45 --- INFO: Lexus RX 350 - found: 102, pass primary filters: 81, did not pass the filter by colors: 0, did not pass the filter by options: 0, added: 81, new vincodes: 0
05-12-2013 06:30:47 --- INFO: Toyota 4RUNNER Limited V6 - found: 44, pass primary filters: 0, did not pass the filter by colors: 0, did not pass the filter by options: 0, added: 0, new vincodes: 0
05-12-2013 06:30:48 --- INFO: Lexus GX 460 - found: 1, pass primary filters: 1, did not pass the filter by colors: 0, did not pass the filter by options: 0, added: 1, new vincodes: 0
05-12-2013 06:30:49 --- INFO: Lexus RX 350 - found: 9, pass primary filters: 9, did not pass the filter by colors: 0, did not pass the filter by options: 0, added: 9, new vincodes: 0
05-12-2013 06:30:50 --- INFO: Toyota Highlander - found: 9, pass primary filters: 9, did not pass the filter by colors: 0, did not pass the filter by options: 0, added: 9, new vincodes: 0
05-12-2013 06:30:52 --- INFO: Lexus GS300 - found: 17, pass primary filters: 6, did not pass the filter by colors: 0, did not pass the filter by options: 0, added: 6, new vincodes: 0
05-12-2013 06:30:52 --- INFO: finish: 05-12-2013 06:30:52
05-12-2013 06:30:52 --- INFO: elapsed time: ~50.93 sec., memory usage: ~3.27 Mb.
05-12-2013 06:45:01 --- INFO: start: 05-12-2013 06:45:01
05-12-2013 06:45:01 --- INFO: ----------Source_Oodle (cli)
05-12-2013 06:45:03 --- INFO: Toyota Highlander - found: 28, pass primary filters: 23, did not pass the filter by colors: 0, did not pass the filter by options: 0, added: 23, new vincodes: 0
05-12-2013 06:45:08 --- INFO: Lexus RX 330 - found: 210, pass primary filters: 0, did not pass the filter by colors: 0, did not pass the filter by options: 0, added: 0, new vincodes: 0
05-12-2013 06:45:08 --- INFO: Lexus RX 400H - found: 0, pass primary filters: 0, did not pass the filter by colors: 0, did not pass the filter by options: 0, added: 0, new vincodes: 0
05-12-2013 06:45:09 --- INFO: Lexus GX 470 - found: 14, pass primary filters: 9, did not pass the filter by colors: 0, did not pass the filter by options: 0, added: 9, new vincodes: 0
05-12-2013 06:45:15 --- INFO: Lexus GX 470 - found: 185, pass primary filters: 7, did not pass the filter by colors: 0, did not pass the filter by options: 0, added: 7, new vincodes: 0
05-12-2013 06:45:17 --- INFO: Lexus LX 470 - found: 72, pass primary filters: 12, did not pass the filter by colors: 0, did not pass the filter by options: 0, added: 12, new vincodes: 0
05-12-2013 06:45:19 --- INFO: Toyota Sequoia - found: 80, pass primary filters: 6, did not pass the filter by colors: 0, did not pass the filter by options: 0, added: 6, new vincodes: 0
05-12-2013 06:45:20 --- INFO: Toyota Land Cruiser - found: 22, pass primary filters: 9, did not pass the filter by colors: 0, did not pass the filter by options: 0, added: 9, new vincodes: 0
05-12-2013 06:45:21 --- INFO: Lexus LX 570 - found: 0, pass primary filters: 0, did not pass the filter by colors: 0, did not pass the filter by options: 0, added: 0, new vincodes: 0
05-12-2013 06:45:21 --- INFO: Toyota Venza - found: 0, pass primary filters: 0, did not pass the filter by colors: 0, did not pass the filter by options: 0, added: 0, new vincodes: 0
05-12-2013 06:45:22 --- INFO: Toyota 4runner 2010 - found: 3, pass primary filters: 2, did not pass the filter by colors: 0, did not pass the filter by options: 0, added: 2, new vincodes: 0
05-12-2013 06:45:46 --- INFO: Toyota 4RUNNER 4WD V6 - found: 453, pass primary filters: 0, did not pass the filter by colors: 0, did not pass the filter by options: 0, added: 0, new vincodes: 0
05-12-2013 06:46:49 --- INFO: Toyota RAV 4 - found: 3153, pass primary filters: 0, did not pass the filter by colors: 0, did not pass the filter by options: 0, added: 0, new vincodes: 0
05-12-2013 06:46:58 --- INFO: Toyota Highlander 4WD - found: 443, pass primary filters: 0, did not pass the filter by colors: 0, did not pass the filter by options: 0, added: 0, new vincodes: 0
05-12-2013 06:47:08 --- INFO: Toyota Highlander - found: 443, pass primary filters: 0, did not pass the filter by colors: 0, did not pass the filter by options: 0, added: 0, new vincodes: 0
05-12-2013 06:47:22 --- INFO: Lexus RX 350 - found: 614, pass primary filters: 1, did not pass the filter by colors: 0, did not pass the filter by options: 0, added: 1, new vincodes: 0
05-12-2013 06:47:33 --- INFO: Toyota 4RUNNER Limited V6 - found: 536, pass primary filters: 0, did not pass the filter by colors: 0, did not pass the filter by options: 0, added: 0, new vincodes: 0
05-12-2013 06:47:34 --- INFO: Lexus GX 460 - found: 0, pass primary filters: 0, did not pass the filter by colors: 0, did not pass the filter by options: 0, added: 0, new vincodes: 0
05-12-2013 06:47:34 --- INFO: Lexus RX 350 - found: 13, pass primary filters: 6, did not pass the filter by colors: 0, did not pass the filter by options: 0, added: 6, new vincodes: 0
05-12-2013 06:47:36 --- INFO: Lexus GS300 - found: 88, pass primary filters: 3, did not pass the filter by colors: 0, did not pass the filter by options: 0, added: 3, new vincodes: 0
05-12-2013 06:47:38 --- INFO: Toyota FJ cruiser - found: 87, pass primary filters: 0, did not pass the filter by colors: 0, did not pass the filter by options: 0, added: 0, new vincodes: 0
05-12-2013 06:47:40 --- INFO: Lexus RX 350 2013 - found: 54, pass primary filters: 0, did not pass the filter by colors: 0, did not pass the filter by options: 0, added: 0, new vincodes: 0
05-12-2013 06:47:40 --- INFO: finish: 05-12-2013 06:47:40
05-12-2013 06:47:40 --- INFO: elapsed time: ~159.53 sec., memory usage: ~3.8 Mb.
05-12-2013 07:00:02 --- INFO: start: 05-12-2013 07:00:02
05-12-2013 07:00:02 --- INFO: ----------Source_AutoSalon (cli)
05-12-2013 07:01:24 --- INFO: Lexus RX 330 - found: 99, pass primary filters: 0, did not pass the filter by colors: 0, did not pass the filter by options: 0, added: 0, new vincodes: 0
05-12-2013 07:01:27 --- INFO: Lexus RX 400H - found: 0, pass primary filters: 0, did not pass the filter by colors: 0, did not pass the filter by options: 0, added: 0, new vincodes: 0
05-12-2013 07:01:35 --- INFO: Lexus GX 470 - found: 21, pass primary filters: 18, did not pass the filter by colors: 0, did not pass the filter by options: 0, added: 18, new vincodes: 0
05-12-2013 07:04:30 --- INFO: Lexus GX 470 - found: 92, pass primary filters: 17, did not pass the filter by colors: 0, did not pass the filter by options: 0, added: 17, new vincodes: 0
05-12-2013 07:06:14 --- INFO: Lexus LX 470 - found: 47, pass primary filters: 20, did not pass the filter by colors: 0, did not pass the filter by options: 0, added: 20, new vincodes: 0
05-12-2013 07:06:17 --- INFO: Toyota Sequoia - found: 0, pass primary filters: 0, did not pass the filter by colors: 0, did not pass the filter by options: 0, added: 0, new vincodes: 0
05-12-2013 07:06:19 --- INFO: Toyota Land Cruiser - found: 0, pass primary filters: 0, did not pass the filter by colors: 0, did not pass the filter by options: 0, added: 0, new vincodes: 0
05-12-2013 07:07:52 --- INFO: Lexus LX 570 - found: 30, pass primary filters: 5, did not pass the filter by colors: 0, did not pass the filter by options: 0, added: 5, new vincodes: 0
05-12-2013 07:07:54 --- INFO: Toyota Venza - found: 0, pass primary filters: 0, did not pass the filter by colors: 0, did not pass the filter by options: 0, added: 0, new vincodes: 0
05-12-2013 07:07:56 --- INFO: Toyota 4runner 2010 - found: 0, pass primary filters: 0, did not pass the filter by colors: 0, did not pass the filter by options: 0, added: 0, new vincodes: 0
05-12-2013 07:07:59 --- INFO: Toyota 4RUNNER 4WD V6 - found: 0, pass primary filters: 0, did not pass the filter by colors: 0, did not pass the filter by options: 0, added: 0, new vincodes: 0
05-12-2013 07:08:01 --- INFO: Toyota RAV 4 - found: 0, pass primary filters: 0, did not pass the filter by colors: 0, did not pass the filter by options: 0, added: 0, new vincodes: 0
05-12-2013 07:08:04 --- INFO: Toyota Highlander 4WD - found: 0, pass primary filters: 0, did not pass the filter by colors: 0, did not pass the filter by options: 0, added: 0, new vincodes: 0
05-12-2013 07:08:06 --- INFO: Toyota Highlander - found: 0, pass primary filters: 0, did not pass the filter by colors: 0, did not pass the filter by options: 0, added: 0, new vincodes: 0
05-12-2013 07:09:59 --- INFO: Lexus RX 350 - found: 192, pass primary filters: 10, did not pass the filter by colors: 0, did not pass the filter by options: 0, added: 10, new vincodes: 1
05-12-2013 07:10:02 --- INFO: Toyota 4RUNNER Limited V6 - found: 0, pass primary filters: 0, did not pass the filter by colors: 0, did not pass the filter by options: 0, added: 0, new vincodes: 0
05-12-2013 07:10:05 --- INFO: Lexus GX 460 - found: 1, pass primary filters: 1, did not pass the filter by colors: 0, did not pass the filter by options: 0, added: 1, new vincodes: 0
05-12-2013 07:11:06 --- INFO: Lexus RX 350 - found: 18, pass primary filters: 7, did not pass the filter by colors: 0, did not pass the filter by options: 0, added: 7, new vincodes: 0
05-12-2013 07:11:17 --- INFO: Toyota Highlander - found: 19, pass primary filters: 13, did not pass the filter by colors: 0, did not pass the filter by options: 0, added: 13, new vincodes: 0
05-12-2013 07:12:23 --- INFO: Lexus GS300 - found: 32, pass primary filters: 1, did not pass the filter by colors: 0, did not pass the filter by options: 0, added: 1, new vincodes: 0
05-12-2013 07:12:31 --- INFO: Toyota FJ cruiser - found: 29, pass primary filters: 3, did not pass the filter by colors: 0, did not pass the filter by options: 0, added: 3, new vincodes: 0
05-12-2013 07:14:51 --- INFO: Lexus RX 350 2013 - found: 32, pass primary filters: 2, did not pass the filter by colors: 0, did not pass the filter by options: 0, added: 2, new vincodes: 0
05-12-2013 07:14:51 --- INFO: finish: 05-12-2013 07:14:51
05-12-2013 07:14:51 --- INFO: elapsed time: ~889.14 sec., memory usage: ~3.71 Mb.
05-12-2013 10:00:05 --- INFO: start: 05-12-2013 10:00:05
05-12-2013 10:00:05 --- INFO: ----------Source_Adesa (cli)
05-12-2013 10:00:06 --- INFO: Authorized request
05-12-2013 10:00:07 --- INFO: Lexus RX 330 - found: 18, pass primary filters: 12, did not pass the filter by colors: 10, did not pass the filter by options: 1, added: 1, new vincodes: 0
05-12-2013 10:00:08 --- INFO: Lexus RX 400H - found: 10, pass primary filters: 9, did not pass the filter by colors: 7, did not pass the filter by options: 1, added: 1, new vincodes: 0
05-12-2013 10:00:10 --- INFO: Lexus GX 470 - found: 5, pass primary filters: 5, did not pass the filter by colors: 3, did not pass the filter by options: 0, added: 2, new vincodes: 1
05-12-2013 10:00:11 --- INFO: Lexus GX 470 - found: 15, pass primary filters: 15, did not pass the filter by colors: 7, did not pass the filter by options: 4, added: 4, new vincodes: 0
05-12-2013 10:01:15 --- INFO: Lexus LX 470 - found: 6, pass primary filters: 6, did not pass the filter by colors: 5, did not pass the filter by options: , added: 1, new vincodes: 0
05-12-2013 10:01:15 --- INFO: Toyota Sequoia - found: 0, pass primary filters: 0, did not pass the filter by colors: 0, did not pass the filter by options: 0, added: 0, new vincodes: 0
05-12-2013 10:01:16 --- INFO: Toyota Land Cruiser - found: 0, pass primary filters: 0, did not pass the filter by colors: 0, did not pass the filter by options: 0, added: 0, new vincodes: 0
05-12-2013 10:01:17 --- INFO: Lexus LX 570 - found: 0, pass primary filters: 0, did not pass the filter by colors: 0, did not pass the filter by options: 0, added: 0, new vincodes: 0
05-12-2013 10:01:17 --- INFO: Toyota Venza - found: 0, pass primary filters: 0, did not pass the filter by colors: 0, did not pass the filter by options: 0, added: 0, new vincodes: 0
05-12-2013 10:01:18 --- INFO: Toyota 4runner 2010 - found: 0, pass primary filters: 0, did not pass the filter by colors: 0, did not pass the filter by options: 0, added: 0, new vincodes: 0
05-12-2013 10:01:19 --- INFO: Toyota 4RUNNER 4WD V6 - found: 38, pass primary filters: 20, did not pass the filter by colors: 9, did not pass the filter by options: , added: 11, new vincodes: 0
05-12-2013 10:01:21 --- INFO: Toyota FJ cruiser - found: 12, pass primary filters: 0, did not pass the filter by colors: 0, did not pass the filter by options: 0, added: 0, new vincodes: 0
05-12-2013 10:01:22 --- INFO: Lexus RX 350 2013 - found: 0, pass primary filters: 0, did not pass the filter by colors: 0, did not pass the filter by options: 0, added: 0, new vincodes: 0
05-12-2013 10:01:23 --- INFO: Toyota Highlander - found: 56, pass primary filters: 5, did not pass the filter by colors: 3, did not pass the filter by options: , added: 2, new vincodes: 0
05-12-2013 10:01:25 --- INFO: Lexus RX 350 - found: 36, pass primary filters: 23, did not pass the filter by colors: 12, did not pass the filter by options: 4, added: 7, new vincodes: 1
05-12-2013 10:01:26 --- INFO: Toyota 4RUNNER Limited V6 - found: 43, pass primary filters: 1, did not pass the filter by colors: 0, did not pass the filter by options: , added: 1, new vincodes: 0
05-12-2013 10:01:26 --- INFO: finish: 05-12-2013 10:01:26
05-12-2013 10:01:26 --- INFO: elapsed time: ~81.76 sec., memory usage: ~2.68 Mb.
05-12-2013 10:30:04 --- INFO: start: 05-12-2013 10:30:04
05-12-2013 10:30:04 --- INFO: ----------Source_ExpOfCars (cli)
05-12-2013 10:30:40 --- INFO: Lexus RX 330 - found: 65, pass primary filters: 41, did not pass the filter by colors: 0, did not pass the filter by options: 0, added: 41, new vincodes: 1
05-12-2013 10:30:55 --- INFO: Lexus RX 400H - found: 30, pass primary filters: 27, did not pass the filter by colors: 0, did not pass the filter by options: 0, added: 27, new vincodes: 4
05-12-2013 10:31:06 --- INFO: Lexus GX 470 - found: 14, pass primary filters: 14, did not pass the filter by colors: 0, did not pass the filter by options: 0, added: 14, new vincodes: 0
05-12-2013 10:32:01 --- INFO: Lexus GX 470 - found: 68, pass primary filters: 68, did not pass the filter by colors: 0, did not pass the filter by options: 0, added: 68, new vincodes: 0
05-12-2013 10:32:30 --- INFO: Lexus LX 470 - found: 29, pass primary filters: 29, did not pass the filter by colors: 0, did not pass the filter by options: 0, added: 29, new vincodes: 0
05-12-2013 10:32:36 --- INFO: Toyota Sequoia - found: 27, pass primary filters: 27, did not pass the filter by colors: 0, did not pass the filter by options: 0, added: 27, new vincodes: 2
05-12-2013 10:32:53 --- INFO: Toyota Land Cruiser - found: 16, pass primary filters: 16, did not pass the filter by colors: 0, did not pass the filter by options: 0, added: 16, new vincodes: 1
05-12-2013 10:33:06 --- INFO: Lexus LX 570 - found: 23, pass primary filters: 23, did not pass the filter by colors: 0, did not pass the filter by options: 0, added: 23, new vincodes: 0
05-12-2013 10:33:09 --- INFO: Toyota Venza - found: 8, pass primary filters: 8, did not pass the filter by colors: 0, did not pass the filter by options: 0, added: 8, new vincodes: 1
05-12-2013 10:33:11 --- INFO: Toyota 4runner 2010 - found: 2, pass primary filters: 2, did not pass the filter by colors: 0, did not pass the filter by options: 0, added: 2, new vincodes: 0
05-12-2013 10:33:17 --- INFO: Toyota 4RUNNER 4WD V6 - found: 55, pass primary filters: 15, did not pass the filter by colors: 0, did not pass the filter by options: 0, added: 15, new vincodes: 0
05-12-2013 10:33:26 --- INFO: Toyota RAV 4 - found: 260, pass primary filters: 0, did not pass the filter by colors: 0, did not pass the filter by options: 0, added: 0, new vincodes: 0
05-12-2013 10:33:28 --- INFO: Toyota Highlander 4WD - found: 85, pass primary filters: 2, did not pass the filter by colors: 0, did not pass the filter by options: 0, added: 2, new vincodes: 0
05-12-2013 10:33:58 --- INFO: Toyota Highlander - found: 85, pass primary filters: 24, did not pass the filter by colors: 0, did not pass the filter by options: 0, added: 24, new vincodes: 3
05-12-2013 10:35:20 --- INFO: Lexus RX 350 - found: 154, pass primary filters: 116, did not pass the filter by colors: 0, did not pass the filter by options: 0, added: 116, new vincodes: 7
05-12-2013 10:35:23 --- INFO: Toyota 4RUNNER Limited V6 - found: 70, pass primary filters: 1, did not pass the filter by colors: 0, did not pass the filter by options: 0, added: 1, new vincodes: 1
05-12-2013 10:35:24 --- INFO: Lexus GX 460 - found: 1, pass primary filters: 1, did not pass the filter by colors: 0, did not pass the filter by options: 0, added: 1, new vincodes: 0
05-12-2013 10:35:57 --- INFO: Lexus RX 350 - found: 14, pass primary filters: 14, did not pass the filter by colors: 0, did not pass the filter by options: 0, added: 14, new vincodes: 1
05-12-2013 10:36:18 --- INFO: Toyota Highlander - found: 18, pass primary filters: 18, did not pass the filter by colors: 0, did not pass the filter by options: 0, added: 18, new vincodes: 3
05-12-2013 10:36:31 --- INFO: Lexus GS300 - found: 24, pass primary filters: 9, did not pass the filter by colors: 0, did not pass the filter by options: 0, added: 9, new vincodes: 0
05-12-2013 10:36:31 --- INFO: finish: 05-12-2013 10:36:31
05-12-2013 10:36:31 --- INFO: elapsed time: ~387.26 sec., memory usage: ~5.74 Mb.
05-12-2013 10:45:01 --- INFO: start: 05-12-2013 10:45:01
05-12-2013 10:45:01 --- INFO: ----------Source_Oodle (cli)
05-12-2013 10:45:03 --- INFO: Toyota Highlander - found: 28, pass primary filters: 23, did not pass the filter by colors: 0, did not pass the filter by options: 0, added: 23, new vincodes: 0
05-12-2013 10:45:08 --- INFO: Lexus RX 330 - found: 211, pass primary filters: 0, did not pass the filter by colors: 0, did not pass the filter by options: 0, added: 0, new vincodes: 0
05-12-2013 10:45:08 --- INFO: Lexus RX 400H - found: 0, pass primary filters: 0, did not pass the filter by colors: 0, did not pass the filter by options: 0, added: 0, new vincodes: 0
05-12-2013 10:45:09 --- INFO: Lexus GX 470 - found: 14, pass primary filters: 9, did not pass the filter by colors: 0, did not pass the filter by options: 0, added: 9, new vincodes: 0
05-12-2013 10:45:14 --- INFO: Lexus GX 470 - found: 180, pass primary filters: 5, did not pass the filter by colors: 0, did not pass the filter by options: 0, added: 5, new vincodes: 0
05-12-2013 10:45:17 --- INFO: Lexus LX 470 - found: 72, pass primary filters: 12, did not pass the filter by colors: 0, did not pass the filter by options: 0, added: 12, new vincodes: 0
05-12-2013 10:45:19 --- INFO: Toyota Sequoia - found: 80, pass primary filters: 6, did not pass the filter by colors: 0, did not pass the filter by options: 0, added: 6, new vincodes: 0
05-12-2013 10:45:20 --- INFO: Toyota Land Cruiser - found: 21, pass primary filters: 8, did not pass the filter by colors: 0, did not pass the filter by options: 0, added: 8, new vincodes: 0
05-12-2013 10:45:20 --- INFO: Lexus LX 570 - found: 0, pass primary filters: 0, did not pass the filter by colors: 0, did not pass the filter by options: 0, added: 0, new vincodes: 0
05-12-2013 10:45:21 --- INFO: Toyota Venza - found: 0, pass primary filters: 0, did not pass the filter by colors: 0, did not pass the filter by options: 0, added: 0, new vincodes: 0
05-12-2013 10:45:21 --- INFO: Toyota 4runner 2010 - found: 3, pass primary filters: 2, did not pass the filter by colors: 0, did not pass the filter by options: 0, added: 2, new vincodes: 0
05-12-2013 10:45:32 --- INFO: Toyota 4RUNNER 4WD V6 - found: 453, pass primary filters: 0, did not pass the filter by colors: 0, did not pass the filter by options: 0, added: 0, new vincodes: 0
05-12-2013 10:46:39 --- INFO: Toyota RAV 4 - found: 3171, pass primary filters: 0, did not pass the filter by colors: 0, did not pass the filter by options: 0, added: 0, new vincodes: 0
05-12-2013 10:46:49 --- INFO: Toyota Highlander 4WD - found: 448, pass primary filters: 0, did not pass the filter by colors: 0, did not pass the filter by options: 0, added: 0, new vincodes: 0
05-12-2013 10:46:58 --- INFO: Toyota Highlander - found: 448, pass primary filters: 0, did not pass the filter by colors: 0, did not pass the filter by options: 0, added: 0, new vincodes: 0
05-12-2013 10:47:12 --- INFO: Lexus RX 350 - found: 616, pass primary filters: 1, did not pass the filter by colors: 0, did not pass the filter by options: 0, added: 1, new vincodes: 0
05-12-2013 10:47:23 --- INFO: Toyota 4RUNNER Limited V6 - found: 535, pass primary filters: 0, did not pass the filter by colors: 0, did not pass the filter by options: 0, added: 0, new vincodes: 0
05-12-2013 10:47:23 --- INFO: Lexus GX 460 - found: 0, pass primary filters: 0, did not pass the filter by colors: 0, did not pass the filter by options: 0, added: 0, new vincodes: 0
05-12-2013 10:47:24 --- INFO: Lexus RX 350 - found: 13, pass primary filters: 6, did not pass the filter by colors: 0, did not pass the filter by options: 0, added: 6, new vincodes: 0
05-12-2013 10:47:27 --- INFO: Lexus GS300 - found: 86, pass primary filters: 3, did not pass the filter by colors: 0, did not pass the filter by options: 0, added: 3, new vincodes: 0
05-12-2013 10:47:29 --- INFO: Toyota FJ cruiser - found: 87, pass primary filters: 0, did not pass the filter by colors: 0, did not pass the filter by options: 0, added: 0, new vincodes: 0
05-12-2013 10:47:31 --- INFO: Lexus RX 350 2013 - found: 53, pass primary filters: 0, did not pass the filter by colors: 0, did not pass the filter by options: 0, added: 0, new vincodes: 0
05-12-2013 10:47:31 --- INFO: finish: 05-12-2013 10:47:31
05-12-2013 10:47:31 --- INFO: elapsed time: ~149.36 sec., memory usage: ~3.6 Mb.
05-12-2013 11:00:01 --- INFO: start: 05-12-2013 11:00:01
05-12-2013 11:00:01 --- INFO: ----------Source_AutoSalon (cli)
05-12-2013 11:00:28 --- INFO: Lexus RX 330 - found: 102, pass primary filters: 0, did not pass the filter by colors: 0, did not pass the filter by options: 0, added: 0, new vincodes: 0
05-12-2013 11:00:30 --- INFO: Lexus RX 400H - found: 0, pass primary filters: 0, did not pass the filter by colors: 0, did not pass the filter by options: 0, added: 0, new vincodes: 0
05-12-2013 11:01:36 --- INFO: Lexus GX 470 - found: 22, pass primary filters: 19, did not pass the filter by colors: 0, did not pass the filter by options: 0, added: 19, new vincodes: 0
05-12-2013 11:03:41 --- INFO: Lexus GX 470 - found: 92, pass primary filters: 17, did not pass the filter by colors: 0, did not pass the filter by options: 0, added: 17, new vincodes: 0
05-12-2013 11:06:17 --- INFO: Lexus LX 470 - found: 48, pass primary filters: 21, did not pass the filter by colors: 0, did not pass the filter by options: 0, added: 21, new vincodes: 1
05-12-2013 11:06:20 --- INFO: Toyota Sequoia - found: 0, pass primary filters: 0, did not pass the filter by colors: 0, did not pass the filter by options: 0, added: 0, new vincodes: 0
05-12-2013 11:06:22 --- INFO: Toyota Land Cruiser - found: 0, pass primary filters: 0, did not pass the filter by colors: 0, did not pass the filter by options: 0, added: 0, new vincodes: 0
05-12-2013 11:06:35 --- INFO: Lexus LX 570 - found: 29, pass primary filters: 4, did not pass the filter by colors: 0, did not pass the filter by options: 0, added: 4, new vincodes: 0
05-12-2013 11:06:38 --- INFO: Toyota Venza - found: 0, pass primary filters: 0, did not pass the filter by colors: 0, did not pass the filter by options: 0, added: 0, new vincodes: 0
05-12-2013 11:06:40 --- INFO: Toyota 4runner 2010 - found: 0, pass primary filters: 0, did not pass the filter by colors: 0, did not pass the filter by options: 0, added: 0, new vincodes: 0
05-12-2013 11:06:43 --- INFO: Toyota 4RUNNER 4WD V6 - found: 0, pass primary filters: 0, did not pass the filter by colors: 0, did not pass the filter by options: 0, added: 0, new vincodes: 0
05-12-2013 11:06:45 --- INFO: Toyota RAV 4 - found: 0, pass primary filters: 0, did not pass the filter by colors: 0, did not pass the filter by options: 0, added: 0, new vincodes: 0
05-12-2013 11:06:47 --- INFO: Toyota Highlander 4WD - found: 0, pass primary filters: 0, did not pass the filter by colors: 0, did not pass the filter by options: 0, added: 0, new vincodes: 0
05-12-2013 11:06:50 --- INFO: Toyota Highlander - found: 0, pass primary filters: 0, did not pass the filter by colors: 0, did not pass the filter by options: 0, added: 0, new vincodes: 0
05-12-2013 11:07:44 --- INFO: Lexus RX 350 - found: 194, pass primary filters: 12, did not pass the filter by colors: 0, did not pass the filter by options: 0, added: 12, new vincodes: 0
05-12-2013 11:07:46 --- INFO: Toyota 4RUNNER Limited V6 - found: 0, pass primary filters: 0, did not pass the filter by colors: 0, did not pass the filter by options: 0, added: 0, new vincodes: 0
05-12-2013 11:07:49 --- INFO: Lexus GX 460 - found: 1, pass primary filters: 1, did not pass the filter by colors: 0, did not pass the filter by options: 0, added: 1, new vincodes: 0
05-12-2013 11:07:55 --- INFO: Lexus RX 350 - found: 18, pass primary filters: 7, did not pass the filter by colors: 0, did not pass the filter by options: 0, added: 7, new vincodes: 0
05-12-2013 11:10:20 --- INFO: Toyota Highlander - found: 22, pass primary filters: 16, did not pass the filter by colors: 0, did not pass the filter by options: 0, added: 16, new vincodes: 0
05-12-2013 11:10:27 --- INFO: Lexus GS300 - found: 34, pass primary filters: 1, did not pass the filter by colors: 0, did not pass the filter by options: 0, added: 1, new vincodes: 0
05-12-2013 11:10:34 --- INFO: Toyota FJ cruiser - found: 30, pass primary filters: 3, did not pass the filter by colors: 0, did not pass the filter by options: 0, added: 3, new vincodes: 0
05-12-2013 11:10:57 --- INFO: Lexus RX 350 2013 - found: 32, pass primary filters: 2, did not pass the filter by colors: 0, did not pass the filter by options: 0, added: 2, new vincodes: 0
05-12-2013 11:10:57 --- INFO: finish: 05-12-2013 11:10:57
05-12-2013 11:10:57 --- INFO: elapsed time: ~655.2 sec., memory usage: ~3.61 Mb.
05-12-2013 14:00:02 --- INFO: start: 05-12-2013 14:00:02
05-12-2013 14:00:02 --- INFO: ----------Source_Adesa (cli)
05-12-2013 14:00:02 --- INFO: Authorized request
05-12-2013 14:00:04 --- INFO: Lexus RX 330 - found: 15, pass primary filters: 11, did not pass the filter by colors: 9, did not pass the filter by options: 1, added: 1, new vincodes: 0
05-12-2013 14:00:05 --- INFO: Lexus RX 400H - found: 5, pass primary filters: 4, did not pass the filter by colors: 4, did not pass the filter by options: 0, added: 0, new vincodes: 0
05-12-2013 14:00:06 --- INFO: Lexus GX 470 - found: 3, pass primary filters: 3, did not pass the filter by colors: 1, did not pass the filter by options: 0, added: 2, new vincodes: 0
05-12-2013 14:00:07 --- INFO: Lexus GX 470 - found: 7, pass primary filters: 7, did not pass the filter by colors: 3, did not pass the filter by options: 3, added: 1, new vincodes: 0
05-12-2013 14:00:08 --- INFO: Lexus LX 470 - found: 3, pass primary filters: 3, did not pass the filter by colors: 3, did not pass the filter by options: , added: 0, new vincodes: 0
05-12-2013 14:00:08 --- INFO: Toyota Sequoia - found: 0, pass primary filters: 0, did not pass the filter by colors: 0, did not pass the filter by options: 0, added: 0, new vincodes: 0
05-12-2013 14:00:09 --- INFO: Toyota Land Cruiser - found: 0, pass primary filters: 0, did not pass the filter by colors: 0, did not pass the filter by options: 0, added: 0, new vincodes: 0
05-12-2013 14:00:09 --- INFO: Lexus LX 570 - found: 0, pass primary filters: 0, did not pass the filter by colors: 0, did not pass the filter by options: 0, added: 0, new vincodes: 0
05-12-2013 14:00:10 --- INFO: Toyota Venza - found: 0, pass primary filters: 0, did not pass the filter by colors: 0, did not pass the filter by options: 0, added: 0, new vincodes: 0
05-12-2013 14:00:11 --- INFO: Toyota 4runner 2010 - found: 0, pass primary filters: 0, did not pass the filter by colors: 0, did not pass the filter by options: 0, added: 0, new vincodes: 0
05-12-2013 14:00:12 --- INFO: Toyota 4RUNNER 4WD V6 - found: 21, pass primary filters: 8, did not pass the filter by colors: 4, did not pass the filter by options: , added: 4, new vincodes: 0
05-12-2013 14:00:12 --- INFO: Toyota FJ cruiser - found: 5, pass primary filters: 0, did not pass the filter by colors: 0, did not pass the filter by options: 0, added: 0, new vincodes: 0
05-12-2013 14:00:13 --- INFO: Lexus RX 350 2013 - found: 0, pass primary filters: 0, did not pass the filter by colors: 0, did not pass the filter by options: 0, added: 0, new vincodes: 0
05-12-2013 14:00:14 --- INFO: Toyota Highlander - found: 38, pass primary filters: 4, did not pass the filter by colors: 3, did not pass the filter by options: , added: 1, new vincodes: 0
05-12-2013 14:00:18 --- INFO: Lexus RX 350 - found: 25, pass primary filters: 15, did not pass the filter by colors: 5, did not pass the filter by options: 4, added: 6, new vincodes: 1
05-12-2013 14:00:19 --- INFO: Toyota 4RUNNER Limited V6 - found: 26, pass primary filters: 1, did not pass the filter by colors: 0, did not pass the filter by options: , added: 1, new vincodes: 0
05-12-2013 14:00:19 --- INFO: finish: 05-12-2013 14:00:19
05-12-2013 14:00:19 --- INFO: elapsed time: ~17.35 sec., memory usage: ~2.27 Mb.
05-12-2013 14:30:01 --- INFO: start: 05-12-2013 14:30:01
05-12-2013 14:30:01 --- INFO: ----------Source_ExpOfCars (cli)
05-12-2013 14:30:08 --- INFO: Lexus RX 330 - found: 60, pass primary filters: 37, did not pass the filter by colors: 0, did not pass the filter by options: 0, added: 37, new vincodes: 0
05-12-2013 14:30:11 --- INFO: Lexus RX 400H - found: 30, pass primary filters: 27, did not pass the filter by colors: 0, did not pass the filter by options: 0, added: 27, new vincodes: 0
05-12-2013 14:30:13 --- INFO: Lexus GX 470 - found: 13, pass primary filters: 13, did not pass the filter by colors: 0, did not pass the filter by options: 0, added: 13, new vincodes: 0
05-12-2013 14:30:18 --- INFO: Lexus GX 470 - found: 62, pass primary filters: 62, did not pass the filter by colors: 0, did not pass the filter by options: 0, added: 62, new vincodes: 0
05-12-2013 14:30:21 --- INFO: Lexus LX 470 - found: 28, pass primary filters: 28, did not pass the filter by colors: 0, did not pass the filter by options: 0, added: 28, new vincodes: 0
05-12-2013 14:30:23 --- INFO: Toyota Sequoia - found: 24, pass primary filters: 24, did not pass the filter by colors: 0, did not pass the filter by options: 0, added: 24, new vincodes: 0
05-12-2013 14:30:25 --- INFO: Toyota Land Cruiser - found: 15, pass primary filters: 15, did not pass the filter by colors: 0, did not pass the filter by options: 0, added: 15, new vincodes: 0
05-12-2013 14:30:28 --- INFO: Lexus LX 570 - found: 22, pass primary filters: 22, did not pass the filter by colors: 0, did not pass the filter by options: 0, added: 22, new vincodes: 0
05-12-2013 14:30:30 --- INFO: Toyota Venza - found: 8, pass primary filters: 8, did not pass the filter by colors: 0, did not pass the filter by options: 0, added: 8, new vincodes: 0
05-12-2013 14:30:31 --- INFO: Toyota 4runner 2010 - found: 2, pass primary filters: 2, did not pass the filter by colors: 0, did not pass the filter by options: 0, added: 2, new vincodes: 0
05-12-2013 14:30:33 --- INFO: Toyota 4RUNNER 4WD V6 - found: 49, pass primary filters: 12, did not pass the filter by colors: 0, did not pass the filter by options: 0, added: 12, new vincodes: 0
05-12-2013 14:30:43 --- INFO: Toyota RAV 4 - found: 251, pass primary filters: 0, did not pass the filter by colors: 0, did not pass the filter by options: 0, added: 0, new vincodes: 0
05-12-2013 14:30:47 --- INFO: Toyota Highlander 4WD - found: 74, pass primary filters: 2, did not pass the filter by colors: 0, did not pass the filter by options: 0, added: 2, new vincodes: 0
05-12-2013 14:30:51 --- INFO: Toyota Highlander - found: 74, pass primary filters: 21, did not pass the filter by colors: 0, did not pass the filter by options: 0, added: 21, new vincodes: 0
05-12-2013 14:31:04 --- INFO: Lexus RX 350 - found: 151, pass primary filters: 115, did not pass the filter by colors: 0, did not pass the filter by options: 0, added: 115, new vincodes: 0
05-12-2013 14:31:06 --- INFO: Toyota 4RUNNER Limited V6 - found: 63, pass primary filters: 1, did not pass the filter by colors: 0, did not pass the filter by options: 0, added: 1, new vincodes: 0
05-12-2013 14:31:07 --- INFO: Lexus GX 460 - found: 1, pass primary filters: 1, did not pass the filter by colors: 0, did not pass the filter by options: 0, added: 1, new vincodes: 0
05-12-2013 14:31:10 --- INFO: Lexus RX 350 - found: 13, pass primary filters: 13, did not pass the filter by colors: 0, did not pass the filter by options: 0, added: 13, new vincodes: 0
05-12-2013 14:31:12 --- INFO: Toyota Highlander - found: 16, pass primary filters: 16, did not pass the filter by colors: 0, did not pass the filter by options: 0, added: 16, new vincodes: 0
05-12-2013 14:31:14 --- INFO: Lexus GS300 - found: 23, pass primary filters: 9, did not pass the filter by colors: 0, did not pass the filter by options: 0, added: 9, new vincodes: 0
05-12-2013 14:31:14 --- INFO: finish: 05-12-2013 14:31:14
05-12-2013 14:31:14 --- INFO: elapsed time: ~72.76 sec., memory usage: ~3.91 Mb.
05-12-2013 14:45:01 --- INFO: start: 05-12-2013 14:45:01
05-12-2013 14:45:01 --- INFO: ----------Source_Oodle (cli)
05-12-2013 14:45:16 --- INFO: Toyota Highlander - found: 29, pass primary filters: 23, did not pass the filter by colors: 0, did not pass the filter by options: 0, added: 23, new vincodes: 0
05-12-2013 14:45:22 --- INFO: Lexus RX 330 - found: 211, pass primary filters: 0, did not pass the filter by colors: 0, did not pass the filter by options: 0, added: 0, new vincodes: 0
05-12-2013 14:45:22 --- INFO: Lexus RX 400H - found: 0, pass primary filters: 0, did not pass the filter by colors: 0, did not pass the filter by options: 0, added: 0, new vincodes: 0
05-12-2013 14:45:23 --- INFO: Lexus GX 470 - found: 14, pass primary filters: 9, did not pass the filter by colors: 0, did not pass the filter by options: 0, added: 9, new vincodes: 0
05-12-2013 14:45:30 --- INFO: Lexus GX 470 - found: 181, pass primary filters: 6, did not pass the filter by colors: 0, did not pass the filter by options: 0, added: 6, new vincodes: 0
05-12-2013 14:45:32 --- INFO: Lexus LX 470 - found: 71, pass primary filters: 11, did not pass the filter by colors: 0, did not pass the filter by options: 0, added: 11, new vincodes: 0
05-12-2013 14:45:34 --- INFO: Toyota Sequoia - found: 77, pass primary filters: 6, did not pass the filter by colors: 0, did not pass the filter by options: 0, added: 6, new vincodes: 0
05-12-2013 14:45:36 --- INFO: Toyota Land Cruiser - found: 21, pass primary filters: 8, did not pass the filter by colors: 0, did not pass the filter by options: 0, added: 8, new vincodes: 0
05-12-2013 14:45:36 --- INFO: Lexus LX 570 - found: 0, pass primary filters: 0, did not pass the filter by colors: 0, did not pass the filter by options: 0, added: 0, new vincodes: 0
05-12-2013 14:45:37 --- INFO: Toyota Venza - found: 0, pass primary filters: 0, did not pass the filter by colors: 0, did not pass the filter by options: 0, added: 0, new vincodes: 0
05-12-2013 14:45:37 --- INFO: Toyota 4runner 2010 - found: 3, pass primary filters: 2, did not pass the filter by colors: 0, did not pass the filter by options: 0, added: 2, new vincodes: 0
05-12-2013 14:45:52 --- INFO: Toyota 4RUNNER 4WD V6 - found: 448, pass primary filters: 1, did not pass the filter by colors: 0, did not pass the filter by options: 0, added: 1, new vincodes: 0
05-12-2013 14:47:03 --- INFO: Toyota RAV 4 - found: 3193, pass primary filters: 0, did not pass the filter by colors: 0, did not pass the filter by options: 0, added: 0, new vincodes: 0
05-12-2013 14:47:11 --- INFO: Toyota Highlander 4WD - found: 438, pass primary filters: 0, did not pass the filter by colors: 0, did not pass the filter by options: 0, added: 0, new vincodes: 0
05-12-2013 14:47:20 --- INFO: Toyota Highlander - found: 438, pass primary filters: 0, did not pass the filter by colors: 0, did not pass the filter by options: 0, added: 0, new vincodes: 0
05-12-2013 14:47:48 --- INFO: Lexus RX 350 - found: 616, pass primary filters: 2, did not pass the filter by colors: 0, did not pass the filter by options: 0, added: 2, new vincodes: 1
05-12-2013 14:48:00 --- INFO: Toyota 4RUNNER Limited V6 - found: 530, pass primary filters: 0, did not pass the filter by colors: 0, did not pass the filter by options: 0, added: 0, new vincodes: 0
05-12-2013 14:48:00 --- INFO: Lexus GX 460 - found: 0, pass primary filters: 0, did not pass the filter by colors: 0, did not pass the filter by options: 0, added: 0, new vincodes: 0
05-12-2013 14:48:01 --- INFO: Lexus RX 350 - found: 13, pass primary filters: 6, did not pass the filter by colors: 0, did not pass the filter by options: 0, added: 6, new vincodes: 0
05-12-2013 14:48:03 --- INFO: Lexus GS300 - found: 85, pass primary filters: 3, did not pass the filter by colors: 0, did not pass the filter by options: 0, added: 3, new vincodes: 0
05-12-2013 14:48:05 --- INFO: Toyota FJ cruiser - found: 86, pass primary filters: 0, did not pass the filter by colors: 0, did not pass the filter by options: 0, added: 0, new vincodes: 0
05-12-2013 14:48:07 --- INFO: Lexus RX 350 2013 - found: 53, pass primary filters: 0, did not pass the filter by colors: 0, did not pass the filter by options: 0, added: 0, new vincodes: 0
05-12-2013 14:48:07 --- INFO: finish: 05-12-2013 14:48:07
05-12-2013 14:48:07 --- INFO: elapsed time: ~185.81 sec., memory usage: ~3.73 Mb.
05-12-2013 15:00:01 --- INFO: start: 05-12-2013 15:00:01
05-12-2013 15:00:01 --- INFO: ----------Source_AutoSalon (cli)
05-12-2013 15:00:15 --- INFO: Lexus RX 330 - found: 70, pass primary filters: 0, did not pass the filter by colors: 0, did not pass the filter by options: 0, added: 0, new vincodes: 0
05-12-2013 15:00:18 --- INFO: Lexus RX 400H - found: 0, pass primary filters: 0, did not pass the filter by colors: 0, did not pass the filter by options: 0, added: 0, new vincodes: 0
05-12-2013 15:00:25 --- INFO: Lexus GX 470 - found: 15, pass primary filters: 13, did not pass the filter by colors: 0, did not pass the filter by options: 0, added: 13, new vincodes: 0
05-12-2013 15:00:46 --- INFO: Lexus GX 470 - found: 69, pass primary filters: 18, did not pass the filter by colors: 0, did not pass the filter by options: 0, added: 18, new vincodes: 0
05-12-2013 15:00:59 --- INFO: Lexus LX 470 - found: 33, pass primary filters: 7, did not pass the filter by colors: 0, did not pass the filter by options: 0, added: 7, new vincodes: 0
05-12-2013 15:01:02 --- INFO: Toyota Sequoia - found: 0, pass primary filters: 0, did not pass the filter by colors: 0, did not pass the filter by options: 0, added: 0, new vincodes: 0
05-12-2013 15:01:05 --- INFO: Toyota Land Cruiser - found: 0, pass primary filters: 0, did not pass the filter by colors: 0, did not pass the filter by options: 0, added: 0, new vincodes: 0
05-12-2013 15:01:22 --- INFO: Lexus LX 570 - found: 19, pass primary filters: 17, did not pass the filter by colors: 0, did not pass the filter by options: 0, added: 17, new vincodes: 0
05-12-2013 15:01:24 --- INFO: Toyota Venza - found: 0, pass primary filters: 0, did not pass the filter by colors: 0, did not pass the filter by options: 0, added: 0, new vincodes: 0
05-12-2013 15:01:26 --- INFO: Toyota 4runner 2010 - found: 0, pass primary filters: 0, did not pass the filter by colors: 0, did not pass the filter by options: 0, added: 0, new vincodes: 0
05-12-2013 15:01:29 --- INFO: Toyota 4RUNNER 4WD V6 - found: 0, pass primary filters: 0, did not pass the filter by colors: 0, did not pass the filter by options: 0, added: 0, new vincodes: 0
05-12-2013 15:01:31 --- INFO: Toyota RAV 4 - found: 0, pass primary filters: 0, did not pass the filter by colors: 0, did not pass the filter by options: 0, added: 0, new vincodes: 0
05-12-2013 15:01:34 --- INFO: Toyota Highlander 4WD - found: 0, pass primary filters: 0, did not pass the filter by colors: 0, did not pass the filter by options: 0, added: 0, new vincodes: 0
05-12-2013 15:01:36 --- INFO: Toyota Highlander - found: 0, pass primary filters: 0, did not pass the filter by colors: 0, did not pass the filter by options: 0, added: 0, new vincodes: 0
05-12-2013 15:02:17 --- INFO: Lexus RX 350 - found: 158, pass primary filters: 2, did not pass the filter by colors: 0, did not pass the filter by options: 0, added: 2, new vincodes: 0
05-12-2013 15:02:19 --- INFO: Toyota 4RUNNER Limited V6 - found: 0, pass primary filters: 0, did not pass the filter by colors: 0, did not pass the filter by options: 0, added: 0, new vincodes: 0
05-12-2013 15:02:22 --- INFO: Lexus GX 460 - found: 1, pass primary filters: 1, did not pass the filter by colors: 0, did not pass the filter by options: 0, added: 1, new vincodes: 0
05-12-2013 15:02:27 --- INFO: Lexus RX 350 - found: 14, pass primary filters: 5, did not pass the filter by colors: 0, did not pass the filter by options: 0, added: 5, new vincodes: 0
05-12-2013 15:02:37 --- INFO: Toyota Highlander - found: 19, pass primary filters: 13, did not pass the filter by colors: 0, did not pass the filter by options: 0, added: 13, new vincodes: 0
05-12-2013 15:02:45 --- INFO: Lexus GS300 - found: 28, pass primary filters: 1, did not pass the filter by colors: 0, did not pass the filter by options: 0, added: 1, new vincodes: 0
05-12-2013 15:02:49 --- INFO: Toyota FJ cruiser - found: 23, pass primary filters: 13, did not pass the filter by colors: 0, did not pass the filter by options: 0, added: 13, new vincodes: 0
05-12-2013 15:03:10 --- INFO: Lexus RX 350 2013 - found: 32, pass primary filters: 1, did not pass the filter by colors: 0, did not pass the filter by options: 0, added: 1, new vincodes: 0
05-12-2013 15:03:10 --- INFO: finish: 05-12-2013 15:03:10
05-12-2013 15:03:10 --- INFO: elapsed time: ~188.86 sec., memory usage: ~3.26 Mb.
05-12-2013 18:00:01 --- INFO: start: 05-12-2013 18:00:01
05-12-2013 18:00:01 --- INFO: ----------Source_Adesa (cli)
05-12-2013 18:00:02 --- INFO: Authorized request
05-12-2013 18:00:03 --- INFO: Lexus RX 330 - found: 15, pass primary filters: 11, did not pass the filter by colors: 9, did not pass the filter by options: 1, added: 1, new vincodes: 0
05-12-2013 18:00:05 --- INFO: Lexus RX 400H - found: 5, pass primary filters: 4, did not pass the filter by colors: 4, did not pass the filter by options: 0, added: 0, new vincodes: 0
05-12-2013 18:00:07 --- INFO: Lexus GX 470 - found: 3, pass primary filters: 3, did not pass the filter by colors: 1, did not pass the filter by options: 0, added: 2, new vincodes: 0
05-12-2013 18:00:08 --- INFO: Lexus GX 470 - found: 7, pass primary filters: 7, did not pass the filter by colors: 2, did not pass the filter by options: 3, added: 2, new vincodes: 0
05-12-2013 18:00:09 --- INFO: Lexus LX 470 - found: 3, pass primary filters: 3, did not pass the filter by colors: 3, did not pass the filter by options: , added: 0, new vincodes: 0
05-12-2013 18:00:09 --- INFO: Toyota Sequoia - found: 0, pass primary filters: 0, did not pass the filter by colors: 0, did not pass the filter by options: 0, added: 0, new vincodes: 0
05-12-2013 18:00:10 --- INFO: Toyota Land Cruiser - found: 0, pass primary filters: 0, did not pass the filter by colors: 0, did not pass the filter by options: 0, added: 0, new vincodes: 0
05-12-2013 18:00:11 --- INFO: Lexus LX 570 - found: 0, pass primary filters: 0, did not pass the filter by colors: 0, did not pass the filter by options: 0, added: 0, new vincodes: 0
05-12-2013 18:00:11 --- INFO: Toyota Venza - found: 0, pass primary filters: 0, did not pass the filter by colors: 0, did not pass the filter by options: 0, added: 0, new vincodes: 0
05-12-2013 18:00:12 --- INFO: Toyota 4runner 2010 - found: 0, pass primary filters: 0, did not pass the filter by colors: 0, did not pass the filter by options: 0, added: 0, new vincodes: 0
05-12-2013 18:00:13 --- INFO: Toyota 4RUNNER 4WD V6 - found: 21, pass primary filters: 11, did not pass the filter by colors: 5, did not pass the filter by options: , added: 6, new vincodes: 0
05-12-2013 18:00:13 --- INFO: Toyota FJ cruiser - found: 5, pass primary filters: 0, did not pass the filter by colors: 0, did not pass the filter by options: 0, added: 0, new vincodes: 0
05-12-2013 18:00:15 --- INFO: Lexus RX 350 2013 - found: 0, pass primary filters: 0, did not pass the filter by colors: 0, did not pass the filter by options: 0, added: 0, new vincodes: 0
05-12-2013 18:00:19 --- INFO: Toyota Highlander - found: 38, pass primary filters: 7, did not pass the filter by colors: 5, did not pass the filter by options: , added: 2, new vincodes: 1
05-12-2013 18:00:20 --- INFO: Lexus RX 350 - found: 25, pass primary filters: 14, did not pass the filter by colors: 5, did not pass the filter by options: 3, added: 6, new vincodes: 0
05-12-2013 18:00:22 --- INFO: Toyota 4RUNNER Limited V6 - found: 26, pass primary filters: 1, did not pass the filter by colors: 0, did not pass the filter by options: , added: 1, new vincodes: 0
05-12-2013 18:00:22 --- INFO: finish: 05-12-2013 18:00:22
05-12-2013 18:00:22 --- INFO: elapsed time: ~20.27 sec., memory usage: ~2.32 Mb.
05-12-2013 18:30:01 --- INFO: start: 05-12-2013 18:30:01
05-12-2013 18:30:01 --- INFO: ----------Source_ExpOfCars (cli)
05-12-2013 18:30:14 --- INFO: Lexus RX 330 - found: 63, pass primary filters: 38, did not pass the filter by colors: 0, did not pass the filter by options: 0, added: 38, new vincodes: 0
05-12-2013 18:30:18 --- INFO: Lexus RX 400H - found: 26, pass primary filters: 23, did not pass the filter by colors: 0, did not pass the filter by options: 0, added: 23, new vincodes: 0
05-12-2013 18:30:21 --- INFO: Lexus GX 470 - found: 14, pass primary filters: 14, did not pass the filter by colors: 0, did not pass the filter by options: 0, added: 14, new vincodes: 0
05-12-2013 18:30:36 --- INFO: Lexus GX 470 - found: 62, pass primary filters: 62, did not pass the filter by colors: 0, did not pass the filter by options: 0, added: 62, new vincodes: 0
05-12-2013 18:30:49 --- INFO: Lexus LX 470 - found: 28, pass primary filters: 28, did not pass the filter by colors: 0, did not pass the filter by options: 0, added: 28, new vincodes: 0
05-12-2013 18:30:52 --- INFO: Toyota Sequoia - found: 24, pass primary filters: 24, did not pass the filter by colors: 0, did not pass the filter by options: 0, added: 24, new vincodes: 0
05-12-2013 18:30:55 --- INFO: Toyota Land Cruiser - found: 17, pass primary filters: 17, did not pass the filter by colors: 0, did not pass the filter by options: 0, added: 17, new vincodes: 0
05-12-2013 18:30:58 --- INFO: Lexus LX 570 - found: 18, pass primary filters: 18, did not pass the filter by colors: 0, did not pass the filter by options: 0, added: 18, new vincodes: 0
05-12-2013 18:30:59 --- INFO: Toyota Venza - found: 7, pass primary filters: 7, did not pass the filter by colors: 0, did not pass the filter by options: 0, added: 7, new vincodes: 0
05-12-2013 18:31:01 --- INFO: Toyota 4runner 2010 - found: 2, pass primary filters: 2, did not pass the filter by colors: 0, did not pass the filter by options: 0, added: 2, new vincodes: 0
05-12-2013 18:31:03 --- INFO: Toyota 4RUNNER 4WD V6 - found: 47, pass primary filters: 10, did not pass the filter by colors: 0, did not pass the filter by options: 0, added: 10, new vincodes: 0
05-12-2013 18:31:13 --- INFO: Toyota RAV 4 - found: 252, pass primary filters: 0, did not pass the filter by colors: 0, did not pass the filter by options: 0, added: 0, new vincodes: 0
05-12-2013 18:31:17 --- INFO: Toyota Highlander 4WD - found: 82, pass primary filters: 2, did not pass the filter by colors: 0, did not pass the filter by options: 0, added: 2, new vincodes: 0
05-12-2013 18:31:22 --- INFO: Toyota Highlander - found: 82, pass primary filters: 22, did not pass the filter by colors: 0, did not pass the filter by options: 0, added: 22, new vincodes: 0
05-12-2013 18:31:32 --- INFO: Lexus RX 350 - found: 145, pass primary filters: 109, did not pass the filter by colors: 0, did not pass the filter by options: 0, added: 109, new vincodes: 0
05-12-2013 18:31:35 --- INFO: Toyota 4RUNNER Limited V6 - found: 61, pass primary filters: 1, did not pass the filter by colors: 0, did not pass the filter by options: 0, added: 1, new vincodes: 0
05-12-2013 18:31:35 --- INFO: Lexus GX 460 - found: 1, pass primary filters: 1, did not pass the filter by colors: 0, did not pass the filter by options: 0, added: 1, new vincodes: 0
05-12-2013 18:31:38 --- INFO: Lexus RX 350 - found: 14, pass primary filters: 14, did not pass the filter by colors: 0, did not pass the filter by options: 0, added: 14, new vincodes: 0
05-12-2013 18:31:42 --- INFO: Toyota Highlander - found: 19, pass primary filters: 19, did not pass the filter by colors: 0, did not pass the filter by options: 0, added: 19, new vincodes: 0
05-12-2013 18:31:44 --- INFO: Lexus GS300 - found: 22, pass primary filters: 8, did not pass the filter by colors: 0, did not pass the filter by options: 0, added: 8, new vincodes: 0
05-12-2013 18:31:44 --- INFO: finish: 05-12-2013 18:31:44
05-12-2013 18:31:44 --- INFO: elapsed time: ~103.58 sec., memory usage: ~4.14 Mb.
05-12-2013 18:45:01 --- INFO: start: 05-12-2013 18:45:01
05-12-2013 18:45:01 --- INFO: ----------Source_Oodle (cli)
05-12-2013 18:45:05 --- INFO: Toyota Highlander - found: 30, pass primary filters: 24, did not pass the filter by colors: 0, did not pass the filter by options: 0, added: 24, new vincodes: 0
05-12-2013 18:46:04 --- INFO: Lexus RX 330 - found: 216, pass primary filters: 0, did not pass the filter by colors: 0, did not pass the filter by options: 0, added: 0, new vincodes: 0
05-12-2013 18:46:04 --- INFO: Lexus RX 400H - found: 0, pass primary filters: 0, did not pass the filter by colors: 0, did not pass the filter by options: 0, added: 0, new vincodes: 0
05-12-2013 18:46:06 --- INFO: Lexus GX 470 - found: 15, pass primary filters: 10, did not pass the filter by colors: 0, did not pass the filter by options: 0, added: 10, new vincodes: 0
05-12-2013 18:46:13 --- INFO: Lexus GX 470 - found: 184, pass primary filters: 6, did not pass the filter by colors: 0, did not pass the filter by options: 0, added: 6, new vincodes: 0
05-12-2013 18:47:07 --- INFO: Lexus LX 470 - found: 72, pass primary filters: 12, did not pass the filter by colors: 0, did not pass the filter by options: 0, added: 12, new vincodes: 0
05-12-2013 18:47:09 --- INFO: Toyota Sequoia - found: 80, pass primary filters: 6, did not pass the filter by colors: 0, did not pass the filter by options: 0, added: 6, new vincodes: 0
05-12-2013 18:47:10 --- INFO: Toyota Land Cruiser - found: 22, pass primary filters: 8, did not pass the filter by colors: 0, did not pass the filter by options: 0, added: 8, new vincodes: 0
05-12-2013 18:47:11 --- INFO: Lexus LX 570 - found: 0, pass primary filters: 0, did not pass the filter by colors: 0, did not pass the filter by options: 0, added: 0, new vincodes: 0
05-12-2013 18:47:11 --- INFO: Toyota Venza - found: 0, pass primary filters: 0, did not pass the filter by colors: 0, did not pass the filter by options: 0, added: 0, new vincodes: 0
05-12-2013 18:47:12 --- INFO: Toyota 4runner 2010 - found: 4, pass primary filters: 3, did not pass the filter by colors: 0, did not pass the filter by options: 0, added: 3, new vincodes: 0
05-12-2013 18:47:23 --- INFO: Toyota 4RUNNER 4WD V6 - found: 462, pass primary filters: 0, did not pass the filter by colors: 0, did not pass the filter by options: 0, added: 0, new vincodes: 0
05-12-2013 18:48:33 --- INFO: Toyota RAV 4 - found: 3241, pass primary filters: 0, did not pass the filter by colors: 0, did not pass the filter by options: 0, added: 0, new vincodes: 0
05-12-2013 18:48:43 --- INFO: Toyota Highlander 4WD - found: 450, pass primary filters: 0, did not pass the filter by colors: 0, did not pass the filter by options: 0, added: 0, new vincodes: 0
05-12-2013 18:48:52 --- INFO: Toyota Highlander - found: 450, pass primary filters: 0, did not pass the filter by colors: 0, did not pass the filter by options: 0, added: 0, new vincodes: 0
05-12-2013 18:49:07 --- INFO: Lexus RX 350 - found: 635, pass primary filters: 3, did not pass the filter by colors: 0, did not pass the filter by options: 0, added: 3, new vincodes: 0
05-12-2013 18:49:20 --- INFO: Toyota 4RUNNER Limited V6 - found: 546, pass primary filters: 1, did not pass the filter by colors: 0, did not pass the filter by options: 0, added: 1, new vincodes: 0
05-12-2013 18:49:20 --- INFO: Lexus GX 460 - found: 0, pass primary filters: 0, did not pass the filter by colors: 0, did not pass the filter by options: 0, added: 0, new vincodes: 0
05-12-2013 18:49:21 --- INFO: Lexus RX 350 - found: 13, pass primary filters: 6, did not pass the filter by colors: 0, did not pass the filter by options: 0, added: 6, new vincodes: 0
05-12-2013 18:49:43 --- INFO: Lexus GS300 - found: 88, pass primary filters: 3, did not pass the filter by colors: 0, did not pass the filter by options: 0, added: 3, new vincodes: 0
05-12-2013 18:49:45 --- INFO: Toyota FJ cruiser - found: 88, pass primary filters: 0, did not pass the filter by colors: 0, did not pass the filter by options: 0, added: 0, new vincodes: 0
05-12-2013 18:49:48 --- INFO: Lexus RX 350 2013 - found: 55, pass primary filters: 0, did not pass the filter by colors: 0, did not pass the filter by options: 0, added: 0, new vincodes: 0
05-12-2013 18:49:48 --- INFO: finish: 05-12-2013 18:49:48
05-12-2013 18:49:48 --- INFO: elapsed time: ~286.27 sec., memory usage: ~3.83 Mb.
05-12-2013 19:00:01 --- INFO: start: 05-12-2013 19:00:01
05-12-2013 19:00:01 --- INFO: ----------Source_AutoSalon (cli)
05-12-2013 19:00:17 --- INFO: Lexus RX 330 - found: 73, pass primary filters: 0, did not pass the filter by colors: 0, did not pass the filter by options: 0, added: 0, new vincodes: 0
05-12-2013 19:00:19 --- INFO: Lexus RX 400H - found: 0, pass primary filters: 0, did not pass the filter by colors: 0, did not pass the filter by options: 0, added: 0, new vincodes: 0
05-12-2013 19:00:23 --- INFO: Lexus GX 470 - found: 15, pass primary filters: 13, did not pass the filter by colors: 0, did not pass the filter by options: 0, added: 13, new vincodes: 0
05-12-2013 19:03:46 --- INFO: Lexus GX 470 - found: 75, pass primary filters: 23, did not pass the filter by colors: 0, did not pass the filter by options: 0, added: 23, new vincodes: 0
05-12-2013 19:03:57 --- INFO: Lexus LX 470 - found: 33, pass primary filters: 7, did not pass the filter by colors: 0, did not pass the filter by options: 0, added: 7, new vincodes: 0
05-12-2013 19:03:59 --- INFO: Toyota Sequoia - found: 0, pass primary filters: 0, did not pass the filter by colors: 0, did not pass the filter by options: 0, added: 0, new vincodes: 0
05-12-2013 19:04:02 --- INFO: Toyota Land Cruiser - found: 0, pass primary filters: 0, did not pass the filter by colors: 0, did not pass the filter by options: 0, added: 0, new vincodes: 0
05-12-2013 19:04:09 --- INFO: Lexus LX 570 - found: 19, pass primary filters: 17, did not pass the filter by colors: 0, did not pass the filter by options: 0, added: 17, new vincodes: 0
05-12-2013 19:04:11 --- INFO: Toyota Venza - found: 0, pass primary filters: 0, did not pass the filter by colors: 0, did not pass the filter by options: 0, added: 0, new vincodes: 0
05-12-2013 19:04:14 --- INFO: Toyota 4runner 2010 - found: 0, pass primary filters: 0, did not pass the filter by colors: 0, did not pass the filter by options: 0, added: 0, new vincodes: 0
05-12-2013 19:04:16 --- INFO: Toyota 4RUNNER 4WD V6 - found: 0, pass primary filters: 0, did not pass the filter by colors: 0, did not pass the filter by options: 0, added: 0, new vincodes: 0
05-12-2013 19:04:18 --- INFO: Toyota RAV 4 - found: 0, pass primary filters: 0, did not pass the filter by colors: 0, did not pass the filter by options: 0, added: 0, new vincodes: 0
05-12-2013 19:04:20 --- INFO: Toyota Highlander 4WD - found: 0, pass primary filters: 0, did not pass the filter by colors: 0, did not pass the filter by options: 0, added: 0, new vincodes: 0
05-12-2013 19:04:23 --- INFO: Toyota Highlander - found: 0, pass primary filters: 0, did not pass the filter by colors: 0, did not pass the filter by options: 0, added: 0, new vincodes: 0
05-12-2013 19:05:00 --- INFO: Lexus RX 350 - found: 159, pass primary filters: 3, did not pass the filter by colors: 0, did not pass the filter by options: 0, added: 3, new vincodes: 0
05-12-2013 19:05:03 --- INFO: Toyota 4RUNNER Limited V6 - found: 0, pass primary filters: 0, did not pass the filter by colors: 0, did not pass the filter by options: 0, added: 0, new vincodes: 0
05-12-2013 19:05:05 --- INFO: Lexus GX 460 - found: 1, pass primary filters: 1, did not pass the filter by colors: 0, did not pass the filter by options: 0, added: 1, new vincodes: 0
05-12-2013 19:05:11 --- INFO: Lexus RX 350 - found: 14, pass primary filters: 5, did not pass the filter by colors: 0, did not pass the filter by options: 0, added: 5, new vincodes: 0
05-12-2013 19:05:15 --- INFO: Toyota Highlander - found: 19, pass primary filters: 13, did not pass the filter by colors: 0, did not pass the filter by options: 0, added: 13, new vincodes: 0
05-12-2013 19:05:22 --- INFO: Lexus GS300 - found: 30, pass primary filters: 1, did not pass the filter by colors: 0, did not pass the filter by options: 0, added: 1, new vincodes: 0
05-12-2013 19:05:27 --- INFO: Toyota FJ cruiser - found: 25, pass primary filters: 13, did not pass the filter by colors: 0, did not pass the filter by options: 0, added: 13, new vincodes: 0
05-12-2013 19:05:46 --- INFO: Lexus RX 350 2013 - found: 32, pass primary filters: 1, did not pass the filter by colors: 0, did not pass the filter by options: 0, added: 1, new vincodes: 0
05-12-2013 19:05:46 --- INFO: finish: 05-12-2013 19:05:46
05-12-2013 19:05:46 --- INFO: elapsed time: ~344.99 sec., memory usage: ~3.16 Mb.
05-12-2013 22:00:01 --- INFO: start: 05-12-2013 22:00:01
05-12-2013 22:00:01 --- INFO: ----------Source_Adesa (cli)
05-12-2013 22:00:02 --- INFO: Authorized request
05-12-2013 22:00:06 --- INFO: Lexus RX 330 - found: 15, pass primary filters: 11, did not pass the filter by colors: 9, did not pass the filter by options: 1, added: 1, new vincodes: 0
05-12-2013 22:00:07 --- INFO: Lexus RX 400H - found: 5, pass primary filters: 4, did not pass the filter by colors: 4, did not pass the filter by options: 0, added: 0, new vincodes: 0
05-12-2013 22:00:07 --- INFO: Lexus GX 470 - found: 3, pass primary filters: 3, did not pass the filter by colors: 1, did not pass the filter by options: 0, added: 2, new vincodes: 0
05-12-2013 22:00:09 --- INFO: Lexus GX 470 - found: 8, pass primary filters: 8, did not pass the filter by colors: 3, did not pass the filter by options: 3, added: 2, new vincodes: 0
05-12-2013 22:00:10 --- INFO: Lexus LX 470 - found: 3, pass primary filters: 3, did not pass the filter by colors: 3, did not pass the filter by options: , added: 0, new vincodes: 0
05-12-2013 22:00:10 --- INFO: Toyota Sequoia - found: 0, pass primary filters: 0, did not pass the filter by colors: 0, did not pass the filter by options: 0, added: 0, new vincodes: 0
05-12-2013 22:00:11 --- INFO: Toyota Land Cruiser - found: 0, pass primary filters: 0, did not pass the filter by colors: 0, did not pass the filter by options: 0, added: 0, new vincodes: 0
05-12-2013 22:00:11 --- INFO: Lexus LX 570 - found: 0, pass primary filters: 0, did not pass the filter by colors: 0, did not pass the filter by options: 0, added: 0, new vincodes: 0
05-12-2013 22:00:12 --- INFO: Toyota Venza - found: 0, pass primary filters: 0, did not pass the filter by colors: 0, did not pass the filter by options: 0, added: 0, new vincodes: 0
05-12-2013 22:00:13 --- INFO: Toyota 4runner 2010 - found: 0, pass primary filters: 0, did not pass the filter by colors: 0, did not pass the filter by options: 0, added: 0, new vincodes: 0
05-12-2013 22:01:12 --- INFO: Toyota 4RUNNER 4WD V6 - found: 24, pass primary filters: 13, did not pass the filter by colors: 7, did not pass the filter by options: , added: 6, new vincodes: 1
05-12-2013 22:01:12 --- INFO: Toyota FJ cruiser - found: 5, pass primary filters: 0, did not pass the filter by colors: 0, did not pass the filter by options: 0, added: 0, new vincodes: 0
05-12-2013 22:01:13 --- INFO: Lexus RX 350 2013 - found: 0, pass primary filters: 0, did not pass the filter by colors: 0, did not pass the filter by options: 0, added: 0, new vincodes: 0
05-12-2013 22:01:17 --- INFO: Toyota Highlander - found: 41, pass primary filters: 9, did not pass the filter by colors: 6, did not pass the filter by options: , added: 3, new vincodes: 2
05-12-2013 22:01:28 --- INFO: Lexus RX 350 - found: 32, pass primary filters: 19, did not pass the filter by colors: 7, did not pass the filter by options: 4, added: 8, new vincodes: 3
05-12-2013 22:01:29 --- INFO: Toyota 4RUNNER Limited V6 - found: 29, pass primary filters: 1, did not pass the filter by colors: 0, did not pass the filter by options: , added: 1, new vincodes: 0
05-12-2013 22:01:29 --- INFO: finish: 05-12-2013 22:01:29
05-12-2013 22:01:29 --- INFO: elapsed time: ~87.89 sec., memory usage: ~2.46 Mb.
05-12-2013 22:30:02 --- INFO: start: 05-12-2013 22:30:02
05-12-2013 22:30:02 --- INFO: ----------Source_ExpOfCars (cli)
05-12-2013 22:30:08 --- INFO: Lexus RX 330 - found: 45, pass primary filters: 30, did not pass the filter by colors: 0, did not pass the filter by options: 0, added: 30, new vincodes: 1
05-12-2013 22:30:10 --- INFO: Lexus RX 400H - found: 16, pass primary filters: 15, did not pass the filter by colors: 0, did not pass the filter by options: 0, added: 15, new vincodes: 0
05-12-2013 22:30:12 --- INFO: Lexus GX 470 - found: 11, pass primary filters: 11, did not pass the filter by colors: 0, did not pass the filter by options: 0, added: 11, new vincodes: 0
05-12-2013 22:30:18 --- INFO: Lexus GX 470 - found: 41, pass primary filters: 41, did not pass the filter by colors: 0, did not pass the filter by options: 0, added: 41, new vincodes: 1
05-12-2013 22:30:21 --- INFO: Lexus LX 470 - found: 19, pass primary filters: 19, did not pass the filter by colors: 0, did not pass the filter by options: 0, added: 19, new vincodes: 0
05-12-2013 22:30:23 --- INFO: Toyota Sequoia - found: 16, pass primary filters: 16, did not pass the filter by colors: 0, did not pass the filter by options: 0, added: 16, new vincodes: 0
05-12-2013 22:30:25 --- INFO: Toyota Land Cruiser - found: 13, pass primary filters: 13, did not pass the filter by colors: 0, did not pass the filter by options: 0, added: 13, new vincodes: 0
05-12-2013 22:30:27 --- INFO: Lexus LX 570 - found: 15, pass primary filters: 15, did not pass the filter by colors: 0, did not pass the filter by options: 0, added: 15, new vincodes: 0
05-12-2013 22:30:29 --- INFO: Toyota Venza - found: 5, pass primary filters: 5, did not pass the filter by colors: 0, did not pass the filter by options: 0, added: 5, new vincodes: 0
05-12-2013 22:30:30 --- INFO: Toyota 4runner 2010 - found: 2, pass primary filters: 2, did not pass the filter by colors: 0, did not pass the filter by options: 0, added: 2, new vincodes: 0
05-12-2013 22:30:31 --- INFO: Toyota 4RUNNER 4WD V6 - found: 29, pass primary filters: 7, did not pass the filter by colors: 0, did not pass the filter by options: 0, added: 7, new vincodes: 0
05-12-2013 22:30:39 --- INFO: Toyota RAV 4 - found: 192, pass primary filters: 0, did not pass the filter by colors: 0, did not pass the filter by options: 0, added: 0, new vincodes: 0
05-12-2013 22:30:45 --- INFO: Toyota Highlander 4WD - found: 56, pass primary filters: 3, did not pass the filter by colors: 0, did not pass the filter by options: 0, added: 3, new vincodes: 1
05-12-2013 22:30:54 --- INFO: Toyota Highlander - found: 56, pass primary filters: 20, did not pass the filter by colors: 0, did not pass the filter by options: 0, added: 20, new vincodes: 3
05-12-2013 22:31:02 --- INFO: Lexus RX 350 - found: 89, pass primary filters: 67, did not pass the filter by colors: 0, did not pass the filter by options: 0, added: 67, new vincodes: 1
05-12-2013 22:31:04 --- INFO: Toyota 4RUNNER Limited V6 - found: 40, pass primary filters: 0, did not pass the filter by colors: 0, did not pass the filter by options: 0, added: 0, new vincodes: 0
05-12-2013 22:31:05 --- INFO: Lexus GX 460 - found: 1, pass primary filters: 1, did not pass the filter by colors: 0, did not pass the filter by options: 0, added: 1, new vincodes: 0
05-12-2013 22:31:07 --- INFO: Lexus RX 350 - found: 10, pass primary filters: 10, did not pass the filter by colors: 0, did not pass the filter by options: 0, added: 10, new vincodes: 0
05-12-2013 22:31:09 --- INFO: Toyota Highlander - found: 16, pass primary filters: 16, did not pass the filter by colors: 0, did not pass the filter by options: 0, added: 16, new vincodes: 0
05-12-2013 22:31:11 --- INFO: Lexus GS300 - found: 17, pass primary filters: 6, did not pass the filter by colors: 0, did not pass the filter by options: 0, added: 6, new vincodes: 0
05-12-2013 22:31:11 --- INFO: finish: 05-12-2013 22:31:11
05-12-2013 22:31:11 --- INFO: elapsed time: ~69.13 sec., memory usage: ~3.44 Mb.
05-12-2013 22:45:01 --- INFO: start: 05-12-2013 22:45:01
05-12-2013 22:45:01 --- INFO: ----------Source_Oodle (cli)
05-12-2013 22:45:02 --- INFO: Toyota Highlander - found: 30, pass primary filters: 24, did not pass the filter by colors: 0, did not pass the filter by options: 0, added: 24, new vincodes: 0
05-12-2013 22:45:07 --- INFO: Lexus RX 330 - found: 211, pass primary filters: 0, did not pass the filter by colors: 0, did not pass the filter by options: 0, added: 0, new vincodes: 0
05-12-2013 22:45:08 --- INFO: Lexus RX 400H - found: 0, pass primary filters: 0, did not pass the filter by colors: 0, did not pass the filter by options: 0, added: 0, new vincodes: 0
05-12-2013 22:45:09 --- INFO: Lexus GX 470 - found: 15, pass primary filters: 10, did not pass the filter by colors: 0, did not pass the filter by options: 0, added: 10, new vincodes: 0
05-12-2013 22:46:59 --- INFO: Lexus GX 470 - found: 183, pass primary filters: 5, did not pass the filter by colors: 0, did not pass the filter by options: 0, added: 5, new vincodes: 0
05-12-2013 22:47:01 --- INFO: Lexus LX 470 - found: 72, pass primary filters: 12, did not pass the filter by colors: 0, did not pass the filter by options: 0, added: 12, new vincodes: 0
05-12-2013 22:47:56 --- INFO: Toyota Sequoia - found: 80, pass primary filters: 6, did not pass the filter by colors: 0, did not pass the filter by options: 0, added: 6, new vincodes: 0
05-12-2013 22:47:57 --- INFO: Toyota Land Cruiser - found: 21, pass primary filters: 8, did not pass the filter by colors: 0, did not pass the filter by options: 0, added: 8, new vincodes: 0
05-12-2013 22:47:58 --- INFO: Lexus LX 570 - found: 0, pass primary filters: 0, did not pass the filter by colors: 0, did not pass the filter by options: 0, added: 0, new vincodes: 0
05-12-2013 22:47:58 --- INFO: Toyota Venza - found: 0, pass primary filters: 0, did not pass the filter by colors: 0, did not pass the filter by options: 0, added: 0, new vincodes: 0
05-12-2013 22:47:59 --- INFO: Toyota 4runner 2010 - found: 4, pass primary filters: 3, did not pass the filter by colors: 0, did not pass the filter by options: 0, added: 3, new vincodes: 0
05-12-2013 22:48:09 --- INFO: Toyota 4RUNNER 4WD V6 - found: 452, pass primary filters: 0, did not pass the filter by colors: 0, did not pass the filter by options: 0, added: 0, new vincodes: 0
05-12-2013 22:49:14 --- INFO: Toyota RAV 4 - found: 3177, pass primary filters: 0, did not pass the filter by colors: 0, did not pass the filter by options: 0, added: 0, new vincodes: 0
05-12-2013 22:49:23 --- INFO: Toyota Highlander 4WD - found: 449, pass primary filters: 0, did not pass the filter by colors: 0, did not pass the filter by options: 0, added: 0, new vincodes: 0
05-12-2013 22:49:32 --- INFO: Toyota Highlander - found: 449, pass primary filters: 0, did not pass the filter by colors: 0, did not pass the filter by options: 0, added: 0, new vincodes: 0
05-12-2013 22:49:46 --- INFO: Lexus RX 350 - found: 625, pass primary filters: 2, did not pass the filter by colors: 0, did not pass the filter by options: 0, added: 2, new vincodes: 0
05-12-2013 22:49:58 --- INFO: Toyota 4RUNNER Limited V6 - found: 537, pass primary filters: 0, did not pass the filter by colors: 0, did not pass the filter by options: 0, added: 0, new vincodes: 0
05-12-2013 22:49:58 --- INFO: Lexus GX 460 - found: 0, pass primary filters: 0, did not pass the filter by colors: 0, did not pass the filter by options: 0, added: 0, new vincodes: 0
05-12-2013 22:49:59 --- INFO: Lexus RX 350 - found: 13, pass primary filters: 6, did not pass the filter by colors: 0, did not pass the filter by options: 0, added: 6, new vincodes: 0
05-12-2013 22:50:04 --- INFO: Lexus GS300 - found: 86, pass primary filters: 3, did not pass the filter by colors: 0, did not pass the filter by options: 0, added: 3, new vincodes: 0
05-12-2013 22:50:06 --- INFO: Toyota FJ cruiser - found: 86, pass primary filters: 0, did not pass the filter by colors: 0, did not pass the filter by options: 0, added: 0, new vincodes: 0
05-12-2013 22:50:43 --- INFO: Lexus RX 350 2013 - found: 56, pass primary filters: 0, did not pass the filter by colors: 0, did not pass the filter by options: 0, added: 0, new vincodes: 0
05-12-2013 22:50:43 --- INFO: finish: 05-12-2013 22:50:43
05-12-2013 22:50:43 --- INFO: elapsed time: ~342.32 sec., memory usage: ~3.81 Mb.
05-12-2013 23:00:01 --- INFO: start: 05-12-2013 23:00:01
05-12-2013 23:00:01 --- INFO: ----------Source_AutoSalon (cli)
05-12-2013 23:00:17 --- INFO: Lexus RX 330 - found: 73, pass primary filters: 0, did not pass the filter by colors: 0, did not pass the filter by options: 0, added: 0, new vincodes: 0
05-12-2013 23:00:19 --- INFO: Lexus RX 400H - found: 0, pass primary filters: 0, did not pass the filter by colors: 0, did not pass the filter by options: 0, added: 0, new vincodes: 0
05-12-2013 23:01:41 --- INFO: Lexus GX 470 - found: 16, pass primary filters: 14, did not pass the filter by colors: 0, did not pass the filter by options: 0, added: 14, new vincodes: 1
05-12-2013 23:04:26 --- INFO: Lexus GX 470 - found: 82, pass primary filters: 7, did not pass the filter by colors: 0, did not pass the filter by options: 0, added: 7, new vincodes: 0
05-12-2013 23:04:50 --- INFO: Lexus LX 470 - found: 36, pass primary filters: 8, did not pass the filter by colors: 0, did not pass the filter by options: 0, added: 8, new vincodes: 0
05-12-2013 23:04:53 --- INFO: Toyota Sequoia - found: 0, pass primary filters: 0, did not pass the filter by colors: 0, did not pass the filter by options: 0, added: 0, new vincodes: 0
05-12-2013 23:04:55 --- INFO: Toyota Land Cruiser - found: 0, pass primary filters: 0, did not pass the filter by colors: 0, did not pass the filter by options: 0, added: 0, new vincodes: 0
05-12-2013 23:05:04 --- INFO: Lexus LX 570 - found: 19, pass primary filters: 17, did not pass the filter by colors: 0, did not pass the filter by options: 0, added: 17, new vincodes: 0
05-12-2013 23:05:06 --- INFO: Toyota Venza - found: 0, pass primary filters: 0, did not pass the filter by colors: 0, did not pass the filter by options: 0, added: 0, new vincodes: 0
05-12-2013 23:05:09 --- INFO: Toyota 4runner 2010 - found: 0, pass primary filters: 0, did not pass the filter by colors: 0, did not pass the filter by options: 0, added: 0, new vincodes: 0
05-12-2013 23:05:12 --- INFO: Toyota 4RUNNER 4WD V6 - found: 0, pass primary filters: 0, did not pass the filter by colors: 0, did not pass the filter by options: 0, added: 0, new vincodes: 0
05-12-2013 23:05:15 --- INFO: Toyota RAV 4 - found: 0, pass primary filters: 0, did not pass the filter by colors: 0, did not pass the filter by options: 0, added: 0, new vincodes: 0
05-12-2013 23:05:17 --- INFO: Toyota Highlander 4WD - found: 0, pass primary filters: 0, did not pass the filter by colors: 0, did not pass the filter by options: 0, added: 0, new vincodes: 0
05-12-2013 23:05:19 --- INFO: Toyota Highlander - found: 0, pass primary filters: 0, did not pass the filter by colors: 0, did not pass the filter by options: 0, added: 0, new vincodes: 0
05-12-2013 23:05:56 --- INFO: Lexus RX 350 - found: 170, pass primary filters: 13, did not pass the filter by colors: 0, did not pass the filter by options: 0, added: 13, new vincodes: 1
05-12-2013 23:05:58 --- INFO: Toyota 4RUNNER Limited V6 - found: 0, pass primary filters: 0, did not pass the filter by colors: 0, did not pass the filter by options: 0, added: 0, new vincodes: 0
05-12-2013 23:06:01 --- INFO: Lexus GX 460 - found: 1, pass primary filters: 1, did not pass the filter by colors: 0, did not pass the filter by options: 0, added: 1, new vincodes: 0
05-12-2013 23:06:07 --- INFO: Lexus RX 350 - found: 14, pass primary filters: 5, did not pass the filter by colors: 0, did not pass the filter by options: 0, added: 5, new vincodes: 0
05-12-2013 23:06:17 --- INFO: Toyota Highlander - found: 18, pass primary filters: 13, did not pass the filter by colors: 0, did not pass the filter by options: 0, added: 13, new vincodes: 0
05-12-2013 23:06:25 --- INFO: Lexus GS300 - found: 32, pass primary filters: 1, did not pass the filter by colors: 0, did not pass the filter by options: 0, added: 1, new vincodes: 0
05-12-2013 23:06:37 --- INFO: Toyota FJ cruiser - found: 28, pass primary filters: 2, did not pass the filter by colors: 0, did not pass the filter by options: 0, added: 2, new vincodes: 0
05-12-2013 23:06:59 --- INFO: Lexus RX 350 2013 - found: 33, pass primary filters: 2, did not pass the filter by colors: 0, did not pass the filter by options: 0, added: 2, new vincodes: 0
05-12-2013 23:06:59 --- INFO: finish: 05-12-2013 23:06:59
05-12-2013 23:06:59 --- INFO: elapsed time: ~418.23 sec., memory usage: ~3.36 Mb.