
06-12-2013 02:00:01 --- INFO: start: 06-12-2013 02:00:01
06-12-2013 02:00:01 --- INFO: ----------Source_Adesa (cli)
06-12-2013 02:00:02 --- INFO: Authorized request
06-12-2013 02:00:04 --- INFO: Lexus RX 330 - found: 15, pass primary filters: 11, did not pass the filter by colors: 9, did not pass the filter by options: 1, added: 1, new vincodes: 0
06-12-2013 02:00:05 --- INFO: Lexus RX 400H - found: 7, pass primary filters: 5, did not pass the filter by colors: 4, did not pass the filter by options: 1, added: 0, new vincodes: 0
06-12-2013 02:00:08 --- INFO: Lexus GX 470 - found: 4, pass primary filters: 4, did not pass the filter by colors: 1, did not pass the filter by options: 0, added: 3, new vincodes: 1
06-12-2013 02:00:18 --- INFO: Lexus GX 470 - found: 12, pass primary filters: 12, did not pass the filter by colors: 4, did not pass the filter by options: 4, added: 4, new vincodes: 3
06-12-2013 02:00:19 --- INFO: Lexus LX 470 - found: 5, pass primary filters: 5, did not pass the filter by colors: 5, did not pass the filter by options: , added: 0, new vincodes: 0
06-12-2013 02:00:19 --- INFO: Toyota Sequoia - found: 0, pass primary filters: 0, did not pass the filter by colors: 0, did not pass the filter by options: 0, added: 0, new vincodes: 0
06-12-2013 02:00:20 --- INFO: Toyota Land Cruiser - found: 0, pass primary filters: 0, did not pass the filter by colors: 0, did not pass the filter by options: 0, added: 0, new vincodes: 0
06-12-2013 02:00:21 --- INFO: Lexus LX 570 - found: 0, pass primary filters: 0, did not pass the filter by colors: 0, did not pass the filter by options: 0, added: 0, new vincodes: 0
06-12-2013 02:00:21 --- INFO: Toyota Venza - found: 0, pass primary filters: 0, did not pass the filter by colors: 0, did not pass the filter by options: 0, added: 0, new vincodes: 0
06-12-2013 02:00:22 --- INFO: Toyota 4runner 2010 - found: 0, pass primary filters: 0, did not pass the filter by colors: 0, did not pass the filter by options: 0, added: 0, new vincodes: 0
06-12-2013 02:00:24 --- INFO: Toyota 4RUNNER 4WD V6 - found: 25, pass primary filters: 14, did not pass the filter by colors: 6, did not pass the filter by options: , added: 8, new vincodes: 1
06-12-2013 02:00:25 --- INFO: Toyota FJ cruiser - found: 6, pass primary filters: 0, did not pass the filter by colors: 0, did not pass the filter by options: 0, added: 0, new vincodes: 0
06-12-2013 02:00:26 --- INFO: Lexus RX 350 2013 - found: 0, pass primary filters: 0, did not pass the filter by colors: 0, did not pass the filter by options: 0, added: 0, new vincodes: 0
06-12-2013 02:00:31 --- INFO: Toyota Highlander - found: 43, pass primary filters: 10, did not pass the filter by colors: 7, did not pass the filter by options: , added: 3, new vincodes: 1
06-12-2013 02:00:35 --- INFO: Lexus RX 350 - found: 34, pass primary filters: 21, did not pass the filter by colors: 9, did not pass the filter by options: 4, added: 8, new vincodes: 1
06-12-2013 02:00:35 --- INFO: Toyota 4RUNNER Limited V6 - found: 30, pass primary filters: 1, did not pass the filter by colors: 0, did not pass the filter by options: , added: 1, new vincodes: 0
06-12-2013 02:00:35 --- INFO: finish: 06-12-2013 02:00:35
06-12-2013 02:00:35 --- INFO: elapsed time: ~34.14 sec., memory usage: ~2.55 Mb.
06-12-2013 02:30:01 --- INFO: start: 06-12-2013 02:30:01
06-12-2013 02:30:01 --- INFO: ----------Source_ExpOfCars (cli)
06-12-2013 02:30:04 --- INFO: Lexus RX 330 - found: 41, pass primary filters: 29, did not pass the filter by colors: 0, did not pass the filter by options: 0, added: 29, new vincodes: 0
06-12-2013 02:30:06 --- INFO: Lexus RX 400H - found: 14, pass primary filters: 13, did not pass the filter by colors: 0, did not pass the filter by options: 0, added: 13, new vincodes: 0
06-12-2013 02:30:07 --- INFO: Lexus GX 470 - found: 10, pass primary filters: 10, did not pass the filter by colors: 0, did not pass the filter by options: 0, added: 10, new vincodes: 0
06-12-2013 02:30:10 --- INFO: Lexus GX 470 - found: 34, pass primary filters: 34, did not pass the filter by colors: 0, did not pass the filter by options: 0, added: 34, new vincodes: 0
06-12-2013 02:30:12 --- INFO: Lexus LX 470 - found: 17, pass primary filters: 17, did not pass the filter by colors: 0, did not pass the filter by options: 0, added: 17, new vincodes: 0
06-12-2013 02:30:14 --- INFO: Toyota Sequoia - found: 14, pass primary filters: 14, did not pass the filter by colors: 0, did not pass the filter by options: 0, added: 14, new vincodes: 0
06-12-2013 02:30:15 --- INFO: Toyota Land Cruiser - found: 12, pass primary filters: 12, did not pass the filter by colors: 0, did not pass the filter by options: 0, added: 12, new vincodes: 0
06-12-2013 02:30:17 --- INFO: Lexus LX 570 - found: 15, pass primary filters: 15, did not pass the filter by colors: 0, did not pass the filter by options: 0, added: 15, new vincodes: 0
06-12-2013 02:30:18 --- INFO: Toyota Venza - found: 5, pass primary filters: 5, did not pass the filter by colors: 0, did not pass the filter by options: 0, added: 5, new vincodes: 0
06-12-2013 02:30:19 --- INFO: Toyota 4runner 2010 - found: 2, pass primary filters: 2, did not pass the filter by colors: 0, did not pass the filter by options: 0, added: 2, new vincodes: 0
06-12-2013 02:30:20 --- INFO: Toyota 4RUNNER 4WD V6 - found: 23, pass primary filters: 7, did not pass the filter by colors: 0, did not pass the filter by options: 0, added: 7, new vincodes: 0
06-12-2013 02:30:26 --- INFO: Toyota RAV 4 - found: 167, pass primary filters: 0, did not pass the filter by colors: 0, did not pass the filter by options: 0, added: 0, new vincodes: 0
06-12-2013 02:30:28 --- INFO: Toyota Highlander 4WD - found: 48, pass primary filters: 3, did not pass the filter by colors: 0, did not pass the filter by options: 0, added: 3, new vincodes: 0
06-12-2013 02:30:31 --- INFO: Toyota Highlander - found: 48, pass primary filters: 17, did not pass the filter by colors: 0, did not pass the filter by options: 0, added: 17, new vincodes: 0
06-12-2013 02:30:35 --- INFO: Lexus RX 350 - found: 80, pass primary filters: 60, did not pass the filter by colors: 0, did not pass the filter by options: 0, added: 60, new vincodes: 0
06-12-2013 02:30:37 --- INFO: Toyota 4RUNNER Limited V6 - found: 34, pass primary filters: 0, did not pass the filter by colors: 0, did not pass the filter by options: 0, added: 0, new vincodes: 0
06-12-2013 02:30:38 --- INFO: Lexus GX 460 - found: 1, pass primary filters: 1, did not pass the filter by colors: 0, did not pass the filter by options: 0, added: 1, new vincodes: 0
06-12-2013 02:30:41 --- INFO: Lexus RX 350 - found: 10, pass primary filters: 10, did not pass the filter by colors: 0, did not pass the filter by options: 0, added: 10, new vincodes: 0
06-12-2013 02:30:43 --- INFO: Toyota Highlander - found: 16, pass primary filters: 16, did not pass the filter by colors: 0, did not pass the filter by options: 0, added: 16, new vincodes: 0
06-12-2013 02:30:45 --- INFO: Lexus GS300 - found: 13, pass primary filters: 4, did not pass the filter by colors: 0, did not pass the filter by options: 0, added: 4, new vincodes: 0
06-12-2013 02:30:45 --- INFO: finish: 06-12-2013 02:30:45
06-12-2013 02:30:45 --- INFO: elapsed time: ~43.38 sec., memory usage: ~3.12 Mb.
06-12-2013 02:45:01 --- INFO: start: 06-12-2013 02:45:01
06-12-2013 02:45:01 --- INFO: ----------Source_Oodle (cli)
06-12-2013 02:45:03 --- INFO: Toyota Highlander - found: 28, pass primary filters: 23, did not pass the filter by colors: 0, did not pass the filter by options: 0, added: 23, new vincodes: 0
06-12-2013 02:45:09 --- INFO: Lexus RX 330 - found: 213, pass primary filters: 0, did not pass the filter by colors: 0, did not pass the filter by options: 0, added: 0, new vincodes: 0
06-12-2013 02:45:09 --- INFO: Lexus RX 400H - found: 0, pass primary filters: 0, did not pass the filter by colors: 0, did not pass the filter by options: 0, added: 0, new vincodes: 0
06-12-2013 02:45:10 --- INFO: Lexus GX 470 - found: 15, pass primary filters: 10, did not pass the filter by colors: 0, did not pass the filter by options: 0, added: 10, new vincodes: 0
06-12-2013 02:45:16 --- INFO: Lexus GX 470 - found: 186, pass primary filters: 7, did not pass the filter by colors: 0, did not pass the filter by options: 0, added: 7, new vincodes: 0
06-12-2013 02:45:18 --- INFO: Lexus LX 470 - found: 71, pass primary filters: 11, did not pass the filter by colors: 0, did not pass the filter by options: 0, added: 11, new vincodes: 0
06-12-2013 02:45:20 --- INFO: Toyota Sequoia - found: 80, pass primary filters: 6, did not pass the filter by colors: 0, did not pass the filter by options: 0, added: 6, new vincodes: 0
06-12-2013 02:45:21 --- INFO: Toyota Land Cruiser - found: 21, pass primary filters: 8, did not pass the filter by colors: 0, did not pass the filter by options: 0, added: 8, new vincodes: 0
06-12-2013 02:45:22 --- INFO: Lexus LX 570 - found: 0, pass primary filters: 0, did not pass the filter by colors: 0, did not pass the filter by options: 0, added: 0, new vincodes: 0
06-12-2013 02:45:23 --- INFO: Toyota Venza - found: 0, pass primary filters: 0, did not pass the filter by colors: 0, did not pass the filter by options: 0, added: 0, new vincodes: 0
06-12-2013 02:45:24 --- INFO: Toyota 4runner 2010 - found: 4, pass primary filters: 3, did not pass the filter by colors: 0, did not pass the filter by options: 0, added: 3, new vincodes: 0
06-12-2013 02:45:34 --- INFO: Toyota 4RUNNER 4WD V6 - found: 451, pass primary filters: 0, did not pass the filter by colors: 0, did not pass the filter by options: 0, added: 0, new vincodes: 0
06-12-2013 02:46:38 --- INFO: Toyota RAV 4 - found: 3168, pass primary filters: 0, did not pass the filter by colors: 0, did not pass the filter by options: 0, added: 0, new vincodes: 0
06-12-2013 02:46:47 --- INFO: Toyota Highlander 4WD - found: 450, pass primary filters: 0, did not pass the filter by colors: 0, did not pass the filter by options: 0, added: 0, new vincodes: 0
06-12-2013 02:46:56 --- INFO: Toyota Highlander - found: 450, pass primary filters: 0, did not pass the filter by colors: 0, did not pass the filter by options: 0, added: 0, new vincodes: 0
06-12-2013 02:48:52 --- INFO: Lexus RX 350 - found: 619, pass primary filters: 2, did not pass the filter by colors: 0, did not pass the filter by options: 0, added: 2, new vincodes: 0
06-12-2013 02:49:03 --- INFO: Toyota 4RUNNER Limited V6 - found: 535, pass primary filters: 0, did not pass the filter by colors: 0, did not pass the filter by options: 0, added: 0, new vincodes: 0
06-12-2013 02:49:03 --- INFO: Lexus GX 460 - found: 0, pass primary filters: 0, did not pass the filter by colors: 0, did not pass the filter by options: 0, added: 0, new vincodes: 0
06-12-2013 02:49:04 --- INFO: Lexus RX 350 - found: 13, pass primary filters: 6, did not pass the filter by colors: 0, did not pass the filter by options: 0, added: 6, new vincodes: 0
06-12-2013 02:49:06 --- INFO: Lexus GS300 - found: 80, pass primary filters: 3, did not pass the filter by colors: 0, did not pass the filter by options: 0, added: 3, new vincodes: 0
06-12-2013 02:49:08 --- INFO: Toyota FJ cruiser - found: 86, pass primary filters: 0, did not pass the filter by colors: 0, did not pass the filter by options: 0, added: 0, new vincodes: 0
06-12-2013 02:49:10 --- INFO: Lexus RX 350 2013 - found: 57, pass primary filters: 0, did not pass the filter by colors: 0, did not pass the filter by options: 0, added: 0, new vincodes: 0
06-12-2013 02:49:10 --- INFO: finish: 06-12-2013 02:49:10
06-12-2013 02:49:10 --- INFO: elapsed time: ~249.05 sec., memory usage: ~3.77 Mb.
06-12-2013 03:00:01 --- INFO: start: 06-12-2013 03:00:01
06-12-2013 03:00:01 --- INFO: ----------Source_AutoSalon (cli)
06-12-2013 03:02:18 --- INFO: Lexus RX 330 - found: 77, pass primary filters: 0, did not pass the filter by colors: 0, did not pass the filter by options: 0, added: 0, new vincodes: 0
06-12-2013 03:02:20 --- INFO: Lexus RX 400H - found: 0, pass primary filters: 0, did not pass the filter by colors: 0, did not pass the filter by options: 0, added: 0, new vincodes: 0
06-12-2013 03:02:29 --- INFO: Lexus GX 470 - found: 17, pass primary filters: 15, did not pass the filter by colors: 0, did not pass the filter by options: 0, added: 15, new vincodes: 0
06-12-2013 03:04:11 --- INFO: Lexus GX 470 - found: 91, pass primary filters: 16, did not pass the filter by colors: 0, did not pass the filter by options: 0, added: 16, new vincodes: 0
06-12-2013 03:04:33 --- INFO: Lexus LX 470 - found: 40, pass primary filters: 12, did not pass the filter by colors: 0, did not pass the filter by options: 0, added: 12, new vincodes: 0
06-12-2013 03:04:36 --- INFO: Toyota Sequoia - found: 0, pass primary filters: 0, did not pass the filter by colors: 0, did not pass the filter by options: 0, added: 0, new vincodes: 0
06-12-2013 03:04:38 --- INFO: Toyota Land Cruiser - found: 0, pass primary filters: 0, did not pass the filter by colors: 0, did not pass the filter by options: 0, added: 0, new vincodes: 0
06-12-2013 03:05:55 --- INFO: Lexus LX 570 - found: 19, pass primary filters: 17, did not pass the filter by colors: 0, did not pass the filter by options: 0, added: 17, new vincodes: 0
06-12-2013 03:05:58 --- INFO: Toyota Venza - found: 0, pass primary filters: 0, did not pass the filter by colors: 0, did not pass the filter by options: 0, added: 0, new vincodes: 0
06-12-2013 03:06:01 --- INFO: Toyota 4runner 2010 - found: 0, pass primary filters: 0, did not pass the filter by colors: 0, did not pass the filter by options: 0, added: 0, new vincodes: 0
06-12-2013 03:06:03 --- INFO: Toyota 4RUNNER 4WD V6 - found: 0, pass primary filters: 0, did not pass the filter by colors: 0, did not pass the filter by options: 0, added: 0, new vincodes: 0
06-12-2013 03:06:06 --- INFO: Toyota RAV 4 - found: 0, pass primary filters: 0, did not pass the filter by colors: 0, did not pass the filter by options: 0, added: 0, new vincodes: 0
06-12-2013 03:06:08 --- INFO: Toyota Highlander 4WD - found: 0, pass primary filters: 0, did not pass the filter by colors: 0, did not pass the filter by options: 0, added: 0, new vincodes: 0
06-12-2013 03:06:10 --- INFO: Toyota Highlander - found: 0, pass primary filters: 0, did not pass the filter by colors: 0, did not pass the filter by options: 0, added: 0, new vincodes: 0
06-12-2013 03:08:04 --- INFO: Lexus RX 350 - found: 195, pass primary filters: 12, did not pass the filter by colors: 0, did not pass the filter by options: 0, added: 12, new vincodes: 0
06-12-2013 03:08:06 --- INFO: Toyota 4RUNNER Limited V6 - found: 0, pass primary filters: 0, did not pass the filter by colors: 0, did not pass the filter by options: 0, added: 0, new vincodes: 0
06-12-2013 03:08:09 --- INFO: Lexus GX 460 - found: 1, pass primary filters: 1, did not pass the filter by colors: 0, did not pass the filter by options: 0, added: 1, new vincodes: 0
06-12-2013 03:08:17 --- INFO: Lexus RX 350 - found: 17, pass primary filters: 6, did not pass the filter by colors: 0, did not pass the filter by options: 0, added: 6, new vincodes: 0
06-12-2013 03:11:00 --- INFO: Toyota Highlander - found: 20, pass primary filters: 15, did not pass the filter by colors: 0, did not pass the filter by options: 0, added: 15, new vincodes: 2
06-12-2013 03:13:08 --- INFO: Lexus GS300 - found: 37, pass primary filters: 2, did not pass the filter by colors: 0, did not pass the filter by options: 0, added: 2, new vincodes: 0
06-12-2013 03:13:16 --- INFO: Toyota FJ cruiser - found: 31, pass primary filters: 4, did not pass the filter by colors: 0, did not pass the filter by options: 0, added: 4, new vincodes: 0
06-12-2013 03:13:38 --- INFO: Lexus RX 350 2013 - found: 37, pass primary filters: 6, did not pass the filter by colors: 0, did not pass the filter by options: 0, added: 6, new vincodes: 0
06-12-2013 03:13:38 --- INFO: finish: 06-12-2013 03:13:38
06-12-2013 03:13:38 --- INFO: elapsed time: ~816.96 sec., memory usage: ~3.57 Mb.
06-12-2013 06:00:01 --- INFO: start: 06-12-2013 06:00:01
06-12-2013 06:00:01 --- INFO: ----------Source_Adesa (cli)
06-12-2013 06:00:03 --- INFO: Authorized request
06-12-2013 06:00:08 --- INFO: Lexus RX 330 - found: 16, pass primary filters: 11, did not pass the filter by colors: 9, did not pass the filter by options: 1, added: 1, new vincodes: 0
06-12-2013 06:00:12 --- INFO: Lexus RX 400H - found: 8, pass primary filters: 6, did not pass the filter by colors: 4, did not pass the filter by options: 1, added: 1, new vincodes: 1
06-12-2013 06:00:12 --- INFO: Lexus GX 470 - found: 4, pass primary filters: 4, did not pass the filter by colors: 1, did not pass the filter by options: 0, added: 3, new vincodes: 0
06-12-2013 06:00:17 --- INFO: Lexus GX 470 - found: 12, pass primary filters: 12, did not pass the filter by colors: 5, did not pass the filter by options: 3, added: 4, new vincodes: 0
06-12-2013 06:00:18 --- INFO: Lexus LX 470 - found: 6, pass primary filters: 3, did not pass the filter by colors: 3, did not pass the filter by options: , added: 0, new vincodes: 1
06-12-2013 06:00:19 --- INFO: Toyota Sequoia - found: 0, pass primary filters: 0, did not pass the filter by colors: 0, did not pass the filter by options: 0, added: 0, new vincodes: 0
06-12-2013 06:00:19 --- INFO: Toyota Land Cruiser - found: 0, pass primary filters: 0, did not pass the filter by colors: 0, did not pass the filter by options: 0, added: 0, new vincodes: 0
06-12-2013 06:00:21 --- INFO: Lexus LX 570 - found: 0, pass primary filters: 0, did not pass the filter by colors: 0, did not pass the filter by options: 0, added: 0, new vincodes: 0
06-12-2013 06:00:22 --- INFO: Toyota Venza - found: 0, pass primary filters: 0, did not pass the filter by colors: 0, did not pass the filter by options: 0, added: 0, new vincodes: 0
06-12-2013 06:00:22 --- INFO: Toyota 4runner 2010 - found: 0, pass primary filters: 0, did not pass the filter by colors: 0, did not pass the filter by options: 0, added: 0, new vincodes: 0
06-12-2013 06:00:30 --- INFO: Toyota 4RUNNER 4WD V6 - found: 30, pass primary filters: 14, did not pass the filter by colors: 6, did not pass the filter by options: , added: 8, new vincodes: 0
06-12-2013 06:00:31 --- INFO: Toyota FJ cruiser - found: 7, pass primary filters: 0, did not pass the filter by colors: 0, did not pass the filter by options: 0, added: 0, new vincodes: 0
06-12-2013 06:00:31 --- INFO: Lexus RX 350 2013 - found: 0, pass primary filters: 0, did not pass the filter by colors: 0, did not pass the filter by options: 0, added: 0, new vincodes: 0
06-12-2013 06:00:33 --- INFO: Toyota Highlander - found: 48, pass primary filters: 10, did not pass the filter by colors: 7, did not pass the filter by options: , added: 3, new vincodes: 0
06-12-2013 06:00:34 --- INFO: Lexus RX 350 - found: 37, pass primary filters: 22, did not pass the filter by colors: 10, did not pass the filter by options: 4, added: 8, new vincodes: 0
06-12-2013 06:00:35 --- INFO: Toyota 4RUNNER Limited V6 - found: 36, pass primary filters: 1, did not pass the filter by colors: 0, did not pass the filter by options: , added: 1, new vincodes: 0
06-12-2013 06:00:35 --- INFO: finish: 06-12-2013 06:00:35
06-12-2013 06:00:35 --- INFO: elapsed time: ~33.58 sec., memory usage: ~2.5 Mb.
06-12-2013 06:30:01 --- INFO: start: 06-12-2013 06:30:01
06-12-2013 06:30:01 --- INFO: ----------Source_ExpOfCars (cli)
06-12-2013 06:30:04 --- INFO: Lexus RX 330 - found: 38, pass primary filters: 27, did not pass the filter by colors: 0, did not pass the filter by options: 0, added: 27, new vincodes: 0
06-12-2013 06:30:06 --- INFO: Lexus RX 400H - found: 12, pass primary filters: 11, did not pass the filter by colors: 0, did not pass the filter by options: 0, added: 11, new vincodes: 0
06-12-2013 06:30:07 --- INFO: Lexus GX 470 - found: 10, pass primary filters: 10, did not pass the filter by colors: 0, did not pass the filter by options: 0, added: 10, new vincodes: 0
06-12-2013 06:30:10 --- INFO: Lexus GX 470 - found: 31, pass primary filters: 31, did not pass the filter by colors: 0, did not pass the filter by options: 0, added: 31, new vincodes: 0
06-12-2013 06:30:12 --- INFO: Lexus LX 470 - found: 15, pass primary filters: 15, did not pass the filter by colors: 0, did not pass the filter by options: 0, added: 15, new vincodes: 0
06-12-2013 06:30:14 --- INFO: Toyota Sequoia - found: 12, pass primary filters: 12, did not pass the filter by colors: 0, did not pass the filter by options: 0, added: 12, new vincodes: 0
06-12-2013 06:30:16 --- INFO: Toyota Land Cruiser - found: 10, pass primary filters: 10, did not pass the filter by colors: 0, did not pass the filter by options: 0, added: 10, new vincodes: 0
06-12-2013 06:30:17 --- INFO: Lexus LX 570 - found: 13, pass primary filters: 13, did not pass the filter by colors: 0, did not pass the filter by options: 0, added: 13, new vincodes: 0
06-12-2013 06:30:19 --- INFO: Toyota Venza - found: 5, pass primary filters: 5, did not pass the filter by colors: 0, did not pass the filter by options: 0, added: 5, new vincodes: 0
06-12-2013 06:30:19 --- INFO: Toyota 4runner 2010 - found: 2, pass primary filters: 2, did not pass the filter by colors: 0, did not pass the filter by options: 0, added: 2, new vincodes: 0
06-12-2013 06:30:21 --- INFO: Toyota 4RUNNER 4WD V6 - found: 21, pass primary filters: 5, did not pass the filter by colors: 0, did not pass the filter by options: 0, added: 5, new vincodes: 0
06-12-2013 06:30:25 --- INFO: Toyota RAV 4 - found: 152, pass primary filters: 0, did not pass the filter by colors: 0, did not pass the filter by options: 0, added: 0, new vincodes: 0
06-12-2013 06:30:27 --- INFO: Toyota Highlander 4WD - found: 42, pass primary filters: 3, did not pass the filter by colors: 0, did not pass the filter by options: 0, added: 3, new vincodes: 0
06-12-2013 06:30:29 --- INFO: Toyota Highlander - found: 42, pass primary filters: 13, did not pass the filter by colors: 0, did not pass the filter by options: 0, added: 13, new vincodes: 0
06-12-2013 06:30:33 --- INFO: Lexus RX 350 - found: 74, pass primary filters: 55, did not pass the filter by colors: 0, did not pass the filter by options: 0, added: 55, new vincodes: 0
06-12-2013 06:30:35 --- INFO: Toyota 4RUNNER Limited V6 - found: 31, pass primary filters: 0, did not pass the filter by colors: 0, did not pass the filter by options: 0, added: 0, new vincodes: 0
06-12-2013 06:30:36 --- INFO: Lexus GX 460 - found: 1, pass primary filters: 1, did not pass the filter by colors: 0, did not pass the filter by options: 0, added: 1, new vincodes: 0
06-12-2013 06:30:37 --- INFO: Lexus RX 350 - found: 7, pass primary filters: 7, did not pass the filter by colors: 0, did not pass the filter by options: 0, added: 7, new vincodes: 0
06-12-2013 06:30:40 --- INFO: Toyota Highlander - found: 15, pass primary filters: 15, did not pass the filter by colors: 0, did not pass the filter by options: 0, added: 15, new vincodes: 0
06-12-2013 06:30:41 --- INFO: Lexus GS300 - found: 13, pass primary filters: 4, did not pass the filter by colors: 0, did not pass the filter by options: 0, added: 4, new vincodes: 0
06-12-2013 06:30:41 --- INFO: finish: 06-12-2013 06:30:41
06-12-2013 06:30:41 --- INFO: elapsed time: ~40.49 sec., memory usage: ~2.96 Mb.
06-12-2013 06:45:01 --- INFO: start: 06-12-2013 06:45:01
06-12-2013 06:45:01 --- INFO: ----------Source_Oodle (cli)
06-12-2013 06:45:05 --- INFO: Toyota Highlander - found: 28, pass primary filters: 23, did not pass the filter by colors: 0, did not pass the filter by options: 0, added: 23, new vincodes: 0
06-12-2013 06:45:12 --- INFO: Lexus RX 330 - found: 215, pass primary filters: 0, did not pass the filter by colors: 0, did not pass the filter by options: 0, added: 0, new vincodes: 0
06-12-2013 06:45:12 --- INFO: Lexus RX 400H - found: 0, pass primary filters: 0, did not pass the filter by colors: 0, did not pass the filter by options: 0, added: 0, new vincodes: 0
06-12-2013 06:45:14 --- INFO: Lexus GX 470 - found: 15, pass primary filters: 10, did not pass the filter by colors: 0, did not pass the filter by options: 0, added: 10, new vincodes: 0
06-12-2013 06:45:25 --- INFO: Lexus GX 470 - found: 189, pass primary filters: 7, did not pass the filter by colors: 0, did not pass the filter by options: 0, added: 7, new vincodes: 0
06-12-2013 06:45:30 --- INFO: Lexus LX 470 - found: 72, pass primary filters: 12, did not pass the filter by colors: 0, did not pass the filter by options: 0, added: 12, new vincodes: 0
06-12-2013 06:45:33 --- INFO: Toyota Sequoia - found: 81, pass primary filters: 6, did not pass the filter by colors: 0, did not pass the filter by options: 0, added: 6, new vincodes: 0
06-12-2013 06:45:34 --- INFO: Toyota Land Cruiser - found: 21, pass primary filters: 8, did not pass the filter by colors: 0, did not pass the filter by options: 0, added: 8, new vincodes: 0
06-12-2013 06:45:34 --- INFO: Lexus LX 570 - found: 0, pass primary filters: 0, did not pass the filter by colors: 0, did not pass the filter by options: 0, added: 0, new vincodes: 0
06-12-2013 06:45:35 --- INFO: Toyota Venza - found: 0, pass primary filters: 0, did not pass the filter by colors: 0, did not pass the filter by options: 0, added: 0, new vincodes: 0
06-12-2013 06:45:35 --- INFO: Toyota 4runner 2010 - found: 4, pass primary filters: 3, did not pass the filter by colors: 0, did not pass the filter by options: 0, added: 3, new vincodes: 0
06-12-2013 06:45:49 --- INFO: Toyota 4RUNNER 4WD V6 - found: 453, pass primary filters: 0, did not pass the filter by colors: 0, did not pass the filter by options: 0, added: 0, new vincodes: 0
06-12-2013 06:46:53 --- INFO: Toyota RAV 4 - found: 3180, pass primary filters: 0, did not pass the filter by colors: 0, did not pass the filter by options: 0, added: 0, new vincodes: 0
06-12-2013 06:47:02 --- INFO: Toyota Highlander 4WD - found: 455, pass primary filters: 0, did not pass the filter by colors: 0, did not pass the filter by options: 0, added: 0, new vincodes: 0
06-12-2013 06:47:11 --- INFO: Toyota Highlander - found: 455, pass primary filters: 0, did not pass the filter by colors: 0, did not pass the filter by options: 0, added: 0, new vincodes: 0
06-12-2013 06:47:24 --- INFO: Lexus RX 350 - found: 621, pass primary filters: 2, did not pass the filter by colors: 0, did not pass the filter by options: 0, added: 2, new vincodes: 0
06-12-2013 06:47:34 --- INFO: Toyota 4RUNNER Limited V6 - found: 537, pass primary filters: 0, did not pass the filter by colors: 0, did not pass the filter by options: 0, added: 0, new vincodes: 0
06-12-2013 06:47:35 --- INFO: Lexus GX 460 - found: 0, pass primary filters: 0, did not pass the filter by colors: 0, did not pass the filter by options: 0, added: 0, new vincodes: 0
06-12-2013 06:47:35 --- INFO: Lexus RX 350 - found: 13, pass primary filters: 6, did not pass the filter by colors: 0, did not pass the filter by options: 0, added: 6, new vincodes: 0
06-12-2013 06:47:37 --- INFO: Lexus GS300 - found: 80, pass primary filters: 3, did not pass the filter by colors: 0, did not pass the filter by options: 0, added: 3, new vincodes: 0
06-12-2013 06:47:39 --- INFO: Toyota FJ cruiser - found: 86, pass primary filters: 0, did not pass the filter by colors: 0, did not pass the filter by options: 0, added: 0, new vincodes: 0
06-12-2013 06:47:41 --- INFO: Lexus RX 350 2013 - found: 54, pass primary filters: 0, did not pass the filter by colors: 0, did not pass the filter by options: 0, added: 0, new vincodes: 0
06-12-2013 06:47:41 --- INFO: finish: 06-12-2013 06:47:41
06-12-2013 06:47:41 --- INFO: elapsed time: ~160.6 sec., memory usage: ~3.81 Mb.
06-12-2013 07:00:01 --- INFO: start: 06-12-2013 07:00:01
06-12-2013 07:00:01 --- INFO: ----------Source_AutoSalon (cli)
06-12-2013 07:02:24 --- INFO: Lexus RX 330 - found: 84, pass primary filters: 0, did not pass the filter by colors: 0, did not pass the filter by options: 0, added: 0, new vincodes: 0
06-12-2013 07:02:26 --- INFO: Lexus RX 400H - found: 0, pass primary filters: 0, did not pass the filter by colors: 0, did not pass the filter by options: 0, added: 0, new vincodes: 0
06-12-2013 07:03:39 --- INFO: Lexus GX 470 - found: 18, pass primary filters: 16, did not pass the filter by colors: 0, did not pass the filter by options: 0, added: 16, new vincodes: 0
06-12-2013 07:04:10 --- INFO: Lexus GX 470 - found: 96, pass primary filters: 21, did not pass the filter by colors: 0, did not pass the filter by options: 0, added: 21, new vincodes: 1
06-12-2013 07:04:35 --- INFO: Lexus LX 470 - found: 45, pass primary filters: 15, did not pass the filter by colors: 0, did not pass the filter by options: 0, added: 15, new vincodes: 0
06-12-2013 07:04:37 --- INFO: Toyota Sequoia - found: 0, pass primary filters: 0, did not pass the filter by colors: 0, did not pass the filter by options: 0, added: 0, new vincodes: 0
06-12-2013 07:04:40 --- INFO: Toyota Land Cruiser - found: 0, pass primary filters: 0, did not pass the filter by colors: 0, did not pass the filter by options: 0, added: 0, new vincodes: 0
06-12-2013 07:04:53 --- INFO: Lexus LX 570 - found: 23, pass primary filters: 21, did not pass the filter by colors: 0, did not pass the filter by options: 0, added: 21, new vincodes: 1
06-12-2013 07:04:55 --- INFO: Toyota Venza - found: 0, pass primary filters: 0, did not pass the filter by colors: 0, did not pass the filter by options: 0, added: 0, new vincodes: 0
06-12-2013 07:04:58 --- INFO: Toyota 4runner 2010 - found: 0, pass primary filters: 0, did not pass the filter by colors: 0, did not pass the filter by options: 0, added: 0, new vincodes: 0
06-12-2013 07:05:00 --- INFO: Toyota 4RUNNER 4WD V6 - found: 0, pass primary filters: 0, did not pass the filter by colors: 0, did not pass the filter by options: 0, added: 0, new vincodes: 0
06-12-2013 07:05:03 --- INFO: Toyota RAV 4 - found: 0, pass primary filters: 0, did not pass the filter by colors: 0, did not pass the filter by options: 0, added: 0, new vincodes: 0
06-12-2013 07:05:07 --- INFO: Toyota Highlander 4WD - found: 0, pass primary filters: 0, did not pass the filter by colors: 0, did not pass the filter by options: 0, added: 0, new vincodes: 0
06-12-2013 07:05:10 --- INFO: Toyota Highlander - found: 0, pass primary filters: 0, did not pass the filter by colors: 0, did not pass the filter by options: 0, added: 0, new vincodes: 0
06-12-2013 07:06:02 --- INFO: Lexus RX 350 - found: 207, pass primary filters: 2, did not pass the filter by colors: 0, did not pass the filter by options: 0, added: 2, new vincodes: 0
06-12-2013 07:06:04 --- INFO: Toyota 4RUNNER Limited V6 - found: 0, pass primary filters: 0, did not pass the filter by colors: 0, did not pass the filter by options: 0, added: 0, new vincodes: 0
06-12-2013 07:06:07 --- INFO: Lexus GX 460 - found: 1, pass primary filters: 1, did not pass the filter by colors: 0, did not pass the filter by options: 0, added: 1, new vincodes: 0
06-12-2013 07:06:12 --- INFO: Lexus RX 350 - found: 18, pass primary filters: 6, did not pass the filter by colors: 0, did not pass the filter by options: 0, added: 6, new vincodes: 0
06-12-2013 07:06:17 --- INFO: Toyota Highlander - found: 21, pass primary filters: 15, did not pass the filter by colors: 0, did not pass the filter by options: 0, added: 15, new vincodes: 1
06-12-2013 07:06:25 --- INFO: Lexus GS300 - found: 38, pass primary filters: 2, did not pass the filter by colors: 0, did not pass the filter by options: 0, added: 2, new vincodes: 0
06-12-2013 07:06:33 --- INFO: Toyota FJ cruiser - found: 34, pass primary filters: 7, did not pass the filter by colors: 0, did not pass the filter by options: 0, added: 7, new vincodes: 1
06-12-2013 07:12:58 --- INFO: Lexus RX 350 2013 - found: 41, pass primary filters: 10, did not pass the filter by colors: 0, did not pass the filter by options: 0, added: 10, new vincodes: 0
06-12-2013 07:12:58 --- INFO: finish: 06-12-2013 07:12:58
06-12-2013 07:12:58 --- INFO: elapsed time: ~776.92 sec., memory usage: ~3.63 Mb.
06-12-2013 10:00:06 --- INFO: start: 06-12-2013 10:00:06
06-12-2013 10:00:06 --- INFO: ----------Source_Adesa (cli)
06-12-2013 10:00:07 --- INFO: Authorized request
06-12-2013 10:00:08 --- INFO: Lexus RX 330 - found: 16, pass primary filters: 11, did not pass the filter by colors: 9, did not pass the filter by options: 1, added: 1, new vincodes: 0
06-12-2013 10:00:09 --- INFO: Lexus RX 400H - found: 8, pass primary filters: 6, did not pass the filter by colors: 4, did not pass the filter by options: 1, added: 1, new vincodes: 0
06-12-2013 10:00:10 --- INFO: Lexus GX 470 - found: 4, pass primary filters: 4, did not pass the filter by colors: 1, did not pass the filter by options: 0, added: 3, new vincodes: 0
06-12-2013 10:00:11 --- INFO: Lexus GX 470 - found: 12, pass primary filters: 12, did not pass the filter by colors: 5, did not pass the filter by options: 3, added: 4, new vincodes: 0
06-12-2013 10:00:11 --- INFO: Lexus LX 470 - found: 6, pass primary filters: 3, did not pass the filter by colors: 3, did not pass the filter by options: , added: 0, new vincodes: 0
06-12-2013 10:00:12 --- INFO: Toyota Sequoia - found: 0, pass primary filters: 0, did not pass the filter by colors: 0, did not pass the filter by options: 0, added: 0, new vincodes: 0
06-12-2013 10:00:12 --- INFO: Toyota Land Cruiser - found: 0, pass primary filters: 0, did not pass the filter by colors: 0, did not pass the filter by options: 0, added: 0, new vincodes: 0
06-12-2013 10:00:13 --- INFO: Lexus LX 570 - found: 0, pass primary filters: 0, did not pass the filter by colors: 0, did not pass the filter by options: 0, added: 0, new vincodes: 0
06-12-2013 10:00:13 --- INFO: Toyota Venza - found: 0, pass primary filters: 0, did not pass the filter by colors: 0, did not pass the filter by options: 0, added: 0, new vincodes: 0
06-12-2013 10:00:14 --- INFO: Toyota 4runner 2010 - found: 0, pass primary filters: 0, did not pass the filter by colors: 0, did not pass the filter by options: 0, added: 0, new vincodes: 0
06-12-2013 10:00:15 --- INFO: Toyota 4RUNNER 4WD V6 - found: 30, pass primary filters: 14, did not pass the filter by colors: 7, did not pass the filter by options: , added: 7, new vincodes: 0
06-12-2013 10:00:16 --- INFO: Toyota FJ cruiser - found: 7, pass primary filters: 0, did not pass the filter by colors: 0, did not pass the filter by options: 0, added: 0, new vincodes: 0
06-12-2013 10:00:16 --- INFO: Lexus RX 350 2013 - found: 0, pass primary filters: 0, did not pass the filter by colors: 0, did not pass the filter by options: 0, added: 0, new vincodes: 0
06-12-2013 10:00:18 --- INFO: Toyota Highlander - found: 52, pass primary filters: 10, did not pass the filter by colors: 7, did not pass the filter by options: , added: 3, new vincodes: 0
06-12-2013 10:00:19 --- INFO: Lexus RX 350 - found: 39, pass primary filters: 23, did not pass the filter by colors: 10, did not pass the filter by options: 5, added: 8, new vincodes: 0
06-12-2013 10:00:20 --- INFO: Toyota 4RUNNER Limited V6 - found: 36, pass primary filters: 1, did not pass the filter by colors: 0, did not pass the filter by options: , added: 1, new vincodes: 0
06-12-2013 10:00:20 --- INFO: finish: 06-12-2013 10:00:20
06-12-2013 10:00:20 --- INFO: elapsed time: ~14.53 sec., memory usage: ~2.49 Mb.
06-12-2013 10:30:01 --- INFO: start: 06-12-2013 10:30:01
06-12-2013 10:30:01 --- INFO: ----------Source_ExpOfCars (cli)
06-12-2013 10:30:40 --- INFO: Lexus RX 330 - found: 54, pass primary filters: 38, did not pass the filter by colors: 0, did not pass the filter by options: 0, added: 38, new vincodes: 0
06-12-2013 10:30:46 --- INFO: Lexus RX 400H - found: 21, pass primary filters: 19, did not pass the filter by colors: 0, did not pass the filter by options: 0, added: 19, new vincodes: 1
06-12-2013 10:31:24 --- INFO: Lexus GX 470 - found: 14, pass primary filters: 14, did not pass the filter by colors: 0, did not pass the filter by options: 0, added: 14, new vincodes: 1
06-12-2013 10:32:20 --- INFO: Lexus GX 470 - found: 58, pass primary filters: 58, did not pass the filter by colors: 0, did not pass the filter by options: 0, added: 58, new vincodes: 0
06-12-2013 10:32:38 --- INFO: Lexus LX 470 - found: 29, pass primary filters: 29, did not pass the filter by colors: 0, did not pass the filter by options: 0, added: 29, new vincodes: 0
06-12-2013 10:33:02 --- INFO: Toyota Sequoia - found: 27, pass primary filters: 27, did not pass the filter by colors: 0, did not pass the filter by options: 0, added: 27, new vincodes: 4
06-12-2013 10:33:12 --- INFO: Toyota Land Cruiser - found: 18, pass primary filters: 18, did not pass the filter by colors: 0, did not pass the filter by options: 0, added: 18, new vincodes: 1
06-12-2013 10:33:19 --- INFO: Lexus LX 570 - found: 18, pass primary filters: 18, did not pass the filter by colors: 0, did not pass the filter by options: 0, added: 18, new vincodes: 0
06-12-2013 10:33:20 --- INFO: Toyota Venza - found: 5, pass primary filters: 5, did not pass the filter by colors: 0, did not pass the filter by options: 0, added: 5, new vincodes: 0
06-12-2013 10:33:21 --- INFO: Toyota 4runner 2010 - found: 2, pass primary filters: 2, did not pass the filter by colors: 0, did not pass the filter by options: 0, added: 2, new vincodes: 0
06-12-2013 10:33:28 --- INFO: Toyota 4RUNNER 4WD V6 - found: 42, pass primary filters: 13, did not pass the filter by colors: 0, did not pass the filter by options: 0, added: 13, new vincodes: 2
06-12-2013 10:33:36 --- INFO: Toyota RAV 4 - found: 248, pass primary filters: 0, did not pass the filter by colors: 0, did not pass the filter by options: 0, added: 0, new vincodes: 0
06-12-2013 10:33:43 --- INFO: Toyota Highlander 4WD - found: 74, pass primary filters: 5, did not pass the filter by colors: 0, did not pass the filter by options: 0, added: 5, new vincodes: 1
06-12-2013 10:33:55 --- INFO: Toyota Highlander - found: 74, pass primary filters: 21, did not pass the filter by colors: 0, did not pass the filter by options: 0, added: 21, new vincodes: 2
06-12-2013 10:35:24 --- INFO: Lexus RX 350 - found: 131, pass primary filters: 98, did not pass the filter by colors: 0, did not pass the filter by options: 0, added: 98, new vincodes: 5
06-12-2013 10:35:29 --- INFO: Toyota 4RUNNER Limited V6 - found: 56, pass primary filters: 1, did not pass the filter by colors: 0, did not pass the filter by options: 0, added: 1, new vincodes: 0
06-12-2013 10:35:29 --- INFO: Lexus GX 460 - found: 1, pass primary filters: 1, did not pass the filter by colors: 0, did not pass the filter by options: 0, added: 1, new vincodes: 0
06-12-2013 10:35:32 --- INFO: Lexus RX 350 - found: 8, pass primary filters: 8, did not pass the filter by colors: 0, did not pass the filter by options: 0, added: 8, new vincodes: 0
06-12-2013 10:35:48 --- INFO: Toyota Highlander - found: 21, pass primary filters: 21, did not pass the filter by colors: 0, did not pass the filter by options: 0, added: 21, new vincodes: 0
06-12-2013 10:35:51 --- INFO: Lexus GS300 - found: 22, pass primary filters: 5, did not pass the filter by colors: 0, did not pass the filter by options: 0, added: 5, new vincodes: 0
06-12-2013 10:35:51 --- INFO: finish: 06-12-2013 10:35:51
06-12-2013 10:35:51 --- INFO: elapsed time: ~349.59 sec., memory usage: ~5.46 Mb.
06-12-2013 10:45:01 --- INFO: start: 06-12-2013 10:45:01
06-12-2013 10:45:02 --- INFO: ----------Source_Oodle (cli)
06-12-2013 10:45:04 --- INFO: Toyota Highlander - found: 28, pass primary filters: 23, did not pass the filter by colors: 0, did not pass the filter by options: 0, added: 23, new vincodes: 0
06-12-2013 10:45:08 --- INFO: Lexus RX 330 - found: 213, pass primary filters: 0, did not pass the filter by colors: 0, did not pass the filter by options: 0, added: 0, new vincodes: 0
06-12-2013 10:45:09 --- INFO: Lexus RX 400H - found: 0, pass primary filters: 0, did not pass the filter by colors: 0, did not pass the filter by options: 0, added: 0, new vincodes: 0
06-12-2013 10:45:10 --- INFO: Lexus GX 470 - found: 15, pass primary filters: 10, did not pass the filter by colors: 0, did not pass the filter by options: 0, added: 10, new vincodes: 0
06-12-2013 10:45:15 --- INFO: Lexus GX 470 - found: 189, pass primary filters: 7, did not pass the filter by colors: 0, did not pass the filter by options: 0, added: 7, new vincodes: 0
06-12-2013 10:45:17 --- INFO: Lexus LX 470 - found: 71, pass primary filters: 11, did not pass the filter by colors: 0, did not pass the filter by options: 0, added: 11, new vincodes: 0
06-12-2013 10:45:19 --- INFO: Toyota Sequoia - found: 81, pass primary filters: 6, did not pass the filter by colors: 0, did not pass the filter by options: 0, added: 6, new vincodes: 0
06-12-2013 10:45:21 --- INFO: Toyota Land Cruiser - found: 21, pass primary filters: 8, did not pass the filter by colors: 0, did not pass the filter by options: 0, added: 8, new vincodes: 0
06-12-2013 10:45:21 --- INFO: Lexus LX 570 - found: 0, pass primary filters: 0, did not pass the filter by colors: 0, did not pass the filter by options: 0, added: 0, new vincodes: 0
06-12-2013 10:45:22 --- INFO: Toyota Venza - found: 0, pass primary filters: 0, did not pass the filter by colors: 0, did not pass the filter by options: 0, added: 0, new vincodes: 0
06-12-2013 10:45:22 --- INFO: Toyota 4runner 2010 - found: 4, pass primary filters: 3, did not pass the filter by colors: 0, did not pass the filter by options: 0, added: 3, new vincodes: 0
06-12-2013 10:45:32 --- INFO: Toyota 4RUNNER 4WD V6 - found: 455, pass primary filters: 0, did not pass the filter by colors: 0, did not pass the filter by options: 0, added: 0, new vincodes: 0
06-12-2013 10:46:32 --- INFO: Toyota RAV 4 - found: 3181, pass primary filters: 0, did not pass the filter by colors: 0, did not pass the filter by options: 0, added: 0, new vincodes: 0
06-12-2013 10:46:42 --- INFO: Toyota Highlander 4WD - found: 458, pass primary filters: 0, did not pass the filter by colors: 0, did not pass the filter by options: 0, added: 0, new vincodes: 0
06-12-2013 10:46:50 --- INFO: Toyota Highlander - found: 458, pass primary filters: 0, did not pass the filter by colors: 0, did not pass the filter by options: 0, added: 0, new vincodes: 0
06-12-2013 10:47:05 --- INFO: Lexus RX 350 - found: 620, pass primary filters: 2, did not pass the filter by colors: 0, did not pass the filter by options: 0, added: 2, new vincodes: 0
06-12-2013 10:48:03 --- INFO: Toyota 4RUNNER Limited V6 - found: 539, pass primary filters: 0, did not pass the filter by colors: 0, did not pass the filter by options: 0, added: 0, new vincodes: 0
06-12-2013 10:48:04 --- INFO: Lexus GX 460 - found: 0, pass primary filters: 0, did not pass the filter by colors: 0, did not pass the filter by options: 0, added: 0, new vincodes: 0
06-12-2013 10:48:04 --- INFO: Lexus RX 350 - found: 13, pass primary filters: 6, did not pass the filter by colors: 0, did not pass the filter by options: 0, added: 6, new vincodes: 0
06-12-2013 10:48:17 --- INFO: Lexus GS300 - found: 81, pass primary filters: 3, did not pass the filter by colors: 0, did not pass the filter by options: 0, added: 3, new vincodes: 0
06-12-2013 10:48:20 --- INFO: Toyota FJ cruiser - found: 85, pass primary filters: 0, did not pass the filter by colors: 0, did not pass the filter by options: 0, added: 0, new vincodes: 0
06-12-2013 10:48:23 --- INFO: Lexus RX 350 2013 - found: 54, pass primary filters: 0, did not pass the filter by colors: 0, did not pass the filter by options: 0, added: 0, new vincodes: 0
06-12-2013 10:48:23 --- INFO: finish: 06-12-2013 10:48:23
06-12-2013 10:48:23 --- INFO: elapsed time: ~201.13 sec., memory usage: ~3.8 Mb.
06-12-2013 11:00:02 --- INFO: start: 06-12-2013 11:00:02
06-12-2013 11:00:03 --- INFO: ----------Source_AutoSalon (cli)
06-12-2013 11:00:23 --- INFO: Lexus RX 330 - found: 84, pass primary filters: 0, did not pass the filter by colors: 0, did not pass the filter by options: 0, added: 0, new vincodes: 0
06-12-2013 11:00:25 --- INFO: Lexus RX 400H - found: 0, pass primary filters: 0, did not pass the filter by colors: 0, did not pass the filter by options: 0, added: 0, new vincodes: 0
06-12-2013 11:00:29 --- INFO: Lexus GX 470 - found: 19, pass primary filters: 16, did not pass the filter by colors: 0, did not pass the filter by options: 0, added: 16, new vincodes: 0
06-12-2013 11:00:57 --- INFO: Lexus GX 470 - found: 96, pass primary filters: 21, did not pass the filter by colors: 0, did not pass the filter by options: 0, added: 21, new vincodes: 0
06-12-2013 11:01:18 --- INFO: Lexus LX 470 - found: 44, pass primary filters: 14, did not pass the filter by colors: 0, did not pass the filter by options: 0, added: 14, new vincodes: 0
06-12-2013 11:01:20 --- INFO: Toyota Sequoia - found: 0, pass primary filters: 0, did not pass the filter by colors: 0, did not pass the filter by options: 0, added: 0, new vincodes: 0
06-12-2013 11:01:23 --- INFO: Toyota Land Cruiser - found: 0, pass primary filters: 0, did not pass the filter by colors: 0, did not pass the filter by options: 0, added: 0, new vincodes: 0
06-12-2013 11:01:34 --- INFO: Lexus LX 570 - found: 22, pass primary filters: 20, did not pass the filter by colors: 0, did not pass the filter by options: 0, added: 20, new vincodes: 0
06-12-2013 11:01:36 --- INFO: Toyota Venza - found: 0, pass primary filters: 0, did not pass the filter by colors: 0, did not pass the filter by options: 0, added: 0, new vincodes: 0
06-12-2013 11:01:38 --- INFO: Toyota 4runner 2010 - found: 0, pass primary filters: 0, did not pass the filter by colors: 0, did not pass the filter by options: 0, added: 0, new vincodes: 0
06-12-2013 11:01:41 --- INFO: Toyota 4RUNNER 4WD V6 - found: 0, pass primary filters: 0, did not pass the filter by colors: 0, did not pass the filter by options: 0, added: 0, new vincodes: 0
06-12-2013 11:01:43 --- INFO: Toyota RAV 4 - found: 0, pass primary filters: 0, did not pass the filter by colors: 0, did not pass the filter by options: 0, added: 0, new vincodes: 0
06-12-2013 11:01:46 --- INFO: Toyota Highlander 4WD - found: 0, pass primary filters: 0, did not pass the filter by colors: 0, did not pass the filter by options: 0, added: 0, new vincodes: 0
06-12-2013 11:01:48 --- INFO: Toyota Highlander - found: 0, pass primary filters: 0, did not pass the filter by colors: 0, did not pass the filter by options: 0, added: 0, new vincodes: 0
06-12-2013 11:02:36 --- INFO: Lexus RX 350 - found: 205, pass primary filters: 2, did not pass the filter by colors: 0, did not pass the filter by options: 0, added: 2, new vincodes: 0
06-12-2013 11:02:39 --- INFO: Toyota 4RUNNER Limited V6 - found: 0, pass primary filters: 0, did not pass the filter by colors: 0, did not pass the filter by options: 0, added: 0, new vincodes: 0
06-12-2013 11:02:41 --- INFO: Lexus GX 460 - found: 1, pass primary filters: 1, did not pass the filter by colors: 0, did not pass the filter by options: 0, added: 1, new vincodes: 0
06-12-2013 11:03:40 --- INFO: Lexus RX 350 - found: 18, pass primary filters: 6, did not pass the filter by colors: 0, did not pass the filter by options: 0, added: 6, new vincodes: 0
06-12-2013 11:03:44 --- INFO: Toyota Highlander - found: 21, pass primary filters: 15, did not pass the filter by colors: 0, did not pass the filter by options: 0, added: 15, new vincodes: 0
06-12-2013 11:03:52 --- INFO: Lexus GS300 - found: 38, pass primary filters: 2, did not pass the filter by colors: 0, did not pass the filter by options: 0, added: 2, new vincodes: 0
06-12-2013 11:04:06 --- INFO: Toyota FJ cruiser - found: 37, pass primary filters: 10, did not pass the filter by colors: 0, did not pass the filter by options: 0, added: 10, new vincodes: 0
06-12-2013 11:04:23 --- INFO: Lexus RX 350 2013 - found: 41, pass primary filters: 10, did not pass the filter by colors: 0, did not pass the filter by options: 0, added: 10, new vincodes: 0
06-12-2013 11:04:23 --- INFO: finish: 06-12-2013 11:04:23
06-12-2013 11:04:23 --- INFO: elapsed time: ~261.22 sec., memory usage: ~3.48 Mb.
06-12-2013 14:00:01 --- INFO: start: 06-12-2013 14:00:01
06-12-2013 14:00:01 --- INFO: ----------Source_Adesa (cli)
06-12-2013 14:00:05 --- INFO: Authorized request
06-12-2013 14:00:05 --- INFO: Lexus RX 330 - found: 8, pass primary filters: 6, did not pass the filter by colors: 6, did not pass the filter by options: 0, added: 0, new vincodes: 0
06-12-2013 14:00:06 --- INFO: Lexus RX 400H - found: 4, pass primary filters: 3, did not pass the filter by colors: 2, did not pass the filter by options: 1, added: 0, new vincodes: 0
06-12-2013 14:00:10 --- INFO: Lexus GX 470 - found: 2, pass primary filters: 2, did not pass the filter by colors: 0, did not pass the filter by options: 0, added: 2, new vincodes: 0
06-12-2013 14:00:11 --- INFO: Lexus GX 470 - found: 6, pass primary filters: 6, did not pass the filter by colors: 2, did not pass the filter by options: 2, added: 2, new vincodes: 0
06-12-2013 14:00:11 --- INFO: Lexus LX 470 - found: 3, pass primary filters: 1, did not pass the filter by colors: 1, did not pass the filter by options: , added: 0, new vincodes: 0
06-12-2013 14:00:12 --- INFO: Toyota Sequoia - found: 0, pass primary filters: 0, did not pass the filter by colors: 0, did not pass the filter by options: 0, added: 0, new vincodes: 0
06-12-2013 14:00:13 --- INFO: Toyota Land Cruiser - found: 0, pass primary filters: 0, did not pass the filter by colors: 0, did not pass the filter by options: 0, added: 0, new vincodes: 0
06-12-2013 14:00:13 --- INFO: Lexus LX 570 - found: 0, pass primary filters: 0, did not pass the filter by colors: 0, did not pass the filter by options: 0, added: 0, new vincodes: 0
06-12-2013 14:00:14 --- INFO: Toyota Venza - found: 0, pass primary filters: 0, did not pass the filter by colors: 0, did not pass the filter by options: 0, added: 0, new vincodes: 0
06-12-2013 14:00:15 --- INFO: Toyota 4runner 2010 - found: 0, pass primary filters: 0, did not pass the filter by colors: 0, did not pass the filter by options: 0, added: 0, new vincodes: 0
06-12-2013 14:00:16 --- INFO: Toyota 4RUNNER 4WD V6 - found: 18, pass primary filters: 7, did not pass the filter by colors: 2, did not pass the filter by options: , added: 5, new vincodes: 0
06-12-2013 14:00:16 --- INFO: Toyota FJ cruiser - found: 4, pass primary filters: 0, did not pass the filter by colors: 0, did not pass the filter by options: 0, added: 0, new vincodes: 0
06-12-2013 14:00:19 --- INFO: Lexus RX 350 2013 - found: 0, pass primary filters: 0, did not pass the filter by colors: 0, did not pass the filter by options: 0, added: 0, new vincodes: 0
06-12-2013 14:00:20 --- INFO: Toyota Highlander - found: 22, pass primary filters: 6, did not pass the filter by colors: 3, did not pass the filter by options: , added: 3, new vincodes: 0
06-12-2013 14:00:21 --- INFO: Lexus RX 350 - found: 16, pass primary filters: 10, did not pass the filter by colors: 6, did not pass the filter by options: 4, added: 0, new vincodes: 0
06-12-2013 14:00:22 --- INFO: Toyota 4RUNNER Limited V6 - found: 20, pass primary filters: 1, did not pass the filter by colors: 0, did not pass the filter by options: , added: 1, new vincodes: 0
06-12-2013 14:00:22 --- INFO: finish: 06-12-2013 14:00:22
06-12-2013 14:00:22 --- INFO: elapsed time: ~21.59 sec., memory usage: ~2.13 Mb.
06-12-2013 14:30:01 --- INFO: start: 06-12-2013 14:30:01
06-12-2013 14:30:01 --- INFO: ----------Source_ExpOfCars (cli)
06-12-2013 14:30:05 --- INFO: Lexus RX 330 - found: 50, pass primary filters: 36, did not pass the filter by colors: 0, did not pass the filter by options: 0, added: 36, new vincodes: 0
06-12-2013 14:30:08 --- INFO: Lexus RX 400H - found: 21, pass primary filters: 19, did not pass the filter by colors: 0, did not pass the filter by options: 0, added: 19, new vincodes: 0
06-12-2013 14:30:10 --- INFO: Lexus GX 470 - found: 14, pass primary filters: 14, did not pass the filter by colors: 0, did not pass the filter by options: 0, added: 14, new vincodes: 0
06-12-2013 14:30:14 --- INFO: Lexus GX 470 - found: 54, pass primary filters: 54, did not pass the filter by colors: 0, did not pass the filter by options: 0, added: 54, new vincodes: 0
06-12-2013 14:30:17 --- INFO: Lexus LX 470 - found: 29, pass primary filters: 29, did not pass the filter by colors: 0, did not pass the filter by options: 0, added: 29, new vincodes: 0
06-12-2013 14:30:21 --- INFO: Toyota Sequoia - found: 27, pass primary filters: 27, did not pass the filter by colors: 0, did not pass the filter by options: 0, added: 27, new vincodes: 0
06-12-2013 14:30:23 --- INFO: Toyota Land Cruiser - found: 18, pass primary filters: 18, did not pass the filter by colors: 0, did not pass the filter by options: 0, added: 18, new vincodes: 0
06-12-2013 14:30:25 --- INFO: Lexus LX 570 - found: 16, pass primary filters: 16, did not pass the filter by colors: 0, did not pass the filter by options: 0, added: 16, new vincodes: 0
06-12-2013 14:30:26 --- INFO: Toyota Venza - found: 4, pass primary filters: 4, did not pass the filter by colors: 0, did not pass the filter by options: 0, added: 4, new vincodes: 0
06-12-2013 14:30:27 --- INFO: Toyota 4runner 2010 - found: 2, pass primary filters: 2, did not pass the filter by colors: 0, did not pass the filter by options: 0, added: 2, new vincodes: 0
06-12-2013 14:30:28 --- INFO: Toyota 4RUNNER 4WD V6 - found: 41, pass primary filters: 13, did not pass the filter by colors: 0, did not pass the filter by options: 0, added: 13, new vincodes: 0
06-12-2013 14:30:36 --- INFO: Toyota RAV 4 - found: 240, pass primary filters: 0, did not pass the filter by colors: 0, did not pass the filter by options: 0, added: 0, new vincodes: 0
06-12-2013 14:30:39 --- INFO: Toyota Highlander 4WD - found: 73, pass primary filters: 5, did not pass the filter by colors: 0, did not pass the filter by options: 0, added: 5, new vincodes: 0
06-12-2013 14:30:42 --- INFO: Toyota Highlander - found: 73, pass primary filters: 21, did not pass the filter by colors: 0, did not pass the filter by options: 0, added: 21, new vincodes: 0
06-12-2013 14:30:51 --- INFO: Lexus RX 350 - found: 125, pass primary filters: 95, did not pass the filter by colors: 0, did not pass the filter by options: 0, added: 95, new vincodes: 0
06-12-2013 14:30:53 --- INFO: Toyota 4RUNNER Limited V6 - found: 54, pass primary filters: 1, did not pass the filter by colors: 0, did not pass the filter by options: 0, added: 1, new vincodes: 0
06-12-2013 14:30:55 --- INFO: Lexus GX 460 - found: 1, pass primary filters: 1, did not pass the filter by colors: 0, did not pass the filter by options: 0, added: 1, new vincodes: 0
06-12-2013 14:30:56 --- INFO: Lexus RX 350 - found: 8, pass primary filters: 8, did not pass the filter by colors: 0, did not pass the filter by options: 0, added: 8, new vincodes: 0
06-12-2013 14:30:57 --- INFO: Toyota Highlander - found: 21, pass primary filters: 21, did not pass the filter by colors: 0, did not pass the filter by options: 0, added: 21, new vincodes: 0
06-12-2013 14:30:59 --- INFO: Lexus GS300 - found: 22, pass primary filters: 5, did not pass the filter by colors: 0, did not pass the filter by options: 0, added: 5, new vincodes: 0
06-12-2013 14:30:59 --- INFO: finish: 06-12-2013 14:30:59
06-12-2013 14:30:59 --- INFO: elapsed time: ~57.17 sec., memory usage: ~3.71 Mb.
06-12-2013 14:45:01 --- INFO: start: 06-12-2013 14:45:01
06-12-2013 14:45:01 --- INFO: ----------Source_Oodle (cli)
06-12-2013 14:45:15 --- INFO: Toyota Highlander - found: 29, pass primary filters: 24, did not pass the filter by colors: 0, did not pass the filter by options: 0, added: 24, new vincodes: 1
06-12-2013 14:45:19 --- INFO: Lexus RX 330 - found: 213, pass primary filters: 0, did not pass the filter by colors: 0, did not pass the filter by options: 0, added: 0, new vincodes: 0
06-12-2013 14:45:20 --- INFO: Lexus RX 400H - found: 0, pass primary filters: 0, did not pass the filter by colors: 0, did not pass the filter by options: 0, added: 0, new vincodes: 0
06-12-2013 14:45:21 --- INFO: Lexus GX 470 - found: 15, pass primary filters: 10, did not pass the filter by colors: 0, did not pass the filter by options: 0, added: 10, new vincodes: 0
06-12-2013 14:45:27 --- INFO: Lexus GX 470 - found: 187, pass primary filters: 7, did not pass the filter by colors: 0, did not pass the filter by options: 0, added: 7, new vincodes: 0
06-12-2013 14:45:29 --- INFO: Lexus LX 470 - found: 71, pass primary filters: 11, did not pass the filter by colors: 0, did not pass the filter by options: 0, added: 11, new vincodes: 0
06-12-2013 14:45:32 --- INFO: Toyota Sequoia - found: 80, pass primary filters: 6, did not pass the filter by colors: 0, did not pass the filter by options: 0, added: 6, new vincodes: 0
06-12-2013 14:45:32 --- INFO: Toyota Land Cruiser - found: 21, pass primary filters: 8, did not pass the filter by colors: 0, did not pass the filter by options: 0, added: 8, new vincodes: 0
06-12-2013 14:45:33 --- INFO: Lexus LX 570 - found: 0, pass primary filters: 0, did not pass the filter by colors: 0, did not pass the filter by options: 0, added: 0, new vincodes: 0
06-12-2013 14:45:33 --- INFO: Toyota Venza - found: 0, pass primary filters: 0, did not pass the filter by colors: 0, did not pass the filter by options: 0, added: 0, new vincodes: 0
06-12-2013 14:45:34 --- INFO: Toyota 4runner 2010 - found: 4, pass primary filters: 3, did not pass the filter by colors: 0, did not pass the filter by options: 0, added: 3, new vincodes: 0
06-12-2013 14:45:43 --- INFO: Toyota 4RUNNER 4WD V6 - found: 451, pass primary filters: 0, did not pass the filter by colors: 0, did not pass the filter by options: 0, added: 0, new vincodes: 0
06-12-2013 14:46:45 --- INFO: Toyota RAV 4 - found: 3175, pass primary filters: 0, did not pass the filter by colors: 0, did not pass the filter by options: 0, added: 0, new vincodes: 0
06-12-2013 14:46:54 --- INFO: Toyota Highlander 4WD - found: 458, pass primary filters: 0, did not pass the filter by colors: 0, did not pass the filter by options: 0, added: 0, new vincodes: 0
06-12-2013 14:47:04 --- INFO: Toyota Highlander - found: 458, pass primary filters: 0, did not pass the filter by colors: 0, did not pass the filter by options: 0, added: 0, new vincodes: 0
06-12-2013 14:47:18 --- INFO: Lexus RX 350 - found: 620, pass primary filters: 2, did not pass the filter by colors: 0, did not pass the filter by options: 0, added: 2, new vincodes: 0
06-12-2013 14:47:29 --- INFO: Toyota 4RUNNER Limited V6 - found: 533, pass primary filters: 0, did not pass the filter by colors: 0, did not pass the filter by options: 0, added: 0, new vincodes: 0
06-12-2013 14:47:29 --- INFO: Lexus GX 460 - found: 0, pass primary filters: 0, did not pass the filter by colors: 0, did not pass the filter by options: 0, added: 0, new vincodes: 0
06-12-2013 14:47:30 --- INFO: Lexus RX 350 - found: 13, pass primary filters: 6, did not pass the filter by colors: 0, did not pass the filter by options: 0, added: 6, new vincodes: 0
06-12-2013 14:47:32 --- INFO: Lexus GS300 - found: 80, pass primary filters: 3, did not pass the filter by colors: 0, did not pass the filter by options: 0, added: 3, new vincodes: 0
06-12-2013 14:47:36 --- INFO: Toyota FJ cruiser - found: 86, pass primary filters: 0, did not pass the filter by colors: 0, did not pass the filter by options: 0, added: 0, new vincodes: 0
06-12-2013 14:47:38 --- INFO: Lexus RX 350 2013 - found: 54, pass primary filters: 0, did not pass the filter by colors: 0, did not pass the filter by options: 0, added: 0, new vincodes: 0
06-12-2013 14:47:38 --- INFO: finish: 06-12-2013 14:47:38
06-12-2013 14:47:38 --- INFO: elapsed time: ~156.48 sec., memory usage: ~3.78 Mb.
06-12-2013 15:00:01 --- INFO: start: 06-12-2013 15:00:01
06-12-2013 15:00:01 --- INFO: ----------Source_AutoSalon (cli)
06-12-2013 15:00:19 --- INFO: Lexus RX 330 - found: 72, pass primary filters: 0, did not pass the filter by colors: 0, did not pass the filter by options: 0, added: 0, new vincodes: 0
06-12-2013 15:00:21 --- INFO: Lexus RX 400H - found: 0, pass primary filters: 0, did not pass the filter by colors: 0, did not pass the filter by options: 0, added: 0, new vincodes: 0
06-12-2013 15:00:25 --- INFO: Lexus GX 470 - found: 16, pass primary filters: 13, did not pass the filter by colors: 0, did not pass the filter by options: 0, added: 13, new vincodes: 0
06-12-2013 15:00:48 --- INFO: Lexus GX 470 - found: 71, pass primary filters: 20, did not pass the filter by colors: 0, did not pass the filter by options: 0, added: 20, new vincodes: 0
06-12-2013 15:01:06 --- INFO: Lexus LX 470 - found: 35, pass primary filters: 8, did not pass the filter by colors: 0, did not pass the filter by options: 0, added: 8, new vincodes: 0
06-12-2013 15:01:08 --- INFO: Toyota Sequoia - found: 0, pass primary filters: 0, did not pass the filter by colors: 0, did not pass the filter by options: 0, added: 0, new vincodes: 0
06-12-2013 15:01:11 --- INFO: Toyota Land Cruiser - found: 0, pass primary filters: 0, did not pass the filter by colors: 0, did not pass the filter by options: 0, added: 0, new vincodes: 0
06-12-2013 15:01:26 --- INFO: Lexus LX 570 - found: 21, pass primary filters: 19, did not pass the filter by colors: 0, did not pass the filter by options: 0, added: 19, new vincodes: 0
06-12-2013 15:01:29 --- INFO: Toyota Venza - found: 0, pass primary filters: 0, did not pass the filter by colors: 0, did not pass the filter by options: 0, added: 0, new vincodes: 0
06-12-2013 15:01:31 --- INFO: Toyota 4runner 2010 - found: 0, pass primary filters: 0, did not pass the filter by colors: 0, did not pass the filter by options: 0, added: 0, new vincodes: 0
06-12-2013 15:01:33 --- INFO: Toyota 4RUNNER 4WD V6 - found: 0, pass primary filters: 0, did not pass the filter by colors: 0, did not pass the filter by options: 0, added: 0, new vincodes: 0
06-12-2013 15:01:36 --- INFO: Toyota RAV 4 - found: 0, pass primary filters: 0, did not pass the filter by colors: 0, did not pass the filter by options: 0, added: 0, new vincodes: 0
06-12-2013 15:01:38 --- INFO: Toyota Highlander 4WD - found: 0, pass primary filters: 0, did not pass the filter by colors: 0, did not pass the filter by options: 0, added: 0, new vincodes: 0
06-12-2013 15:01:40 --- INFO: Toyota Highlander - found: 0, pass primary filters: 0, did not pass the filter by colors: 0, did not pass the filter by options: 0, added: 0, new vincodes: 0
06-12-2013 15:02:22 --- INFO: Lexus RX 350 - found: 161, pass primary filters: 6, did not pass the filter by colors: 0, did not pass the filter by options: 0, added: 6, new vincodes: 0
06-12-2013 15:02:24 --- INFO: Toyota 4RUNNER Limited V6 - found: 0, pass primary filters: 0, did not pass the filter by colors: 0, did not pass the filter by options: 0, added: 0, new vincodes: 0
06-12-2013 15:02:27 --- INFO: Lexus GX 460 - found: 1, pass primary filters: 1, did not pass the filter by colors: 0, did not pass the filter by options: 0, added: 1, new vincodes: 0
06-12-2013 15:02:34 --- INFO: Lexus RX 350 - found: 15, pass primary filters: 7, did not pass the filter by colors: 0, did not pass the filter by options: 0, added: 7, new vincodes: 0
06-12-2013 15:02:37 --- INFO: Toyota Highlander - found: 20, pass primary filters: 15, did not pass the filter by colors: 0, did not pass the filter by options: 0, added: 15, new vincodes: 0
06-12-2013 15:02:44 --- INFO: Lexus GS300 - found: 32, pass primary filters: 2, did not pass the filter by colors: 0, did not pass the filter by options: 0, added: 2, new vincodes: 0
06-12-2013 15:02:52 --- INFO: Toyota FJ cruiser - found: 30, pass primary filters: 4, did not pass the filter by colors: 0, did not pass the filter by options: 0, added: 4, new vincodes: 0
06-12-2013 15:03:07 --- INFO: Lexus RX 350 2013 - found: 34, pass primary filters: 3, did not pass the filter by colors: 0, did not pass the filter by options: 0, added: 3, new vincodes: 0
06-12-2013 15:03:07 --- INFO: finish: 06-12-2013 15:03:07
06-12-2013 15:03:07 --- INFO: elapsed time: ~186.41 sec., memory usage: ~3.28 Mb.
06-12-2013 18:00:01 --- INFO: start: 06-12-2013 18:00:01
06-12-2013 18:00:01 --- INFO: ----------Source_Adesa (cli)
06-12-2013 18:00:02 --- INFO: Authorized request
06-12-2013 18:00:04 --- INFO: Lexus RX 330 - found: 8, pass primary filters: 6, did not pass the filter by colors: 6, did not pass the filter by options: 0, added: 0, new vincodes: 0
06-12-2013 18:00:05 --- INFO: Lexus RX 400H - found: 4, pass primary filters: 3, did not pass the filter by colors: 2, did not pass the filter by options: 1, added: 0, new vincodes: 0
06-12-2013 18:00:06 --- INFO: Lexus GX 470 - found: 2, pass primary filters: 2, did not pass the filter by colors: 0, did not pass the filter by options: 0, added: 2, new vincodes: 0
06-12-2013 18:00:07 --- INFO: Lexus GX 470 - found: 6, pass primary filters: 6, did not pass the filter by colors: 2, did not pass the filter by options: 2, added: 2, new vincodes: 0
06-12-2013 18:00:08 --- INFO: Lexus LX 470 - found: 3, pass primary filters: 3, did not pass the filter by colors: 3, did not pass the filter by options: , added: 0, new vincodes: 0
06-12-2013 18:00:08 --- INFO: Toyota Sequoia - found: 0, pass primary filters: 0, did not pass the filter by colors: 0, did not pass the filter by options: 0, added: 0, new vincodes: 0
06-12-2013 18:00:09 --- INFO: Toyota Land Cruiser - found: 0, pass primary filters: 0, did not pass the filter by colors: 0, did not pass the filter by options: 0, added: 0, new vincodes: 0
06-12-2013 18:00:09 --- INFO: Lexus LX 570 - found: 0, pass primary filters: 0, did not pass the filter by colors: 0, did not pass the filter by options: 0, added: 0, new vincodes: 0
06-12-2013 18:00:11 --- INFO: Toyota Venza - found: 0, pass primary filters: 0, did not pass the filter by colors: 0, did not pass the filter by options: 0, added: 0, new vincodes: 0
06-12-2013 18:00:11 --- INFO: Toyota 4runner 2010 - found: 0, pass primary filters: 0, did not pass the filter by colors: 0, did not pass the filter by options: 0, added: 0, new vincodes: 0
06-12-2013 18:00:12 --- INFO: Toyota 4RUNNER 4WD V6 - found: 18, pass primary filters: 8, did not pass the filter by colors: 3, did not pass the filter by options: , added: 5, new vincodes: 0
06-12-2013 18:00:13 --- INFO: Toyota FJ cruiser - found: 4, pass primary filters: 0, did not pass the filter by colors: 0, did not pass the filter by options: 0, added: 0, new vincodes: 0
06-12-2013 18:00:13 --- INFO: Lexus RX 350 2013 - found: 0, pass primary filters: 0, did not pass the filter by colors: 0, did not pass the filter by options: 0, added: 0, new vincodes: 0
06-12-2013 18:00:14 --- INFO: Toyota Highlander - found: 23, pass primary filters: 3, did not pass the filter by colors: 1, did not pass the filter by options: , added: 2, new vincodes: 0
06-12-2013 18:00:15 --- INFO: Lexus RX 350 - found: 16, pass primary filters: 10, did not pass the filter by colors: 6, did not pass the filter by options: 4, added: 0, new vincodes: 0
06-12-2013 18:00:16 --- INFO: Toyota 4RUNNER Limited V6 - found: 20, pass primary filters: 1, did not pass the filter by colors: 0, did not pass the filter by options: , added: 1, new vincodes: 0
06-12-2013 18:00:16 --- INFO: finish: 06-12-2013 18:00:16
06-12-2013 18:00:16 --- INFO: elapsed time: ~15.24 sec., memory usage: ~2.11 Mb.
06-12-2013 18:30:01 --- INFO: start: 06-12-2013 18:30:01
06-12-2013 18:30:01 --- INFO: ----------Source_ExpOfCars (cli)
06-12-2013 18:30:05 --- INFO: Lexus RX 330 - found: 54, pass primary filters: 36, did not pass the filter by colors: 0, did not pass the filter by options: 0, added: 36, new vincodes: 0
06-12-2013 18:30:43 --- INFO: Lexus RX 400H - found: 21, pass primary filters: 19, did not pass the filter by colors: 0, did not pass the filter by options: 0, added: 19, new vincodes: 1
06-12-2013 18:30:45 --- INFO: Lexus GX 470 - found: 13, pass primary filters: 13, did not pass the filter by colors: 0, did not pass the filter by options: 0, added: 13, new vincodes: 0
06-12-2013 18:30:50 --- INFO: Lexus GX 470 - found: 51, pass primary filters: 51, did not pass the filter by colors: 0, did not pass the filter by options: 0, added: 51, new vincodes: 0
06-12-2013 18:30:53 --- INFO: Lexus LX 470 - found: 26, pass primary filters: 26, did not pass the filter by colors: 0, did not pass the filter by options: 0, added: 26, new vincodes: 0
06-12-2013 18:30:56 --- INFO: Toyota Sequoia - found: 27, pass primary filters: 27, did not pass the filter by colors: 0, did not pass the filter by options: 0, added: 27, new vincodes: 0
06-12-2013 18:31:06 --- INFO: Toyota Land Cruiser - found: 19, pass primary filters: 19, did not pass the filter by colors: 0, did not pass the filter by options: 0, added: 19, new vincodes: 0
06-12-2013 18:31:09 --- INFO: Lexus LX 570 - found: 18, pass primary filters: 18, did not pass the filter by colors: 0, did not pass the filter by options: 0, added: 18, new vincodes: 0
06-12-2013 18:31:12 --- INFO: Toyota Venza - found: 5, pass primary filters: 5, did not pass the filter by colors: 0, did not pass the filter by options: 0, added: 5, new vincodes: 0
06-12-2013 18:31:13 --- INFO: Toyota 4runner 2010 - found: 2, pass primary filters: 2, did not pass the filter by colors: 0, did not pass the filter by options: 0, added: 2, new vincodes: 0
06-12-2013 18:31:18 --- INFO: Toyota 4RUNNER 4WD V6 - found: 38, pass primary filters: 13, did not pass the filter by colors: 0, did not pass the filter by options: 0, added: 13, new vincodes: 0
06-12-2013 18:31:27 --- INFO: Toyota RAV 4 - found: 265, pass primary filters: 0, did not pass the filter by colors: 0, did not pass the filter by options: 0, added: 0, new vincodes: 0
06-12-2013 18:31:30 --- INFO: Toyota Highlander 4WD - found: 75, pass primary filters: 5, did not pass the filter by colors: 0, did not pass the filter by options: 0, added: 5, new vincodes: 0
06-12-2013 18:31:34 --- INFO: Toyota Highlander - found: 75, pass primary filters: 20, did not pass the filter by colors: 0, did not pass the filter by options: 0, added: 20, new vincodes: 0
06-12-2013 18:31:45 --- INFO: Lexus RX 350 - found: 123, pass primary filters: 94, did not pass the filter by colors: 0, did not pass the filter by options: 0, added: 94, new vincodes: 0
06-12-2013 18:31:47 --- INFO: Toyota 4RUNNER Limited V6 - found: 52, pass primary filters: 1, did not pass the filter by colors: 0, did not pass the filter by options: 0, added: 1, new vincodes: 0
06-12-2013 18:31:48 --- INFO: Lexus GX 460 - found: 1, pass primary filters: 1, did not pass the filter by colors: 0, did not pass the filter by options: 0, added: 1, new vincodes: 0
06-12-2013 18:32:08 --- INFO: Lexus RX 350 - found: 12, pass primary filters: 12, did not pass the filter by colors: 0, did not pass the filter by options: 0, added: 12, new vincodes: 2
06-12-2013 18:32:12 --- INFO: Toyota Highlander - found: 19, pass primary filters: 19, did not pass the filter by colors: 0, did not pass the filter by options: 0, added: 19, new vincodes: 0
06-12-2013 18:32:13 --- INFO: Lexus GS300 - found: 18, pass primary filters: 4, did not pass the filter by colors: 0, did not pass the filter by options: 0, added: 4, new vincodes: 0
06-12-2013 18:32:13 --- INFO: finish: 06-12-2013 18:32:13
06-12-2013 18:32:13 --- INFO: elapsed time: ~132.12 sec., memory usage: ~3.91 Mb.
06-12-2013 18:45:01 --- INFO: start: 06-12-2013 18:45:01
06-12-2013 18:45:01 --- INFO: ----------Source_Oodle (cli)
06-12-2013 18:45:04 --- INFO: Toyota Highlander - found: 30, pass primary filters: 25, did not pass the filter by colors: 0, did not pass the filter by options: 0, added: 25, new vincodes: 0
06-12-2013 18:45:09 --- INFO: Lexus RX 330 - found: 213, pass primary filters: 0, did not pass the filter by colors: 0, did not pass the filter by options: 0, added: 0, new vincodes: 0
06-12-2013 18:45:09 --- INFO: Lexus RX 400H - found: 0, pass primary filters: 0, did not pass the filter by colors: 0, did not pass the filter by options: 0, added: 0, new vincodes: 0
06-12-2013 18:45:10 --- INFO: Lexus GX 470 - found: 15, pass primary filters: 10, did not pass the filter by colors: 0, did not pass the filter by options: 0, added: 10, new vincodes: 0
06-12-2013 18:45:18 --- INFO: Lexus GX 470 - found: 189, pass primary filters: 7, did not pass the filter by colors: 0, did not pass the filter by options: 0, added: 7, new vincodes: 0
06-12-2013 18:45:21 --- INFO: Lexus LX 470 - found: 71, pass primary filters: 11, did not pass the filter by colors: 0, did not pass the filter by options: 0, added: 11, new vincodes: 0
06-12-2013 18:45:23 --- INFO: Toyota Sequoia - found: 80, pass primary filters: 6, did not pass the filter by colors: 0, did not pass the filter by options: 0, added: 6, new vincodes: 0
06-12-2013 18:45:33 --- INFO: Toyota Land Cruiser - found: 22, pass primary filters: 9, did not pass the filter by colors: 0, did not pass the filter by options: 0, added: 9, new vincodes: 1
06-12-2013 18:45:34 --- INFO: Lexus LX 570 - found: 0, pass primary filters: 0, did not pass the filter by colors: 0, did not pass the filter by options: 0, added: 0, new vincodes: 0
06-12-2013 18:45:34 --- INFO: Toyota Venza - found: 0, pass primary filters: 0, did not pass the filter by colors: 0, did not pass the filter by options: 0, added: 0, new vincodes: 0
06-12-2013 18:45:35 --- INFO: Toyota 4runner 2010 - found: 4, pass primary filters: 3, did not pass the filter by colors: 0, did not pass the filter by options: 0, added: 3, new vincodes: 0
06-12-2013 18:45:44 --- INFO: Toyota 4RUNNER 4WD V6 - found: 443, pass primary filters: 1, did not pass the filter by colors: 0, did not pass the filter by options: 0, added: 1, new vincodes: 0
06-12-2013 18:46:50 --- INFO: Toyota RAV 4 - found: 3187, pass primary filters: 0, did not pass the filter by colors: 0, did not pass the filter by options: 0, added: 0, new vincodes: 0
06-12-2013 18:47:02 --- INFO: Toyota Highlander 4WD - found: 458, pass primary filters: 0, did not pass the filter by colors: 0, did not pass the filter by options: 0, added: 0, new vincodes: 0
06-12-2013 18:47:11 --- INFO: Toyota Highlander - found: 458, pass primary filters: 0, did not pass the filter by colors: 0, did not pass the filter by options: 0, added: 0, new vincodes: 0
06-12-2013 18:47:25 --- INFO: Lexus RX 350 - found: 622, pass primary filters: 2, did not pass the filter by colors: 0, did not pass the filter by options: 0, added: 2, new vincodes: 0
06-12-2013 18:47:36 --- INFO: Toyota 4RUNNER Limited V6 - found: 525, pass primary filters: 0, did not pass the filter by colors: 0, did not pass the filter by options: 0, added: 0, new vincodes: 0
06-12-2013 18:47:37 --- INFO: Lexus GX 460 - found: 0, pass primary filters: 0, did not pass the filter by colors: 0, did not pass the filter by options: 0, added: 0, new vincodes: 0
06-12-2013 18:47:37 --- INFO: Lexus RX 350 - found: 13, pass primary filters: 6, did not pass the filter by colors: 0, did not pass the filter by options: 0, added: 6, new vincodes: 0
06-12-2013 18:47:47 --- INFO: Lexus GS300 - found: 79, pass primary filters: 2, did not pass the filter by colors: 0, did not pass the filter by options: 0, added: 2, new vincodes: 0
06-12-2013 18:47:51 --- INFO: Toyota FJ cruiser - found: 86, pass primary filters: 0, did not pass the filter by colors: 0, did not pass the filter by options: 0, added: 0, new vincodes: 0
06-12-2013 18:47:54 --- INFO: Lexus RX 350 2013 - found: 56, pass primary filters: 0, did not pass the filter by colors: 0, did not pass the filter by options: 0, added: 0, new vincodes: 0
06-12-2013 18:47:54 --- INFO: finish: 06-12-2013 18:47:54
06-12-2013 18:47:54 --- INFO: elapsed time: ~172.75 sec., memory usage: ~3.86 Mb.
06-12-2013 19:00:01 --- INFO: start: 06-12-2013 19:00:01
06-12-2013 19:00:01 --- INFO: ----------Source_AutoSalon (cli)
06-12-2013 19:00:23 --- INFO: Lexus RX 330 - found: 74, pass primary filters: 0, did not pass the filter by colors: 0, did not pass the filter by options: 0, added: 0, new vincodes: 0
06-12-2013 19:00:25 --- INFO: Lexus RX 400H - found: 0, pass primary filters: 0, did not pass the filter by colors: 0, did not pass the filter by options: 0, added: 0, new vincodes: 0
06-12-2013 19:00:30 --- INFO: Lexus GX 470 - found: 16, pass primary filters: 13, did not pass the filter by colors: 0, did not pass the filter by options: 0, added: 13, new vincodes: 0
06-12-2013 19:00:54 --- INFO: Lexus GX 470 - found: 72, pass primary filters: 21, did not pass the filter by colors: 0, did not pass the filter by options: 0, added: 21, new vincodes: 0
06-12-2013 19:01:05 --- INFO: Lexus LX 470 - found: 35, pass primary filters: 8, did not pass the filter by colors: 0, did not pass the filter by options: 0, added: 8, new vincodes: 0
06-12-2013 19:01:07 --- INFO: Toyota Sequoia - found: 0, pass primary filters: 0, did not pass the filter by colors: 0, did not pass the filter by options: 0, added: 0, new vincodes: 0
06-12-2013 19:01:10 --- INFO: Toyota Land Cruiser - found: 0, pass primary filters: 0, did not pass the filter by colors: 0, did not pass the filter by options: 0, added: 0, new vincodes: 0
06-12-2013 19:01:16 --- INFO: Lexus LX 570 - found: 21, pass primary filters: 19, did not pass the filter by colors: 0, did not pass the filter by options: 0, added: 19, new vincodes: 0
06-12-2013 19:01:19 --- INFO: Toyota Venza - found: 0, pass primary filters: 0, did not pass the filter by colors: 0, did not pass the filter by options: 0, added: 0, new vincodes: 0
06-12-2013 19:01:22 --- INFO: Toyota 4runner 2010 - found: 0, pass primary filters: 0, did not pass the filter by colors: 0, did not pass the filter by options: 0, added: 0, new vincodes: 0
06-12-2013 19:01:25 --- INFO: Toyota 4RUNNER 4WD V6 - found: 0, pass primary filters: 0, did not pass the filter by colors: 0, did not pass the filter by options: 0, added: 0, new vincodes: 0
06-12-2013 19:01:27 --- INFO: Toyota RAV 4 - found: 0, pass primary filters: 0, did not pass the filter by colors: 0, did not pass the filter by options: 0, added: 0, new vincodes: 0
06-12-2013 19:01:30 --- INFO: Toyota Highlander 4WD - found: 0, pass primary filters: 0, did not pass the filter by colors: 0, did not pass the filter by options: 0, added: 0, new vincodes: 0
06-12-2013 19:01:32 --- INFO: Toyota Highlander - found: 0, pass primary filters: 0, did not pass the filter by colors: 0, did not pass the filter by options: 0, added: 0, new vincodes: 0
06-12-2013 19:02:10 --- INFO: Lexus RX 350 - found: 163, pass primary filters: 7, did not pass the filter by colors: 0, did not pass the filter by options: 0, added: 7, new vincodes: 0
06-12-2013 19:02:12 --- INFO: Toyota 4RUNNER Limited V6 - found: 0, pass primary filters: 0, did not pass the filter by colors: 0, did not pass the filter by options: 0, added: 0, new vincodes: 0
06-12-2013 19:02:15 --- INFO: Lexus GX 460 - found: 1, pass primary filters: 1, did not pass the filter by colors: 0, did not pass the filter by options: 0, added: 1, new vincodes: 0
06-12-2013 19:02:23 --- INFO: Lexus RX 350 - found: 15, pass primary filters: 7, did not pass the filter by colors: 0, did not pass the filter by options: 0, added: 7, new vincodes: 0
06-12-2013 19:02:27 --- INFO: Toyota Highlander - found: 20, pass primary filters: 15, did not pass the filter by colors: 0, did not pass the filter by options: 0, added: 15, new vincodes: 0
06-12-2013 19:02:34 --- INFO: Lexus GS300 - found: 32, pass primary filters: 2, did not pass the filter by colors: 0, did not pass the filter by options: 0, added: 2, new vincodes: 0
06-12-2013 19:02:43 --- INFO: Toyota FJ cruiser - found: 31, pass primary filters: 5, did not pass the filter by colors: 0, did not pass the filter by options: 0, added: 5, new vincodes: 0
06-12-2013 19:02:57 --- INFO: Lexus RX 350 2013 - found: 34, pass primary filters: 3, did not pass the filter by colors: 0, did not pass the filter by options: 0, added: 3, new vincodes: 0
06-12-2013 19:02:57 --- INFO: finish: 06-12-2013 19:02:57
06-12-2013 19:02:57 --- INFO: elapsed time: ~176.57 sec., memory usage: ~3.21 Mb.
06-12-2013 22:00:01 --- INFO: start: 06-12-2013 22:00:01
06-12-2013 22:00:01 --- INFO: ----------Source_Adesa (cli)
06-12-2013 22:00:02 --- INFO: Authorized request
06-12-2013 22:00:03 --- INFO: Lexus RX 330 - found: 10, pass primary filters: 6, did not pass the filter by colors: 6, did not pass the filter by options: 0, added: 0, new vincodes: 0
06-12-2013 22:00:04 --- INFO: Lexus RX 400H - found: 4, pass primary filters: 3, did not pass the filter by colors: 2, did not pass the filter by options: 1, added: 0, new vincodes: 0
06-12-2013 22:00:05 --- INFO: Lexus GX 470 - found: 2, pass primary filters: 2, did not pass the filter by colors: 0, did not pass the filter by options: 0, added: 2, new vincodes: 0
06-12-2013 22:00:08 --- INFO: Lexus GX 470 - found: 7, pass primary filters: 7, did not pass the filter by colors: 3, did not pass the filter by options: 2, added: 2, new vincodes: 1
06-12-2013 22:00:09 --- INFO: Lexus LX 470 - found: 3, pass primary filters: 3, did not pass the filter by colors: 3, did not pass the filter by options: , added: 0, new vincodes: 0
06-12-2013 22:00:09 --- INFO: Toyota Sequoia - found: 0, pass primary filters: 0, did not pass the filter by colors: 0, did not pass the filter by options: 0, added: 0, new vincodes: 0
06-12-2013 22:00:10 --- INFO: Toyota Land Cruiser - found: 0, pass primary filters: 0, did not pass the filter by colors: 0, did not pass the filter by options: 0, added: 0, new vincodes: 0
06-12-2013 22:00:10 --- INFO: Lexus LX 570 - found: 0, pass primary filters: 0, did not pass the filter by colors: 0, did not pass the filter by options: 0, added: 0, new vincodes: 0
06-12-2013 22:00:12 --- INFO: Toyota Venza - found: 0, pass primary filters: 0, did not pass the filter by colors: 0, did not pass the filter by options: 0, added: 0, new vincodes: 0
06-12-2013 22:00:12 --- INFO: Toyota 4runner 2010 - found: 0, pass primary filters: 0, did not pass the filter by colors: 0, did not pass the filter by options: 0, added: 0, new vincodes: 0
06-12-2013 22:00:13 --- INFO: Toyota 4RUNNER 4WD V6 - found: 19, pass primary filters: 9, did not pass the filter by colors: 3, did not pass the filter by options: , added: 6, new vincodes: 1
06-12-2013 22:00:14 --- INFO: Toyota FJ cruiser - found: 4, pass primary filters: 0, did not pass the filter by colors: 0, did not pass the filter by options: 0, added: 0, new vincodes: 0
06-12-2013 22:00:14 --- INFO: Lexus RX 350 2013 - found: 0, pass primary filters: 0, did not pass the filter by colors: 0, did not pass the filter by options: 0, added: 0, new vincodes: 0
06-12-2013 22:00:15 --- INFO: Toyota Highlander - found: 25, pass primary filters: 3, did not pass the filter by colors: 1, did not pass the filter by options: , added: 2, new vincodes: 0
06-12-2013 22:00:16 --- INFO: Lexus RX 350 - found: 16, pass primary filters: 10, did not pass the filter by colors: 6, did not pass the filter by options: 4, added: 0, new vincodes: 0
06-12-2013 22:00:17 --- INFO: Toyota 4RUNNER Limited V6 - found: 21, pass primary filters: 1, did not pass the filter by colors: 0, did not pass the filter by options: , added: 1, new vincodes: 0
06-12-2013 22:00:17 --- INFO: finish: 06-12-2013 22:00:17
06-12-2013 22:00:17 --- INFO: elapsed time: ~16.07 sec., memory usage: ~2.16 Mb.
06-12-2013 22:30:01 --- INFO: start: 06-12-2013 22:30:01
06-12-2013 22:30:01 --- INFO: ----------Source_ExpOfCars (cli)
06-12-2013 22:30:16 --- INFO: Lexus RX 330 - found: 42, pass primary filters: 29, did not pass the filter by colors: 0, did not pass the filter by options: 0, added: 29, new vincodes: 1
06-12-2013 22:30:18 --- INFO: Lexus RX 400H - found: 15, pass primary filters: 15, did not pass the filter by colors: 0, did not pass the filter by options: 0, added: 15, new vincodes: 0
06-12-2013 22:30:20 --- INFO: Lexus GX 470 - found: 11, pass primary filters: 11, did not pass the filter by colors: 0, did not pass the filter by options: 0, added: 11, new vincodes: 0
06-12-2013 22:30:24 --- INFO: Lexus GX 470 - found: 47, pass primary filters: 47, did not pass the filter by colors: 0, did not pass the filter by options: 0, added: 47, new vincodes: 0
06-12-2013 22:30:26 --- INFO: Lexus LX 470 - found: 19, pass primary filters: 19, did not pass the filter by colors: 0, did not pass the filter by options: 0, added: 19, new vincodes: 0
06-12-2013 22:30:30 --- INFO: Toyota Sequoia - found: 21, pass primary filters: 21, did not pass the filter by colors: 0, did not pass the filter by options: 0, added: 21, new vincodes: 1
06-12-2013 22:30:32 --- INFO: Toyota Land Cruiser - found: 15, pass primary filters: 15, did not pass the filter by colors: 0, did not pass the filter by options: 0, added: 15, new vincodes: 0
06-12-2013 22:30:34 --- INFO: Lexus LX 570 - found: 16, pass primary filters: 16, did not pass the filter by colors: 0, did not pass the filter by options: 0, added: 16, new vincodes: 0
06-12-2013 22:30:35 --- INFO: Toyota Venza - found: 3, pass primary filters: 3, did not pass the filter by colors: 0, did not pass the filter by options: 0, added: 3, new vincodes: 0
06-12-2013 22:30:36 --- INFO: Toyota 4runner 2010 - found: 2, pass primary filters: 2, did not pass the filter by colors: 0, did not pass the filter by options: 0, added: 2, new vincodes: 0
06-12-2013 22:30:38 --- INFO: Toyota 4RUNNER 4WD V6 - found: 34, pass primary filters: 10, did not pass the filter by colors: 0, did not pass the filter by options: 0, added: 10, new vincodes: 0
06-12-2013 22:30:47 --- INFO: Toyota RAV 4 - found: 210, pass primary filters: 0, did not pass the filter by colors: 0, did not pass the filter by options: 0, added: 0, new vincodes: 0
06-12-2013 22:30:50 --- INFO: Toyota Highlander 4WD - found: 63, pass primary filters: 5, did not pass the filter by colors: 0, did not pass the filter by options: 0, added: 5, new vincodes: 0
06-12-2013 22:31:04 --- INFO: Toyota Highlander - found: 63, pass primary filters: 19, did not pass the filter by colors: 0, did not pass the filter by options: 0, added: 19, new vincodes: 2
06-12-2013 22:31:09 --- INFO: Lexus RX 350 - found: 85, pass primary filters: 61, did not pass the filter by colors: 0, did not pass the filter by options: 0, added: 61, new vincodes: 0
06-12-2013 22:31:11 --- INFO: Toyota 4RUNNER Limited V6 - found: 45, pass primary filters: 1, did not pass the filter by colors: 0, did not pass the filter by options: 0, added: 1, new vincodes: 0
06-12-2013 22:31:12 --- INFO: Lexus GX 460 - found: 1, pass primary filters: 1, did not pass the filter by colors: 0, did not pass the filter by options: 0, added: 1, new vincodes: 0
06-12-2013 22:31:13 --- INFO: Lexus RX 350 - found: 8, pass primary filters: 8, did not pass the filter by colors: 0, did not pass the filter by options: 0, added: 8, new vincodes: 0
06-12-2013 22:31:15 --- INFO: Toyota Highlander - found: 15, pass primary filters: 15, did not pass the filter by colors: 0, did not pass the filter by options: 0, added: 15, new vincodes: 0
06-12-2013 22:31:16 --- INFO: Lexus GS300 - found: 14, pass primary filters: 3, did not pass the filter by colors: 0, did not pass the filter by options: 0, added: 3, new vincodes: 0
06-12-2013 22:31:16 --- INFO: finish: 06-12-2013 22:31:16
06-12-2013 22:31:16 --- INFO: elapsed time: ~75.07 sec., memory usage: ~3.4 Mb.
06-12-2013 22:45:01 --- INFO: start: 06-12-2013 22:45:01
06-12-2013 22:45:01 --- INFO: ----------Source_Oodle (cli)
06-12-2013 22:45:03 --- INFO: Toyota Highlander - found: 27, pass primary filters: 23, did not pass the filter by colors: 0, did not pass the filter by options: 0, added: 23, new vincodes: 0
06-12-2013 22:45:08 --- INFO: Lexus RX 330 - found: 204, pass primary filters: 0, did not pass the filter by colors: 0, did not pass the filter by options: 0, added: 0, new vincodes: 0
06-12-2013 22:45:08 --- INFO: Lexus RX 400H - found: 0, pass primary filters: 0, did not pass the filter by colors: 0, did not pass the filter by options: 0, added: 0, new vincodes: 0
06-12-2013 22:45:09 --- INFO: Lexus GX 470 - found: 15, pass primary filters: 10, did not pass the filter by colors: 0, did not pass the filter by options: 0, added: 10, new vincodes: 0
06-12-2013 22:45:26 --- INFO: Lexus GX 470 - found: 184, pass primary filters: 5, did not pass the filter by colors: 0, did not pass the filter by options: 0, added: 5, new vincodes: 0
06-12-2013 22:45:28 --- INFO: Lexus LX 470 - found: 70, pass primary filters: 11, did not pass the filter by colors: 0, did not pass the filter by options: 0, added: 11, new vincodes: 0
06-12-2013 22:45:30 --- INFO: Toyota Sequoia - found: 75, pass primary filters: 6, did not pass the filter by colors: 0, did not pass the filter by options: 0, added: 6, new vincodes: 0
06-12-2013 22:45:31 --- INFO: Toyota Land Cruiser - found: 21, pass primary filters: 8, did not pass the filter by colors: 0, did not pass the filter by options: 0, added: 8, new vincodes: 0
06-12-2013 22:45:32 --- INFO: Lexus LX 570 - found: 0, pass primary filters: 0, did not pass the filter by colors: 0, did not pass the filter by options: 0, added: 0, new vincodes: 0
06-12-2013 22:45:32 --- INFO: Toyota Venza - found: 0, pass primary filters: 0, did not pass the filter by colors: 0, did not pass the filter by options: 0, added: 0, new vincodes: 0
06-12-2013 22:45:33 --- INFO: Toyota 4runner 2010 - found: 3, pass primary filters: 2, did not pass the filter by colors: 0, did not pass the filter by options: 0, added: 2, new vincodes: 0
06-12-2013 22:45:42 --- INFO: Toyota 4RUNNER 4WD V6 - found: 432, pass primary filters: 0, did not pass the filter by colors: 0, did not pass the filter by options: 0, added: 0, new vincodes: 0
06-12-2013 22:46:42 --- INFO: Toyota RAV 4 - found: 3095, pass primary filters: 0, did not pass the filter by colors: 0, did not pass the filter by options: 0, added: 0, new vincodes: 0
06-12-2013 22:46:53 --- INFO: Toyota Highlander 4WD - found: 444, pass primary filters: 0, did not pass the filter by colors: 0, did not pass the filter by options: 0, added: 0, new vincodes: 0
06-12-2013 22:47:02 --- INFO: Toyota Highlander - found: 444, pass primary filters: 0, did not pass the filter by colors: 0, did not pass the filter by options: 0, added: 0, new vincodes: 0
06-12-2013 22:47:19 --- INFO: Lexus RX 350 - found: 607, pass primary filters: 1, did not pass the filter by colors: 0, did not pass the filter by options: 0, added: 1, new vincodes: 0
06-12-2013 22:47:29 --- INFO: Toyota 4RUNNER Limited V6 - found: 514, pass primary filters: 0, did not pass the filter by colors: 0, did not pass the filter by options: 0, added: 0, new vincodes: 0
06-12-2013 22:47:30 --- INFO: Lexus GX 460 - found: 0, pass primary filters: 0, did not pass the filter by colors: 0, did not pass the filter by options: 0, added: 0, new vincodes: 0
06-12-2013 22:47:30 --- INFO: Lexus RX 350 - found: 12, pass primary filters: 6, did not pass the filter by colors: 0, did not pass the filter by options: 0, added: 6, new vincodes: 0
06-12-2013 22:47:33 --- INFO: Lexus GS300 - found: 80, pass primary filters: 3, did not pass the filter by colors: 0, did not pass the filter by options: 0, added: 3, new vincodes: 0
06-12-2013 22:47:35 --- INFO: Toyota FJ cruiser - found: 81, pass primary filters: 0, did not pass the filter by colors: 0, did not pass the filter by options: 0, added: 0, new vincodes: 0
06-12-2013 22:47:37 --- INFO: Lexus RX 350 2013 - found: 58, pass primary filters: 0, did not pass the filter by colors: 0, did not pass the filter by options: 0, added: 0, new vincodes: 0
06-12-2013 22:47:37 --- INFO: finish: 06-12-2013 22:47:37
06-12-2013 22:47:37 --- INFO: elapsed time: ~155.96 sec., memory usage: ~3.8 Mb.
06-12-2013 23:00:01 --- INFO: start: 06-12-2013 23:00:01
06-12-2013 23:00:01 --- INFO: ----------Source_AutoSalon (cli)
06-12-2013 23:00:23 --- INFO: Lexus RX 330 - found: 76, pass primary filters: 0, did not pass the filter by colors: 0, did not pass the filter by options: 0, added: 0, new vincodes: 0
06-12-2013 23:00:26 --- INFO: Lexus RX 400H - found: 0, pass primary filters: 0, did not pass the filter by colors: 0, did not pass the filter by options: 0, added: 0, new vincodes: 0
06-12-2013 23:00:32 --- INFO: Lexus GX 470 - found: 19, pass primary filters: 15, did not pass the filter by colors: 0, did not pass the filter by options: 0, added: 15, new vincodes: 0
06-12-2013 23:00:54 --- INFO: Lexus GX 470 - found: 74, pass primary filters: 23, did not pass the filter by colors: 0, did not pass the filter by options: 0, added: 23, new vincodes: 0
06-12-2013 23:01:11 --- INFO: Lexus LX 470 - found: 38, pass primary filters: 10, did not pass the filter by colors: 0, did not pass the filter by options: 0, added: 10, new vincodes: 0
06-12-2013 23:01:14 --- INFO: Toyota Sequoia - found: 0, pass primary filters: 0, did not pass the filter by colors: 0, did not pass the filter by options: 0, added: 0, new vincodes: 0
06-12-2013 23:01:17 --- INFO: Toyota Land Cruiser - found: 0, pass primary filters: 0, did not pass the filter by colors: 0, did not pass the filter by options: 0, added: 0, new vincodes: 0
06-12-2013 23:01:23 --- INFO: Lexus LX 570 - found: 23, pass primary filters: 20, did not pass the filter by colors: 0, did not pass the filter by options: 0, added: 20, new vincodes: 1
06-12-2013 23:01:26 --- INFO: Toyota Venza - found: 0, pass primary filters: 0, did not pass the filter by colors: 0, did not pass the filter by options: 0, added: 0, new vincodes: 0
06-12-2013 23:01:28 --- INFO: Toyota 4runner 2010 - found: 0, pass primary filters: 0, did not pass the filter by colors: 0, did not pass the filter by options: 0, added: 0, new vincodes: 0
06-12-2013 23:01:30 --- INFO: Toyota 4RUNNER 4WD V6 - found: 0, pass primary filters: 0, did not pass the filter by colors: 0, did not pass the filter by options: 0, added: 0, new vincodes: 0
06-12-2013 23:01:33 --- INFO: Toyota RAV 4 - found: 0, pass primary filters: 0, did not pass the filter by colors: 0, did not pass the filter by options: 0, added: 0, new vincodes: 0
06-12-2013 23:01:36 --- INFO: Toyota Highlander 4WD - found: 0, pass primary filters: 0, did not pass the filter by colors: 0, did not pass the filter by options: 0, added: 0, new vincodes: 0
06-12-2013 23:01:39 --- INFO: Toyota Highlander - found: 0, pass primary filters: 0, did not pass the filter by colors: 0, did not pass the filter by options: 0, added: 0, new vincodes: 0
06-12-2013 23:02:22 --- INFO: Lexus RX 350 - found: 170, pass primary filters: 14, did not pass the filter by colors: 0, did not pass the filter by options: 0, added: 14, new vincodes: 0
06-12-2013 23:02:24 --- INFO: Toyota 4RUNNER Limited V6 - found: 0, pass primary filters: 0, did not pass the filter by colors: 0, did not pass the filter by options: 0, added: 0, new vincodes: 0
06-12-2013 23:02:27 --- INFO: Lexus GX 460 - found: 1, pass primary filters: 1, did not pass the filter by colors: 0, did not pass the filter by options: 0, added: 1, new vincodes: 0
06-12-2013 23:02:34 --- INFO: Lexus RX 350 - found: 16, pass primary filters: 8, did not pass the filter by colors: 0, did not pass the filter by options: 0, added: 8, new vincodes: 0
06-12-2013 23:03:57 --- INFO: Toyota Highlander - found: 25, pass primary filters: 17, did not pass the filter by colors: 0, did not pass the filter by options: 0, added: 17, new vincodes: 1
06-12-2013 23:04:07 --- INFO: Lexus GS300 - found: 36, pass primary filters: 2, did not pass the filter by colors: 0, did not pass the filter by options: 0, added: 2, new vincodes: 0
06-12-2013 23:04:18 --- INFO: Toyota FJ cruiser - found: 32, pass primary filters: 6, did not pass the filter by colors: 0, did not pass the filter by options: 0, added: 6, new vincodes: 0
06-12-2013 23:04:31 --- INFO: Lexus RX 350 2013 - found: 36, pass primary filters: 2, did not pass the filter by colors: 0, did not pass the filter by options: 0, added: 2, new vincodes: 0
06-12-2013 23:04:31 --- INFO: finish: 06-12-2013 23:04:31
06-12-2013 23:04:31 --- INFO: elapsed time: ~270.54 sec., memory usage: ~3.31 Mb.