
08-01-2014 00:46:25 --- INFO: start: 08-01-2014 00:46:25
08-01-2014 00:46:25 --- INFO: ----------Source_Oodle (apache2handler)
08-01-2014 00:46:30 --- INFO: Toyota Highlander - found: 22, pass primary filters: 20, did not pass the filter by colors: 0, did not pass the filter by options: 0, added: 20, new vincodes: 0
08-01-2014 00:46:35 --- INFO: Lexus RX 330 - found: 226, pass primary filters: 1, did not pass the filter by colors: 0, did not pass the filter by options: 0, added: 1, new vincodes: 0
08-01-2014 00:46:35 --- INFO: Lexus RX 400H - found: 0, pass primary filters: 0, did not pass the filter by colors: 0, did not pass the filter by options: 0, added: 0, new vincodes: 0
08-01-2014 00:46:56 --- INFO: Lexus GX 470 - found: 17, pass primary filters: 12, did not pass the filter by colors: 0, did not pass the filter by options: 0, added: 12, new vincodes: 1
08-01-2014 00:50:34 --- INFO: Lexus GX 470 - found: 182, pass primary filters: 9, did not pass the filter by colors: 0, did not pass the filter by options: 0, added: 9, new vincodes: 0
08-01-2014 00:50:36 --- INFO: Lexus LX 470 - found: 64, pass primary filters: 6, did not pass the filter by colors: 0, did not pass the filter by options: 0, added: 6, new vincodes: 0
08-01-2014 00:50:39 --- INFO: Toyota Sequoia - found: 72, pass primary filters: 6, did not pass the filter by colors: 0, did not pass the filter by options: 0, added: 6, new vincodes: 0
08-01-2014 00:50:41 --- INFO: Toyota Land Cruiser - found: 26, pass primary filters: 12, did not pass the filter by colors: 0, did not pass the filter by options: 0, added: 12, new vincodes: 0
08-01-2014 00:50:42 --- INFO: Lexus LX 570 - found: 0, pass primary filters: 0, did not pass the filter by colors: 0, did not pass the filter by options: 0, added: 0, new vincodes: 0
08-01-2014 00:50:42 --- INFO: Toyota Venza - found: 0, pass primary filters: 0, did not pass the filter by colors: 0, did not pass the filter by options: 0, added: 0, new vincodes: 0
08-01-2014 00:50:43 --- INFO: Toyota 4runner 2010 - found: 4, pass primary filters: 3, did not pass the filter by colors: 0, did not pass the filter by options: 0, added: 3, new vincodes: 0
08-01-2014 00:51:04 --- INFO: Toyota 4RUNNER 4WD V6 - found: 449, pass primary filters: 0, did not pass the filter by colors: 0, did not pass the filter by options: 0, added: 0, new vincodes: 0
08-01-2014 00:52:04 --- INFO: Toyota RAV 4 - found: 2909, pass primary filters: 0, did not pass the filter by colors: 0, did not pass the filter by options: 0, added: 0, new vincodes: 0
08-01-2014 00:52:13 --- INFO: Toyota Highlander 4WD - found: 445, pass primary filters: 0, did not pass the filter by colors: 0, did not pass the filter by options: 0, added: 0, new vincodes: 0
08-01-2014 00:52:23 --- INFO: Toyota Highlander - found: 445, pass primary filters: 0, did not pass the filter by colors: 0, did not pass the filter by options: 0, added: 0, new vincodes: 0
08-01-2014 00:52:38 --- INFO: Lexus RX 350 - found: 620, pass primary filters: 2, did not pass the filter by colors: 0, did not pass the filter by options: 0, added: 2, new vincodes: 0
08-01-2014 00:52:49 --- INFO: Toyota 4RUNNER Limited V6 - found: 519, pass primary filters: 1, did not pass the filter by colors: 0, did not pass the filter by options: 0, added: 1, new vincodes: 0
08-01-2014 00:52:50 --- INFO: Lexus GX 460 - found: 0, pass primary filters: 0, did not pass the filter by colors: 0, did not pass the filter by options: 0, added: 0, new vincodes: 0
08-01-2014 00:53:06 --- INFO: Lexus RX 350 - found: 11, pass primary filters: 6, did not pass the filter by colors: 0, did not pass the filter by options: 0, added: 6, new vincodes: 1
08-01-2014 00:53:08 --- INFO: Lexus GS300 - found: 98, pass primary filters: 5, did not pass the filter by colors: 0, did not pass the filter by options: 0, added: 5, new vincodes: 0
08-01-2014 00:53:10 --- INFO: Toyota FJ cruiser - found: 77, pass primary filters: 0, did not pass the filter by colors: 0, did not pass the filter by options: 0, added: 0, new vincodes: 0
08-01-2014 00:53:13 --- INFO: Lexus RX 350 2013 - found: 68, pass primary filters: 1, did not pass the filter by colors: 0, did not pass the filter by options: 0, added: 1, new vincodes: 0
08-01-2014 00:53:13 --- INFO: finish: 08-01-2014 00:53:13
08-01-2014 00:53:13 --- INFO: elapsed time: ~408.02 sec., memory usage: ~5.76 Mb.
08-01-2014 14:24:46 --- INFO: start: 08-01-2014 14:24:46
08-01-2014 14:24:46 --- INFO: ----------Source_AutoSalon (apache2handler)
08-01-2014 14:30:00 --- INFO: Lexus RX 330 - found: 76, pass primary filters: 0, did not pass the filter by colors: 0, did not pass the filter by options: 0, added: 0, new vincodes: 0
08-01-2014 14:30:02 --- INFO: Lexus RX 400H - found: 2, pass primary filters: 0, did not pass the filter by colors: 0, did not pass the filter by options: 0, added: 0, new vincodes: 0
08-01-2014 14:32:34 --- INFO: Lexus GX 470 - found: 13, pass primary filters: 12, did not pass the filter by colors: 0, did not pass the filter by options: 0, added: 12, new vincodes: 5
08-01-2014 15:02:11 --- INFO: Lexus GX 470 - found: 87, pass primary filters: 11, did not pass the filter by colors: 0, did not pass the filter by options: 0, added: 11, new vincodes: 2
08-01-2014 15:12:26 --- INFO: Lexus LX 470 - found: 39, pass primary filters: 13, did not pass the filter by colors: 0, did not pass the filter by options: 0, added: 13, new vincodes: 3
08-01-2014 15:12:29 --- INFO: Toyota Sequoia - found: 0, pass primary filters: 0, did not pass the filter by colors: 0, did not pass the filter by options: 0, added: 0, new vincodes: 0
08-01-2014 15:12:31 --- INFO: Toyota Land Cruiser - found: 0, pass primary filters: 0, did not pass the filter by colors: 0, did not pass the filter by options: 0, added: 0, new vincodes: 0
08-01-2014 15:19:18 --- INFO: Lexus LX 570 - found: 18, pass primary filters: 17, did not pass the filter by colors: 0, did not pass the filter by options: 0, added: 17, new vincodes: 4
08-01-2014 15:19:20 --- INFO: Toyota Venza - found: 0, pass primary filters: 0, did not pass the filter by colors: 0, did not pass the filter by options: 0, added: 0, new vincodes: 0
08-01-2014 15:19:23 --- INFO: Toyota 4runner 2010 - found: 0, pass primary filters: 0, did not pass the filter by colors: 0, did not pass the filter by options: 0, added: 0, new vincodes: 0
08-01-2014 15:19:25 --- INFO: Toyota 4RUNNER 4WD V6 - found: 0, pass primary filters: 0, did not pass the filter by colors: 0, did not pass the filter by options: 0, added: 0, new vincodes: 0
08-01-2014 15:19:28 --- INFO: Toyota RAV 4 - found: 0, pass primary filters: 0, did not pass the filter by colors: 0, did not pass the filter by options: 0, added: 0, new vincodes: 0
08-01-2014 15:19:30 --- INFO: Toyota Highlander 4WD - found: 0, pass primary filters: 0, did not pass the filter by colors: 0, did not pass the filter by options: 0, added: 0, new vincodes: 0
08-01-2014 15:19:32 --- INFO: Toyota Highlander - found: 0, pass primary filters: 0, did not pass the filter by colors: 0, did not pass the filter by options: 0, added: 0, new vincodes: 0
08-01-2014 15:41:46 --- INFO: Lexus RX 350 - found: 175, pass primary filters: 16, did not pass the filter by colors: 0, did not pass the filter by options: 0, added: 16, new vincodes: 6
08-01-2014 15:41:49 --- INFO: Toyota 4RUNNER Limited V6 - found: 0, pass primary filters: 0, did not pass the filter by colors: 0, did not pass the filter by options: 0, added: 0, new vincodes: 0
08-01-2014 15:41:52 --- INFO: Lexus GX 460 - found: 1, pass primary filters: 1, did not pass the filter by colors: 0, did not pass the filter by options: 0, added: 1, new vincodes: 1
08-01-2014 15:44:59 --- INFO: Lexus RX 350 - found: 23, pass primary filters: 12, did not pass the filter by colors: 0, did not pass the filter by options: 0, added: 12, new vincodes: 3
08-01-2014 15:49:44 --- INFO: Toyota Highlander - found: 21, pass primary filters: 19, did not pass the filter by colors: 0, did not pass the filter by options: 0, added: 19, new vincodes: 3
08-01-2014 15:50:05 --- INFO: Lexus GS300 - found: 24, pass primary filters: 5, did not pass the filter by colors: 0, did not pass the filter by options: 0, added: 5, new vincodes: 1
08-01-2014 15:52:06 --- INFO: Toyota FJ cruiser - found: 28, pass primary filters: 3, did not pass the filter by colors: 0, did not pass the filter by options: 0, added: 3, new vincodes: 2
08-01-2014 15:54:41 --- INFO: Lexus RX 350 2013 - found: 29, pass primary filters: 0, did not pass the filter by colors: 0, did not pass the filter by options: 0, added: 0, new vincodes: 0
08-01-2014 15:54:41 --- INFO: finish: 08-01-2014 15:54:41
08-01-2014 15:54:41 --- INFO: elapsed time: ~5394.63 sec., memory usage: ~7.14 Mb.