
09-01-2014 09:47:55 --- INFO: start: 09-01-2014 09:47:55
09-01-2014 09:47:55 --- INFO: ----------Source_Adesa (apache2handler)
09-01-2014 09:47:56 --- INFO: Authorized request
09-01-2014 09:49:14 --- INFO: Lexus RX 330 - found: 20, pass primary filters: 9, did not pass the filter by colors: 7, did not pass the filter by options: 2, added: 0, new vincodes: 6
09-01-2014 09:49:18 --- INFO: Lexus RX 400H - found: 10, pass primary filters: 8, did not pass the filter by colors: 5, did not pass the filter by options: 0, added: 3, new vincodes: 2
09-01-2014 09:49:19 --- INFO: Lexus GX 470 - found: 1, pass primary filters: 0, did not pass the filter by colors: 0, did not pass the filter by options: 0, added: 0, new vincodes: 0
09-01-2014 09:51:25 --- INFO: Lexus GX 470 - found: 24, pass primary filters: 23, did not pass the filter by colors: 16, did not pass the filter by options: 4, added: 3, new vincodes: 12
09-01-2014 09:51:31 --- INFO: Lexus LX 470 - found: 7, pass primary filters: 7, did not pass the filter by colors: 5, did not pass the filter by options: , added: 2, new vincodes: 3
09-01-2014 09:51:32 --- INFO: Toyota Sequoia - found: 0, pass primary filters: 0, did not pass the filter by colors: 0, did not pass the filter by options: 0, added: 0, new vincodes: 0
09-01-2014 09:51:34 --- INFO: Toyota Land Cruiser - found: 4, pass primary filters: 4, did not pass the filter by colors: 4, did not pass the filter by options: , added: 0, new vincodes: 3
09-01-2014 09:51:35 --- INFO: Lexus LX 570 - found: 0, pass primary filters: 0, did not pass the filter by colors: 0, did not pass the filter by options: 0, added: 0, new vincodes: 0
09-01-2014 09:51:36 --- INFO: Toyota Venza - found: 0, pass primary filters: 0, did not pass the filter by colors: 0, did not pass the filter by options: 0, added: 0, new vincodes: 0
09-01-2014 09:51:37 --- INFO: Toyota 4runner 2010 - found: 0, pass primary filters: 0, did not pass the filter by colors: 0, did not pass the filter by options: 0, added: 0, new vincodes: 0
09-01-2014 09:54:14 --- INFO: Toyota 4RUNNER 4WD V6 - found: 34, pass primary filters: 11, did not pass the filter by colors: 1, did not pass the filter by options: , added: 10, new vincodes: 7
09-01-2014 09:54:15 --- INFO: Toyota FJ cruiser - found: 11, pass primary filters: 0, did not pass the filter by colors: 0, did not pass the filter by options: 0, added: 0, new vincodes: 0
09-01-2014 09:54:16 --- INFO: Lexus RX 350 2013 - found: 0, pass primary filters: 0, did not pass the filter by colors: 0, did not pass the filter by options: 0, added: 0, new vincodes: 0
09-01-2014 09:55:00 --- INFO: Toyota Highlander - found: 63, pass primary filters: 7, did not pass the filter by colors: 4, did not pass the filter by options: , added: 3, new vincodes: 5
09-01-2014 10:00:16 --- INFO: Lexus RX 350 - found: 55, pass primary filters: 26, did not pass the filter by colors: 14, did not pass the filter by options: 6, added: 6, new vincodes: 13
09-01-2014 10:00:18 --- INFO: Toyota 4RUNNER Limited V6 - found: 40, pass primary filters: 5, did not pass the filter by colors: 0, did not pass the filter by options: , added: 5, new vincodes: 4
09-01-2014 10:00:18 --- INFO: finish: 09-01-2014 10:00:18
09-01-2014 10:00:18 --- INFO: elapsed time: ~743.26 sec., memory usage: ~4.5 Mb.
09-01-2014 10:10:03 --- INFO: start: 09-01-2014 10:10:03
09-01-2014 10:10:03 --- INFO: ----------Source_Oodle (apache2handler)
09-01-2014 10:10:05 --- INFO: Toyota Highlander - found: 22, pass primary filters: 19, did not pass the filter by colors: 0, did not pass the filter by options: 0, added: 19, new vincodes: 0
09-01-2014 10:10:10 --- INFO: Lexus RX 330 - found: 225, pass primary filters: 1, did not pass the filter by colors: 0, did not pass the filter by options: 0, added: 1, new vincodes: 0
09-01-2014 10:10:11 --- INFO: Lexus RX 400H - found: 0, pass primary filters: 0, did not pass the filter by colors: 0, did not pass the filter by options: 0, added: 0, new vincodes: 0
09-01-2014 10:10:12 --- INFO: Lexus GX 470 - found: 16, pass primary filters: 10, did not pass the filter by colors: 0, did not pass the filter by options: 0, added: 10, new vincodes: 0
09-01-2014 10:10:45 --- INFO: Lexus GX 470 - found: 178, pass primary filters: 7, did not pass the filter by colors: 0, did not pass the filter by options: 0, added: 7, new vincodes: 0
09-01-2014 10:11:32 --- INFO: Lexus LX 470 - found: 71, pass primary filters: 10, did not pass the filter by colors: 0, did not pass the filter by options: 0, added: 10, new vincodes: 0
09-01-2014 10:11:34 --- INFO: Toyota Sequoia - found: 75, pass primary filters: 6, did not pass the filter by colors: 0, did not pass the filter by options: 0, added: 6, new vincodes: 0
09-01-2014 10:11:35 --- INFO: Toyota Land Cruiser - found: 24, pass primary filters: 11, did not pass the filter by colors: 0, did not pass the filter by options: 0, added: 11, new vincodes: 0
09-01-2014 10:11:36 --- INFO: Lexus LX 570 - found: 0, pass primary filters: 0, did not pass the filter by colors: 0, did not pass the filter by options: 0, added: 0, new vincodes: 0
09-01-2014 10:11:36 --- INFO: Toyota Venza - found: 0, pass primary filters: 0, did not pass the filter by colors: 0, did not pass the filter by options: 0, added: 0, new vincodes: 0
09-01-2014 10:11:37 --- INFO: Toyota 4runner 2010 - found: 4, pass primary filters: 3, did not pass the filter by colors: 0, did not pass the filter by options: 0, added: 3, new vincodes: 0
09-01-2014 10:11:47 --- INFO: Toyota 4RUNNER 4WD V6 - found: 439, pass primary filters: 0, did not pass the filter by colors: 0, did not pass the filter by options: 0, added: 0, new vincodes: 0
09-01-2014 10:12:48 --- INFO: Toyota RAV 4 - found: 2886, pass primary filters: 0, did not pass the filter by colors: 0, did not pass the filter by options: 0, added: 0, new vincodes: 0
09-01-2014 10:12:57 --- INFO: Toyota Highlander 4WD - found: 441, pass primary filters: 0, did not pass the filter by colors: 0, did not pass the filter by options: 0, added: 0, new vincodes: 0
09-01-2014 10:13:08 --- INFO: Toyota Highlander - found: 441, pass primary filters: 0, did not pass the filter by colors: 0, did not pass the filter by options: 0, added: 0, new vincodes: 0
09-01-2014 10:13:23 --- INFO: Lexus RX 350 - found: 622, pass primary filters: 2, did not pass the filter by colors: 0, did not pass the filter by options: 0, added: 2, new vincodes: 0
09-01-2014 10:13:35 --- INFO: Toyota 4RUNNER Limited V6 - found: 507, pass primary filters: 0, did not pass the filter by colors: 0, did not pass the filter by options: 0, added: 0, new vincodes: 0
09-01-2014 10:13:35 --- INFO: Lexus GX 460 - found: 0, pass primary filters: 0, did not pass the filter by colors: 0, did not pass the filter by options: 0, added: 0, new vincodes: 0
09-01-2014 10:13:36 --- INFO: Lexus RX 350 - found: 10, pass primary filters: 6, did not pass the filter by colors: 0, did not pass the filter by options: 0, added: 6, new vincodes: 0
09-01-2014 10:13:50 --- INFO: Lexus GS300 - found: 97, pass primary filters: 5, did not pass the filter by colors: 0, did not pass the filter by options: 0, added: 5, new vincodes: 0
09-01-2014 10:13:52 --- INFO: Toyota FJ cruiser - found: 78, pass primary filters: 0, did not pass the filter by colors: 0, did not pass the filter by options: 0, added: 0, new vincodes: 0
09-01-2014 10:14:11 --- INFO: Lexus RX 350 2013 - found: 68, pass primary filters: 3, did not pass the filter by colors: 0, did not pass the filter by options: 0, added: 3, new vincodes: 1
09-01-2014 10:14:11 --- INFO: finish: 09-01-2014 10:14:11
09-01-2014 10:14:11 --- INFO: elapsed time: ~247.49 sec., memory usage: ~5.81 Mb.
09-01-2014 23:07:22 --- INFO: start: 09-01-2014 23:07:22
09-01-2014 23:07:22 --- INFO: ----------Source_Oodle (apache2handler)
09-01-2014 23:07:25 --- INFO: Toyota Highlander - found: 23, pass primary filters: 20, did not pass the filter by colors: 0, did not pass the filter by options: 0, added: 20, new vincodes: 0
09-01-2014 23:07:33 --- INFO: Lexus RX 330 - found: 226, pass primary filters: 1, did not pass the filter by colors: 0, did not pass the filter by options: 0, added: 1, new vincodes: 0
09-01-2014 23:07:33 --- INFO: Lexus RX 400H - found: 0, pass primary filters: 0, did not pass the filter by colors: 0, did not pass the filter by options: 0, added: 0, new vincodes: 0
09-01-2014 23:07:35 --- INFO: Lexus GX 470 - found: 16, pass primary filters: 10, did not pass the filter by colors: 0, did not pass the filter by options: 0, added: 10, new vincodes: 0
09-01-2014 23:07:53 --- INFO: Lexus GX 470 - found: 181, pass primary filters: 8, did not pass the filter by colors: 0, did not pass the filter by options: 0, added: 8, new vincodes: 0
09-01-2014 23:07:58 --- INFO: Lexus LX 470 - found: 73, pass primary filters: 11, did not pass the filter by colors: 0, did not pass the filter by options: 0, added: 11, new vincodes: 0
09-01-2014 23:08:21 --- INFO: Toyota Sequoia - found: 74, pass primary filters: 6, did not pass the filter by colors: 0, did not pass the filter by options: 0, added: 6, new vincodes: 0
09-01-2014 23:08:24 --- INFO: Toyota Land Cruiser - found: 25, pass primary filters: 13, did not pass the filter by colors: 0, did not pass the filter by options: 0, added: 13, new vincodes: 0
09-01-2014 23:08:24 --- INFO: Lexus LX 570 - found: 0, pass primary filters: 0, did not pass the filter by colors: 0, did not pass the filter by options: 0, added: 0, new vincodes: 0
09-01-2014 23:08:24 --- INFO: Toyota Venza - found: 0, pass primary filters: 0, did not pass the filter by colors: 0, did not pass the filter by options: 0, added: 0, new vincodes: 0
09-01-2014 23:08:26 --- INFO: Toyota 4runner 2010 - found: 4, pass primary filters: 3, did not pass the filter by colors: 0, did not pass the filter by options: 0, added: 3, new vincodes: 0
09-01-2014 23:08:36 --- INFO: Toyota 4RUNNER 4WD V6 - found: 437, pass primary filters: 0, did not pass the filter by colors: 0, did not pass the filter by options: 0, added: 0, new vincodes: 0
09-01-2014 23:09:38 --- INFO: Toyota RAV 4 - found: 2920, pass primary filters: 0, did not pass the filter by colors: 0, did not pass the filter by options: 0, added: 0, new vincodes: 0
09-01-2014 23:09:49 --- INFO: Toyota Highlander 4WD - found: 437, pass primary filters: 0, did not pass the filter by colors: 0, did not pass the filter by options: 0, added: 0, new vincodes: 0
09-01-2014 23:09:58 --- INFO: Toyota Highlander - found: 437, pass primary filters: 0, did not pass the filter by colors: 0, did not pass the filter by options: 0, added: 0, new vincodes: 0
09-01-2014 23:10:16 --- INFO: Lexus RX 350 - found: 628, pass primary filters: 2, did not pass the filter by colors: 0, did not pass the filter by options: 0, added: 2, new vincodes: 0
09-01-2014 23:10:29 --- INFO: Toyota 4RUNNER Limited V6 - found: 506, pass primary filters: 0, did not pass the filter by colors: 0, did not pass the filter by options: 0, added: 0, new vincodes: 0
09-01-2014 23:10:29 --- INFO: Lexus GX 460 - found: 0, pass primary filters: 0, did not pass the filter by colors: 0, did not pass the filter by options: 0, added: 0, new vincodes: 0
09-01-2014 23:10:30 --- INFO: Lexus RX 350 - found: 10, pass primary filters: 6, did not pass the filter by colors: 0, did not pass the filter by options: 0, added: 6, new vincodes: 0
09-01-2014 23:10:50 --- INFO: Lexus GS300 - found: 98, pass primary filters: 5, did not pass the filter by colors: 0, did not pass the filter by options: 0, added: 5, new vincodes: 0
09-01-2014 23:10:52 --- INFO: Toyota FJ cruiser - found: 72, pass primary filters: 0, did not pass the filter by colors: 0, did not pass the filter by options: 0, added: 0, new vincodes: 0
09-01-2014 23:10:55 --- INFO: Lexus RX 350 2013 - found: 65, pass primary filters: 1, did not pass the filter by colors: 0, did not pass the filter by options: 0, added: 1, new vincodes: 0
09-01-2014 23:10:55 --- INFO: finish: 09-01-2014 23:10:55
09-01-2014 23:10:55 --- INFO: elapsed time: ~212.93 sec., memory usage: ~5.74 Mb.