
09-12-2013 02:00:01 --- INFO: start: 09-12-2013 02:00:01
09-12-2013 02:00:02 --- INFO: ----------Source_Adesa (cli)
09-12-2013 02:00:05 --- INFO: Authorized request
09-12-2013 02:00:06 --- INFO: Lexus RX 330 - found: 5, pass primary filters: 4, did not pass the filter by colors: 4, did not pass the filter by options: 0, added: 0, new vincodes: 0
09-12-2013 02:00:06 --- INFO: Lexus RX 400H - found: 2, pass primary filters: 2, did not pass the filter by colors: 1, did not pass the filter by options: 1, added: 0, new vincodes: 0
09-12-2013 02:00:07 --- INFO: Lexus GX 470 - found: 0, pass primary filters: 0, did not pass the filter by colors: 0, did not pass the filter by options: 0, added: 0, new vincodes: 0
09-12-2013 02:00:07 --- INFO: Lexus GX 470 - found: 1, pass primary filters: 1, did not pass the filter by colors: 0, did not pass the filter by options: 1, added: 0, new vincodes: 0
09-12-2013 02:00:08 --- INFO: Lexus LX 470 - found: 1, pass primary filters: 1, did not pass the filter by colors: 1, did not pass the filter by options: , added: 0, new vincodes: 0
09-12-2013 02:00:08 --- INFO: Toyota Sequoia - found: 0, pass primary filters: 0, did not pass the filter by colors: 0, did not pass the filter by options: 0, added: 0, new vincodes: 0
09-12-2013 02:00:09 --- INFO: Toyota Land Cruiser - found: 0, pass primary filters: 0, did not pass the filter by colors: 0, did not pass the filter by options: 0, added: 0, new vincodes: 0
09-12-2013 02:00:09 --- INFO: Lexus LX 570 - found: 0, pass primary filters: 0, did not pass the filter by colors: 0, did not pass the filter by options: 0, added: 0, new vincodes: 0
09-12-2013 02:00:10 --- INFO: Toyota Venza - found: 0, pass primary filters: 0, did not pass the filter by colors: 0, did not pass the filter by options: 0, added: 0, new vincodes: 0
09-12-2013 02:00:10 --- INFO: Toyota 4runner 2010 - found: 0, pass primary filters: 0, did not pass the filter by colors: 0, did not pass the filter by options: 0, added: 0, new vincodes: 0
09-12-2013 02:00:11 --- INFO: Toyota 4RUNNER 4WD V6 - found: 14, pass primary filters: 5, did not pass the filter by colors: 2, did not pass the filter by options: , added: 3, new vincodes: 0
09-12-2013 02:00:12 --- INFO: Toyota FJ cruiser - found: 4, pass primary filters: 0, did not pass the filter by colors: 0, did not pass the filter by options: 0, added: 0, new vincodes: 0
09-12-2013 02:00:12 --- INFO: Lexus RX 350 2013 - found: 0, pass primary filters: 0, did not pass the filter by colors: 0, did not pass the filter by options: 0, added: 0, new vincodes: 0
09-12-2013 02:00:13 --- INFO: Toyota Highlander - found: 12, pass primary filters: 4, did not pass the filter by colors: 3, did not pass the filter by options: , added: 1, new vincodes: 0
09-12-2013 02:00:14 --- INFO: Lexus RX 350 - found: 11, pass primary filters: 9, did not pass the filter by colors: 5, did not pass the filter by options: 3, added: 1, new vincodes: 0
09-12-2013 02:00:14 --- INFO: Toyota 4RUNNER Limited V6 - found: 14, pass primary filters: 0, did not pass the filter by colors: 0, did not pass the filter by options: 0, added: 0, new vincodes: 0
09-12-2013 02:00:14 --- INFO: finish: 09-12-2013 02:00:14
09-12-2013 02:00:14 --- INFO: elapsed time: ~12.78 sec., memory usage: ~1.92 Mb.
09-12-2013 02:30:01 --- INFO: start: 09-12-2013 02:30:01
09-12-2013 02:30:01 --- INFO: ----------Source_ExpOfCars (cli)
09-12-2013 02:30:04 --- INFO: Lexus RX 330 - found: 21, pass primary filters: 12, did not pass the filter by colors: 0, did not pass the filter by options: 0, added: 12, new vincodes: 0
09-12-2013 02:30:06 --- INFO: Lexus RX 400H - found: 16, pass primary filters: 13, did not pass the filter by colors: 0, did not pass the filter by options: 0, added: 13, new vincodes: 0
09-12-2013 02:30:07 --- INFO: Lexus GX 470 - found: 11, pass primary filters: 11, did not pass the filter by colors: 0, did not pass the filter by options: 0, added: 11, new vincodes: 0
09-12-2013 02:30:11 --- INFO: Lexus GX 470 - found: 50, pass primary filters: 50, did not pass the filter by colors: 0, did not pass the filter by options: 0, added: 50, new vincodes: 0
09-12-2013 02:30:13 --- INFO: Lexus LX 470 - found: 15, pass primary filters: 15, did not pass the filter by colors: 0, did not pass the filter by options: 0, added: 15, new vincodes: 0
09-12-2013 02:30:15 --- INFO: Toyota Sequoia - found: 21, pass primary filters: 21, did not pass the filter by colors: 0, did not pass the filter by options: 0, added: 21, new vincodes: 0
09-12-2013 02:30:17 --- INFO: Toyota Land Cruiser - found: 12, pass primary filters: 12, did not pass the filter by colors: 0, did not pass the filter by options: 0, added: 12, new vincodes: 0
09-12-2013 02:30:19 --- INFO: Lexus LX 570 - found: 16, pass primary filters: 16, did not pass the filter by colors: 0, did not pass the filter by options: 0, added: 16, new vincodes: 0
09-12-2013 02:30:20 --- INFO: Toyota Venza - found: 8, pass primary filters: 8, did not pass the filter by colors: 0, did not pass the filter by options: 0, added: 8, new vincodes: 0
09-12-2013 02:30:20 --- INFO: Toyota 4runner 2010 - found: 1, pass primary filters: 1, did not pass the filter by colors: 0, did not pass the filter by options: 0, added: 1, new vincodes: 0
09-12-2013 02:30:22 --- INFO: Toyota 4RUNNER 4WD V6 - found: 42, pass primary filters: 16, did not pass the filter by colors: 0, did not pass the filter by options: 0, added: 16, new vincodes: 0
09-12-2013 02:30:35 --- INFO: Toyota RAV 4 - found: 456, pass primary filters: 0, did not pass the filter by colors: 0, did not pass the filter by options: 0, added: 0, new vincodes: 0
09-12-2013 02:30:38 --- INFO: Toyota Highlander 4WD - found: 64, pass primary filters: 5, did not pass the filter by colors: 0, did not pass the filter by options: 0, added: 5, new vincodes: 0
09-12-2013 02:30:42 --- INFO: Toyota Highlander - found: 64, pass primary filters: 20, did not pass the filter by colors: 0, did not pass the filter by options: 0, added: 20, new vincodes: 0
09-12-2013 02:30:48 --- INFO: Lexus RX 350 - found: 107, pass primary filters: 71, did not pass the filter by colors: 0, did not pass the filter by options: 0, added: 71, new vincodes: 0
09-12-2013 02:30:51 --- INFO: Toyota 4RUNNER Limited V6 - found: 56, pass primary filters: 2, did not pass the filter by colors: 0, did not pass the filter by options: 0, added: 2, new vincodes: 0
09-12-2013 02:30:51 --- INFO: Lexus GX 460 - found: 1, pass primary filters: 1, did not pass the filter by colors: 0, did not pass the filter by options: 0, added: 1, new vincodes: 0
09-12-2013 02:30:53 --- INFO: Lexus RX 350 - found: 12, pass primary filters: 12, did not pass the filter by colors: 0, did not pass the filter by options: 0, added: 12, new vincodes: 0
09-12-2013 02:30:54 --- INFO: Toyota Highlander - found: 22, pass primary filters: 22, did not pass the filter by colors: 0, did not pass the filter by options: 0, added: 22, new vincodes: 0
09-12-2013 02:30:55 --- INFO: Lexus GS300 - found: 18, pass primary filters: 4, did not pass the filter by colors: 0, did not pass the filter by options: 0, added: 4, new vincodes: 0
09-12-2013 02:30:55 --- INFO: finish: 09-12-2013 02:30:55
09-12-2013 02:30:55 --- INFO: elapsed time: ~54.52 sec., memory usage: ~3.34 Mb.
09-12-2013 02:45:02 --- INFO: start: 09-12-2013 02:45:02
09-12-2013 02:45:02 --- INFO: ----------Source_Oodle (cli)
09-12-2013 02:45:04 --- INFO: Toyota Highlander - found: 28, pass primary filters: 24, did not pass the filter by colors: 0, did not pass the filter by options: 0, added: 24, new vincodes: 1
09-12-2013 02:45:09 --- INFO: Lexus RX 330 - found: 217, pass primary filters: 0, did not pass the filter by colors: 0, did not pass the filter by options: 0, added: 0, new vincodes: 0
09-12-2013 02:45:10 --- INFO: Lexus RX 400H - found: 0, pass primary filters: 0, did not pass the filter by colors: 0, did not pass the filter by options: 0, added: 0, new vincodes: 0
09-12-2013 02:45:11 --- INFO: Lexus GX 470 - found: 14, pass primary filters: 9, did not pass the filter by colors: 0, did not pass the filter by options: 0, added: 9, new vincodes: 0
09-12-2013 02:45:16 --- INFO: Lexus GX 470 - found: 190, pass primary filters: 7, did not pass the filter by colors: 0, did not pass the filter by options: 0, added: 7, new vincodes: 0
09-12-2013 02:45:31 --- INFO: Lexus LX 470 - found: 70, pass primary filters: 10, did not pass the filter by colors: 0, did not pass the filter by options: 0, added: 10, new vincodes: 0
09-12-2013 02:45:33 --- INFO: Toyota Sequoia - found: 77, pass primary filters: 6, did not pass the filter by colors: 0, did not pass the filter by options: 0, added: 6, new vincodes: 0
09-12-2013 02:45:34 --- INFO: Toyota Land Cruiser - found: 25, pass primary filters: 10, did not pass the filter by colors: 0, did not pass the filter by options: 0, added: 10, new vincodes: 0
09-12-2013 02:45:34 --- INFO: Lexus LX 570 - found: 0, pass primary filters: 0, did not pass the filter by colors: 0, did not pass the filter by options: 0, added: 0, new vincodes: 0
09-12-2013 02:45:35 --- INFO: Toyota Venza - found: 0, pass primary filters: 0, did not pass the filter by colors: 0, did not pass the filter by options: 0, added: 0, new vincodes: 0
09-12-2013 02:45:35 --- INFO: Toyota 4runner 2010 - found: 2, pass primary filters: 1, did not pass the filter by colors: 0, did not pass the filter by options: 0, added: 1, new vincodes: 0
09-12-2013 02:45:45 --- INFO: Toyota 4RUNNER 4WD V6 - found: 457, pass primary filters: 0, did not pass the filter by colors: 0, did not pass the filter by options: 0, added: 0, new vincodes: 0
09-12-2013 02:46:48 --- INFO: Toyota RAV 4 - found: 3266, pass primary filters: 0, did not pass the filter by colors: 0, did not pass the filter by options: 0, added: 0, new vincodes: 0
09-12-2013 02:46:58 --- INFO: Toyota Highlander 4WD - found: 475, pass primary filters: 0, did not pass the filter by colors: 0, did not pass the filter by options: 0, added: 0, new vincodes: 0
09-12-2013 02:47:08 --- INFO: Toyota Highlander - found: 475, pass primary filters: 0, did not pass the filter by colors: 0, did not pass the filter by options: 0, added: 0, new vincodes: 0
09-12-2013 02:47:21 --- INFO: Lexus RX 350 - found: 627, pass primary filters: 2, did not pass the filter by colors: 0, did not pass the filter by options: 0, added: 2, new vincodes: 0
09-12-2013 02:47:32 --- INFO: Toyota 4RUNNER Limited V6 - found: 535, pass primary filters: 0, did not pass the filter by colors: 0, did not pass the filter by options: 0, added: 0, new vincodes: 0
09-12-2013 02:47:33 --- INFO: Lexus GX 460 - found: 0, pass primary filters: 0, did not pass the filter by colors: 0, did not pass the filter by options: 0, added: 0, new vincodes: 0
09-12-2013 02:47:33 --- INFO: Lexus RX 350 - found: 11, pass primary filters: 5, did not pass the filter by colors: 0, did not pass the filter by options: 0, added: 5, new vincodes: 0
09-12-2013 02:47:35 --- INFO: Lexus GS300 - found: 81, pass primary filters: 3, did not pass the filter by colors: 0, did not pass the filter by options: 0, added: 3, new vincodes: 0
09-12-2013 02:47:38 --- INFO: Toyota FJ cruiser - found: 89, pass primary filters: 0, did not pass the filter by colors: 0, did not pass the filter by options: 0, added: 0, new vincodes: 0
09-12-2013 02:47:40 --- INFO: Lexus RX 350 2013 - found: 60, pass primary filters: 1, did not pass the filter by colors: 0, did not pass the filter by options: 0, added: 1, new vincodes: 0
09-12-2013 02:47:40 --- INFO: finish: 09-12-2013 02:47:40
09-12-2013 02:47:40 --- INFO: elapsed time: ~158.48 sec., memory usage: ~3.8 Mb.
09-12-2013 03:00:01 --- INFO: start: 09-12-2013 03:00:01
09-12-2013 03:00:01 --- INFO: ----------Source_AutoSalon (cli)
09-12-2013 03:00:14 --- INFO: Lexus RX 330 - found: 56, pass primary filters: 0, did not pass the filter by colors: 0, did not pass the filter by options: 0, added: 0, new vincodes: 0
09-12-2013 03:00:16 --- INFO: Lexus RX 400H - found: 0, pass primary filters: 0, did not pass the filter by colors: 0, did not pass the filter by options: 0, added: 0, new vincodes: 0
09-12-2013 03:00:20 --- INFO: Lexus GX 470 - found: 13, pass primary filters: 9, did not pass the filter by colors: 0, did not pass the filter by options: 0, added: 9, new vincodes: 0
09-12-2013 03:00:55 --- INFO: Lexus GX 470 - found: 78, pass primary filters: 3, did not pass the filter by colors: 0, did not pass the filter by options: 0, added: 3, new vincodes: 0
09-12-2013 03:01:18 --- INFO: Lexus LX 470 - found: 31, pass primary filters: 3, did not pass the filter by colors: 0, did not pass the filter by options: 0, added: 3, new vincodes: 0
09-12-2013 03:01:21 --- INFO: Toyota Sequoia - found: 0, pass primary filters: 0, did not pass the filter by colors: 0, did not pass the filter by options: 0, added: 0, new vincodes: 0
09-12-2013 03:01:23 --- INFO: Toyota Land Cruiser - found: 0, pass primary filters: 0, did not pass the filter by colors: 0, did not pass the filter by options: 0, added: 0, new vincodes: 0
09-12-2013 03:01:33 --- INFO: Lexus LX 570 - found: 20, pass primary filters: 16, did not pass the filter by colors: 0, did not pass the filter by options: 0, added: 16, new vincodes: 0
09-12-2013 03:01:36 --- INFO: Toyota Venza - found: 0, pass primary filters: 0, did not pass the filter by colors: 0, did not pass the filter by options: 0, added: 0, new vincodes: 0
09-12-2013 03:01:38 --- INFO: Toyota 4runner 2010 - found: 0, pass primary filters: 0, did not pass the filter by colors: 0, did not pass the filter by options: 0, added: 0, new vincodes: 0
09-12-2013 03:01:41 --- INFO: Toyota 4RUNNER 4WD V6 - found: 0, pass primary filters: 0, did not pass the filter by colors: 0, did not pass the filter by options: 0, added: 0, new vincodes: 0
09-12-2013 03:01:43 --- INFO: Toyota RAV 4 - found: 0, pass primary filters: 0, did not pass the filter by colors: 0, did not pass the filter by options: 0, added: 0, new vincodes: 0
09-12-2013 03:01:46 --- INFO: Toyota Highlander 4WD - found: 0, pass primary filters: 0, did not pass the filter by colors: 0, did not pass the filter by options: 0, added: 0, new vincodes: 0
09-12-2013 03:01:48 --- INFO: Toyota Highlander - found: 0, pass primary filters: 0, did not pass the filter by colors: 0, did not pass the filter by options: 0, added: 0, new vincodes: 0
09-12-2013 03:02:13 --- INFO: Lexus RX 350 - found: 118, pass primary filters: 12, did not pass the filter by colors: 0, did not pass the filter by options: 0, added: 12, new vincodes: 0
09-12-2013 03:02:15 --- INFO: Toyota 4RUNNER Limited V6 - found: 0, pass primary filters: 0, did not pass the filter by colors: 0, did not pass the filter by options: 0, added: 0, new vincodes: 0
09-12-2013 03:02:18 --- INFO: Lexus GX 460 - found: 1, pass primary filters: 1, did not pass the filter by colors: 0, did not pass the filter by options: 0, added: 1, new vincodes: 0
09-12-2013 03:02:24 --- INFO: Lexus RX 350 - found: 15, pass primary filters: 3, did not pass the filter by colors: 0, did not pass the filter by options: 0, added: 3, new vincodes: 0
09-12-2013 03:02:34 --- INFO: Toyota Highlander - found: 24, pass primary filters: 20, did not pass the filter by colors: 0, did not pass the filter by options: 0, added: 20, new vincodes: 0
09-12-2013 03:04:26 --- INFO: Lexus GS300 - found: 26, pass primary filters: 0, did not pass the filter by colors: 0, did not pass the filter by options: 0, added: 0, new vincodes: 0
09-12-2013 03:04:35 --- INFO: Toyota FJ cruiser - found: 26, pass primary filters: 0, did not pass the filter by colors: 0, did not pass the filter by options: 0, added: 0, new vincodes: 0
09-12-2013 03:04:46 --- INFO: Lexus RX 350 2013 - found: 33, pass primary filters: 1, did not pass the filter by colors: 0, did not pass the filter by options: 0, added: 1, new vincodes: 0
09-12-2013 03:04:46 --- INFO: finish: 09-12-2013 03:04:46
09-12-2013 03:04:46 --- INFO: elapsed time: ~284.41 sec., memory usage: ~2.9 Mb.
09-12-2013 06:00:06 --- INFO: start: 09-12-2013 06:00:06
09-12-2013 06:00:06 --- INFO: ----------Source_Adesa (cli)
09-12-2013 06:00:07 --- INFO: Authorized request
09-12-2013 06:00:17 --- INFO: Lexus RX 330 - found: 5, pass primary filters: 4, did not pass the filter by colors: 4, did not pass the filter by options: 0, added: 0, new vincodes: 0
09-12-2013 06:00:18 --- INFO: Lexus RX 400H - found: 2, pass primary filters: 2, did not pass the filter by colors: 1, did not pass the filter by options: 1, added: 0, new vincodes: 0
09-12-2013 06:00:18 --- INFO: Lexus GX 470 - found: 0, pass primary filters: 0, did not pass the filter by colors: 0, did not pass the filter by options: 0, added: 0, new vincodes: 0
09-12-2013 06:00:19 --- INFO: Lexus GX 470 - found: 1, pass primary filters: 1, did not pass the filter by colors: 0, did not pass the filter by options: 1, added: 0, new vincodes: 0
09-12-2013 06:00:36 --- INFO: Lexus LX 470 - found: 1, pass primary filters: 1, did not pass the filter by colors: 1, did not pass the filter by options: , added: 0, new vincodes: 0
09-12-2013 06:00:37 --- INFO: Toyota Sequoia - found: 0, pass primary filters: 0, did not pass the filter by colors: 0, did not pass the filter by options: 0, added: 0, new vincodes: 0
09-12-2013 06:00:37 --- INFO: Toyota Land Cruiser - found: 0, pass primary filters: 0, did not pass the filter by colors: 0, did not pass the filter by options: 0, added: 0, new vincodes: 0
09-12-2013 06:00:38 --- INFO: Lexus LX 570 - found: 0, pass primary filters: 0, did not pass the filter by colors: 0, did not pass the filter by options: 0, added: 0, new vincodes: 0
09-12-2013 06:00:38 --- INFO: Toyota Venza - found: 0, pass primary filters: 0, did not pass the filter by colors: 0, did not pass the filter by options: 0, added: 0, new vincodes: 0
09-12-2013 06:00:39 --- INFO: Toyota 4runner 2010 - found: 0, pass primary filters: 0, did not pass the filter by colors: 0, did not pass the filter by options: 0, added: 0, new vincodes: 0
09-12-2013 06:00:40 --- INFO: Toyota 4RUNNER 4WD V6 - found: 14, pass primary filters: 5, did not pass the filter by colors: 2, did not pass the filter by options: , added: 3, new vincodes: 0
09-12-2013 06:00:47 --- INFO: Toyota FJ cruiser - found: 4, pass primary filters: 0, did not pass the filter by colors: 0, did not pass the filter by options: 0, added: 0, new vincodes: 0
09-12-2013 06:00:48 --- INFO: Lexus RX 350 2013 - found: 0, pass primary filters: 0, did not pass the filter by colors: 0, did not pass the filter by options: 0, added: 0, new vincodes: 0
09-12-2013 06:00:49 --- INFO: Toyota Highlander - found: 12, pass primary filters: 4, did not pass the filter by colors: 3, did not pass the filter by options: , added: 1, new vincodes: 0
09-12-2013 06:00:50 --- INFO: Lexus RX 350 - found: 11, pass primary filters: 9, did not pass the filter by colors: 5, did not pass the filter by options: 3, added: 1, new vincodes: 0
09-12-2013 06:00:50 --- INFO: Toyota 4RUNNER Limited V6 - found: 14, pass primary filters: 0, did not pass the filter by colors: 0, did not pass the filter by options: 0, added: 0, new vincodes: 0
09-12-2013 06:00:50 --- INFO: finish: 09-12-2013 06:00:50
09-12-2013 06:00:50 --- INFO: elapsed time: ~44.16 sec., memory usage: ~1.92 Mb.
09-12-2013 06:30:01 --- INFO: start: 09-12-2013 06:30:01
09-12-2013 06:30:01 --- INFO: ----------Source_ExpOfCars (cli)
09-12-2013 06:30:05 --- INFO: Lexus RX 330 - found: 19, pass primary filters: 11, did not pass the filter by colors: 0, did not pass the filter by options: 0, added: 11, new vincodes: 0
09-12-2013 06:30:08 --- INFO: Lexus RX 400H - found: 16, pass primary filters: 13, did not pass the filter by colors: 0, did not pass the filter by options: 0, added: 13, new vincodes: 0
09-12-2013 06:30:09 --- INFO: Lexus GX 470 - found: 9, pass primary filters: 9, did not pass the filter by colors: 0, did not pass the filter by options: 0, added: 9, new vincodes: 0
09-12-2013 06:30:14 --- INFO: Lexus GX 470 - found: 49, pass primary filters: 49, did not pass the filter by colors: 0, did not pass the filter by options: 0, added: 49, new vincodes: 0
09-12-2013 06:30:17 --- INFO: Lexus LX 470 - found: 14, pass primary filters: 14, did not pass the filter by colors: 0, did not pass the filter by options: 0, added: 14, new vincodes: 0
09-12-2013 06:30:18 --- INFO: Toyota Sequoia - found: 19, pass primary filters: 19, did not pass the filter by colors: 0, did not pass the filter by options: 0, added: 19, new vincodes: 0
09-12-2013 06:30:19 --- INFO: Toyota Land Cruiser - found: 10, pass primary filters: 10, did not pass the filter by colors: 0, did not pass the filter by options: 0, added: 10, new vincodes: 0
09-12-2013 06:30:21 --- INFO: Lexus LX 570 - found: 13, pass primary filters: 13, did not pass the filter by colors: 0, did not pass the filter by options: 0, added: 13, new vincodes: 0
09-12-2013 06:30:22 --- INFO: Toyota Venza - found: 8, pass primary filters: 8, did not pass the filter by colors: 0, did not pass the filter by options: 0, added: 8, new vincodes: 0
09-12-2013 06:30:23 --- INFO: Toyota 4runner 2010 - found: 1, pass primary filters: 1, did not pass the filter by colors: 0, did not pass the filter by options: 0, added: 1, new vincodes: 0
09-12-2013 06:30:25 --- INFO: Toyota 4RUNNER 4WD V6 - found: 41, pass primary filters: 16, did not pass the filter by colors: 0, did not pass the filter by options: 0, added: 16, new vincodes: 0
09-12-2013 06:30:39 --- INFO: Toyota RAV 4 - found: 449, pass primary filters: 0, did not pass the filter by colors: 0, did not pass the filter by options: 0, added: 0, new vincodes: 0
09-12-2013 06:30:44 --- INFO: Toyota Highlander 4WD - found: 58, pass primary filters: 5, did not pass the filter by colors: 0, did not pass the filter by options: 0, added: 5, new vincodes: 0
09-12-2013 06:30:47 --- INFO: Toyota Highlander - found: 58, pass primary filters: 18, did not pass the filter by colors: 0, did not pass the filter by options: 0, added: 18, new vincodes: 0
09-12-2013 06:30:51 --- INFO: Lexus RX 350 - found: 99, pass primary filters: 65, did not pass the filter by colors: 0, did not pass the filter by options: 0, added: 65, new vincodes: 0
09-12-2013 06:30:53 --- INFO: Toyota 4RUNNER Limited V6 - found: 54, pass primary filters: 2, did not pass the filter by colors: 0, did not pass the filter by options: 0, added: 2, new vincodes: 0
09-12-2013 06:30:54 --- INFO: Lexus GX 460 - found: 1, pass primary filters: 1, did not pass the filter by colors: 0, did not pass the filter by options: 0, added: 1, new vincodes: 0
09-12-2013 06:30:55 --- INFO: Lexus RX 350 - found: 10, pass primary filters: 10, did not pass the filter by colors: 0, did not pass the filter by options: 0, added: 10, new vincodes: 0
09-12-2013 06:30:56 --- INFO: Toyota Highlander - found: 20, pass primary filters: 20, did not pass the filter by colors: 0, did not pass the filter by options: 0, added: 20, new vincodes: 0
09-12-2013 06:30:58 --- INFO: Lexus GS300 - found: 18, pass primary filters: 4, did not pass the filter by colors: 0, did not pass the filter by options: 0, added: 4, new vincodes: 0
09-12-2013 06:30:58 --- INFO: finish: 09-12-2013 06:30:58
09-12-2013 06:30:58 --- INFO: elapsed time: ~56.92 sec., memory usage: ~3.22 Mb.
09-12-2013 06:45:01 --- INFO: start: 09-12-2013 06:45:01
09-12-2013 06:45:01 --- INFO: ----------Source_Oodle (cli)
09-12-2013 06:45:06 --- INFO: Toyota Highlander - found: 28, pass primary filters: 24, did not pass the filter by colors: 0, did not pass the filter by options: 0, added: 24, new vincodes: 0
09-12-2013 06:45:11 --- INFO: Lexus RX 330 - found: 222, pass primary filters: 0, did not pass the filter by colors: 0, did not pass the filter by options: 0, added: 0, new vincodes: 0
09-12-2013 06:45:12 --- INFO: Lexus RX 400H - found: 0, pass primary filters: 0, did not pass the filter by colors: 0, did not pass the filter by options: 0, added: 0, new vincodes: 0
09-12-2013 06:45:13 --- INFO: Lexus GX 470 - found: 14, pass primary filters: 9, did not pass the filter by colors: 0, did not pass the filter by options: 0, added: 9, new vincodes: 0
09-12-2013 06:46:12 --- INFO: Lexus GX 470 - found: 191, pass primary filters: 7, did not pass the filter by colors: 0, did not pass the filter by options: 0, added: 7, new vincodes: 0
09-12-2013 06:46:14 --- INFO: Lexus LX 470 - found: 71, pass primary filters: 10, did not pass the filter by colors: 0, did not pass the filter by options: 0, added: 10, new vincodes: 0
09-12-2013 06:46:18 --- INFO: Toyota Sequoia - found: 80, pass primary filters: 6, did not pass the filter by colors: 0, did not pass the filter by options: 0, added: 6, new vincodes: 0
09-12-2013 06:46:19 --- INFO: Toyota Land Cruiser - found: 25, pass primary filters: 10, did not pass the filter by colors: 0, did not pass the filter by options: 0, added: 10, new vincodes: 0
09-12-2013 06:46:20 --- INFO: Lexus LX 570 - found: 0, pass primary filters: 0, did not pass the filter by colors: 0, did not pass the filter by options: 0, added: 0, new vincodes: 0
09-12-2013 06:46:20 --- INFO: Toyota Venza - found: 0, pass primary filters: 0, did not pass the filter by colors: 0, did not pass the filter by options: 0, added: 0, new vincodes: 0
09-12-2013 06:46:20 --- INFO: Toyota 4runner 2010 - found: 2, pass primary filters: 1, did not pass the filter by colors: 0, did not pass the filter by options: 0, added: 1, new vincodes: 0
09-12-2013 06:46:30 --- INFO: Toyota 4RUNNER 4WD V6 - found: 459, pass primary filters: 0, did not pass the filter by colors: 0, did not pass the filter by options: 0, added: 0, new vincodes: 0
09-12-2013 06:47:36 --- INFO: Toyota RAV 4 - found: 3320, pass primary filters: 0, did not pass the filter by colors: 0, did not pass the filter by options: 0, added: 0, new vincodes: 0
09-12-2013 06:47:45 --- INFO: Toyota Highlander 4WD - found: 477, pass primary filters: 0, did not pass the filter by colors: 0, did not pass the filter by options: 0, added: 0, new vincodes: 0
09-12-2013 06:47:53 --- INFO: Toyota Highlander - found: 477, pass primary filters: 0, did not pass the filter by colors: 0, did not pass the filter by options: 0, added: 0, new vincodes: 0
09-12-2013 06:48:10 --- INFO: Lexus RX 350 - found: 642, pass primary filters: 4, did not pass the filter by colors: 0, did not pass the filter by options: 0, added: 4, new vincodes: 0
09-12-2013 06:48:20 --- INFO: Toyota 4RUNNER Limited V6 - found: 539, pass primary filters: 0, did not pass the filter by colors: 0, did not pass the filter by options: 0, added: 0, new vincodes: 0
09-12-2013 06:48:21 --- INFO: Lexus GX 460 - found: 0, pass primary filters: 0, did not pass the filter by colors: 0, did not pass the filter by options: 0, added: 0, new vincodes: 0
09-12-2013 06:48:22 --- INFO: Lexus RX 350 - found: 12, pass primary filters: 5, did not pass the filter by colors: 0, did not pass the filter by options: 0, added: 5, new vincodes: 0
09-12-2013 06:48:23 --- INFO: Lexus GS300 - found: 82, pass primary filters: 3, did not pass the filter by colors: 0, did not pass the filter by options: 0, added: 3, new vincodes: 0
09-12-2013 06:48:25 --- INFO: Toyota FJ cruiser - found: 89, pass primary filters: 0, did not pass the filter by colors: 0, did not pass the filter by options: 0, added: 0, new vincodes: 0
09-12-2013 06:49:18 --- INFO: Lexus RX 350 2013 - found: 63, pass primary filters: 1, did not pass the filter by colors: 0, did not pass the filter by options: 0, added: 1, new vincodes: 0
09-12-2013 06:49:18 --- INFO: finish: 09-12-2013 06:49:18
09-12-2013 06:49:18 --- INFO: elapsed time: ~256.7 sec., memory usage: ~3.9 Mb.
09-12-2013 07:00:01 --- INFO: start: 09-12-2013 07:00:01
09-12-2013 07:00:01 --- INFO: ----------Source_AutoSalon (cli)
09-12-2013 07:00:13 --- INFO: Lexus RX 330 - found: 57, pass primary filters: 0, did not pass the filter by colors: 0, did not pass the filter by options: 0, added: 0, new vincodes: 0
09-12-2013 07:00:15 --- INFO: Lexus RX 400H - found: 0, pass primary filters: 0, did not pass the filter by colors: 0, did not pass the filter by options: 0, added: 0, new vincodes: 0
09-12-2013 07:00:19 --- INFO: Lexus GX 470 - found: 14, pass primary filters: 9, did not pass the filter by colors: 0, did not pass the filter by options: 0, added: 9, new vincodes: 0
09-12-2013 07:00:48 --- INFO: Lexus GX 470 - found: 79, pass primary filters: 4, did not pass the filter by colors: 0, did not pass the filter by options: 0, added: 4, new vincodes: 0
09-12-2013 07:01:10 --- INFO: Lexus LX 470 - found: 33, pass primary filters: 5, did not pass the filter by colors: 0, did not pass the filter by options: 0, added: 5, new vincodes: 0
09-12-2013 07:01:12 --- INFO: Toyota Sequoia - found: 0, pass primary filters: 0, did not pass the filter by colors: 0, did not pass the filter by options: 0, added: 0, new vincodes: 0
09-12-2013 07:01:15 --- INFO: Toyota Land Cruiser - found: 0, pass primary filters: 0, did not pass the filter by colors: 0, did not pass the filter by options: 0, added: 0, new vincodes: 0
09-12-2013 07:01:31 --- INFO: Lexus LX 570 - found: 22, pass primary filters: 18, did not pass the filter by colors: 0, did not pass the filter by options: 0, added: 18, new vincodes: 0
09-12-2013 07:01:33 --- INFO: Toyota Venza - found: 0, pass primary filters: 0, did not pass the filter by colors: 0, did not pass the filter by options: 0, added: 0, new vincodes: 0
09-12-2013 07:01:36 --- INFO: Toyota 4runner 2010 - found: 0, pass primary filters: 0, did not pass the filter by colors: 0, did not pass the filter by options: 0, added: 0, new vincodes: 0
09-12-2013 07:01:38 --- INFO: Toyota 4RUNNER 4WD V6 - found: 0, pass primary filters: 0, did not pass the filter by colors: 0, did not pass the filter by options: 0, added: 0, new vincodes: 0
09-12-2013 07:01:41 --- INFO: Toyota RAV 4 - found: 0, pass primary filters: 0, did not pass the filter by colors: 0, did not pass the filter by options: 0, added: 0, new vincodes: 0
09-12-2013 07:01:43 --- INFO: Toyota Highlander 4WD - found: 0, pass primary filters: 0, did not pass the filter by colors: 0, did not pass the filter by options: 0, added: 0, new vincodes: 0
09-12-2013 07:01:45 --- INFO: Toyota Highlander - found: 0, pass primary filters: 0, did not pass the filter by colors: 0, did not pass the filter by options: 0, added: 0, new vincodes: 0
09-12-2013 07:02:13 --- INFO: Lexus RX 350 - found: 124, pass primary filters: 15, did not pass the filter by colors: 0, did not pass the filter by options: 0, added: 15, new vincodes: 0
09-12-2013 07:02:15 --- INFO: Toyota 4RUNNER Limited V6 - found: 0, pass primary filters: 0, did not pass the filter by colors: 0, did not pass the filter by options: 0, added: 0, new vincodes: 0
09-12-2013 07:02:18 --- INFO: Lexus GX 460 - found: 1, pass primary filters: 1, did not pass the filter by colors: 0, did not pass the filter by options: 0, added: 1, new vincodes: 0
09-12-2013 07:02:24 --- INFO: Lexus RX 350 - found: 16, pass primary filters: 3, did not pass the filter by colors: 0, did not pass the filter by options: 0, added: 3, new vincodes: 0
09-12-2013 07:02:38 --- INFO: Toyota Highlander - found: 25, pass primary filters: 21, did not pass the filter by colors: 0, did not pass the filter by options: 0, added: 21, new vincodes: 0
09-12-2013 07:02:45 --- INFO: Lexus GS300 - found: 26, pass primary filters: 0, did not pass the filter by colors: 0, did not pass the filter by options: 0, added: 0, new vincodes: 0
09-12-2013 07:02:55 --- INFO: Toyota FJ cruiser - found: 26, pass primary filters: 0, did not pass the filter by colors: 0, did not pass the filter by options: 0, added: 0, new vincodes: 0
09-12-2013 07:03:17 --- INFO: Lexus RX 350 2013 - found: 36, pass primary filters: 3, did not pass the filter by colors: 0, did not pass the filter by options: 0, added: 3, new vincodes: 0
09-12-2013 07:03:17 --- INFO: finish: 09-12-2013 07:03:17
09-12-2013 07:03:17 --- INFO: elapsed time: ~195.78 sec., memory usage: ~2.88 Mb.
09-12-2013 10:00:06 --- INFO: start: 09-12-2013 10:00:06
09-12-2013 10:00:06 --- INFO: ----------Source_Adesa (cli)
09-12-2013 10:00:08 --- INFO: Authorized request
09-12-2013 10:00:09 --- INFO: Lexus RX 330 - found: 5, pass primary filters: 4, did not pass the filter by colors: 4, did not pass the filter by options: 0, added: 0, new vincodes: 0
09-12-2013 10:00:09 --- INFO: Lexus RX 400H - found: 2, pass primary filters: 2, did not pass the filter by colors: 1, did not pass the filter by options: 1, added: 0, new vincodes: 0
09-12-2013 10:00:10 --- INFO: Lexus GX 470 - found: 0, pass primary filters: 0, did not pass the filter by colors: 0, did not pass the filter by options: 0, added: 0, new vincodes: 0
09-12-2013 10:00:10 --- INFO: Lexus GX 470 - found: 1, pass primary filters: 1, did not pass the filter by colors: 0, did not pass the filter by options: 1, added: 0, new vincodes: 0
09-12-2013 10:00:13 --- INFO: Lexus LX 470 - found: 1, pass primary filters: 1, did not pass the filter by colors: 1, did not pass the filter by options: , added: 0, new vincodes: 0
09-12-2013 10:00:14 --- INFO: Toyota Sequoia - found: 0, pass primary filters: 0, did not pass the filter by colors: 0, did not pass the filter by options: 0, added: 0, new vincodes: 0
09-12-2013 10:00:15 --- INFO: Toyota Land Cruiser - found: 0, pass primary filters: 0, did not pass the filter by colors: 0, did not pass the filter by options: 0, added: 0, new vincodes: 0
09-12-2013 10:00:16 --- INFO: Lexus LX 570 - found: 0, pass primary filters: 0, did not pass the filter by colors: 0, did not pass the filter by options: 0, added: 0, new vincodes: 0
09-12-2013 10:00:16 --- INFO: Toyota Venza - found: 0, pass primary filters: 0, did not pass the filter by colors: 0, did not pass the filter by options: 0, added: 0, new vincodes: 0
09-12-2013 10:00:17 --- INFO: Toyota 4runner 2010 - found: 0, pass primary filters: 0, did not pass the filter by colors: 0, did not pass the filter by options: 0, added: 0, new vincodes: 0
09-12-2013 10:00:19 --- INFO: Toyota 4RUNNER 4WD V6 - found: 14, pass primary filters: 5, did not pass the filter by colors: 2, did not pass the filter by options: , added: 3, new vincodes: 0
09-12-2013 10:00:20 --- INFO: Toyota FJ cruiser - found: 4, pass primary filters: 0, did not pass the filter by colors: 0, did not pass the filter by options: 0, added: 0, new vincodes: 0
09-12-2013 10:00:20 --- INFO: Lexus RX 350 2013 - found: 0, pass primary filters: 0, did not pass the filter by colors: 0, did not pass the filter by options: 0, added: 0, new vincodes: 0
09-12-2013 10:00:21 --- INFO: Toyota Highlander - found: 12, pass primary filters: 4, did not pass the filter by colors: 3, did not pass the filter by options: , added: 1, new vincodes: 0
09-12-2013 10:00:22 --- INFO: Lexus RX 350 - found: 11, pass primary filters: 9, did not pass the filter by colors: 5, did not pass the filter by options: 3, added: 1, new vincodes: 0
09-12-2013 10:00:22 --- INFO: Toyota 4RUNNER Limited V6 - found: 14, pass primary filters: 0, did not pass the filter by colors: 0, did not pass the filter by options: 0, added: 0, new vincodes: 0
09-12-2013 10:00:22 --- INFO: finish: 09-12-2013 10:00:22
09-12-2013 10:00:22 --- INFO: elapsed time: ~16.77 sec., memory usage: ~1.92 Mb.
09-12-2013 10:30:01 --- INFO: start: 09-12-2013 10:30:01
09-12-2013 10:30:01 --- INFO: ----------Source_ExpOfCars (cli)
09-12-2013 10:30:43 --- INFO: Lexus RX 330 - found: 56, pass primary filters: 41, did not pass the filter by colors: 0, did not pass the filter by options: 0, added: 41, new vincodes: 0
09-12-2013 10:30:49 --- INFO: Lexus RX 400H - found: 19, pass primary filters: 16, did not pass the filter by colors: 0, did not pass the filter by options: 0, added: 16, new vincodes: 0
09-12-2013 10:31:04 --- INFO: Lexus GX 470 - found: 10, pass primary filters: 10, did not pass the filter by colors: 0, did not pass the filter by options: 0, added: 10, new vincodes: 1
09-12-2013 10:31:32 --- INFO: Lexus GX 470 - found: 71, pass primary filters: 71, did not pass the filter by colors: 0, did not pass the filter by options: 0, added: 71, new vincodes: 0
09-12-2013 10:31:56 --- INFO: Lexus LX 470 - found: 26, pass primary filters: 26, did not pass the filter by colors: 0, did not pass the filter by options: 0, added: 26, new vincodes: 0
09-12-2013 10:32:16 --- INFO: Toyota Sequoia - found: 23, pass primary filters: 23, did not pass the filter by colors: 0, did not pass the filter by options: 0, added: 23, new vincodes: 0
09-12-2013 10:32:25 --- INFO: Toyota Land Cruiser - found: 16, pass primary filters: 16, did not pass the filter by colors: 0, did not pass the filter by options: 0, added: 16, new vincodes: 0
09-12-2013 10:32:31 --- INFO: Lexus LX 570 - found: 17, pass primary filters: 17, did not pass the filter by colors: 0, did not pass the filter by options: 0, added: 17, new vincodes: 0
09-12-2013 10:32:33 --- INFO: Toyota Venza - found: 8, pass primary filters: 8, did not pass the filter by colors: 0, did not pass the filter by options: 0, added: 8, new vincodes: 0
09-12-2013 10:32:34 --- INFO: Toyota 4runner 2010 - found: 1, pass primary filters: 1, did not pass the filter by colors: 0, did not pass the filter by options: 0, added: 1, new vincodes: 0
09-12-2013 10:32:38 --- INFO: Toyota 4RUNNER 4WD V6 - found: 49, pass primary filters: 19, did not pass the filter by colors: 0, did not pass the filter by options: 0, added: 19, new vincodes: 0
09-12-2013 10:32:52 --- INFO: Toyota RAV 4 - found: 471, pass primary filters: 0, did not pass the filter by colors: 0, did not pass the filter by options: 0, added: 0, new vincodes: 0
09-12-2013 10:32:55 --- INFO: Toyota Highlander 4WD - found: 79, pass primary filters: 5, did not pass the filter by colors: 0, did not pass the filter by options: 0, added: 5, new vincodes: 0
09-12-2013 10:33:03 --- INFO: Toyota Highlander - found: 79, pass primary filters: 24, did not pass the filter by colors: 0, did not pass the filter by options: 0, added: 24, new vincodes: 0
09-12-2013 10:33:27 --- INFO: Lexus RX 350 - found: 119, pass primary filters: 78, did not pass the filter by colors: 0, did not pass the filter by options: 0, added: 78, new vincodes: 0
09-12-2013 10:33:29 --- INFO: Toyota 4RUNNER Limited V6 - found: 64, pass primary filters: 2, did not pass the filter by colors: 0, did not pass the filter by options: 0, added: 2, new vincodes: 0
09-12-2013 10:33:29 --- INFO: Lexus GX 460 - found: 1, pass primary filters: 1, did not pass the filter by colors: 0, did not pass the filter by options: 0, added: 1, new vincodes: 0
09-12-2013 10:33:36 --- INFO: Lexus RX 350 - found: 12, pass primary filters: 12, did not pass the filter by colors: 0, did not pass the filter by options: 0, added: 12, new vincodes: 0
09-12-2013 10:33:42 --- INFO: Toyota Highlander - found: 23, pass primary filters: 23, did not pass the filter by colors: 0, did not pass the filter by options: 0, added: 23, new vincodes: 0
09-12-2013 10:33:48 --- INFO: Lexus GS300 - found: 23, pass primary filters: 5, did not pass the filter by colors: 0, did not pass the filter by options: 0, added: 5, new vincodes: 0
09-12-2013 10:33:48 --- INFO: finish: 09-12-2013 10:33:48
09-12-2013 10:33:48 --- INFO: elapsed time: ~226.75 sec., memory usage: ~4.99 Mb.
09-12-2013 10:45:01 --- INFO: start: 09-12-2013 10:45:01
09-12-2013 10:45:02 --- INFO: ----------Source_Oodle (cli)
09-12-2013 10:45:08 --- INFO: Toyota Highlander - found: 29, pass primary filters: 25, did not pass the filter by colors: 0, did not pass the filter by options: 0, added: 25, new vincodes: 0
09-12-2013 10:45:13 --- INFO: Lexus RX 330 - found: 222, pass primary filters: 0, did not pass the filter by colors: 0, did not pass the filter by options: 0, added: 0, new vincodes: 0
09-12-2013 10:45:13 --- INFO: Lexus RX 400H - found: 0, pass primary filters: 0, did not pass the filter by colors: 0, did not pass the filter by options: 0, added: 0, new vincodes: 0
09-12-2013 10:45:14 --- INFO: Lexus GX 470 - found: 14, pass primary filters: 9, did not pass the filter by colors: 0, did not pass the filter by options: 0, added: 9, new vincodes: 0
09-12-2013 10:45:20 --- INFO: Lexus GX 470 - found: 192, pass primary filters: 7, did not pass the filter by colors: 0, did not pass the filter by options: 0, added: 7, new vincodes: 0
09-12-2013 10:45:23 --- INFO: Lexus LX 470 - found: 74, pass primary filters: 12, did not pass the filter by colors: 0, did not pass the filter by options: 0, added: 12, new vincodes: 0
09-12-2013 10:45:25 --- INFO: Toyota Sequoia - found: 81, pass primary filters: 6, did not pass the filter by colors: 0, did not pass the filter by options: 0, added: 6, new vincodes: 0
09-12-2013 10:45:27 --- INFO: Toyota Land Cruiser - found: 27, pass primary filters: 10, did not pass the filter by colors: 0, did not pass the filter by options: 0, added: 10, new vincodes: 0
09-12-2013 10:45:28 --- INFO: Lexus LX 570 - found: 0, pass primary filters: 0, did not pass the filter by colors: 0, did not pass the filter by options: 0, added: 0, new vincodes: 0
09-12-2013 10:45:28 --- INFO: Toyota Venza - found: 0, pass primary filters: 0, did not pass the filter by colors: 0, did not pass the filter by options: 0, added: 0, new vincodes: 0
09-12-2013 10:45:29 --- INFO: Toyota 4runner 2010 - found: 2, pass primary filters: 1, did not pass the filter by colors: 0, did not pass the filter by options: 0, added: 1, new vincodes: 0
09-12-2013 10:45:38 --- INFO: Toyota 4RUNNER 4WD V6 - found: 466, pass primary filters: 0, did not pass the filter by colors: 0, did not pass the filter by options: 0, added: 0, new vincodes: 0
09-12-2013 10:46:42 --- INFO: Toyota RAV 4 - found: 3359, pass primary filters: 0, did not pass the filter by colors: 0, did not pass the filter by options: 0, added: 0, new vincodes: 0
09-12-2013 10:46:51 --- INFO: Toyota Highlander 4WD - found: 484, pass primary filters: 0, did not pass the filter by colors: 0, did not pass the filter by options: 0, added: 0, new vincodes: 0
09-12-2013 10:47:00 --- INFO: Toyota Highlander - found: 484, pass primary filters: 0, did not pass the filter by colors: 0, did not pass the filter by options: 0, added: 0, new vincodes: 0
09-12-2013 10:47:15 --- INFO: Lexus RX 350 - found: 647, pass primary filters: 4, did not pass the filter by colors: 0, did not pass the filter by options: 0, added: 4, new vincodes: 0
09-12-2013 10:47:25 --- INFO: Toyota 4RUNNER Limited V6 - found: 547, pass primary filters: 1, did not pass the filter by colors: 0, did not pass the filter by options: 0, added: 1, new vincodes: 0
09-12-2013 10:47:26 --- INFO: Lexus GX 460 - found: 0, pass primary filters: 0, did not pass the filter by colors: 0, did not pass the filter by options: 0, added: 0, new vincodes: 0
09-12-2013 10:47:28 --- INFO: Lexus RX 350 - found: 13, pass primary filters: 6, did not pass the filter by colors: 0, did not pass the filter by options: 0, added: 6, new vincodes: 0
09-12-2013 10:47:30 --- INFO: Lexus GS300 - found: 83, pass primary filters: 3, did not pass the filter by colors: 0, did not pass the filter by options: 0, added: 3, new vincodes: 0
09-12-2013 10:47:32 --- INFO: Toyota FJ cruiser - found: 91, pass primary filters: 1, did not pass the filter by colors: 0, did not pass the filter by options: 0, added: 1, new vincodes: 0
09-12-2013 10:47:44 --- INFO: Lexus RX 350 2013 - found: 69, pass primary filters: 2, did not pass the filter by colors: 0, did not pass the filter by options: 0, added: 2, new vincodes: 0
09-12-2013 10:47:44 --- INFO: finish: 09-12-2013 10:47:44
09-12-2013 10:47:44 --- INFO: elapsed time: ~162.5 sec., memory usage: ~3.95 Mb.
09-12-2013 11:00:01 --- INFO: start: 09-12-2013 11:00:01
09-12-2013 11:00:01 --- INFO: ----------Source_AutoSalon (cli)
09-12-2013 11:00:15 --- INFO: Lexus RX 330 - found: 57, pass primary filters: 0, did not pass the filter by colors: 0, did not pass the filter by options: 0, added: 0, new vincodes: 0
09-12-2013 11:00:17 --- INFO: Lexus RX 400H - found: 0, pass primary filters: 0, did not pass the filter by colors: 0, did not pass the filter by options: 0, added: 0, new vincodes: 0
09-12-2013 11:02:51 --- INFO: Lexus GX 470 - found: 15, pass primary filters: 11, did not pass the filter by colors: 0, did not pass the filter by options: 0, added: 11, new vincodes: 0
09-12-2013 11:04:58 --- INFO: Lexus GX 470 - found: 79, pass primary filters: 4, did not pass the filter by colors: 0, did not pass the filter by options: 0, added: 4, new vincodes: 0
09-12-2013 11:05:15 --- INFO: Lexus LX 470 - found: 34, pass primary filters: 5, did not pass the filter by colors: 0, did not pass the filter by options: 0, added: 5, new vincodes: 0
09-12-2013 11:05:18 --- INFO: Toyota Sequoia - found: 0, pass primary filters: 0, did not pass the filter by colors: 0, did not pass the filter by options: 0, added: 0, new vincodes: 0
09-12-2013 11:05:20 --- INFO: Toyota Land Cruiser - found: 0, pass primary filters: 0, did not pass the filter by colors: 0, did not pass the filter by options: 0, added: 0, new vincodes: 0
09-12-2013 11:05:30 --- INFO: Lexus LX 570 - found: 20, pass primary filters: 16, did not pass the filter by colors: 0, did not pass the filter by options: 0, added: 16, new vincodes: 0
09-12-2013 11:05:33 --- INFO: Toyota Venza - found: 0, pass primary filters: 0, did not pass the filter by colors: 0, did not pass the filter by options: 0, added: 0, new vincodes: 0
09-12-2013 11:05:35 --- INFO: Toyota 4runner 2010 - found: 0, pass primary filters: 0, did not pass the filter by colors: 0, did not pass the filter by options: 0, added: 0, new vincodes: 0
09-12-2013 11:05:37 --- INFO: Toyota 4RUNNER 4WD V6 - found: 0, pass primary filters: 0, did not pass the filter by colors: 0, did not pass the filter by options: 0, added: 0, new vincodes: 0
09-12-2013 11:05:40 --- INFO: Toyota RAV 4 - found: 0, pass primary filters: 0, did not pass the filter by colors: 0, did not pass the filter by options: 0, added: 0, new vincodes: 0
09-12-2013 11:05:42 --- INFO: Toyota Highlander 4WD - found: 0, pass primary filters: 0, did not pass the filter by colors: 0, did not pass the filter by options: 0, added: 0, new vincodes: 0
09-12-2013 11:05:45 --- INFO: Toyota Highlander - found: 0, pass primary filters: 0, did not pass the filter by colors: 0, did not pass the filter by options: 0, added: 0, new vincodes: 0
09-12-2013 11:06:12 --- INFO: Lexus RX 350 - found: 121, pass primary filters: 13, did not pass the filter by colors: 0, did not pass the filter by options: 0, added: 13, new vincodes: 0
09-12-2013 11:06:14 --- INFO: Toyota 4RUNNER Limited V6 - found: 0, pass primary filters: 0, did not pass the filter by colors: 0, did not pass the filter by options: 0, added: 0, new vincodes: 0
09-12-2013 11:06:17 --- INFO: Lexus GX 460 - found: 1, pass primary filters: 1, did not pass the filter by colors: 0, did not pass the filter by options: 0, added: 1, new vincodes: 0
09-12-2013 11:06:22 --- INFO: Lexus RX 350 - found: 14, pass primary filters: 3, did not pass the filter by colors: 0, did not pass the filter by options: 0, added: 3, new vincodes: 0
09-12-2013 11:06:36 --- INFO: Toyota Highlander - found: 25, pass primary filters: 21, did not pass the filter by colors: 0, did not pass the filter by options: 0, added: 21, new vincodes: 0
09-12-2013 11:06:43 --- INFO: Lexus GS300 - found: 27, pass primary filters: 0, did not pass the filter by colors: 0, did not pass the filter by options: 0, added: 0, new vincodes: 0
09-12-2013 11:06:58 --- INFO: Toyota FJ cruiser - found: 29, pass primary filters: 3, did not pass the filter by colors: 0, did not pass the filter by options: 0, added: 3, new vincodes: 0
09-12-2013 11:07:13 --- INFO: Lexus RX 350 2013 - found: 34, pass primary filters: 1, did not pass the filter by colors: 0, did not pass the filter by options: 0, added: 1, new vincodes: 0
09-12-2013 11:07:13 --- INFO: finish: 09-12-2013 11:07:13
09-12-2013 11:07:13 --- INFO: elapsed time: ~431.57 sec., memory usage: ~2.91 Mb.
09-12-2013 14:00:07 --- INFO: start: 09-12-2013 14:00:07
09-12-2013 14:00:08 --- INFO: ----------Source_Adesa (cli)
09-12-2013 14:00:09 --- INFO: Authorized request
09-12-2013 14:00:16 --- INFO: Lexus RX 330 - found: 5, pass primary filters: 4, did not pass the filter by colors: 4, did not pass the filter by options: 0, added: 0, new vincodes: 0
09-12-2013 14:00:16 --- INFO: Lexus RX 400H - found: 2, pass primary filters: 2, did not pass the filter by colors: 1, did not pass the filter by options: 1, added: 0, new vincodes: 0
09-12-2013 14:00:18 --- INFO: Lexus GX 470 - found: 0, pass primary filters: 0, did not pass the filter by colors: 0, did not pass the filter by options: 0, added: 0, new vincodes: 0
09-12-2013 14:00:22 --- INFO: Lexus GX 470 - found: 1, pass primary filters: 1, did not pass the filter by colors: 0, did not pass the filter by options: 1, added: 0, new vincodes: 0
09-12-2013 14:00:23 --- INFO: Lexus LX 470 - found: 1, pass primary filters: 1, did not pass the filter by colors: 1, did not pass the filter by options: , added: 0, new vincodes: 0
09-12-2013 14:00:23 --- INFO: Toyota Sequoia - found: 0, pass primary filters: 0, did not pass the filter by colors: 0, did not pass the filter by options: 0, added: 0, new vincodes: 0
09-12-2013 14:00:24 --- INFO: Toyota Land Cruiser - found: 0, pass primary filters: 0, did not pass the filter by colors: 0, did not pass the filter by options: 0, added: 0, new vincodes: 0
09-12-2013 14:00:24 --- INFO: Lexus LX 570 - found: 0, pass primary filters: 0, did not pass the filter by colors: 0, did not pass the filter by options: 0, added: 0, new vincodes: 0
09-12-2013 14:00:25 --- INFO: Toyota Venza - found: 0, pass primary filters: 0, did not pass the filter by colors: 0, did not pass the filter by options: 0, added: 0, new vincodes: 0
09-12-2013 14:00:25 --- INFO: Toyota 4runner 2010 - found: 0, pass primary filters: 0, did not pass the filter by colors: 0, did not pass the filter by options: 0, added: 0, new vincodes: 0
09-12-2013 14:00:26 --- INFO: Toyota 4RUNNER 4WD V6 - found: 14, pass primary filters: 5, did not pass the filter by colors: 2, did not pass the filter by options: , added: 3, new vincodes: 0
09-12-2013 14:00:27 --- INFO: Toyota FJ cruiser - found: 4, pass primary filters: 0, did not pass the filter by colors: 0, did not pass the filter by options: 0, added: 0, new vincodes: 0
09-12-2013 14:00:27 --- INFO: Lexus RX 350 2013 - found: 0, pass primary filters: 0, did not pass the filter by colors: 0, did not pass the filter by options: 0, added: 0, new vincodes: 0
09-12-2013 14:00:30 --- INFO: Toyota Highlander - found: 12, pass primary filters: 4, did not pass the filter by colors: 3, did not pass the filter by options: , added: 1, new vincodes: 0
09-12-2013 14:00:31 --- INFO: Lexus RX 350 - found: 11, pass primary filters: 9, did not pass the filter by colors: 5, did not pass the filter by options: 3, added: 1, new vincodes: 0
09-12-2013 14:00:32 --- INFO: Toyota 4RUNNER Limited V6 - found: 14, pass primary filters: 0, did not pass the filter by colors: 0, did not pass the filter by options: 0, added: 0, new vincodes: 0
09-12-2013 14:00:32 --- INFO: finish: 09-12-2013 14:00:32
09-12-2013 14:00:32 --- INFO: elapsed time: ~25.23 sec., memory usage: ~1.92 Mb.
09-12-2013 14:30:02 --- INFO: start: 09-12-2013 14:30:02
09-12-2013 14:30:05 --- INFO: ----------Source_ExpOfCars (cli)
09-12-2013 14:30:11 --- INFO: Lexus RX 330 - found: 52, pass primary filters: 39, did not pass the filter by colors: 0, did not pass the filter by options: 0, added: 39, new vincodes: 0
09-12-2013 14:30:13 --- INFO: Lexus RX 400H - found: 19, pass primary filters: 16, did not pass the filter by colors: 0, did not pass the filter by options: 0, added: 16, new vincodes: 0
09-12-2013 14:30:15 --- INFO: Lexus GX 470 - found: 10, pass primary filters: 10, did not pass the filter by colors: 0, did not pass the filter by options: 0, added: 10, new vincodes: 0
09-12-2013 14:30:21 --- INFO: Lexus GX 470 - found: 68, pass primary filters: 68, did not pass the filter by colors: 0, did not pass the filter by options: 0, added: 68, new vincodes: 0
09-12-2013 14:30:23 --- INFO: Lexus LX 470 - found: 25, pass primary filters: 25, did not pass the filter by colors: 0, did not pass the filter by options: 0, added: 25, new vincodes: 0
09-12-2013 14:30:25 --- INFO: Toyota Sequoia - found: 22, pass primary filters: 22, did not pass the filter by colors: 0, did not pass the filter by options: 0, added: 22, new vincodes: 0
09-12-2013 14:30:27 --- INFO: Toyota Land Cruiser - found: 14, pass primary filters: 14, did not pass the filter by colors: 0, did not pass the filter by options: 0, added: 14, new vincodes: 0
09-12-2013 14:30:29 --- INFO: Lexus LX 570 - found: 14, pass primary filters: 14, did not pass the filter by colors: 0, did not pass the filter by options: 0, added: 14, new vincodes: 0
09-12-2013 14:30:30 --- INFO: Toyota Venza - found: 7, pass primary filters: 7, did not pass the filter by colors: 0, did not pass the filter by options: 0, added: 7, new vincodes: 0
09-12-2013 14:30:30 --- INFO: Toyota 4runner 2010 - found: 1, pass primary filters: 1, did not pass the filter by colors: 0, did not pass the filter by options: 0, added: 1, new vincodes: 0
09-12-2013 14:30:32 --- INFO: Toyota 4RUNNER 4WD V6 - found: 48, pass primary filters: 19, did not pass the filter by colors: 0, did not pass the filter by options: 0, added: 19, new vincodes: 0
09-12-2013 14:30:48 --- INFO: Toyota RAV 4 - found: 459, pass primary filters: 0, did not pass the filter by colors: 0, did not pass the filter by options: 0, added: 0, new vincodes: 0
09-12-2013 14:30:51 --- INFO: Toyota Highlander 4WD - found: 73, pass primary filters: 4, did not pass the filter by colors: 0, did not pass the filter by options: 0, added: 4, new vincodes: 0
09-12-2013 14:30:55 --- INFO: Toyota Highlander - found: 73, pass primary filters: 22, did not pass the filter by colors: 0, did not pass the filter by options: 0, added: 22, new vincodes: 0
09-12-2013 14:31:01 --- INFO: Lexus RX 350 - found: 111, pass primary filters: 74, did not pass the filter by colors: 0, did not pass the filter by options: 0, added: 74, new vincodes: 0
09-12-2013 14:31:03 --- INFO: Toyota 4RUNNER Limited V6 - found: 62, pass primary filters: 2, did not pass the filter by colors: 0, did not pass the filter by options: 0, added: 2, new vincodes: 0
09-12-2013 14:31:04 --- INFO: Lexus GX 460 - found: 1, pass primary filters: 1, did not pass the filter by colors: 0, did not pass the filter by options: 0, added: 1, new vincodes: 0
09-12-2013 14:31:06 --- INFO: Lexus RX 350 - found: 12, pass primary filters: 12, did not pass the filter by colors: 0, did not pass the filter by options: 0, added: 12, new vincodes: 0
09-12-2013 14:31:08 --- INFO: Toyota Highlander - found: 22, pass primary filters: 22, did not pass the filter by colors: 0, did not pass the filter by options: 0, added: 22, new vincodes: 0
09-12-2013 14:31:09 --- INFO: Lexus GS300 - found: 23, pass primary filters: 5, did not pass the filter by colors: 0, did not pass the filter by options: 0, added: 5, new vincodes: 0
09-12-2013 14:31:09 --- INFO: finish: 09-12-2013 14:31:09
09-12-2013 14:31:09 --- INFO: elapsed time: ~67.89 sec., memory usage: ~3.66 Mb.
09-12-2013 14:45:01 --- INFO: start: 09-12-2013 14:45:01
09-12-2013 14:45:01 --- INFO: ----------Source_Oodle (cli)
09-12-2013 14:45:05 --- INFO: Toyota Highlander - found: 29, pass primary filters: 25, did not pass the filter by colors: 0, did not pass the filter by options: 0, added: 25, new vincodes: 0
09-12-2013 14:45:10 --- INFO: Lexus RX 330 - found: 222, pass primary filters: 0, did not pass the filter by colors: 0, did not pass the filter by options: 0, added: 0, new vincodes: 0
09-12-2013 14:45:10 --- INFO: Lexus RX 400H - found: 0, pass primary filters: 0, did not pass the filter by colors: 0, did not pass the filter by options: 0, added: 0, new vincodes: 0
09-12-2013 14:45:12 --- INFO: Lexus GX 470 - found: 14, pass primary filters: 9, did not pass the filter by colors: 0, did not pass the filter by options: 0, added: 9, new vincodes: 0
09-12-2013 14:45:23 --- INFO: Lexus GX 470 - found: 201, pass primary filters: 1, did not pass the filter by colors: 0, did not pass the filter by options: 0, added: 1, new vincodes: 0
09-12-2013 14:46:07 --- INFO: Lexus LX 470 - found: 77, pass primary filters: 13, did not pass the filter by colors: 0, did not pass the filter by options: 0, added: 13, new vincodes: 1
09-12-2013 14:46:09 --- INFO: Toyota Sequoia - found: 81, pass primary filters: 6, did not pass the filter by colors: 0, did not pass the filter by options: 0, added: 6, new vincodes: 0
09-12-2013 14:46:10 --- INFO: Toyota Land Cruiser - found: 27, pass primary filters: 10, did not pass the filter by colors: 0, did not pass the filter by options: 0, added: 10, new vincodes: 0
09-12-2013 14:46:11 --- INFO: Lexus LX 570 - found: 0, pass primary filters: 0, did not pass the filter by colors: 0, did not pass the filter by options: 0, added: 0, new vincodes: 0
09-12-2013 14:46:11 --- INFO: Toyota Venza - found: 0, pass primary filters: 0, did not pass the filter by colors: 0, did not pass the filter by options: 0, added: 0, new vincodes: 0
09-12-2013 14:46:12 --- INFO: Toyota 4runner 2010 - found: 2, pass primary filters: 1, did not pass the filter by colors: 0, did not pass the filter by options: 0, added: 1, new vincodes: 0
09-12-2013 14:46:21 --- INFO: Toyota 4RUNNER 4WD V6 - found: 465, pass primary filters: 0, did not pass the filter by colors: 0, did not pass the filter by options: 0, added: 0, new vincodes: 0
09-12-2013 14:47:25 --- INFO: Toyota RAV 4 - found: 3381, pass primary filters: 0, did not pass the filter by colors: 0, did not pass the filter by options: 0, added: 0, new vincodes: 0
09-12-2013 14:47:34 --- INFO: Toyota Highlander 4WD - found: 484, pass primary filters: 0, did not pass the filter by colors: 0, did not pass the filter by options: 0, added: 0, new vincodes: 0
09-12-2013 14:47:42 --- INFO: Toyota Highlander - found: 484, pass primary filters: 0, did not pass the filter by colors: 0, did not pass the filter by options: 0, added: 0, new vincodes: 0
09-12-2013 14:47:56 --- INFO: Lexus RX 350 - found: 648, pass primary filters: 4, did not pass the filter by colors: 0, did not pass the filter by options: 0, added: 4, new vincodes: 0
09-12-2013 14:48:10 --- INFO: Toyota 4RUNNER Limited V6 - found: 547, pass primary filters: 1, did not pass the filter by colors: 0, did not pass the filter by options: 0, added: 1, new vincodes: 0
09-12-2013 14:48:11 --- INFO: Lexus GX 460 - found: 0, pass primary filters: 0, did not pass the filter by colors: 0, did not pass the filter by options: 0, added: 0, new vincodes: 0
09-12-2013 14:48:11 --- INFO: Lexus RX 350 - found: 13, pass primary filters: 6, did not pass the filter by colors: 0, did not pass the filter by options: 0, added: 6, new vincodes: 0
09-12-2013 14:48:13 --- INFO: Lexus GS300 - found: 83, pass primary filters: 3, did not pass the filter by colors: 0, did not pass the filter by options: 0, added: 3, new vincodes: 0
09-12-2013 14:48:16 --- INFO: Toyota FJ cruiser - found: 92, pass primary filters: 1, did not pass the filter by colors: 0, did not pass the filter by options: 0, added: 1, new vincodes: 0
09-12-2013 14:48:28 --- INFO: Lexus RX 350 2013 - found: 67, pass primary filters: 2, did not pass the filter by colors: 0, did not pass the filter by options: 0, added: 2, new vincodes: 0
09-12-2013 14:48:28 --- INFO: finish: 09-12-2013 14:48:28
09-12-2013 14:48:28 --- INFO: elapsed time: ~207.36 sec., memory usage: ~3.99 Mb.
09-12-2013 15:00:01 --- INFO: start: 09-12-2013 15:00:01
09-12-2013 15:00:01 --- INFO: ----------Source_AutoSalon (cli)
09-12-2013 15:00:10 --- INFO: Lexus RX 330 - found: 48, pass primary filters: 0, did not pass the filter by colors: 0, did not pass the filter by options: 0, added: 0, new vincodes: 0
09-12-2013 15:00:13 --- INFO: Lexus RX 400H - found: 0, pass primary filters: 0, did not pass the filter by colors: 0, did not pass the filter by options: 0, added: 0, new vincodes: 0
09-12-2013 15:00:20 --- INFO: Lexus GX 470 - found: 12, pass primary filters: 9, did not pass the filter by colors: 0, did not pass the filter by options: 0, added: 9, new vincodes: 0
09-12-2013 15:00:47 --- INFO: Lexus GX 470 - found: 69, pass primary filters: 18, did not pass the filter by colors: 0, did not pass the filter by options: 0, added: 18, new vincodes: 0
09-12-2013 15:01:11 --- INFO: Lexus LX 470 - found: 26, pass primary filters: 1, did not pass the filter by colors: 0, did not pass the filter by options: 0, added: 1, new vincodes: 0
09-12-2013 15:01:13 --- INFO: Toyota Sequoia - found: 0, pass primary filters: 0, did not pass the filter by colors: 0, did not pass the filter by options: 0, added: 0, new vincodes: 0
09-12-2013 15:01:16 --- INFO: Toyota Land Cruiser - found: 0, pass primary filters: 0, did not pass the filter by colors: 0, did not pass the filter by options: 0, added: 0, new vincodes: 0
09-12-2013 15:01:34 --- INFO: Lexus LX 570 - found: 16, pass primary filters: 12, did not pass the filter by colors: 0, did not pass the filter by options: 0, added: 12, new vincodes: 0
09-12-2013 15:01:36 --- INFO: Toyota Venza - found: 0, pass primary filters: 0, did not pass the filter by colors: 0, did not pass the filter by options: 0, added: 0, new vincodes: 0
09-12-2013 15:01:39 --- INFO: Toyota 4runner 2010 - found: 0, pass primary filters: 0, did not pass the filter by colors: 0, did not pass the filter by options: 0, added: 0, new vincodes: 0
09-12-2013 15:01:41 --- INFO: Toyota 4RUNNER 4WD V6 - found: 0, pass primary filters: 0, did not pass the filter by colors: 0, did not pass the filter by options: 0, added: 0, new vincodes: 0
09-12-2013 15:01:44 --- INFO: Toyota RAV 4 - found: 0, pass primary filters: 0, did not pass the filter by colors: 0, did not pass the filter by options: 0, added: 0, new vincodes: 0
09-12-2013 15:01:46 --- INFO: Toyota Highlander 4WD - found: 0, pass primary filters: 0, did not pass the filter by colors: 0, did not pass the filter by options: 0, added: 0, new vincodes: 0
09-12-2013 15:01:49 --- INFO: Toyota Highlander - found: 0, pass primary filters: 0, did not pass the filter by colors: 0, did not pass the filter by options: 0, added: 0, new vincodes: 0
09-12-2013 15:02:20 --- INFO: Lexus RX 350 - found: 98, pass primary filters: 15, did not pass the filter by colors: 0, did not pass the filter by options: 0, added: 15, new vincodes: 0
09-12-2013 15:02:22 --- INFO: Toyota 4RUNNER Limited V6 - found: 0, pass primary filters: 0, did not pass the filter by colors: 0, did not pass the filter by options: 0, added: 0, new vincodes: 0
09-12-2013 15:02:25 --- INFO: Lexus GX 460 - found: 1, pass primary filters: 1, did not pass the filter by colors: 0, did not pass the filter by options: 0, added: 1, new vincodes: 0
09-12-2013 15:02:30 --- INFO: Lexus RX 350 - found: 11, pass primary filters: 2, did not pass the filter by colors: 0, did not pass the filter by options: 0, added: 2, new vincodes: 0
09-12-2013 15:02:44 --- INFO: Toyota Highlander - found: 21, pass primary filters: 18, did not pass the filter by colors: 0, did not pass the filter by options: 0, added: 18, new vincodes: 0
09-12-2013 15:02:47 --- INFO: Lexus GS300 - found: 23, pass primary filters: 4, did not pass the filter by colors: 0, did not pass the filter by options: 0, added: 4, new vincodes: 0
09-12-2013 15:02:56 --- INFO: Toyota FJ cruiser - found: 23, pass primary filters: 12, did not pass the filter by colors: 0, did not pass the filter by options: 0, added: 12, new vincodes: 0
09-12-2013 15:03:12 --- INFO: Lexus RX 350 2013 - found: 30, pass primary filters: 1, did not pass the filter by colors: 0, did not pass the filter by options: 0, added: 1, new vincodes: 0
09-12-2013 15:03:12 --- INFO: finish: 09-12-2013 15:03:12
09-12-2013 15:03:12 --- INFO: elapsed time: ~191.54 sec., memory usage: ~2.93 Mb.
09-12-2013 18:00:07 --- INFO: start: 09-12-2013 18:00:07
09-12-2013 18:00:07 --- INFO: ----------Source_Adesa (cli)
09-12-2013 18:00:09 --- INFO: Authorized request
09-12-2013 18:00:14 --- INFO: Lexus RX 330 - found: 5, pass primary filters: 4, did not pass the filter by colors: 4, did not pass the filter by options: 0, added: 0, new vincodes: 0
09-12-2013 18:00:14 --- INFO: Lexus RX 400H - found: 2, pass primary filters: 2, did not pass the filter by colors: 1, did not pass the filter by options: 1, added: 0, new vincodes: 0
09-12-2013 18:00:15 --- INFO: Lexus GX 470 - found: 0, pass primary filters: 0, did not pass the filter by colors: 0, did not pass the filter by options: 0, added: 0, new vincodes: 0
09-12-2013 18:00:15 --- INFO: Lexus GX 470 - found: 1, pass primary filters: 1, did not pass the filter by colors: 0, did not pass the filter by options: 1, added: 0, new vincodes: 0
09-12-2013 18:00:16 --- INFO: Lexus LX 470 - found: 1, pass primary filters: 1, did not pass the filter by colors: 1, did not pass the filter by options: , added: 0, new vincodes: 0
09-12-2013 18:00:17 --- INFO: Toyota Sequoia - found: 0, pass primary filters: 0, did not pass the filter by colors: 0, did not pass the filter by options: 0, added: 0, new vincodes: 0
09-12-2013 18:00:17 --- INFO: Toyota Land Cruiser - found: 0, pass primary filters: 0, did not pass the filter by colors: 0, did not pass the filter by options: 0, added: 0, new vincodes: 0
09-12-2013 18:00:18 --- INFO: Lexus LX 570 - found: 0, pass primary filters: 0, did not pass the filter by colors: 0, did not pass the filter by options: 0, added: 0, new vincodes: 0
09-12-2013 18:00:18 --- INFO: Toyota Venza - found: 0, pass primary filters: 0, did not pass the filter by colors: 0, did not pass the filter by options: 0, added: 0, new vincodes: 0
09-12-2013 18:00:19 --- INFO: Toyota 4runner 2010 - found: 0, pass primary filters: 0, did not pass the filter by colors: 0, did not pass the filter by options: 0, added: 0, new vincodes: 0
09-12-2013 18:00:19 --- INFO: Toyota 4RUNNER 4WD V6 - found: 14, pass primary filters: 5, did not pass the filter by colors: 2, did not pass the filter by options: , added: 3, new vincodes: 0
09-12-2013 18:00:20 --- INFO: Toyota FJ cruiser - found: 4, pass primary filters: 0, did not pass the filter by colors: 0, did not pass the filter by options: 0, added: 0, new vincodes: 0
09-12-2013 18:00:21 --- INFO: Lexus RX 350 2013 - found: 0, pass primary filters: 0, did not pass the filter by colors: 0, did not pass the filter by options: 0, added: 0, new vincodes: 0
09-12-2013 18:00:21 --- INFO: Toyota Highlander - found: 12, pass primary filters: 4, did not pass the filter by colors: 3, did not pass the filter by options: , added: 1, new vincodes: 0
09-12-2013 18:00:23 --- INFO: Lexus RX 350 - found: 11, pass primary filters: 9, did not pass the filter by colors: 5, did not pass the filter by options: 3, added: 1, new vincodes: 0
09-12-2013 18:00:23 --- INFO: Toyota 4RUNNER Limited V6 - found: 14, pass primary filters: 0, did not pass the filter by colors: 0, did not pass the filter by options: 0, added: 0, new vincodes: 0
09-12-2013 18:00:23 --- INFO: finish: 09-12-2013 18:00:23
09-12-2013 18:00:23 --- INFO: elapsed time: ~16.52 sec., memory usage: ~1.92 Mb.
09-12-2013 18:30:01 --- INFO: start: 09-12-2013 18:30:01
09-12-2013 18:30:01 --- INFO: ----------Source_ExpOfCars (cli)
09-12-2013 18:30:11 --- INFO: Lexus RX 330 - found: 54, pass primary filters: 38, did not pass the filter by colors: 0, did not pass the filter by options: 0, added: 38, new vincodes: 0
09-12-2013 18:30:20 --- INFO: Lexus RX 400H - found: 20, pass primary filters: 17, did not pass the filter by colors: 0, did not pass the filter by options: 0, added: 17, new vincodes: 0
09-12-2013 18:30:26 --- INFO: Lexus GX 470 - found: 12, pass primary filters: 12, did not pass the filter by colors: 0, did not pass the filter by options: 0, added: 12, new vincodes: 0
09-12-2013 18:30:58 --- INFO: Lexus GX 470 - found: 71, pass primary filters: 71, did not pass the filter by colors: 0, did not pass the filter by options: 0, added: 71, new vincodes: 0
09-12-2013 18:31:02 --- INFO: Lexus LX 470 - found: 26, pass primary filters: 26, did not pass the filter by colors: 0, did not pass the filter by options: 0, added: 26, new vincodes: 0
09-12-2013 18:31:05 --- INFO: Toyota Sequoia - found: 23, pass primary filters: 23, did not pass the filter by colors: 0, did not pass the filter by options: 0, added: 23, new vincodes: 0
09-12-2013 18:31:08 --- INFO: Toyota Land Cruiser - found: 17, pass primary filters: 17, did not pass the filter by colors: 0, did not pass the filter by options: 0, added: 17, new vincodes: 0
09-12-2013 18:31:12 --- INFO: Lexus LX 570 - found: 17, pass primary filters: 17, did not pass the filter by colors: 0, did not pass the filter by options: 0, added: 17, new vincodes: 0
09-12-2013 18:31:17 --- INFO: Toyota Venza - found: 8, pass primary filters: 8, did not pass the filter by colors: 0, did not pass the filter by options: 0, added: 8, new vincodes: 0
09-12-2013 18:31:18 --- INFO: Toyota 4runner 2010 - found: 1, pass primary filters: 1, did not pass the filter by colors: 0, did not pass the filter by options: 0, added: 1, new vincodes: 0
09-12-2013 18:31:20 --- INFO: Toyota 4RUNNER 4WD V6 - found: 48, pass primary filters: 19, did not pass the filter by colors: 0, did not pass the filter by options: 0, added: 19, new vincodes: 0
09-12-2013 18:31:35 --- INFO: Toyota RAV 4 - found: 469, pass primary filters: 0, did not pass the filter by colors: 0, did not pass the filter by options: 0, added: 0, new vincodes: 0
09-12-2013 18:31:39 --- INFO: Toyota Highlander 4WD - found: 83, pass primary filters: 5, did not pass the filter by colors: 0, did not pass the filter by options: 0, added: 5, new vincodes: 0
09-12-2013 18:31:44 --- INFO: Toyota Highlander - found: 83, pass primary filters: 22, did not pass the filter by colors: 0, did not pass the filter by options: 0, added: 22, new vincodes: 0
09-12-2013 18:31:54 --- INFO: Lexus RX 350 - found: 116, pass primary filters: 76, did not pass the filter by colors: 0, did not pass the filter by options: 0, added: 76, new vincodes: 0
09-12-2013 18:31:56 --- INFO: Toyota 4RUNNER Limited V6 - found: 62, pass primary filters: 2, did not pass the filter by colors: 0, did not pass the filter by options: 0, added: 2, new vincodes: 0
09-12-2013 18:31:57 --- INFO: Lexus GX 460 - found: 1, pass primary filters: 1, did not pass the filter by colors: 0, did not pass the filter by options: 0, added: 1, new vincodes: 0
09-12-2013 18:31:58 --- INFO: Lexus RX 350 - found: 10, pass primary filters: 10, did not pass the filter by colors: 0, did not pass the filter by options: 0, added: 10, new vincodes: 0
09-12-2013 18:32:01 --- INFO: Toyota Highlander - found: 23, pass primary filters: 23, did not pass the filter by colors: 0, did not pass the filter by options: 0, added: 23, new vincodes: 0
09-12-2013 18:32:03 --- INFO: Lexus GS300 - found: 23, pass primary filters: 5, did not pass the filter by colors: 0, did not pass the filter by options: 0, added: 5, new vincodes: 0
09-12-2013 18:32:03 --- INFO: finish: 09-12-2013 18:32:03
09-12-2013 18:32:03 --- INFO: elapsed time: ~121.86 sec., memory usage: ~4.03 Mb.
09-12-2013 18:45:03 --- INFO: start: 09-12-2013 18:45:03
09-12-2013 18:45:03 --- INFO: ----------Source_Oodle (cli)
09-12-2013 18:45:08 --- INFO: Toyota Highlander - found: 29, pass primary filters: 25, did not pass the filter by colors: 0, did not pass the filter by options: 0, added: 25, new vincodes: 0
09-12-2013 18:45:15 --- INFO: Lexus RX 330 - found: 218, pass primary filters: 0, did not pass the filter by colors: 0, did not pass the filter by options: 0, added: 0, new vincodes: 0
09-12-2013 18:45:16 --- INFO: Lexus RX 400H - found: 0, pass primary filters: 0, did not pass the filter by colors: 0, did not pass the filter by options: 0, added: 0, new vincodes: 0
09-12-2013 18:45:17 --- INFO: Lexus GX 470 - found: 14, pass primary filters: 9, did not pass the filter by colors: 0, did not pass the filter by options: 0, added: 9, new vincodes: 0
09-12-2013 18:45:23 --- INFO: Lexus GX 470 - found: 199, pass primary filters: 9, did not pass the filter by colors: 0, did not pass the filter by options: 0, added: 9, new vincodes: 0
09-12-2013 18:45:26 --- INFO: Lexus LX 470 - found: 78, pass primary filters: 14, did not pass the filter by colors: 0, did not pass the filter by options: 0, added: 14, new vincodes: 0
09-12-2013 18:45:28 --- INFO: Toyota Sequoia - found: 81, pass primary filters: 6, did not pass the filter by colors: 0, did not pass the filter by options: 0, added: 6, new vincodes: 0
09-12-2013 18:45:29 --- INFO: Toyota Land Cruiser - found: 27, pass primary filters: 10, did not pass the filter by colors: 0, did not pass the filter by options: 0, added: 10, new vincodes: 0
09-12-2013 18:45:29 --- INFO: Lexus LX 570 - found: 0, pass primary filters: 0, did not pass the filter by colors: 0, did not pass the filter by options: 0, added: 0, new vincodes: 0
09-12-2013 18:45:30 --- INFO: Toyota Venza - found: 0, pass primary filters: 0, did not pass the filter by colors: 0, did not pass the filter by options: 0, added: 0, new vincodes: 0
09-12-2013 18:45:31 --- INFO: Toyota 4runner 2010 - found: 2, pass primary filters: 1, did not pass the filter by colors: 0, did not pass the filter by options: 0, added: 1, new vincodes: 0
09-12-2013 18:45:42 --- INFO: Toyota 4RUNNER 4WD V6 - found: 462, pass primary filters: 0, did not pass the filter by colors: 0, did not pass the filter by options: 0, added: 0, new vincodes: 0
09-12-2013 18:46:57 --- INFO: Toyota RAV 4 - found: 3373, pass primary filters: 0, did not pass the filter by colors: 0, did not pass the filter by options: 0, added: 0, new vincodes: 0
09-12-2013 18:47:11 --- INFO: Toyota Highlander 4WD - found: 479, pass primary filters: 0, did not pass the filter by colors: 0, did not pass the filter by options: 0, added: 0, new vincodes: 0
09-12-2013 18:47:25 --- INFO: Toyota Highlander - found: 479, pass primary filters: 0, did not pass the filter by colors: 0, did not pass the filter by options: 0, added: 0, new vincodes: 0
09-12-2013 18:47:46 --- INFO: Lexus RX 350 - found: 645, pass primary filters: 4, did not pass the filter by colors: 0, did not pass the filter by options: 0, added: 4, new vincodes: 0
09-12-2013 18:48:03 --- INFO: Toyota 4RUNNER Limited V6 - found: 545, pass primary filters: 1, did not pass the filter by colors: 0, did not pass the filter by options: 0, added: 1, new vincodes: 0
09-12-2013 18:48:03 --- INFO: Lexus GX 460 - found: 0, pass primary filters: 0, did not pass the filter by colors: 0, did not pass the filter by options: 0, added: 0, new vincodes: 0
09-12-2013 18:48:04 --- INFO: Lexus RX 350 - found: 12, pass primary filters: 6, did not pass the filter by colors: 0, did not pass the filter by options: 0, added: 6, new vincodes: 0
09-12-2013 18:48:07 --- INFO: Lexus GS300 - found: 82, pass primary filters: 3, did not pass the filter by colors: 0, did not pass the filter by options: 0, added: 3, new vincodes: 0
09-12-2013 18:48:09 --- INFO: Toyota FJ cruiser - found: 92, pass primary filters: 1, did not pass the filter by colors: 0, did not pass the filter by options: 0, added: 1, new vincodes: 0
09-12-2013 18:48:13 --- INFO: Lexus RX 350 2013 - found: 65, pass primary filters: 1, did not pass the filter by colors: 0, did not pass the filter by options: 0, added: 1, new vincodes: 0
09-12-2013 18:48:13 --- INFO: finish: 09-12-2013 18:48:13
09-12-2013 18:48:13 --- INFO: elapsed time: ~189.33 sec., memory usage: ~3.75 Mb.
09-12-2013 19:00:09 --- INFO: start: 09-12-2013 19:00:09
09-12-2013 19:00:11 --- INFO: ----------Source_AutoSalon (cli)
09-12-2013 19:00:20 --- INFO: Lexus RX 330 - found: 50, pass primary filters: 0, did not pass the filter by colors: 0, did not pass the filter by options: 0, added: 0, new vincodes: 0
09-12-2013 19:00:22 --- INFO: Lexus RX 400H - found: 0, pass primary filters: 0, did not pass the filter by colors: 0, did not pass the filter by options: 0, added: 0, new vincodes: 0
09-12-2013 19:00:26 --- INFO: Lexus GX 470 - found: 12, pass primary filters: 9, did not pass the filter by colors: 0, did not pass the filter by options: 0, added: 9, new vincodes: 0
09-12-2013 19:00:43 --- INFO: Lexus GX 470 - found: 70, pass primary filters: 19, did not pass the filter by colors: 0, did not pass the filter by options: 0, added: 19, new vincodes: 0
09-12-2013 19:00:52 --- INFO: Lexus LX 470 - found: 26, pass primary filters: 1, did not pass the filter by colors: 0, did not pass the filter by options: 0, added: 1, new vincodes: 0
09-12-2013 19:00:54 --- INFO: Toyota Sequoia - found: 0, pass primary filters: 0, did not pass the filter by colors: 0, did not pass the filter by options: 0, added: 0, new vincodes: 0
09-12-2013 19:00:57 --- INFO: Toyota Land Cruiser - found: 0, pass primary filters: 0, did not pass the filter by colors: 0, did not pass the filter by options: 0, added: 0, new vincodes: 0
09-12-2013 19:01:01 --- INFO: Lexus LX 570 - found: 16, pass primary filters: 12, did not pass the filter by colors: 0, did not pass the filter by options: 0, added: 12, new vincodes: 0
09-12-2013 19:01:03 --- INFO: Toyota Venza - found: 0, pass primary filters: 0, did not pass the filter by colors: 0, did not pass the filter by options: 0, added: 0, new vincodes: 0
09-12-2013 19:01:05 --- INFO: Toyota 4runner 2010 - found: 0, pass primary filters: 0, did not pass the filter by colors: 0, did not pass the filter by options: 0, added: 0, new vincodes: 0
09-12-2013 19:01:08 --- INFO: Toyota 4RUNNER 4WD V6 - found: 0, pass primary filters: 0, did not pass the filter by colors: 0, did not pass the filter by options: 0, added: 0, new vincodes: 0
09-12-2013 19:01:10 --- INFO: Toyota RAV 4 - found: 0, pass primary filters: 0, did not pass the filter by colors: 0, did not pass the filter by options: 0, added: 0, new vincodes: 0
09-12-2013 19:01:13 --- INFO: Toyota Highlander 4WD - found: 0, pass primary filters: 0, did not pass the filter by colors: 0, did not pass the filter by options: 0, added: 0, new vincodes: 0
09-12-2013 19:01:15 --- INFO: Toyota Highlander - found: 0, pass primary filters: 0, did not pass the filter by colors: 0, did not pass the filter by options: 0, added: 0, new vincodes: 0
09-12-2013 19:01:40 --- INFO: Lexus RX 350 - found: 101, pass primary filters: 1, did not pass the filter by colors: 0, did not pass the filter by options: 0, added: 1, new vincodes: 0
09-12-2013 19:01:43 --- INFO: Toyota 4RUNNER Limited V6 - found: 0, pass primary filters: 0, did not pass the filter by colors: 0, did not pass the filter by options: 0, added: 0, new vincodes: 0
09-12-2013 19:01:45 --- INFO: Lexus GX 460 - found: 1, pass primary filters: 1, did not pass the filter by colors: 0, did not pass the filter by options: 0, added: 1, new vincodes: 0
09-12-2013 19:01:49 --- INFO: Lexus RX 350 - found: 11, pass primary filters: 2, did not pass the filter by colors: 0, did not pass the filter by options: 0, added: 2, new vincodes: 0
09-12-2013 19:01:57 --- INFO: Toyota Highlander - found: 21, pass primary filters: 18, did not pass the filter by colors: 0, did not pass the filter by options: 0, added: 18, new vincodes: 0
09-12-2013 19:02:01 --- INFO: Lexus GS300 - found: 23, pass primary filters: 4, did not pass the filter by colors: 0, did not pass the filter by options: 0, added: 4, new vincodes: 0
09-12-2013 19:02:09 --- INFO: Toyota FJ cruiser - found: 25, pass primary filters: 13, did not pass the filter by colors: 0, did not pass the filter by options: 0, added: 13, new vincodes: 0
09-12-2013 19:02:17 --- INFO: Lexus RX 350 2013 - found: 30, pass primary filters: 1, did not pass the filter by colors: 0, did not pass the filter by options: 0, added: 1, new vincodes: 0
09-12-2013 19:02:17 --- INFO: finish: 09-12-2013 19:02:17
09-12-2013 19:02:17 --- INFO: elapsed time: ~127.03 sec., memory usage: ~2.75 Mb.
09-12-2013 22:00:09 --- INFO: start: 09-12-2013 22:00:09
09-12-2013 22:00:15 --- INFO: ----------Source_Adesa (cli)
09-12-2013 22:00:16 --- INFO: Authorized request
09-12-2013 22:00:31 --- INFO: Lexus RX 330 - found: 6, pass primary filters: 5, did not pass the filter by colors: 4, did not pass the filter by options: 1, added: 0, new vincodes: 1
09-12-2013 22:00:33 --- INFO: Lexus RX 400H - found: 2, pass primary filters: 2, did not pass the filter by colors: 1, did not pass the filter by options: 1, added: 0, new vincodes: 0
09-12-2013 22:00:34 --- INFO: Lexus GX 470 - found: 0, pass primary filters: 0, did not pass the filter by colors: 0, did not pass the filter by options: 0, added: 0, new vincodes: 0
09-12-2013 22:00:34 --- INFO: Lexus GX 470 - found: 2, pass primary filters: 2, did not pass the filter by colors: 0, did not pass the filter by options: 2, added: 0, new vincodes: 0
09-12-2013 22:00:35 --- INFO: Lexus LX 470 - found: 1, pass primary filters: 1, did not pass the filter by colors: 1, did not pass the filter by options: , added: 0, new vincodes: 0
09-12-2013 22:00:36 --- INFO: Toyota Sequoia - found: 0, pass primary filters: 0, did not pass the filter by colors: 0, did not pass the filter by options: 0, added: 0, new vincodes: 0
09-12-2013 22:00:36 --- INFO: Toyota Land Cruiser - found: 0, pass primary filters: 0, did not pass the filter by colors: 0, did not pass the filter by options: 0, added: 0, new vincodes: 0
09-12-2013 22:00:37 --- INFO: Lexus LX 570 - found: 0, pass primary filters: 0, did not pass the filter by colors: 0, did not pass the filter by options: 0, added: 0, new vincodes: 0
09-12-2013 22:00:37 --- INFO: Toyota Venza - found: 0, pass primary filters: 0, did not pass the filter by colors: 0, did not pass the filter by options: 0, added: 0, new vincodes: 0
09-12-2013 22:00:38 --- INFO: Toyota 4runner 2010 - found: 0, pass primary filters: 0, did not pass the filter by colors: 0, did not pass the filter by options: 0, added: 0, new vincodes: 0
09-12-2013 22:00:39 --- INFO: Toyota 4RUNNER 4WD V6 - found: 17, pass primary filters: 6, did not pass the filter by colors: 3, did not pass the filter by options: , added: 3, new vincodes: 0
09-12-2013 22:00:40 --- INFO: Toyota FJ cruiser - found: 4, pass primary filters: 0, did not pass the filter by colors: 0, did not pass the filter by options: 0, added: 0, new vincodes: 0
09-12-2013 22:00:40 --- INFO: Lexus RX 350 2013 - found: 0, pass primary filters: 0, did not pass the filter by colors: 0, did not pass the filter by options: 0, added: 0, new vincodes: 0
09-12-2013 22:00:46 --- INFO: Toyota Highlander - found: 16, pass primary filters: 6, did not pass the filter by colors: 5, did not pass the filter by options: , added: 1, new vincodes: 2
09-12-2013 22:00:48 --- INFO: Lexus RX 350 - found: 12, pass primary filters: 10, did not pass the filter by colors: 6, did not pass the filter by options: 3, added: 1, new vincodes: 0
09-12-2013 22:00:48 --- INFO: Toyota 4RUNNER Limited V6 - found: 17, pass primary filters: 0, did not pass the filter by colors: 0, did not pass the filter by options: 0, added: 0, new vincodes: 0
09-12-2013 22:00:48 --- INFO: finish: 09-12-2013 22:00:48
09-12-2013 22:00:48 --- INFO: elapsed time: ~39.33 sec., memory usage: ~2.01 Mb.
09-12-2013 22:30:06 --- INFO: start: 09-12-2013 22:30:06
09-12-2013 22:30:06 --- INFO: ----------Source_ExpOfCars (cli)
09-12-2013 22:30:16 --- INFO: Lexus RX 330 - found: 51, pass primary filters: 37, did not pass the filter by colors: 0, did not pass the filter by options: 0, added: 37, new vincodes: 1
09-12-2013 22:30:19 --- INFO: Lexus RX 400H - found: 20, pass primary filters: 17, did not pass the filter by colors: 0, did not pass the filter by options: 0, added: 17, new vincodes: 0
09-12-2013 22:30:21 --- INFO: Lexus GX 470 - found: 11, pass primary filters: 11, did not pass the filter by colors: 0, did not pass the filter by options: 0, added: 11, new vincodes: 0
09-12-2013 22:30:26 --- INFO: Lexus GX 470 - found: 67, pass primary filters: 67, did not pass the filter by colors: 0, did not pass the filter by options: 0, added: 67, new vincodes: 0
09-12-2013 22:30:29 --- INFO: Lexus LX 470 - found: 25, pass primary filters: 25, did not pass the filter by colors: 0, did not pass the filter by options: 0, added: 25, new vincodes: 0
09-12-2013 22:30:31 --- INFO: Toyota Sequoia - found: 22, pass primary filters: 22, did not pass the filter by colors: 0, did not pass the filter by options: 0, added: 22, new vincodes: 0
09-12-2013 22:30:33 --- INFO: Toyota Land Cruiser - found: 16, pass primary filters: 16, did not pass the filter by colors: 0, did not pass the filter by options: 0, added: 16, new vincodes: 0
09-12-2013 22:30:36 --- INFO: Lexus LX 570 - found: 15, pass primary filters: 15, did not pass the filter by colors: 0, did not pass the filter by options: 0, added: 15, new vincodes: 0
09-12-2013 22:30:38 --- INFO: Toyota Venza - found: 7, pass primary filters: 7, did not pass the filter by colors: 0, did not pass the filter by options: 0, added: 7, new vincodes: 0
09-12-2013 22:30:39 --- INFO: Toyota 4runner 2010 - found: 1, pass primary filters: 1, did not pass the filter by colors: 0, did not pass the filter by options: 0, added: 1, new vincodes: 0
09-12-2013 22:30:41 --- INFO: Toyota 4RUNNER 4WD V6 - found: 45, pass primary filters: 16, did not pass the filter by colors: 0, did not pass the filter by options: 0, added: 16, new vincodes: 0
09-12-2013 22:30:57 --- INFO: Toyota RAV 4 - found: 462, pass primary filters: 0, did not pass the filter by colors: 0, did not pass the filter by options: 0, added: 0, new vincodes: 0
09-12-2013 22:30:59 --- INFO: Toyota Highlander 4WD - found: 74, pass primary filters: 5, did not pass the filter by colors: 0, did not pass the filter by options: 0, added: 5, new vincodes: 0
09-12-2013 22:31:03 --- INFO: Toyota Highlander - found: 74, pass primary filters: 22, did not pass the filter by colors: 0, did not pass the filter by options: 0, added: 22, new vincodes: 0
09-12-2013 22:31:09 --- INFO: Lexus RX 350 - found: 111, pass primary filters: 72, did not pass the filter by colors: 0, did not pass the filter by options: 0, added: 72, new vincodes: 0
09-12-2013 22:31:11 --- INFO: Toyota 4RUNNER Limited V6 - found: 58, pass primary filters: 2, did not pass the filter by colors: 0, did not pass the filter by options: 0, added: 2, new vincodes: 0
09-12-2013 22:31:11 --- INFO: Lexus GX 460 - found: 1, pass primary filters: 1, did not pass the filter by colors: 0, did not pass the filter by options: 0, added: 1, new vincodes: 0
09-12-2013 22:31:13 --- INFO: Lexus RX 350 - found: 9, pass primary filters: 9, did not pass the filter by colors: 0, did not pass the filter by options: 0, added: 9, new vincodes: 0
09-12-2013 22:31:15 --- INFO: Toyota Highlander - found: 18, pass primary filters: 18, did not pass the filter by colors: 0, did not pass the filter by options: 0, added: 18, new vincodes: 0
09-12-2013 22:31:16 --- INFO: Lexus GS300 - found: 19, pass primary filters: 4, did not pass the filter by colors: 0, did not pass the filter by options: 0, added: 4, new vincodes: 0
09-12-2013 22:31:16 --- INFO: finish: 09-12-2013 22:31:16
09-12-2013 22:31:16 --- INFO: elapsed time: ~70.67 sec., memory usage: ~3.7 Mb.
09-12-2013 22:45:05 --- INFO: start: 09-12-2013 22:45:05
09-12-2013 22:45:05 --- INFO: ----------Source_Oodle (cli)
09-12-2013 22:45:10 --- INFO: Toyota Highlander - found: 29, pass primary filters: 25, did not pass the filter by colors: 0, did not pass the filter by options: 0, added: 25, new vincodes: 0
09-12-2013 22:45:20 --- INFO: Lexus RX 330 - found: 207, pass primary filters: 0, did not pass the filter by colors: 0, did not pass the filter by options: 0, added: 0, new vincodes: 0
09-12-2013 22:45:20 --- INFO: Lexus RX 400H - found: 0, pass primary filters: 0, did not pass the filter by colors: 0, did not pass the filter by options: 0, added: 0, new vincodes: 0
09-12-2013 22:45:33 --- INFO: Lexus GX 470 - found: 15, pass primary filters: 10, did not pass the filter by colors: 0, did not pass the filter by options: 0, added: 10, new vincodes: 0
09-12-2013 22:45:38 --- INFO: Lexus GX 470 - found: 196, pass primary filters: 9, did not pass the filter by colors: 0, did not pass the filter by options: 0, added: 9, new vincodes: 0
09-12-2013 22:45:41 --- INFO: Lexus LX 470 - found: 73, pass primary filters: 11, did not pass the filter by colors: 0, did not pass the filter by options: 0, added: 11, new vincodes: 0
09-12-2013 22:45:44 --- INFO: Toyota Sequoia - found: 73, pass primary filters: 7, did not pass the filter by colors: 0, did not pass the filter by options: 0, added: 7, new vincodes: 0
09-12-2013 22:45:45 --- INFO: Toyota Land Cruiser - found: 23, pass primary filters: 7, did not pass the filter by colors: 0, did not pass the filter by options: 0, added: 7, new vincodes: 0
09-12-2013 22:45:46 --- INFO: Lexus LX 570 - found: 0, pass primary filters: 0, did not pass the filter by colors: 0, did not pass the filter by options: 0, added: 0, new vincodes: 0
09-12-2013 22:45:46 --- INFO: Toyota Venza - found: 0, pass primary filters: 0, did not pass the filter by colors: 0, did not pass the filter by options: 0, added: 0, new vincodes: 0
09-12-2013 22:45:47 --- INFO: Toyota 4runner 2010 - found: 2, pass primary filters: 1, did not pass the filter by colors: 0, did not pass the filter by options: 0, added: 1, new vincodes: 0
09-12-2013 22:45:57 --- INFO: Toyota 4RUNNER 4WD V6 - found: 447, pass primary filters: 1, did not pass the filter by colors: 0, did not pass the filter by options: 0, added: 1, new vincodes: 0
09-12-2013 22:47:01 --- INFO: Toyota RAV 4 - found: 3216, pass primary filters: 0, did not pass the filter by colors: 0, did not pass the filter by options: 0, added: 0, new vincodes: 0
09-12-2013 22:47:11 --- INFO: Toyota Highlander 4WD - found: 454, pass primary filters: 0, did not pass the filter by colors: 0, did not pass the filter by options: 0, added: 0, new vincodes: 0
09-12-2013 22:47:20 --- INFO: Toyota Highlander - found: 454, pass primary filters: 0, did not pass the filter by colors: 0, did not pass the filter by options: 0, added: 0, new vincodes: 0
09-12-2013 22:47:35 --- INFO: Lexus RX 350 - found: 606, pass primary filters: 1, did not pass the filter by colors: 0, did not pass the filter by options: 0, added: 1, new vincodes: 0
09-12-2013 22:47:46 --- INFO: Toyota 4RUNNER Limited V6 - found: 527, pass primary filters: 0, did not pass the filter by colors: 0, did not pass the filter by options: 0, added: 0, new vincodes: 0
09-12-2013 22:47:47 --- INFO: Lexus GX 460 - found: 0, pass primary filters: 0, did not pass the filter by colors: 0, did not pass the filter by options: 0, added: 0, new vincodes: 0
09-12-2013 22:47:47 --- INFO: Lexus RX 350 - found: 9, pass primary filters: 4, did not pass the filter by colors: 0, did not pass the filter by options: 0, added: 4, new vincodes: 0
09-12-2013 22:47:49 --- INFO: Lexus GS300 - found: 81, pass primary filters: 3, did not pass the filter by colors: 0, did not pass the filter by options: 0, added: 3, new vincodes: 0
09-12-2013 22:47:51 --- INFO: Toyota FJ cruiser - found: 87, pass primary filters: 0, did not pass the filter by colors: 0, did not pass the filter by options: 0, added: 0, new vincodes: 0
09-12-2013 22:47:54 --- INFO: Lexus RX 350 2013 - found: 53, pass primary filters: 0, did not pass the filter by colors: 0, did not pass the filter by options: 0, added: 0, new vincodes: 0
09-12-2013 22:47:54 --- INFO: finish: 09-12-2013 22:47:54
09-12-2013 22:47:54 --- INFO: elapsed time: ~169.31 sec., memory usage: ~3.86 Mb.
09-12-2013 23:00:06 --- INFO: start: 09-12-2013 23:00:06
09-12-2013 23:00:06 --- INFO: ----------Source_AutoSalon (cli)
09-12-2013 23:00:25 --- INFO: Lexus RX 330 - found: 59, pass primary filters: 0, did not pass the filter by colors: 0, did not pass the filter by options: 0, added: 0, new vincodes: 0
09-12-2013 23:00:28 --- INFO: Lexus RX 400H - found: 0, pass primary filters: 0, did not pass the filter by colors: 0, did not pass the filter by options: 0, added: 0, new vincodes: 0
09-12-2013 23:00:38 --- INFO: Lexus GX 470 - found: 14, pass primary filters: 11, did not pass the filter by colors: 0, did not pass the filter by options: 0, added: 11, new vincodes: 0
09-12-2013 23:06:43 --- INFO: Lexus GX 470 - found: 75, pass primary filters: 24, did not pass the filter by colors: 0, did not pass the filter by options: 0, added: 24, new vincodes: 1
09-12-2013 23:08:06 --- INFO: Lexus LX 470 - found: 31, pass primary filters: 4, did not pass the filter by colors: 0, did not pass the filter by options: 0, added: 4, new vincodes: 1
09-12-2013 23:08:09 --- INFO: Toyota Sequoia - found: 0, pass primary filters: 0, did not pass the filter by colors: 0, did not pass the filter by options: 0, added: 0, new vincodes: 0
09-12-2013 23:08:11 --- INFO: Toyota Land Cruiser - found: 0, pass primary filters: 0, did not pass the filter by colors: 0, did not pass the filter by options: 0, added: 0, new vincodes: 0
09-12-2013 23:08:16 --- INFO: Lexus LX 570 - found: 19, pass primary filters: 13, did not pass the filter by colors: 0, did not pass the filter by options: 0, added: 13, new vincodes: 1
09-12-2013 23:08:18 --- INFO: Toyota Venza - found: 0, pass primary filters: 0, did not pass the filter by colors: 0, did not pass the filter by options: 0, added: 0, new vincodes: 0
09-12-2013 23:08:21 --- INFO: Toyota 4runner 2010 - found: 0, pass primary filters: 0, did not pass the filter by colors: 0, did not pass the filter by options: 0, added: 0, new vincodes: 0
09-12-2013 23:08:23 --- INFO: Toyota 4RUNNER 4WD V6 - found: 0, pass primary filters: 0, did not pass the filter by colors: 0, did not pass the filter by options: 0, added: 0, new vincodes: 0
09-12-2013 23:08:29 --- INFO: Toyota RAV 4 - found: 0, pass primary filters: 0, did not pass the filter by colors: 0, did not pass the filter by options: 0, added: 0, new vincodes: 0
09-12-2013 23:08:31 --- INFO: Toyota Highlander 4WD - found: 0, pass primary filters: 0, did not pass the filter by colors: 0, did not pass the filter by options: 0, added: 0, new vincodes: 0
09-12-2013 23:08:34 --- INFO: Toyota Highlander - found: 0, pass primary filters: 0, did not pass the filter by colors: 0, did not pass the filter by options: 0, added: 0, new vincodes: 0
09-12-2013 23:09:17 --- INFO: Lexus RX 350 - found: 121, pass primary filters: 14, did not pass the filter by colors: 0, did not pass the filter by options: 0, added: 14, new vincodes: 0
09-12-2013 23:09:19 --- INFO: Toyota 4RUNNER Limited V6 - found: 0, pass primary filters: 0, did not pass the filter by colors: 0, did not pass the filter by options: 0, added: 0, new vincodes: 0
09-12-2013 23:09:22 --- INFO: Lexus GX 460 - found: 1, pass primary filters: 1, did not pass the filter by colors: 0, did not pass the filter by options: 0, added: 1, new vincodes: 0
09-12-2013 23:09:26 --- INFO: Lexus RX 350 - found: 16, pass primary filters: 4, did not pass the filter by colors: 0, did not pass the filter by options: 0, added: 4, new vincodes: 0
09-12-2013 23:09:45 --- INFO: Toyota Highlander - found: 26, pass primary filters: 1, did not pass the filter by colors: 0, did not pass the filter by options: 0, added: 1, new vincodes: 0
09-12-2013 23:09:52 --- INFO: Lexus GS300 - found: 28, pass primary filters: 0, did not pass the filter by colors: 0, did not pass the filter by options: 0, added: 0, new vincodes: 0
09-12-2013 23:10:06 --- INFO: Toyota FJ cruiser - found: 29, pass primary filters: 2, did not pass the filter by colors: 0, did not pass the filter by options: 0, added: 2, new vincodes: 0
09-12-2013 23:10:15 --- INFO: Lexus RX 350 2013 - found: 34, pass primary filters: 1, did not pass the filter by colors: 0, did not pass the filter by options: 0, added: 1, new vincodes: 0
09-12-2013 23:10:15 --- INFO: finish: 09-12-2013 23:10:15
09-12-2013 23:10:15 --- INFO: elapsed time: ~609.03 sec., memory usage: ~3.02 Mb.