
08-11-2013 22:06:24 --- INFO: start: 08-11-2013 22:06:24
08-11-2013 22:06:24 --- INFO: ----------Source_AutoSalon (apache2handler)
08-11-2013 22:10:05 --- INFO: Lexus RX 330 - found: 51, pass primary filters: 0, did not pass the filter by colors: 0, did not pass the filter by options: 0, added: 0, new vincodes: 0
08-11-2013 22:10:07 --- INFO: Lexus RX 400H - found: 0, pass primary filters: 0, did not pass the filter by colors: 0, did not pass the filter by options: 0, added: 0, new vincodes: 0
08-11-2013 22:13:43 --- INFO: Lexus GX 470 - found: 4, pass primary filters: 2, did not pass the filter by colors: 0, did not pass the filter by options: 0, added: 2, new vincodes: 0
08-11-2013 23:28:06 --- INFO: Lexus GX 470 - found: 56, pass primary filters: 6, did not pass the filter by colors: 0, did not pass the filter by options: 0, added: 6, new vincodes: 2
08-11-2013 23:53:53 --- INFO: Lexus LX 470 - found: 21, pass primary filters: 18, did not pass the filter by colors: 0, did not pass the filter by options: 0, added: 18, new vincodes: 4
08-11-2013 23:53:55 --- INFO: Toyota Sequoia - found: 0, pass primary filters: 0, did not pass the filter by colors: 0, did not pass the filter by options: 0, added: 0, new vincodes: 0
08-11-2013 23:53:58 --- INFO: Toyota Land Cruiser - found: 0, pass primary filters: 0, did not pass the filter by colors: 0, did not pass the filter by options: 0, added: 0, new vincodes: 0
09-11-2013 00:20:20 --- INFO: Lexus LX 570 - found: 19, pass primary filters: 17, did not pass the filter by colors: 0, did not pass the filter by options: 0, added: 17, new vincodes: 4
09-11-2013 00:20:23 --- INFO: Toyota Venza - found: 0, pass primary filters: 0, did not pass the filter by colors: 0, did not pass the filter by options: 0, added: 0, new vincodes: 0
09-11-2013 00:20:25 --- INFO: Toyota 4runner 2010 - found: 0, pass primary filters: 0, did not pass the filter by colors: 0, did not pass the filter by options: 0, added: 0, new vincodes: 0
09-11-2013 00:20:27 --- INFO: Toyota 4RUNNER 4WD V6 - found: 0, pass primary filters: 0, did not pass the filter by colors: 0, did not pass the filter by options: 0, added: 0, new vincodes: 0
09-11-2013 00:20:30 --- INFO: Toyota RAV 4 - found: 0, pass primary filters: 0, did not pass the filter by colors: 0, did not pass the filter by options: 0, added: 0, new vincodes: 0
09-11-2013 00:20:32 --- INFO: Toyota Highlander 4WD - found: 0, pass primary filters: 0, did not pass the filter by colors: 0, did not pass the filter by options: 0, added: 0, new vincodes: 0
09-11-2013 00:20:34 --- INFO: Toyota Highlander - found: 0, pass primary filters: 0, did not pass the filter by colors: 0, did not pass the filter by options: 0, added: 0, new vincodes: 0
09-11-2013 01:01:53 --- INFO: Lexus RX 350 - found: 135, pass primary filters: 1, did not pass the filter by colors: 0, did not pass the filter by options: 0, added: 1, new vincodes: 0
09-11-2013 01:01:55 --- INFO: Toyota 4RUNNER Limited V6 - found: 0, pass primary filters: 0, did not pass the filter by colors: 0, did not pass the filter by options: 0, added: 0, new vincodes: 0
09-11-2013 01:06:39 --- INFO: Lexus GX 460 - found: 8, pass primary filters: 3, did not pass the filter by colors: 0, did not pass the filter by options: 0, added: 3, new vincodes: 1
09-11-2013 01:14:07 --- INFO: Lexus RX 350 - found: 11, pass primary filters: 6, did not pass the filter by colors: 0, did not pass the filter by options: 0, added: 6, new vincodes: 4
09-11-2013 01:21:45 --- INFO: Toyota Highlander - found: 13, pass primary filters: 5, did not pass the filter by colors: 0, did not pass the filter by options: 0, added: 5, new vincodes: 1
09-11-2013 01:25:06 --- INFO: Lexus GS300 - found: 22, pass primary filters: 2, did not pass the filter by colors: 0, did not pass the filter by options: 0, added: 2, new vincodes: 0
09-11-2013 01:36:09 --- INFO: Toyota FJ cruiser - found: 27, pass primary filters: 1, did not pass the filter by colors: 0, did not pass the filter by options: 0, added: 1, new vincodes: 1
09-11-2013 01:46:47 --- INFO: Lexus RX 350 2013 - found: 24, pass primary filters: 8, did not pass the filter by colors: 0, did not pass the filter by options: 0, added: 8, new vincodes: 7
09-11-2013 01:46:47 --- INFO: finish: 09-11-2013 01:46:47
09-11-2013 01:46:47 --- INFO: elapsed time: ~13223.01 sec., memory usage: ~5.56 Mb.
09-11-2013 03:27:26 --- INFO: start: 09-11-2013 03:27:26
09-11-2013 03:27:26 --- INFO: ----------Source_Adesa (apache2handler)
09-11-2013 03:27:27 --- INFO: Authorized request
09-11-2013 03:27:28 --- INFO: Lexus RX 330 - found: 9, pass primary filters: 6, did not pass the filter by colors: 4, did not pass the filter by options: 2, added: 0, new vincodes: 0
09-11-2013 03:27:29 --- INFO: Lexus RX 400H - found: 4, pass primary filters: 4, did not pass the filter by colors: 2, did not pass the filter by options: 0, added: 2, new vincodes: 1
09-11-2013 03:27:30 --- INFO: Lexus GX 470 - found: 0, pass primary filters: 0, did not pass the filter by colors: 0, did not pass the filter by options: 0, added: 0, new vincodes: 0
09-11-2013 03:28:14 --- INFO: Lexus GX 470 - found: 12, pass primary filters: 12, did not pass the filter by colors: 7, did not pass the filter by options: 2, added: 3, new vincodes: 6
09-11-2013 03:28:15 --- INFO: Lexus LX 470 - found: 1, pass primary filters: 1, did not pass the filter by colors: 1, did not pass the filter by options: , added: 0, new vincodes: 0
09-11-2013 03:28:15 --- INFO: Toyota Sequoia - found: 0, pass primary filters: 0, did not pass the filter by colors: 0, did not pass the filter by options: 0, added: 0, new vincodes: 0
09-11-2013 03:28:16 --- INFO: Toyota Land Cruiser - found: 1, pass primary filters: 1, did not pass the filter by colors: 1, did not pass the filter by options: , added: 0, new vincodes: 0
09-11-2013 03:28:17 --- INFO: Lexus LX 570 - found: 0, pass primary filters: 0, did not pass the filter by colors: 0, did not pass the filter by options: 0, added: 0, new vincodes: 0
09-11-2013 03:28:17 --- INFO: Toyota Venza - found: 0, pass primary filters: 0, did not pass the filter by colors: 0, did not pass the filter by options: 0, added: 0, new vincodes: 0
09-11-2013 03:28:18 --- INFO: Toyota 4runner 2010 - found: 0, pass primary filters: 0, did not pass the filter by colors: 0, did not pass the filter by options: 0, added: 0, new vincodes: 0
09-11-2013 03:28:52 --- INFO: Toyota 4RUNNER 4WD V6 - found: 29, pass primary filters: 8, did not pass the filter by colors: 4, did not pass the filter by options: , added: 4, new vincodes: 5
09-11-2013 03:28:52 --- INFO: Toyota FJ cruiser - found: 6, pass primary filters: 0, did not pass the filter by colors: 0, did not pass the filter by options: 0, added: 0, new vincodes: 0
09-11-2013 03:28:53 --- INFO: Lexus RX 350 2013 - found: 0, pass primary filters: 0, did not pass the filter by colors: 0, did not pass the filter by options: 0, added: 0, new vincodes: 0
09-11-2013 03:28:54 --- INFO: Toyota Highlander - found: 34, pass primary filters: 0, did not pass the filter by colors: 0, did not pass the filter by options: 0, added: 0, new vincodes: 0
09-11-2013 03:30:20 --- INFO: Lexus RX 350 - found: 19, pass primary filters: 16, did not pass the filter by colors: 9, did not pass the filter by options: 4, added: 3, new vincodes: 16
09-11-2013 03:30:22 --- INFO: Toyota 4RUNNER Limited V6 - found: 35, pass primary filters: 2, did not pass the filter by colors: 0, did not pass the filter by options: , added: 2, new vincodes: 2
09-11-2013 03:30:22 --- INFO: finish: 09-11-2013 03:30:22
09-11-2013 03:30:22 --- INFO: elapsed time: ~175.97 sec., memory usage: ~3.66 Mb.
08-11-2013 23:19:10 --- INFO: start: 08-11-2013 23:19:10
08-11-2013 23:19:10 --- INFO: ----------Source_Oodle (apache2handler)
08-11-2013 23:19:12 --- INFO: Toyota Highlander - found: 73, pass primary filters: 17, did not pass the filter by colors: 0, did not pass the filter by options: 0, added: 17, new vincodes: 0
08-11-2013 23:38:39 --- INFO: Lexus RX 330 - found: 603, pass primary filters: 0, did not pass the filter by colors: 0, did not pass the filter by options: 0, added: 0, new vincodes: 0
08-11-2013 23:38:39 --- INFO: Lexus RX 400H - found: 1, pass primary filters: 0, did not pass the filter by colors: 0, did not pass the filter by options: 0, added: 0, new vincodes: 0
08-11-2013 23:53:30 --- INFO: Lexus GX 470 - found: 44, pass primary filters: 35, did not pass the filter by colors: 0, did not pass the filter by options: 0, added: 35, new vincodes: 32
09-11-2013 02:09:14 --- INFO: Lexus GX 470 - found: 604, pass primary filters: 2, did not pass the filter by colors: 0, did not pass the filter by options: 0, added: 2, new vincodes: 2
09-11-2013 02:59:01 --- INFO: Lexus LX 470 - found: 186, pass primary filters: 21, did not pass the filter by colors: 0, did not pass the filter by options: 0, added: 21, new vincodes: 19
09-11-2013 03:26:00 --- INFO: Toyota Sequoia - found: 252, pass primary filters: 0, did not pass the filter by colors: 0, did not pass the filter by options: 0, added: 0, new vincodes: 0
09-11-2013 03:26:48 --- INFO: Toyota Land Cruiser - found: 21, pass primary filters: 3, did not pass the filter by colors: 0, did not pass the filter by options: 0, added: 3, new vincodes: 3
09-11-2013 03:26:49 --- INFO: Lexus LX 570 - found: 0, pass primary filters: 0, did not pass the filter by colors: 0, did not pass the filter by options: 0, added: 0, new vincodes: 0
09-11-2013 03:26:49 --- INFO: Toyota Venza - found: 0, pass primary filters: 0, did not pass the filter by colors: 0, did not pass the filter by options: 0, added: 0, new vincodes: 0
09-11-2013 03:28:20 --- INFO: Toyota 4runner 2010 - found: 7, pass primary filters: 4, did not pass the filter by colors: 0, did not pass the filter by options: 0, added: 4, new vincodes: 4
09-11-2013 03:43:39 --- INFO: Toyota 4RUNNER 4WD V6 - found: 1196, pass primary filters: 0, did not pass the filter by colors: 0, did not pass the filter by options: 0, added: 0, new vincodes: 0
09-11-2013 03:47:10 --- INFO: Toyota RAV 4 - found: 10107, pass primary filters: 0, did not pass the filter by colors: 0, did not pass the filter by options: 0, added: 0, new vincodes: 0
09-11-2013 03:50:09 --- INFO: Toyota Highlander 4WD - found: 1235, pass primary filters: 0, did not pass the filter by colors: 0, did not pass the filter by options: 0, added: 0, new vincodes: 0
09-11-2013 03:54:35 --- INFO: Toyota Highlander - found: 1235, pass primary filters: 0, did not pass the filter by colors: 0, did not pass the filter by options: 0, added: 0, new vincodes: 0
09-11-2013 04:39:55 --- INFO: Lexus RX 350 - found: 1950, pass primary filters: 3, did not pass the filter by colors: 0, did not pass the filter by options: 0, added: 3, new vincodes: 2
09-11-2013 04:42:16 --- INFO: Toyota 4RUNNER Limited V6 - found: 1433, pass primary filters: 0, did not pass the filter by colors: 0, did not pass the filter by options: 0, added: 0, new vincodes: 0
09-11-2013 04:42:16 --- INFO: Lexus GX 460 - found: 0, pass primary filters: 0, did not pass the filter by colors: 0, did not pass the filter by options: 0, added: 0, new vincodes: 0
09-11-2013 04:52:50 --- INFO: Lexus RX 350 - found: 53, pass primary filters: 1, did not pass the filter by colors: 0, did not pass the filter by options: 0, added: 1, new vincodes: 0
09-11-2013 05:05:15 --- INFO: Lexus GS300 - found: 264, pass primary filters: 2, did not pass the filter by colors: 0, did not pass the filter by options: 0, added: 2, new vincodes: 2
09-11-2013 05:08:09 --- INFO: Toyota FJ cruiser - found: 214, pass primary filters: 1, did not pass the filter by colors: 0, did not pass the filter by options: 0, added: 1, new vincodes: 0
09-11-2013 05:52:08 --- INFO: Lexus RX 350 2013 - found: 340, pass primary filters: 6, did not pass the filter by colors: 0, did not pass the filter by options: 0, added: 6, new vincodes: 5
09-11-2013 05:52:08 --- INFO: finish: 09-11-2013 05:52:08
09-11-2013 05:52:08 --- INFO: elapsed time: ~23577.96 sec., memory usage: ~30.74 Mb.