
10-01-2014 14:00:32 --- INFO: start: 10-01-2014 14:00:32
10-01-2014 14:00:32 --- INFO: ----------Source_Adesa (apache2handler)
10-01-2014 14:00:34 --- INFO: Authorized request
10-01-2014 14:00:41 --- INFO: Lexus RX 330 - found: 7, pass primary filters: 5, did not pass the filter by colors: 2, did not pass the filter by options: 2, added: 1, new vincodes: 3
10-01-2014 14:00:43 --- INFO: Lexus RX 400H - found: 9, pass primary filters: 7, did not pass the filter by colors: 5, did not pass the filter by options: 1, added: 1, new vincodes: 2
10-01-2014 14:00:43 --- INFO: Lexus GX 470 - found: 1, pass primary filters: 0, did not pass the filter by colors: 0, did not pass the filter by options: 0, added: 0, new vincodes: 0
10-01-2014 14:00:45 --- INFO: Lexus GX 470 - found: 11, pass primary filters: 3, did not pass the filter by colors: 1, did not pass the filter by options: 0, added: 2, new vincodes: 1
10-01-2014 14:00:46 --- INFO: Lexus LX 470 - found: 5, pass primary filters: 5, did not pass the filter by colors: 4, did not pass the filter by options: , added: 1, new vincodes: 0
10-01-2014 14:00:47 --- INFO: Toyota Sequoia - found: 0, pass primary filters: 0, did not pass the filter by colors: 0, did not pass the filter by options: 0, added: 0, new vincodes: 0
10-01-2014 14:00:48 --- INFO: Toyota Land Cruiser - found: 2, pass primary filters: 2, did not pass the filter by colors: 1, did not pass the filter by options: , added: 1, new vincodes: 2
10-01-2014 14:00:48 --- INFO: Lexus LX 570 - found: 0, pass primary filters: 0, did not pass the filter by colors: 0, did not pass the filter by options: 0, added: 0, new vincodes: 0
10-01-2014 14:00:49 --- INFO: Toyota Venza - found: 0, pass primary filters: 0, did not pass the filter by colors: 0, did not pass the filter by options: 0, added: 0, new vincodes: 0
10-01-2014 14:00:49 --- INFO: Toyota 4runner 2010 - found: 0, pass primary filters: 0, did not pass the filter by colors: 0, did not pass the filter by options: 0, added: 0, new vincodes: 0
10-01-2014 14:00:51 --- INFO: Toyota 4RUNNER 4WD V6 - found: 17, pass primary filters: 3, did not pass the filter by colors: 2, did not pass the filter by options: , added: 1, new vincodes: 2
10-01-2014 14:00:51 --- INFO: Toyota FJ cruiser - found: 4, pass primary filters: 0, did not pass the filter by colors: 0, did not pass the filter by options: 0, added: 0, new vincodes: 0
10-01-2014 14:00:51 --- INFO: Lexus RX 350 2013 - found: 0, pass primary filters: 0, did not pass the filter by colors: 0, did not pass the filter by options: 0, added: 0, new vincodes: 0
10-01-2014 14:00:52 --- INFO: Toyota Highlander - found: 25, pass primary filters: 5, did not pass the filter by colors: 4, did not pass the filter by options: , added: 1, new vincodes: 0
10-01-2014 14:02:29 --- INFO: Lexus RX 350 - found: 26, pass primary filters: 19, did not pass the filter by colors: 9, did not pass the filter by options: 4, added: 6, new vincodes: 5
10-01-2014 14:02:30 --- INFO: Toyota 4RUNNER Limited V6 - found: 20, pass primary filters: 3, did not pass the filter by colors: 0, did not pass the filter by options: , added: 3, new vincodes: 1
10-01-2014 14:02:30 --- INFO: finish: 10-01-2014 14:02:30
10-01-2014 14:02:30 --- INFO: elapsed time: ~118.21 sec., memory usage: ~3.6 Mb.
10-01-2014 14:24:14 --- INFO: start: 10-01-2014 14:24:14
10-01-2014 14:24:14 --- INFO: ----------Source_Oodle (apache2handler)
10-01-2014 14:24:17 --- INFO: Toyota Highlander - found: 24, pass primary filters: 21, did not pass the filter by colors: 0, did not pass the filter by options: 0, added: 21, new vincodes: 0
10-01-2014 14:24:22 --- INFO: Lexus RX 330 - found: 220, pass primary filters: 0, did not pass the filter by colors: 0, did not pass the filter by options: 0, added: 0, new vincodes: 0
10-01-2014 14:24:22 --- INFO: Lexus RX 400H - found: 0, pass primary filters: 0, did not pass the filter by colors: 0, did not pass the filter by options: 0, added: 0, new vincodes: 0
10-01-2014 14:24:24 --- INFO: Lexus GX 470 - found: 15, pass primary filters: 9, did not pass the filter by colors: 0, did not pass the filter by options: 0, added: 9, new vincodes: 0
10-01-2014 14:24:58 --- INFO: Lexus GX 470 - found: 184, pass primary filters: 10, did not pass the filter by colors: 0, did not pass the filter by options: 0, added: 10, new vincodes: 0
10-01-2014 14:25:15 --- INFO: Lexus LX 470 - found: 72, pass primary filters: 11, did not pass the filter by colors: 0, did not pass the filter by options: 0, added: 11, new vincodes: 0
10-01-2014 14:25:18 --- INFO: Toyota Sequoia - found: 77, pass primary filters: 6, did not pass the filter by colors: 0, did not pass the filter by options: 0, added: 6, new vincodes: 0
10-01-2014 14:25:19 --- INFO: Toyota Land Cruiser - found: 26, pass primary filters: 13, did not pass the filter by colors: 0, did not pass the filter by options: 0, added: 13, new vincodes: 0
10-01-2014 14:25:19 --- INFO: Lexus LX 570 - found: 0, pass primary filters: 0, did not pass the filter by colors: 0, did not pass the filter by options: 0, added: 0, new vincodes: 0
10-01-2014 14:25:20 --- INFO: Toyota Venza - found: 0, pass primary filters: 0, did not pass the filter by colors: 0, did not pass the filter by options: 0, added: 0, new vincodes: 0
10-01-2014 14:25:21 --- INFO: Toyota 4runner 2010 - found: 5, pass primary filters: 4, did not pass the filter by colors: 0, did not pass the filter by options: 0, added: 4, new vincodes: 1
10-01-2014 14:25:48 --- INFO: Toyota 4RUNNER 4WD V6 - found: 433, pass primary filters: 0, did not pass the filter by colors: 0, did not pass the filter by options: 0, added: 0, new vincodes: 0
10-01-2014 14:26:51 --- INFO: Toyota RAV 4 - found: 2930, pass primary filters: 0, did not pass the filter by colors: 0, did not pass the filter by options: 0, added: 0, new vincodes: 0
10-01-2014 14:27:02 --- INFO: Toyota Highlander 4WD - found: 436, pass primary filters: 0, did not pass the filter by colors: 0, did not pass the filter by options: 0, added: 0, new vincodes: 0
10-01-2014 14:27:12 --- INFO: Toyota Highlander - found: 436, pass primary filters: 0, did not pass the filter by colors: 0, did not pass the filter by options: 0, added: 0, new vincodes: 0
10-01-2014 14:27:38 --- INFO: Lexus RX 350 - found: 634, pass primary filters: 2, did not pass the filter by colors: 0, did not pass the filter by options: 0, added: 2, new vincodes: 0
10-01-2014 14:27:50 --- INFO: Toyota 4RUNNER Limited V6 - found: 501, pass primary filters: 0, did not pass the filter by colors: 0, did not pass the filter by options: 0, added: 0, new vincodes: 0
10-01-2014 14:27:50 --- INFO: Lexus GX 460 - found: 0, pass primary filters: 0, did not pass the filter by colors: 0, did not pass the filter by options: 0, added: 0, new vincodes: 0
10-01-2014 14:27:51 --- INFO: Lexus RX 350 - found: 10, pass primary filters: 6, did not pass the filter by colors: 0, did not pass the filter by options: 0, added: 6, new vincodes: 0
10-01-2014 14:27:53 --- INFO: Lexus GS300 - found: 98, pass primary filters: 5, did not pass the filter by colors: 0, did not pass the filter by options: 0, added: 5, new vincodes: 0
10-01-2014 14:27:55 --- INFO: Toyota FJ cruiser - found: 75, pass primary filters: 0, did not pass the filter by colors: 0, did not pass the filter by options: 0, added: 0, new vincodes: 0
10-01-2014 14:27:58 --- INFO: Lexus RX 350 2013 - found: 75, pass primary filters: 2, did not pass the filter by colors: 0, did not pass the filter by options: 0, added: 2, new vincodes: 0
10-01-2014 14:27:58 --- INFO: finish: 10-01-2014 14:27:58
10-01-2014 14:27:58 --- INFO: elapsed time: ~223.66 sec., memory usage: ~5.75 Mb.
10-01-2014 15:03:07 --- INFO: start: 10-01-2014 15:03:07
10-01-2014 15:03:07 --- INFO: ----------Source_Oodle (apache2handler)
10-01-2014 15:03:08 --- INFO: Toyota Highlander - found: 24, pass primary filters: 21, did not pass the filter by colors: 0, did not pass the filter by options: 0, added: 21, new vincodes: 0
10-01-2014 15:03:14 --- INFO: Lexus RX 330 - found: 220, pass primary filters: 0, did not pass the filter by colors: 0, did not pass the filter by options: 0, added: 0, new vincodes: 0
10-01-2014 15:03:14 --- INFO: Lexus RX 400H - found: 0, pass primary filters: 0, did not pass the filter by colors: 0, did not pass the filter by options: 0, added: 0, new vincodes: 0
10-01-2014 15:03:15 --- INFO: Lexus GX 470 - found: 15, pass primary filters: 9, did not pass the filter by colors: 0, did not pass the filter by options: 0, added: 9, new vincodes: 0
10-01-2014 15:03:21 --- INFO: Lexus GX 470 - found: 184, pass primary filters: 10, did not pass the filter by colors: 0, did not pass the filter by options: 0, added: 10, new vincodes: 0
10-01-2014 15:03:24 --- INFO: Lexus LX 470 - found: 72, pass primary filters: 11, did not pass the filter by colors: 0, did not pass the filter by options: 0, added: 11, new vincodes: 0
10-01-2014 15:03:27 --- INFO: Toyota Sequoia - found: 77, pass primary filters: 6, did not pass the filter by colors: 0, did not pass the filter by options: 0, added: 6, new vincodes: 0
10-01-2014 15:03:28 --- INFO: Toyota Land Cruiser - found: 26, pass primary filters: 13, did not pass the filter by colors: 0, did not pass the filter by options: 0, added: 13, new vincodes: 0
10-01-2014 15:03:28 --- INFO: Lexus LX 570 - found: 0, pass primary filters: 0, did not pass the filter by colors: 0, did not pass the filter by options: 0, added: 0, new vincodes: 0
10-01-2014 15:03:28 --- INFO: Toyota Venza - found: 0, pass primary filters: 0, did not pass the filter by colors: 0, did not pass the filter by options: 0, added: 0, new vincodes: 0
10-01-2014 15:03:29 --- INFO: Toyota 4runner 2010 - found: 5, pass primary filters: 4, did not pass the filter by colors: 0, did not pass the filter by options: 0, added: 4, new vincodes: 0
10-01-2014 15:03:40 --- INFO: Toyota 4RUNNER 4WD V6 - found: 433, pass primary filters: 0, did not pass the filter by colors: 0, did not pass the filter by options: 0, added: 0, new vincodes: 0
10-01-2014 15:04:40 --- INFO: Toyota RAV 4 - found: 2937, pass primary filters: 0, did not pass the filter by colors: 0, did not pass the filter by options: 0, added: 0, new vincodes: 0
10-01-2014 15:04:50 --- INFO: Toyota Highlander 4WD - found: 437, pass primary filters: 0, did not pass the filter by colors: 0, did not pass the filter by options: 0, added: 0, new vincodes: 0
10-01-2014 15:05:00 --- INFO: Toyota Highlander - found: 437, pass primary filters: 0, did not pass the filter by colors: 0, did not pass the filter by options: 0, added: 0, new vincodes: 0
10-01-2014 15:05:14 --- INFO: Lexus RX 350 - found: 632, pass primary filters: 2, did not pass the filter by colors: 0, did not pass the filter by options: 0, added: 2, new vincodes: 0
10-01-2014 15:05:26 --- INFO: Toyota 4RUNNER Limited V6 - found: 501, pass primary filters: 0, did not pass the filter by colors: 0, did not pass the filter by options: 0, added: 0, new vincodes: 0
10-01-2014 15:05:26 --- INFO: Lexus GX 460 - found: 0, pass primary filters: 0, did not pass the filter by colors: 0, did not pass the filter by options: 0, added: 0, new vincodes: 0
10-01-2014 15:05:27 --- INFO: Lexus RX 350 - found: 10, pass primary filters: 6, did not pass the filter by colors: 0, did not pass the filter by options: 0, added: 6, new vincodes: 0
10-01-2014 15:05:29 --- INFO: Lexus GS300 - found: 98, pass primary filters: 5, did not pass the filter by colors: 0, did not pass the filter by options: 0, added: 5, new vincodes: 0
10-01-2014 15:05:31 --- INFO: Toyota FJ cruiser - found: 75, pass primary filters: 0, did not pass the filter by colors: 0, did not pass the filter by options: 0, added: 0, new vincodes: 0
10-01-2014 15:05:33 --- INFO: Lexus RX 350 2013 - found: 75, pass primary filters: 2, did not pass the filter by colors: 0, did not pass the filter by options: 0, added: 2, new vincodes: 0
10-01-2014 15:05:33 --- INFO: finish: 10-01-2014 15:05:33
10-01-2014 15:05:33 --- INFO: elapsed time: ~146.36 sec., memory usage: ~5.42 Mb.
10-01-2014 21:26:47 --- INFO: start: 10-01-2014 21:26:47
10-01-2014 21:26:47 --- INFO: ----------Source_Oodle (apache2handler)
10-01-2014 21:26:48 --- INFO: Toyota Highlander - found: 25, pass primary filters: 21, did not pass the filter by colors: 0, did not pass the filter by options: 0, added: 21, new vincodes: 0
10-01-2014 21:26:53 --- INFO: Lexus RX 330 - found: 215, pass primary filters: 0, did not pass the filter by colors: 0, did not pass the filter by options: 0, added: 0, new vincodes: 0
10-01-2014 21:26:54 --- INFO: Lexus RX 400H - found: 0, pass primary filters: 0, did not pass the filter by colors: 0, did not pass the filter by options: 0, added: 0, new vincodes: 0
10-01-2014 21:26:55 --- INFO: Lexus GX 470 - found: 15, pass primary filters: 9, did not pass the filter by colors: 0, did not pass the filter by options: 0, added: 9, new vincodes: 0
10-01-2014 21:27:02 --- INFO: Lexus GX 470 - found: 183, pass primary filters: 9, did not pass the filter by colors: 0, did not pass the filter by options: 0, added: 9, new vincodes: 0
10-01-2014 21:27:08 --- INFO: Lexus LX 470 - found: 68, pass primary filters: 8, did not pass the filter by colors: 0, did not pass the filter by options: 0, added: 8, new vincodes: 0
10-01-2014 21:27:10 --- INFO: Toyota Sequoia - found: 75, pass primary filters: 6, did not pass the filter by colors: 0, did not pass the filter by options: 0, added: 6, new vincodes: 0
10-01-2014 21:27:11 --- INFO: Toyota Land Cruiser - found: 26, pass primary filters: 13, did not pass the filter by colors: 0, did not pass the filter by options: 0, added: 13, new vincodes: 0
10-01-2014 21:27:12 --- INFO: Lexus LX 570 - found: 0, pass primary filters: 0, did not pass the filter by colors: 0, did not pass the filter by options: 0, added: 0, new vincodes: 0
10-01-2014 21:27:12 --- INFO: Toyota Venza - found: 0, pass primary filters: 0, did not pass the filter by colors: 0, did not pass the filter by options: 0, added: 0, new vincodes: 0
10-01-2014 21:27:13 --- INFO: Toyota 4runner 2010 - found: 5, pass primary filters: 4, did not pass the filter by colors: 0, did not pass the filter by options: 0, added: 4, new vincodes: 0
10-01-2014 21:27:22 --- INFO: Toyota 4RUNNER 4WD V6 - found: 433, pass primary filters: 0, did not pass the filter by colors: 0, did not pass the filter by options: 0, added: 0, new vincodes: 0
10-01-2014 21:28:24 --- INFO: Toyota RAV 4 - found: 2891, pass primary filters: 0, did not pass the filter by colors: 0, did not pass the filter by options: 0, added: 0, new vincodes: 0
10-01-2014 21:28:34 --- INFO: Toyota Highlander 4WD - found: 435, pass primary filters: 0, did not pass the filter by colors: 0, did not pass the filter by options: 0, added: 0, new vincodes: 0
10-01-2014 21:28:43 --- INFO: Toyota Highlander - found: 435, pass primary filters: 0, did not pass the filter by colors: 0, did not pass the filter by options: 0, added: 0, new vincodes: 0
10-01-2014 21:29:10 --- INFO: Lexus RX 350 - found: 622, pass primary filters: 2, did not pass the filter by colors: 0, did not pass the filter by options: 0, added: 2, new vincodes: 0
10-01-2014 21:29:20 --- INFO: Toyota 4RUNNER Limited V6 - found: 499, pass primary filters: 1, did not pass the filter by colors: 0, did not pass the filter by options: 0, added: 1, new vincodes: 0
10-01-2014 21:29:21 --- INFO: Lexus GX 460 - found: 0, pass primary filters: 0, did not pass the filter by colors: 0, did not pass the filter by options: 0, added: 0, new vincodes: 0
10-01-2014 21:29:21 --- INFO: Lexus RX 350 - found: 9, pass primary filters: 6, did not pass the filter by colors: 0, did not pass the filter by options: 0, added: 6, new vincodes: 0
10-01-2014 21:29:40 --- INFO: Lexus GS300 - found: 102, pass primary filters: 0, did not pass the filter by colors: 0, did not pass the filter by options: 0, added: 0, new vincodes: 0
10-01-2014 21:29:42 --- INFO: Toyota FJ cruiser - found: 73, pass primary filters: 0, did not pass the filter by colors: 0, did not pass the filter by options: 0, added: 0, new vincodes: 0
10-01-2014 21:29:44 --- INFO: Lexus RX 350 2013 - found: 73, pass primary filters: 1, did not pass the filter by colors: 0, did not pass the filter by options: 0, added: 1, new vincodes: 0
10-01-2014 21:29:44 --- INFO: finish: 10-01-2014 21:29:44
10-01-2014 21:29:44 --- INFO: elapsed time: ~177.04 sec., memory usage: ~5.54 Mb.