
10-12-2013 02:00:08 --- INFO: start: 10-12-2013 02:00:08
10-12-2013 02:00:09 --- INFO: ----------Source_Adesa (cli)
10-12-2013 02:00:11 --- INFO: Authorized request
10-12-2013 02:00:15 --- INFO: Lexus RX 330 - found: 7, pass primary filters: 5, did not pass the filter by colors: 4, did not pass the filter by options: 1, added: 0, new vincodes: 0
10-12-2013 02:00:19 --- INFO: Lexus RX 400H - found: 4, pass primary filters: 4, did not pass the filter by colors: 3, did not pass the filter by options: 1, added: 0, new vincodes: 1
10-12-2013 02:00:19 --- INFO: Lexus GX 470 - found: 0, pass primary filters: 0, did not pass the filter by colors: 0, did not pass the filter by options: 0, added: 0, new vincodes: 0
10-12-2013 02:00:20 --- INFO: Lexus GX 470 - found: 4, pass primary filters: 4, did not pass the filter by colors: 1, did not pass the filter by options: 3, added: 0, new vincodes: 0
10-12-2013 02:00:21 --- INFO: Lexus LX 470 - found: 1, pass primary filters: 1, did not pass the filter by colors: 1, did not pass the filter by options: , added: 0, new vincodes: 0
10-12-2013 02:00:21 --- INFO: Toyota Sequoia - found: 0, pass primary filters: 0, did not pass the filter by colors: 0, did not pass the filter by options: 0, added: 0, new vincodes: 0
10-12-2013 02:00:22 --- INFO: Toyota Land Cruiser - found: 0, pass primary filters: 0, did not pass the filter by colors: 0, did not pass the filter by options: 0, added: 0, new vincodes: 0
10-12-2013 02:00:23 --- INFO: Lexus LX 570 - found: 0, pass primary filters: 0, did not pass the filter by colors: 0, did not pass the filter by options: 0, added: 0, new vincodes: 0
10-12-2013 02:00:23 --- INFO: Toyota Venza - found: 0, pass primary filters: 0, did not pass the filter by colors: 0, did not pass the filter by options: 0, added: 0, new vincodes: 0
10-12-2013 02:00:24 --- INFO: Toyota 4runner 2010 - found: 0, pass primary filters: 0, did not pass the filter by colors: 0, did not pass the filter by options: 0, added: 0, new vincodes: 0
10-12-2013 02:00:29 --- INFO: Toyota 4RUNNER 4WD V6 - found: 19, pass primary filters: 8, did not pass the filter by colors: 4, did not pass the filter by options: , added: 4, new vincodes: 2
10-12-2013 02:00:30 --- INFO: Toyota FJ cruiser - found: 5, pass primary filters: 0, did not pass the filter by colors: 0, did not pass the filter by options: 0, added: 0, new vincodes: 0
10-12-2013 02:00:30 --- INFO: Lexus RX 350 2013 - found: 0, pass primary filters: 0, did not pass the filter by colors: 0, did not pass the filter by options: 0, added: 0, new vincodes: 0
10-12-2013 02:00:33 --- INFO: Toyota Highlander - found: 20, pass primary filters: 6, did not pass the filter by colors: 5, did not pass the filter by options: , added: 1, new vincodes: 0
10-12-2013 02:00:37 --- INFO: Lexus RX 350 - found: 14, pass primary filters: 12, did not pass the filter by colors: 6, did not pass the filter by options: 3, added: 3, new vincodes: 1
10-12-2013 02:00:38 --- INFO: Toyota 4RUNNER Limited V6 - found: 20, pass primary filters: 0, did not pass the filter by colors: 0, did not pass the filter by options: 0, added: 0, new vincodes: 0
10-12-2013 02:00:38 --- INFO: finish: 10-12-2013 02:00:38
10-12-2013 02:00:38 --- INFO: elapsed time: ~29.78 sec., memory usage: ~2.1 Mb.
10-12-2013 02:30:06 --- INFO: start: 10-12-2013 02:30:06
10-12-2013 02:30:06 --- INFO: ----------Source_ExpOfCars (cli)
10-12-2013 02:30:14 --- INFO: Lexus RX 330 - found: 47, pass primary filters: 34, did not pass the filter by colors: 0, did not pass the filter by options: 0, added: 34, new vincodes: 0
10-12-2013 02:30:16 --- INFO: Lexus RX 400H - found: 15, pass primary filters: 13, did not pass the filter by colors: 0, did not pass the filter by options: 0, added: 13, new vincodes: 0
10-12-2013 02:30:17 --- INFO: Lexus GX 470 - found: 10, pass primary filters: 10, did not pass the filter by colors: 0, did not pass the filter by options: 0, added: 10, new vincodes: 0
10-12-2013 02:30:22 --- INFO: Lexus GX 470 - found: 62, pass primary filters: 62, did not pass the filter by colors: 0, did not pass the filter by options: 0, added: 62, new vincodes: 0
10-12-2013 02:30:25 --- INFO: Lexus LX 470 - found: 22, pass primary filters: 22, did not pass the filter by colors: 0, did not pass the filter by options: 0, added: 22, new vincodes: 0
10-12-2013 02:30:27 --- INFO: Toyota Sequoia - found: 19, pass primary filters: 19, did not pass the filter by colors: 0, did not pass the filter by options: 0, added: 19, new vincodes: 0
10-12-2013 02:30:28 --- INFO: Toyota Land Cruiser - found: 14, pass primary filters: 14, did not pass the filter by colors: 0, did not pass the filter by options: 0, added: 14, new vincodes: 0
10-12-2013 02:30:30 --- INFO: Lexus LX 570 - found: 12, pass primary filters: 12, did not pass the filter by colors: 0, did not pass the filter by options: 0, added: 12, new vincodes: 0
10-12-2013 02:30:31 --- INFO: Toyota Venza - found: 5, pass primary filters: 5, did not pass the filter by colors: 0, did not pass the filter by options: 0, added: 5, new vincodes: 0
10-12-2013 02:30:32 --- INFO: Toyota 4runner 2010 - found: 1, pass primary filters: 1, did not pass the filter by colors: 0, did not pass the filter by options: 0, added: 1, new vincodes: 0
10-12-2013 02:30:34 --- INFO: Toyota 4RUNNER 4WD V6 - found: 41, pass primary filters: 15, did not pass the filter by colors: 0, did not pass the filter by options: 0, added: 15, new vincodes: 0
10-12-2013 02:30:42 --- INFO: Toyota RAV 4 - found: 231, pass primary filters: 0, did not pass the filter by colors: 0, did not pass the filter by options: 0, added: 0, new vincodes: 0
10-12-2013 02:30:45 --- INFO: Toyota Highlander 4WD - found: 69, pass primary filters: 5, did not pass the filter by colors: 0, did not pass the filter by options: 0, added: 5, new vincodes: 0
10-12-2013 02:30:48 --- INFO: Toyota Highlander - found: 69, pass primary filters: 20, did not pass the filter by colors: 0, did not pass the filter by options: 0, added: 20, new vincodes: 0
10-12-2013 02:30:53 --- INFO: Lexus RX 350 - found: 97, pass primary filters: 62, did not pass the filter by colors: 0, did not pass the filter by options: 0, added: 62, new vincodes: 0
10-12-2013 02:30:55 --- INFO: Toyota 4RUNNER Limited V6 - found: 50, pass primary filters: 2, did not pass the filter by colors: 0, did not pass the filter by options: 0, added: 2, new vincodes: 0
10-12-2013 02:30:55 --- INFO: Lexus GX 460 - found: 1, pass primary filters: 1, did not pass the filter by colors: 0, did not pass the filter by options: 0, added: 1, new vincodes: 0
10-12-2013 02:30:57 --- INFO: Lexus RX 350 - found: 6, pass primary filters: 6, did not pass the filter by colors: 0, did not pass the filter by options: 0, added: 6, new vincodes: 0
10-12-2013 02:30:58 --- INFO: Toyota Highlander - found: 18, pass primary filters: 18, did not pass the filter by colors: 0, did not pass the filter by options: 0, added: 18, new vincodes: 0
10-12-2013 02:30:59 --- INFO: Lexus GS300 - found: 18, pass primary filters: 3, did not pass the filter by colors: 0, did not pass the filter by options: 0, added: 3, new vincodes: 0
10-12-2013 02:30:59 --- INFO: finish: 10-12-2013 02:30:59
10-12-2013 02:30:59 --- INFO: elapsed time: ~53.36 sec., memory usage: ~3.48 Mb.
10-12-2013 02:45:02 --- INFO: start: 10-12-2013 02:45:02
10-12-2013 02:45:06 --- INFO: ----------Source_Oodle (cli)
10-12-2013 02:45:07 --- INFO: Toyota Highlander - found: 28, pass primary filters: 24, did not pass the filter by colors: 0, did not pass the filter by options: 0, added: 24, new vincodes: 0
10-12-2013 02:45:22 --- INFO: Lexus RX 330 - found: 207, pass primary filters: 0, did not pass the filter by colors: 0, did not pass the filter by options: 0, added: 0, new vincodes: 0
10-12-2013 02:45:23 --- INFO: Lexus RX 400H - found: 0, pass primary filters: 0, did not pass the filter by colors: 0, did not pass the filter by options: 0, added: 0, new vincodes: 0
10-12-2013 02:45:24 --- INFO: Lexus GX 470 - found: 14, pass primary filters: 9, did not pass the filter by colors: 0, did not pass the filter by options: 0, added: 9, new vincodes: 0
10-12-2013 02:45:30 --- INFO: Lexus GX 470 - found: 197, pass primary filters: 9, did not pass the filter by colors: 0, did not pass the filter by options: 0, added: 9, new vincodes: 0
10-12-2013 02:45:34 --- INFO: Lexus LX 470 - found: 74, pass primary filters: 12, did not pass the filter by colors: 0, did not pass the filter by options: 0, added: 12, new vincodes: 0
10-12-2013 02:45:38 --- INFO: Toyota Sequoia - found: 73, pass primary filters: 7, did not pass the filter by colors: 0, did not pass the filter by options: 0, added: 7, new vincodes: 0
10-12-2013 02:45:39 --- INFO: Toyota Land Cruiser - found: 21, pass primary filters: 6, did not pass the filter by colors: 0, did not pass the filter by options: 0, added: 6, new vincodes: 0
10-12-2013 02:45:39 --- INFO: Lexus LX 570 - found: 0, pass primary filters: 0, did not pass the filter by colors: 0, did not pass the filter by options: 0, added: 0, new vincodes: 0
10-12-2013 02:45:40 --- INFO: Toyota Venza - found: 0, pass primary filters: 0, did not pass the filter by colors: 0, did not pass the filter by options: 0, added: 0, new vincodes: 0
10-12-2013 02:45:40 --- INFO: Toyota 4runner 2010 - found: 2, pass primary filters: 1, did not pass the filter by colors: 0, did not pass the filter by options: 0, added: 1, new vincodes: 0
10-12-2013 02:45:49 --- INFO: Toyota 4RUNNER 4WD V6 - found: 447, pass primary filters: 1, did not pass the filter by colors: 0, did not pass the filter by options: 0, added: 1, new vincodes: 0
10-12-2013 02:46:55 --- INFO: Toyota RAV 4 - found: 3210, pass primary filters: 0, did not pass the filter by colors: 0, did not pass the filter by options: 0, added: 0, new vincodes: 0
10-12-2013 02:47:06 --- INFO: Toyota Highlander 4WD - found: 452, pass primary filters: 0, did not pass the filter by colors: 0, did not pass the filter by options: 0, added: 0, new vincodes: 0
10-12-2013 02:47:15 --- INFO: Toyota Highlander - found: 452, pass primary filters: 0, did not pass the filter by colors: 0, did not pass the filter by options: 0, added: 0, new vincodes: 0
10-12-2013 02:47:29 --- INFO: Lexus RX 350 - found: 603, pass primary filters: 1, did not pass the filter by colors: 0, did not pass the filter by options: 0, added: 1, new vincodes: 0
10-12-2013 02:47:40 --- INFO: Toyota 4RUNNER Limited V6 - found: 524, pass primary filters: 0, did not pass the filter by colors: 0, did not pass the filter by options: 0, added: 0, new vincodes: 0
10-12-2013 02:47:41 --- INFO: Lexus GX 460 - found: 0, pass primary filters: 0, did not pass the filter by colors: 0, did not pass the filter by options: 0, added: 0, new vincodes: 0
10-12-2013 02:47:42 --- INFO: Lexus RX 350 - found: 9, pass primary filters: 4, did not pass the filter by colors: 0, did not pass the filter by options: 0, added: 4, new vincodes: 0
10-12-2013 02:47:43 --- INFO: Lexus GS300 - found: 81, pass primary filters: 3, did not pass the filter by colors: 0, did not pass the filter by options: 0, added: 3, new vincodes: 0
10-12-2013 02:47:45 --- INFO: Toyota FJ cruiser - found: 88, pass primary filters: 0, did not pass the filter by colors: 0, did not pass the filter by options: 0, added: 0, new vincodes: 0
10-12-2013 02:47:47 --- INFO: Lexus RX 350 2013 - found: 49, pass primary filters: 8, did not pass the filter by colors: 0, did not pass the filter by options: 0, added: 8, new vincodes: 0
10-12-2013 02:47:47 --- INFO: finish: 10-12-2013 02:47:47
10-12-2013 02:47:47 --- INFO: elapsed time: ~164.99 sec., memory usage: ~3.78 Mb.
10-12-2013 03:00:07 --- INFO: start: 10-12-2013 03:00:07
10-12-2013 03:00:08 --- INFO: ----------Source_AutoSalon (cli)
10-12-2013 03:00:30 --- INFO: Lexus RX 330 - found: 68, pass primary filters: 0, did not pass the filter by colors: 0, did not pass the filter by options: 0, added: 0, new vincodes: 0
10-12-2013 03:00:32 --- INFO: Lexus RX 400H - found: 0, pass primary filters: 0, did not pass the filter by colors: 0, did not pass the filter by options: 0, added: 0, new vincodes: 0
10-12-2013 03:00:42 --- INFO: Lexus GX 470 - found: 16, pass primary filters: 13, did not pass the filter by colors: 0, did not pass the filter by options: 0, added: 13, new vincodes: 0
10-12-2013 03:02:17 --- INFO: Lexus GX 470 - found: 85, pass primary filters: 10, did not pass the filter by colors: 0, did not pass the filter by options: 0, added: 10, new vincodes: 0
10-12-2013 03:02:30 --- INFO: Lexus LX 470 - found: 36, pass primary filters: 8, did not pass the filter by colors: 0, did not pass the filter by options: 0, added: 8, new vincodes: 0
10-12-2013 03:02:33 --- INFO: Toyota Sequoia - found: 0, pass primary filters: 0, did not pass the filter by colors: 0, did not pass the filter by options: 0, added: 0, new vincodes: 0
10-12-2013 03:02:35 --- INFO: Toyota Land Cruiser - found: 0, pass primary filters: 0, did not pass the filter by colors: 0, did not pass the filter by options: 0, added: 0, new vincodes: 0
10-12-2013 03:02:40 --- INFO: Lexus LX 570 - found: 23, pass primary filters: 15, did not pass the filter by colors: 0, did not pass the filter by options: 0, added: 15, new vincodes: 0
10-12-2013 03:02:42 --- INFO: Toyota Venza - found: 0, pass primary filters: 0, did not pass the filter by colors: 0, did not pass the filter by options: 0, added: 0, new vincodes: 0
10-12-2013 03:02:45 --- INFO: Toyota 4runner 2010 - found: 0, pass primary filters: 0, did not pass the filter by colors: 0, did not pass the filter by options: 0, added: 0, new vincodes: 0
10-12-2013 03:02:47 --- INFO: Toyota 4RUNNER 4WD V6 - found: 0, pass primary filters: 0, did not pass the filter by colors: 0, did not pass the filter by options: 0, added: 0, new vincodes: 0
10-12-2013 03:02:49 --- INFO: Toyota RAV 4 - found: 0, pass primary filters: 0, did not pass the filter by colors: 0, did not pass the filter by options: 0, added: 0, new vincodes: 0
10-12-2013 03:02:52 --- INFO: Toyota Highlander 4WD - found: 0, pass primary filters: 0, did not pass the filter by colors: 0, did not pass the filter by options: 0, added: 0, new vincodes: 0
10-12-2013 03:02:55 --- INFO: Toyota Highlander - found: 0, pass primary filters: 0, did not pass the filter by colors: 0, did not pass the filter by options: 0, added: 0, new vincodes: 0
10-12-2013 03:03:34 --- INFO: Lexus RX 350 - found: 142, pass primary filters: 7, did not pass the filter by colors: 0, did not pass the filter by options: 0, added: 7, new vincodes: 0
10-12-2013 03:03:36 --- INFO: Toyota 4RUNNER Limited V6 - found: 0, pass primary filters: 0, did not pass the filter by colors: 0, did not pass the filter by options: 0, added: 0, new vincodes: 0
10-12-2013 03:03:39 --- INFO: Lexus GX 460 - found: 1, pass primary filters: 1, did not pass the filter by colors: 0, did not pass the filter by options: 0, added: 1, new vincodes: 0
10-12-2013 03:03:42 --- INFO: Lexus RX 350 - found: 21, pass primary filters: 5, did not pass the filter by colors: 0, did not pass the filter by options: 0, added: 5, new vincodes: 0
10-12-2013 03:05:48 --- INFO: Toyota Highlander - found: 0, pass primary filters: 0, did not pass the filter by colors: 0, did not pass the filter by options: 0, added: 0, new vincodes: 0
10-12-2013 03:06:02 --- INFO: Lexus GS300 - found: 30, pass primary filters: 1, did not pass the filter by colors: 0, did not pass the filter by options: 0, added: 1, new vincodes: 0
10-12-2013 03:06:12 --- INFO: Toyota FJ cruiser - found: 31, pass primary filters: 4, did not pass the filter by colors: 0, did not pass the filter by options: 0, added: 4, new vincodes: 0
10-12-2013 03:06:25 --- INFO: Lexus RX 350 2013 - found: 37, pass primary filters: 2, did not pass the filter by colors: 0, did not pass the filter by options: 0, added: 2, new vincodes: 0
10-12-2013 03:06:25 --- INFO: finish: 10-12-2013 03:06:25
10-12-2013 03:06:25 --- INFO: elapsed time: ~377.35 sec., memory usage: ~3.22 Mb.
10-12-2013 06:00:17 --- INFO: start: 10-12-2013 06:00:17
10-12-2013 06:00:26 --- INFO: ----------Source_Adesa (cli)
10-12-2013 06:00:37 --- INFO: Authorized request
10-12-2013 06:01:12 --- INFO: Lexus RX 330 - found: 9, pass primary filters: 2, did not pass the filter by colors: 1, did not pass the filter by options: 1, added: 0, new vincodes: 1
10-12-2013 06:01:13 --- INFO: Lexus RX 400H - found: 7, pass primary filters: 6, did not pass the filter by colors: 5, did not pass the filter by options: 1, added: 0, new vincodes: 0
10-12-2013 06:01:19 --- INFO: Lexus GX 470 - found: 0, pass primary filters: 0, did not pass the filter by colors: 0, did not pass the filter by options: 0, added: 0, new vincodes: 0
10-12-2013 06:01:24 --- INFO: Lexus GX 470 - found: 8, pass primary filters: 2, did not pass the filter by colors: 1, did not pass the filter by options: 1, added: 0, new vincodes: 1
10-12-2013 06:01:25 --- INFO: Lexus LX 470 - found: 3, pass primary filters: 2, did not pass the filter by colors: 2, did not pass the filter by options: , added: 0, new vincodes: 0
10-12-2013 06:01:26 --- INFO: Toyota Sequoia - found: 0, pass primary filters: 0, did not pass the filter by colors: 0, did not pass the filter by options: 0, added: 0, new vincodes: 0
10-12-2013 06:01:27 --- INFO: Toyota Land Cruiser - found: 0, pass primary filters: 0, did not pass the filter by colors: 0, did not pass the filter by options: 0, added: 0, new vincodes: 0
10-12-2013 06:01:27 --- INFO: Lexus LX 570 - found: 0, pass primary filters: 0, did not pass the filter by colors: 0, did not pass the filter by options: 0, added: 0, new vincodes: 0
10-12-2013 06:01:28 --- INFO: Toyota Venza - found: 0, pass primary filters: 0, did not pass the filter by colors: 0, did not pass the filter by options: 0, added: 0, new vincodes: 0
10-12-2013 06:01:28 --- INFO: Toyota 4runner 2010 - found: 0, pass primary filters: 0, did not pass the filter by colors: 0, did not pass the filter by options: 0, added: 0, new vincodes: 0
10-12-2013 06:01:30 --- INFO: Toyota 4RUNNER 4WD V6 - found: 21, pass primary filters: 8, did not pass the filter by colors: 4, did not pass the filter by options: , added: 4, new vincodes: 1
10-12-2013 06:01:30 --- INFO: Toyota FJ cruiser - found: 7, pass primary filters: 0, did not pass the filter by colors: 0, did not pass the filter by options: 0, added: 0, new vincodes: 0
10-12-2013 06:01:31 --- INFO: Lexus RX 350 2013 - found: 0, pass primary filters: 0, did not pass the filter by colors: 0, did not pass the filter by options: 0, added: 0, new vincodes: 0
10-12-2013 06:01:33 --- INFO: Toyota Highlander - found: 26, pass primary filters: 6, did not pass the filter by colors: 5, did not pass the filter by options: , added: 1, new vincodes: 0
10-12-2013 06:01:40 --- INFO: Lexus RX 350 - found: 21, pass primary filters: 18, did not pass the filter by colors: 11, did not pass the filter by options: 4, added: 3, new vincodes: 4
10-12-2013 06:01:41 --- INFO: Toyota 4RUNNER Limited V6 - found: 23, pass primary filters: 0, did not pass the filter by colors: 0, did not pass the filter by options: 0, added: 0, new vincodes: 0
10-12-2013 06:01:41 --- INFO: finish: 10-12-2013 06:01:41
10-12-2013 06:01:41 --- INFO: elapsed time: ~84.33 sec., memory usage: ~2.13 Mb.
10-12-2013 06:30:09 --- INFO: start: 10-12-2013 06:30:09
10-12-2013 06:30:09 --- INFO: ----------Source_ExpOfCars (cli)
10-12-2013 06:30:13 --- INFO: Lexus RX 330 - found: 43, pass primary filters: 30, did not pass the filter by colors: 0, did not pass the filter by options: 0, added: 30, new vincodes: 0
10-12-2013 06:30:16 --- INFO: Lexus RX 400H - found: 12, pass primary filters: 10, did not pass the filter by colors: 0, did not pass the filter by options: 0, added: 10, new vincodes: 0
10-12-2013 06:30:18 --- INFO: Lexus GX 470 - found: 10, pass primary filters: 10, did not pass the filter by colors: 0, did not pass the filter by options: 0, added: 10, new vincodes: 0
10-12-2013 06:30:21 --- INFO: Lexus GX 470 - found: 56, pass primary filters: 56, did not pass the filter by colors: 0, did not pass the filter by options: 0, added: 56, new vincodes: 0
10-12-2013 06:30:25 --- INFO: Lexus LX 470 - found: 20, pass primary filters: 20, did not pass the filter by colors: 0, did not pass the filter by options: 0, added: 20, new vincodes: 0
10-12-2013 06:30:27 --- INFO: Toyota Sequoia - found: 18, pass primary filters: 18, did not pass the filter by colors: 0, did not pass the filter by options: 0, added: 18, new vincodes: 0
10-12-2013 06:30:29 --- INFO: Toyota Land Cruiser - found: 12, pass primary filters: 12, did not pass the filter by colors: 0, did not pass the filter by options: 0, added: 12, new vincodes: 0
10-12-2013 06:30:30 --- INFO: Lexus LX 570 - found: 12, pass primary filters: 12, did not pass the filter by colors: 0, did not pass the filter by options: 0, added: 12, new vincodes: 0
10-12-2013 06:30:31 --- INFO: Toyota Venza - found: 5, pass primary filters: 5, did not pass the filter by colors: 0, did not pass the filter by options: 0, added: 5, new vincodes: 0
10-12-2013 06:30:32 --- INFO: Toyota 4runner 2010 - found: 1, pass primary filters: 1, did not pass the filter by colors: 0, did not pass the filter by options: 0, added: 1, new vincodes: 0
10-12-2013 06:30:33 --- INFO: Toyota 4RUNNER 4WD V6 - found: 41, pass primary filters: 15, did not pass the filter by colors: 0, did not pass the filter by options: 0, added: 15, new vincodes: 0
10-12-2013 06:30:42 --- INFO: Toyota RAV 4 - found: 227, pass primary filters: 0, did not pass the filter by colors: 0, did not pass the filter by options: 0, added: 0, new vincodes: 0
10-12-2013 06:30:44 --- INFO: Toyota Highlander 4WD - found: 67, pass primary filters: 5, did not pass the filter by colors: 0, did not pass the filter by options: 0, added: 5, new vincodes: 0
10-12-2013 06:30:48 --- INFO: Toyota Highlander - found: 67, pass primary filters: 20, did not pass the filter by colors: 0, did not pass the filter by options: 0, added: 20, new vincodes: 0
10-12-2013 06:30:52 --- INFO: Lexus RX 350 - found: 93, pass primary filters: 60, did not pass the filter by colors: 0, did not pass the filter by options: 0, added: 60, new vincodes: 0
10-12-2013 06:30:54 --- INFO: Toyota 4RUNNER Limited V6 - found: 50, pass primary filters: 2, did not pass the filter by colors: 0, did not pass the filter by options: 0, added: 2, new vincodes: 0
10-12-2013 06:30:55 --- INFO: Lexus GX 460 - found: 1, pass primary filters: 1, did not pass the filter by colors: 0, did not pass the filter by options: 0, added: 1, new vincodes: 0
10-12-2013 06:30:56 --- INFO: Lexus RX 350 - found: 6, pass primary filters: 6, did not pass the filter by colors: 0, did not pass the filter by options: 0, added: 6, new vincodes: 0
10-12-2013 06:30:59 --- INFO: Toyota Highlander - found: 17, pass primary filters: 17, did not pass the filter by colors: 0, did not pass the filter by options: 0, added: 17, new vincodes: 0
10-12-2013 06:31:00 --- INFO: Lexus GS300 - found: 16, pass primary filters: 2, did not pass the filter by colors: 0, did not pass the filter by options: 0, added: 2, new vincodes: 0
10-12-2013 06:31:00 --- INFO: finish: 10-12-2013 06:31:00
10-12-2013 06:31:00 --- INFO: elapsed time: ~51.27 sec., memory usage: ~3.35 Mb.
10-12-2013 06:45:01 --- INFO: start: 10-12-2013 06:45:01
10-12-2013 06:45:01 --- INFO: ----------Source_Oodle (cli)
10-12-2013 06:45:06 --- INFO: Toyota Highlander - found: 28, pass primary filters: 24, did not pass the filter by colors: 0, did not pass the filter by options: 0, added: 24, new vincodes: 0
10-12-2013 06:45:11 --- INFO: Lexus RX 330 - found: 207, pass primary filters: 0, did not pass the filter by colors: 0, did not pass the filter by options: 0, added: 0, new vincodes: 0
10-12-2013 06:45:11 --- INFO: Lexus RX 400H - found: 0, pass primary filters: 0, did not pass the filter by colors: 0, did not pass the filter by options: 0, added: 0, new vincodes: 0
10-12-2013 06:45:12 --- INFO: Lexus GX 470 - found: 14, pass primary filters: 9, did not pass the filter by colors: 0, did not pass the filter by options: 0, added: 9, new vincodes: 0
10-12-2013 06:45:32 --- INFO: Lexus GX 470 - found: 197, pass primary filters: 9, did not pass the filter by colors: 0, did not pass the filter by options: 0, added: 9, new vincodes: 0
10-12-2013 06:45:34 --- INFO: Lexus LX 470 - found: 73, pass primary filters: 11, did not pass the filter by colors: 0, did not pass the filter by options: 0, added: 11, new vincodes: 0
10-12-2013 06:45:36 --- INFO: Toyota Sequoia - found: 73, pass primary filters: 7, did not pass the filter by colors: 0, did not pass the filter by options: 0, added: 7, new vincodes: 0
10-12-2013 06:45:37 --- INFO: Toyota Land Cruiser - found: 21, pass primary filters: 6, did not pass the filter by colors: 0, did not pass the filter by options: 0, added: 6, new vincodes: 0
10-12-2013 06:45:37 --- INFO: Lexus LX 570 - found: 0, pass primary filters: 0, did not pass the filter by colors: 0, did not pass the filter by options: 0, added: 0, new vincodes: 0
10-12-2013 06:45:38 --- INFO: Toyota Venza - found: 0, pass primary filters: 0, did not pass the filter by colors: 0, did not pass the filter by options: 0, added: 0, new vincodes: 0
10-12-2013 06:45:38 --- INFO: Toyota 4runner 2010 - found: 2, pass primary filters: 1, did not pass the filter by colors: 0, did not pass the filter by options: 0, added: 1, new vincodes: 0
10-12-2013 06:45:48 --- INFO: Toyota 4RUNNER 4WD V6 - found: 448, pass primary filters: 1, did not pass the filter by colors: 0, did not pass the filter by options: 0, added: 1, new vincodes: 0
10-12-2013 06:46:50 --- INFO: Toyota RAV 4 - found: 3221, pass primary filters: 0, did not pass the filter by colors: 0, did not pass the filter by options: 0, added: 0, new vincodes: 0
10-12-2013 06:47:00 --- INFO: Toyota Highlander 4WD - found: 452, pass primary filters: 0, did not pass the filter by colors: 0, did not pass the filter by options: 0, added: 0, new vincodes: 0
10-12-2013 06:47:09 --- INFO: Toyota Highlander - found: 452, pass primary filters: 0, did not pass the filter by colors: 0, did not pass the filter by options: 0, added: 0, new vincodes: 0
10-12-2013 06:47:22 --- INFO: Lexus RX 350 - found: 603, pass primary filters: 1, did not pass the filter by colors: 0, did not pass the filter by options: 0, added: 1, new vincodes: 0
10-12-2013 06:47:33 --- INFO: Toyota 4RUNNER Limited V6 - found: 524, pass primary filters: 0, did not pass the filter by colors: 0, did not pass the filter by options: 0, added: 0, new vincodes: 0
10-12-2013 06:47:34 --- INFO: Lexus GX 460 - found: 0, pass primary filters: 0, did not pass the filter by colors: 0, did not pass the filter by options: 0, added: 0, new vincodes: 0
10-12-2013 06:47:34 --- INFO: Lexus RX 350 - found: 9, pass primary filters: 4, did not pass the filter by colors: 0, did not pass the filter by options: 0, added: 4, new vincodes: 0
10-12-2013 06:47:36 --- INFO: Lexus GS300 - found: 81, pass primary filters: 3, did not pass the filter by colors: 0, did not pass the filter by options: 0, added: 3, new vincodes: 0
10-12-2013 06:47:38 --- INFO: Toyota FJ cruiser - found: 88, pass primary filters: 0, did not pass the filter by colors: 0, did not pass the filter by options: 0, added: 0, new vincodes: 0
10-12-2013 06:47:40 --- INFO: Lexus RX 350 2013 - found: 49, pass primary filters: 8, did not pass the filter by colors: 0, did not pass the filter by options: 0, added: 8, new vincodes: 0
10-12-2013 06:47:40 --- INFO: finish: 10-12-2013 06:47:40
10-12-2013 06:47:40 --- INFO: elapsed time: ~158.66 sec., memory usage: ~3.73 Mb.
10-12-2013 07:00:09 --- INFO: start: 10-12-2013 07:00:09
10-12-2013 07:00:09 --- INFO: ----------Source_AutoSalon (cli)
10-12-2013 07:02:38 --- INFO: Lexus RX 330 - found: 81, pass primary filters: 0, did not pass the filter by colors: 0, did not pass the filter by options: 0, added: 0, new vincodes: 0
10-12-2013 07:02:41 --- INFO: Lexus RX 400H - found: 0, pass primary filters: 0, did not pass the filter by colors: 0, did not pass the filter by options: 0, added: 0, new vincodes: 0
10-12-2013 07:02:48 --- INFO: Lexus GX 470 - found: 18, pass primary filters: 15, did not pass the filter by colors: 0, did not pass the filter by options: 0, added: 15, new vincodes: 1
10-12-2013 07:04:29 --- INFO: Lexus GX 470 - found: 92, pass primary filters: 17, did not pass the filter by colors: 0, did not pass the filter by options: 0, added: 17, new vincodes: 0
10-12-2013 07:06:57 --- INFO: Lexus LX 470 - found: 43, pass primary filters: 14, did not pass the filter by colors: 0, did not pass the filter by options: 0, added: 14, new vincodes: 1
10-12-2013 07:07:00 --- INFO: Toyota Sequoia - found: 0, pass primary filters: 0, did not pass the filter by colors: 0, did not pass the filter by options: 0, added: 0, new vincodes: 0
10-12-2013 07:07:11 --- INFO: Toyota Land Cruiser - found: 0, pass primary filters: 0, did not pass the filter by colors: 0, did not pass the filter by options: 0, added: 0, new vincodes: 0
10-12-2013 07:07:23 --- INFO: Lexus LX 570 - found: 0, pass primary filters: 0, did not pass the filter by colors: 0, did not pass the filter by options: 0, added: 0, new vincodes: 0
10-12-2013 07:07:30 --- INFO: Toyota Venza - found: 0, pass primary filters: 0, did not pass the filter by colors: 0, did not pass the filter by options: 0, added: 0, new vincodes: 0
10-12-2013 07:07:32 --- INFO: Toyota 4runner 2010 - found: 0, pass primary filters: 0, did not pass the filter by colors: 0, did not pass the filter by options: 0, added: 0, new vincodes: 0
10-12-2013 07:07:34 --- INFO: Toyota 4RUNNER 4WD V6 - found: 0, pass primary filters: 0, did not pass the filter by colors: 0, did not pass the filter by options: 0, added: 0, new vincodes: 0
10-12-2013 07:07:37 --- INFO: Toyota RAV 4 - found: 0, pass primary filters: 0, did not pass the filter by colors: 0, did not pass the filter by options: 0, added: 0, new vincodes: 0
10-12-2013 07:07:39 --- INFO: Toyota Highlander 4WD - found: 0, pass primary filters: 0, did not pass the filter by colors: 0, did not pass the filter by options: 0, added: 0, new vincodes: 0
10-12-2013 07:07:42 --- INFO: Toyota Highlander - found: 0, pass primary filters: 0, did not pass the filter by colors: 0, did not pass the filter by options: 0, added: 0, new vincodes: 0
10-12-2013 07:10:00 --- INFO: Lexus RX 350 - found: 158, pass primary filters: 1, did not pass the filter by colors: 0, did not pass the filter by options: 0, added: 1, new vincodes: 0
10-12-2013 07:10:04 --- INFO: Toyota 4RUNNER Limited V6 - found: 0, pass primary filters: 0, did not pass the filter by colors: 0, did not pass the filter by options: 0, added: 0, new vincodes: 0
10-12-2013 07:10:06 --- INFO: Lexus GX 460 - found: 0, pass primary filters: 0, did not pass the filter by colors: 0, did not pass the filter by options: 0, added: 0, new vincodes: 0
10-12-2013 07:10:12 --- INFO: Lexus RX 350 - found: 21, pass primary filters: 5, did not pass the filter by colors: 0, did not pass the filter by options: 0, added: 5, new vincodes: 0
10-12-2013 07:10:35 --- INFO: Toyota Highlander - found: 30, pass primary filters: 3, did not pass the filter by colors: 0, did not pass the filter by options: 0, added: 3, new vincodes: 1
10-12-2013 07:10:46 --- INFO: Lexus GS300 - found: 34, pass primary filters: 2, did not pass the filter by colors: 0, did not pass the filter by options: 0, added: 2, new vincodes: 0
10-12-2013 07:11:01 --- INFO: Toyota FJ cruiser - found: 31, pass primary filters: 4, did not pass the filter by colors: 0, did not pass the filter by options: 0, added: 4, new vincodes: 0
10-12-2013 07:11:08 --- INFO: Lexus RX 350 2013 - found: 37, pass primary filters: 2, did not pass the filter by colors: 0, did not pass the filter by options: 0, added: 2, new vincodes: 0
10-12-2013 07:11:08 --- INFO: finish: 10-12-2013 07:11:08
10-12-2013 07:11:08 --- INFO: elapsed time: ~659.58 sec., memory usage: ~3.32 Mb.
10-12-2013 10:00:10 --- INFO: start: 10-12-2013 10:00:10
10-12-2013 10:00:17 --- INFO: ----------Source_Adesa (cli)
10-12-2013 10:00:18 --- INFO: Authorized request
10-12-2013 10:00:20 --- INFO: Lexus RX 330 - found: 11, pass primary filters: 3, did not pass the filter by colors: 2, did not pass the filter by options: 1, added: 0, new vincodes: 0
10-12-2013 10:00:24 --- INFO: Lexus RX 400H - found: 7, pass primary filters: 6, did not pass the filter by colors: 5, did not pass the filter by options: 1, added: 0, new vincodes: 0
10-12-2013 10:00:24 --- INFO: Lexus GX 470 - found: 0, pass primary filters: 0, did not pass the filter by colors: 0, did not pass the filter by options: 0, added: 0, new vincodes: 0
10-12-2013 10:00:25 --- INFO: Lexus GX 470 - found: 8, pass primary filters: 2, did not pass the filter by colors: 1, did not pass the filter by options: 1, added: 0, new vincodes: 0
10-12-2013 10:00:26 --- INFO: Lexus LX 470 - found: 3, pass primary filters: 2, did not pass the filter by colors: 2, did not pass the filter by options: , added: 0, new vincodes: 0
10-12-2013 10:00:27 --- INFO: Toyota Sequoia - found: 0, pass primary filters: 0, did not pass the filter by colors: 0, did not pass the filter by options: 0, added: 0, new vincodes: 0
10-12-2013 10:00:27 --- INFO: Toyota Land Cruiser - found: 0, pass primary filters: 0, did not pass the filter by colors: 0, did not pass the filter by options: 0, added: 0, new vincodes: 0
10-12-2013 10:00:28 --- INFO: Lexus LX 570 - found: 0, pass primary filters: 0, did not pass the filter by colors: 0, did not pass the filter by options: 0, added: 0, new vincodes: 0
10-12-2013 10:00:29 --- INFO: Toyota Venza - found: 0, pass primary filters: 0, did not pass the filter by colors: 0, did not pass the filter by options: 0, added: 0, new vincodes: 0
10-12-2013 10:00:29 --- INFO: Toyota 4runner 2010 - found: 0, pass primary filters: 0, did not pass the filter by colors: 0, did not pass the filter by options: 0, added: 0, new vincodes: 0
10-12-2013 10:00:31 --- INFO: Toyota 4RUNNER 4WD V6 - found: 22, pass primary filters: 9, did not pass the filter by colors: 5, did not pass the filter by options: , added: 4, new vincodes: 0
10-12-2013 10:00:32 --- INFO: Toyota FJ cruiser - found: 8, pass primary filters: 0, did not pass the filter by colors: 0, did not pass the filter by options: 0, added: 0, new vincodes: 0
10-12-2013 10:00:33 --- INFO: Lexus RX 350 2013 - found: 0, pass primary filters: 0, did not pass the filter by colors: 0, did not pass the filter by options: 0, added: 0, new vincodes: 0
10-12-2013 10:00:34 --- INFO: Toyota Highlander - found: 28, pass primary filters: 6, did not pass the filter by colors: 5, did not pass the filter by options: , added: 1, new vincodes: 0
10-12-2013 10:00:40 --- INFO: Lexus RX 350 - found: 21, pass primary filters: 18, did not pass the filter by colors: 10, did not pass the filter by options: 5, added: 3, new vincodes: 1
10-12-2013 10:00:41 --- INFO: Toyota 4RUNNER Limited V6 - found: 26, pass primary filters: 0, did not pass the filter by colors: 0, did not pass the filter by options: 0, added: 0, new vincodes: 0
10-12-2013 10:00:41 --- INFO: finish: 10-12-2013 10:00:41
10-12-2013 10:00:41 --- INFO: elapsed time: ~30.84 sec., memory usage: ~2.14 Mb.
10-12-2013 10:30:07 --- INFO: start: 10-12-2013 10:30:07
10-12-2013 10:30:07 --- INFO: ----------Source_ExpOfCars (cli)
10-12-2013 10:31:19 --- INFO: Lexus RX 330 - found: 77, pass primary filters: 55, did not pass the filter by colors: 0, did not pass the filter by options: 0, added: 55, new vincodes: 2
10-12-2013 10:31:40 --- INFO: Lexus RX 400H - found: 21, pass primary filters: 19, did not pass the filter by colors: 0, did not pass the filter by options: 0, added: 19, new vincodes: 2
10-12-2013 10:31:47 --- INFO: Lexus GX 470 - found: 15, pass primary filters: 15, did not pass the filter by colors: 0, did not pass the filter by options: 0, added: 15, new vincodes: 0
10-12-2013 10:32:50 --- INFO: Lexus GX 470 - found: 89, pass primary filters: 89, did not pass the filter by colors: 0, did not pass the filter by options: 0, added: 89, new vincodes: 0
10-12-2013 10:33:44 --- INFO: Lexus LX 470 - found: 38, pass primary filters: 38, did not pass the filter by colors: 0, did not pass the filter by options: 0, added: 38, new vincodes: 2
10-12-2013 10:34:07 --- INFO: Toyota Sequoia - found: 30, pass primary filters: 30, did not pass the filter by colors: 0, did not pass the filter by options: 0, added: 30, new vincodes: 0
10-12-2013 10:34:39 --- INFO: Toyota Land Cruiser - found: 20, pass primary filters: 20, did not pass the filter by colors: 0, did not pass the filter by options: 0, added: 20, new vincodes: 2
10-12-2013 10:34:51 --- INFO: Lexus LX 570 - found: 20, pass primary filters: 20, did not pass the filter by colors: 0, did not pass the filter by options: 0, added: 20, new vincodes: 0
10-12-2013 10:34:58 --- INFO: Toyota Venza - found: 8, pass primary filters: 8, did not pass the filter by colors: 0, did not pass the filter by options: 0, added: 8, new vincodes: 1
10-12-2013 10:34:58 --- INFO: Toyota 4runner 2010 - found: 1, pass primary filters: 1, did not pass the filter by colors: 0, did not pass the filter by options: 0, added: 1, new vincodes: 0
10-12-2013 10:35:20 --- INFO: Toyota 4RUNNER 4WD V6 - found: 72, pass primary filters: 25, did not pass the filter by colors: 0, did not pass the filter by options: 0, added: 25, new vincodes: 2
10-12-2013 10:35:31 --- INFO: Toyota RAV 4 - found: 395, pass primary filters: 0, did not pass the filter by colors: 0, did not pass the filter by options: 0, added: 0, new vincodes: 0
10-12-2013 10:35:35 --- INFO: Toyota Highlander 4WD - found: 109, pass primary filters: 5, did not pass the filter by colors: 0, did not pass the filter by options: 0, added: 5, new vincodes: 0
10-12-2013 10:36:03 --- INFO: Toyota Highlander - found: 109, pass primary filters: 37, did not pass the filter by colors: 0, did not pass the filter by options: 0, added: 37, new vincodes: 8
10-12-2013 10:39:25 --- INFO: Lexus RX 350 - found: 154, pass primary filters: 106, did not pass the filter by colors: 0, did not pass the filter by options: 0, added: 106, new vincodes: 5
10-12-2013 10:40:52 --- INFO: Toyota 4RUNNER Limited V6 - found: 95, pass primary filters: 4, did not pass the filter by colors: 0, did not pass the filter by options: 0, added: 4, new vincodes: 0
10-12-2013 10:40:53 --- INFO: Lexus GX 460 - found: 0, pass primary filters: 0, did not pass the filter by colors: 0, did not pass the filter by options: 0, added: 0, new vincodes: 0
10-12-2013 10:41:10 --- INFO: Lexus RX 350 - found: 16, pass primary filters: 16, did not pass the filter by colors: 0, did not pass the filter by options: 0, added: 16, new vincodes: 1
10-12-2013 10:42:47 --- INFO: Toyota Highlander - found: 28, pass primary filters: 28, did not pass the filter by colors: 0, did not pass the filter by options: 0, added: 28, new vincodes: 0
10-12-2013 10:42:52 --- INFO: Lexus GS300 - found: 28, pass primary filters: 6, did not pass the filter by colors: 0, did not pass the filter by options: 0, added: 6, new vincodes: 1
10-12-2013 10:42:52 --- INFO: finish: 10-12-2013 10:42:52
10-12-2013 10:42:52 --- INFO: elapsed time: ~764.84 sec., memory usage: ~6.7 Mb.
10-12-2013 10:45:05 --- INFO: start: 10-12-2013 10:45:05
10-12-2013 10:45:05 --- INFO: ----------Source_Oodle (cli)
10-12-2013 10:45:07 --- INFO: Toyota Highlander - found: 28, pass primary filters: 24, did not pass the filter by colors: 0, did not pass the filter by options: 0, added: 24, new vincodes: 0
10-12-2013 10:45:12 --- INFO: Lexus RX 330 - found: 208, pass primary filters: 0, did not pass the filter by colors: 0, did not pass the filter by options: 0, added: 0, new vincodes: 0
10-12-2013 10:45:12 --- INFO: Lexus RX 400H - found: 0, pass primary filters: 0, did not pass the filter by colors: 0, did not pass the filter by options: 0, added: 0, new vincodes: 0
10-12-2013 10:45:13 --- INFO: Lexus GX 470 - found: 14, pass primary filters: 9, did not pass the filter by colors: 0, did not pass the filter by options: 0, added: 9, new vincodes: 0
10-12-2013 10:45:19 --- INFO: Lexus GX 470 - found: 198, pass primary filters: 9, did not pass the filter by colors: 0, did not pass the filter by options: 0, added: 9, new vincodes: 0
10-12-2013 10:45:22 --- INFO: Lexus LX 470 - found: 74, pass primary filters: 12, did not pass the filter by colors: 0, did not pass the filter by options: 0, added: 12, new vincodes: 0
10-12-2013 10:45:26 --- INFO: Toyota Sequoia - found: 76, pass primary filters: 7, did not pass the filter by colors: 0, did not pass the filter by options: 0, added: 7, new vincodes: 0
10-12-2013 10:45:27 --- INFO: Toyota Land Cruiser - found: 21, pass primary filters: 6, did not pass the filter by colors: 0, did not pass the filter by options: 0, added: 6, new vincodes: 0
10-12-2013 10:45:27 --- INFO: Lexus LX 570 - found: 0, pass primary filters: 0, did not pass the filter by colors: 0, did not pass the filter by options: 0, added: 0, new vincodes: 0
10-12-2013 10:45:28 --- INFO: Toyota Venza - found: 0, pass primary filters: 0, did not pass the filter by colors: 0, did not pass the filter by options: 0, added: 0, new vincodes: 0
10-12-2013 10:45:28 --- INFO: Toyota 4runner 2010 - found: 2, pass primary filters: 1, did not pass the filter by colors: 0, did not pass the filter by options: 0, added: 1, new vincodes: 0
10-12-2013 10:45:38 --- INFO: Toyota 4RUNNER 4WD V6 - found: 448, pass primary filters: 1, did not pass the filter by colors: 0, did not pass the filter by options: 0, added: 1, new vincodes: 0
10-12-2013 10:46:41 --- INFO: Toyota RAV 4 - found: 3245, pass primary filters: 0, did not pass the filter by colors: 0, did not pass the filter by options: 0, added: 0, new vincodes: 0
10-12-2013 10:46:51 --- INFO: Toyota Highlander 4WD - found: 456, pass primary filters: 0, did not pass the filter by colors: 0, did not pass the filter by options: 0, added: 0, new vincodes: 0
10-12-2013 10:46:59 --- INFO: Toyota Highlander - found: 456, pass primary filters: 0, did not pass the filter by colors: 0, did not pass the filter by options: 0, added: 0, new vincodes: 0
10-12-2013 10:47:15 --- INFO: Lexus RX 350 - found: 605, pass primary filters: 1, did not pass the filter by colors: 0, did not pass the filter by options: 0, added: 1, new vincodes: 0
10-12-2013 10:47:26 --- INFO: Toyota 4RUNNER Limited V6 - found: 524, pass primary filters: 0, did not pass the filter by colors: 0, did not pass the filter by options: 0, added: 0, new vincodes: 0
10-12-2013 10:47:27 --- INFO: Lexus GX 460 - found: 0, pass primary filters: 0, did not pass the filter by colors: 0, did not pass the filter by options: 0, added: 0, new vincodes: 0
10-12-2013 10:47:27 --- INFO: Lexus RX 350 - found: 10, pass primary filters: 4, did not pass the filter by colors: 0, did not pass the filter by options: 0, added: 4, new vincodes: 0
10-12-2013 10:47:29 --- INFO: Lexus GS300 - found: 80, pass primary filters: 3, did not pass the filter by colors: 0, did not pass the filter by options: 0, added: 3, new vincodes: 0
10-12-2013 10:47:32 --- INFO: Toyota FJ cruiser - found: 89, pass primary filters: 1, did not pass the filter by colors: 0, did not pass the filter by options: 0, added: 1, new vincodes: 0
10-12-2013 10:47:34 --- INFO: Lexus RX 350 2013 - found: 49, pass primary filters: 8, did not pass the filter by colors: 0, did not pass the filter by options: 0, added: 8, new vincodes: 0
10-12-2013 10:47:34 --- INFO: finish: 10-12-2013 10:47:34
10-12-2013 10:47:34 --- INFO: elapsed time: ~148.95 sec., memory usage: ~3.73 Mb.
10-12-2013 11:00:06 --- INFO: start: 10-12-2013 11:00:06
10-12-2013 11:00:07 --- INFO: ----------Source_AutoSalon (cli)
10-12-2013 11:00:27 --- INFO: Lexus RX 330 - found: 82, pass primary filters: 0, did not pass the filter by colors: 0, did not pass the filter by options: 0, added: 0, new vincodes: 0
10-12-2013 11:00:30 --- INFO: Lexus RX 400H - found: 0, pass primary filters: 0, did not pass the filter by colors: 0, did not pass the filter by options: 0, added: 0, new vincodes: 0
10-12-2013 11:00:36 --- INFO: Lexus GX 470 - found: 18, pass primary filters: 15, did not pass the filter by colors: 0, did not pass the filter by options: 0, added: 15, new vincodes: 0
10-12-2013 11:01:13 --- INFO: Lexus GX 470 - found: 96, pass primary filters: 20, did not pass the filter by colors: 0, did not pass the filter by options: 0, added: 20, new vincodes: 0
10-12-2013 11:01:32 --- INFO: Lexus LX 470 - found: 42, pass primary filters: 14, did not pass the filter by colors: 0, did not pass the filter by options: 0, added: 14, new vincodes: 0
10-12-2013 11:01:35 --- INFO: Toyota Sequoia - found: 0, pass primary filters: 0, did not pass the filter by colors: 0, did not pass the filter by options: 0, added: 0, new vincodes: 0
10-12-2013 11:01:37 --- INFO: Toyota Land Cruiser - found: 0, pass primary filters: 0, did not pass the filter by colors: 0, did not pass the filter by options: 0, added: 0, new vincodes: 0
10-12-2013 11:01:42 --- INFO: Lexus LX 570 - found: 24, pass primary filters: 15, did not pass the filter by colors: 0, did not pass the filter by options: 0, added: 15, new vincodes: 0
10-12-2013 11:01:45 --- INFO: Toyota Venza - found: 0, pass primary filters: 0, did not pass the filter by colors: 0, did not pass the filter by options: 0, added: 0, new vincodes: 0
10-12-2013 11:01:48 --- INFO: Toyota 4runner 2010 - found: 0, pass primary filters: 0, did not pass the filter by colors: 0, did not pass the filter by options: 0, added: 0, new vincodes: 0
10-12-2013 11:01:51 --- INFO: Toyota 4RUNNER 4WD V6 - found: 0, pass primary filters: 0, did not pass the filter by colors: 0, did not pass the filter by options: 0, added: 0, new vincodes: 0
10-12-2013 11:01:54 --- INFO: Toyota RAV 4 - found: 0, pass primary filters: 0, did not pass the filter by colors: 0, did not pass the filter by options: 0, added: 0, new vincodes: 0
10-12-2013 11:01:56 --- INFO: Toyota Highlander 4WD - found: 0, pass primary filters: 0, did not pass the filter by colors: 0, did not pass the filter by options: 0, added: 0, new vincodes: 0
10-12-2013 11:01:59 --- INFO: Toyota Highlander - found: 0, pass primary filters: 0, did not pass the filter by colors: 0, did not pass the filter by options: 0, added: 0, new vincodes: 0
10-12-2013 11:02:32 --- INFO: Lexus RX 350 - found: 158, pass primary filters: 1, did not pass the filter by colors: 0, did not pass the filter by options: 0, added: 1, new vincodes: 0
10-12-2013 11:02:34 --- INFO: Toyota 4RUNNER Limited V6 - found: 0, pass primary filters: 0, did not pass the filter by colors: 0, did not pass the filter by options: 0, added: 0, new vincodes: 0
10-12-2013 11:02:41 --- INFO: Lexus GX 460 - found: 2, pass primary filters: 2, did not pass the filter by colors: 0, did not pass the filter by options: 0, added: 2, new vincodes: 0
10-12-2013 11:02:45 --- INFO: Lexus RX 350 - found: 21, pass primary filters: 5, did not pass the filter by colors: 0, did not pass the filter by options: 0, added: 5, new vincodes: 0
10-12-2013 11:03:00 --- INFO: Toyota Highlander - found: 30, pass primary filters: 3, did not pass the filter by colors: 0, did not pass the filter by options: 0, added: 3, new vincodes: 0
10-12-2013 11:03:11 --- INFO: Lexus GS300 - found: 35, pass primary filters: 2, did not pass the filter by colors: 0, did not pass the filter by options: 0, added: 2, new vincodes: 0
10-12-2013 11:03:29 --- INFO: Toyota FJ cruiser - found: 34, pass primary filters: 7, did not pass the filter by colors: 0, did not pass the filter by options: 0, added: 7, new vincodes: 0
10-12-2013 11:03:38 --- INFO: Lexus RX 350 2013 - found: 37, pass primary filters: 2, did not pass the filter by colors: 0, did not pass the filter by options: 0, added: 2, new vincodes: 0
10-12-2013 11:03:38 --- INFO: finish: 10-12-2013 11:03:38
10-12-2013 11:03:38 --- INFO: elapsed time: ~211.79 sec., memory usage: ~3.26 Mb.
10-12-2013 14:00:08 --- INFO: start: 10-12-2013 14:00:08
10-12-2013 14:00:17 --- INFO: ----------Source_Adesa (cli)
10-12-2013 14:00:18 --- INFO: Authorized request
10-12-2013 14:00:22 --- INFO: Lexus RX 330 - found: 9, pass primary filters: 3, did not pass the filter by colors: 2, did not pass the filter by options: 1, added: 0, new vincodes: 0
10-12-2013 14:00:24 --- INFO: Lexus RX 400H - found: 7, pass primary filters: 6, did not pass the filter by colors: 5, did not pass the filter by options: 1, added: 0, new vincodes: 0
10-12-2013 14:00:24 --- INFO: Lexus GX 470 - found: 0, pass primary filters: 0, did not pass the filter by colors: 0, did not pass the filter by options: 0, added: 0, new vincodes: 0
10-12-2013 14:00:25 --- INFO: Lexus GX 470 - found: 8, pass primary filters: 2, did not pass the filter by colors: 1, did not pass the filter by options: 1, added: 0, new vincodes: 0
10-12-2013 14:00:31 --- INFO: Lexus LX 470 - found: 3, pass primary filters: 2, did not pass the filter by colors: 2, did not pass the filter by options: , added: 0, new vincodes: 0
10-12-2013 14:00:33 --- INFO: Toyota Sequoia - found: 0, pass primary filters: 0, did not pass the filter by colors: 0, did not pass the filter by options: 0, added: 0, new vincodes: 0
10-12-2013 14:00:33 --- INFO: Toyota Land Cruiser - found: 0, pass primary filters: 0, did not pass the filter by colors: 0, did not pass the filter by options: 0, added: 0, new vincodes: 0
10-12-2013 14:00:34 --- INFO: Lexus LX 570 - found: 0, pass primary filters: 0, did not pass the filter by colors: 0, did not pass the filter by options: 0, added: 0, new vincodes: 0
10-12-2013 14:00:35 --- INFO: Toyota Venza - found: 0, pass primary filters: 0, did not pass the filter by colors: 0, did not pass the filter by options: 0, added: 0, new vincodes: 0
10-12-2013 14:00:35 --- INFO: Toyota 4runner 2010 - found: 0, pass primary filters: 0, did not pass the filter by colors: 0, did not pass the filter by options: 0, added: 0, new vincodes: 0
10-12-2013 14:00:36 --- INFO: Toyota 4RUNNER 4WD V6 - found: 19, pass primary filters: 7, did not pass the filter by colors: 3, did not pass the filter by options: , added: 4, new vincodes: 0
10-12-2013 14:00:37 --- INFO: Toyota FJ cruiser - found: 8, pass primary filters: 0, did not pass the filter by colors: 0, did not pass the filter by options: 0, added: 0, new vincodes: 0
10-12-2013 14:00:38 --- INFO: Lexus RX 350 2013 - found: 0, pass primary filters: 0, did not pass the filter by colors: 0, did not pass the filter by options: 0, added: 0, new vincodes: 0
10-12-2013 14:00:39 --- INFO: Toyota Highlander - found: 23, pass primary filters: 4, did not pass the filter by colors: 4, did not pass the filter by options: , added: 0, new vincodes: 0
10-12-2013 14:00:40 --- INFO: Lexus RX 350 - found: 19, pass primary filters: 17, did not pass the filter by colors: 9, did not pass the filter by options: 5, added: 3, new vincodes: 0
10-12-2013 14:00:41 --- INFO: Toyota 4RUNNER Limited V6 - found: 22, pass primary filters: 0, did not pass the filter by colors: 0, did not pass the filter by options: 0, added: 0, new vincodes: 0
10-12-2013 14:00:41 --- INFO: finish: 10-12-2013 14:00:41
10-12-2013 14:00:41 --- INFO: elapsed time: ~33.45 sec., memory usage: ~2.08 Mb.
10-12-2013 14:30:14 --- INFO: start: 10-12-2013 14:30:14
10-12-2013 14:30:20 --- INFO: ----------Source_ExpOfCars (cli)
10-12-2013 14:30:37 --- INFO: Lexus RX 330 - found: 71, pass primary filters: 52, did not pass the filter by colors: 0, did not pass the filter by options: 0, added: 52, new vincodes: 0
10-12-2013 14:30:40 --- INFO: Lexus RX 400H - found: 21, pass primary filters: 19, did not pass the filter by colors: 0, did not pass the filter by options: 0, added: 19, new vincodes: 0
10-12-2013 14:30:46 --- INFO: Lexus GX 470 - found: 15, pass primary filters: 15, did not pass the filter by colors: 0, did not pass the filter by options: 0, added: 15, new vincodes: 0
10-12-2013 14:30:54 --- INFO: Lexus GX 470 - found: 80, pass primary filters: 80, did not pass the filter by colors: 0, did not pass the filter by options: 0, added: 80, new vincodes: 0
10-12-2013 14:30:58 --- INFO: Lexus LX 470 - found: 38, pass primary filters: 38, did not pass the filter by colors: 0, did not pass the filter by options: 0, added: 38, new vincodes: 0
10-12-2013 14:31:01 --- INFO: Toyota Sequoia - found: 30, pass primary filters: 30, did not pass the filter by colors: 0, did not pass the filter by options: 0, added: 30, new vincodes: 0
10-12-2013 14:31:06 --- INFO: Toyota Land Cruiser - found: 20, pass primary filters: 20, did not pass the filter by colors: 0, did not pass the filter by options: 0, added: 20, new vincodes: 0
10-12-2013 14:31:15 --- INFO: Lexus LX 570 - found: 19, pass primary filters: 19, did not pass the filter by colors: 0, did not pass the filter by options: 0, added: 19, new vincodes: 0
10-12-2013 14:31:17 --- INFO: Toyota Venza - found: 8, pass primary filters: 8, did not pass the filter by colors: 0, did not pass the filter by options: 0, added: 8, new vincodes: 0
10-12-2013 14:31:18 --- INFO: Toyota 4runner 2010 - found: 1, pass primary filters: 1, did not pass the filter by colors: 0, did not pass the filter by options: 0, added: 1, new vincodes: 0
10-12-2013 14:31:25 --- INFO: Toyota 4RUNNER 4WD V6 - found: 70, pass primary filters: 25, did not pass the filter by colors: 0, did not pass the filter by options: 0, added: 25, new vincodes: 0
10-12-2013 14:31:34 --- INFO: Toyota RAV 4 - found: 351, pass primary filters: 0, did not pass the filter by colors: 0, did not pass the filter by options: 0, added: 0, new vincodes: 0
10-12-2013 14:31:37 --- INFO: Toyota Highlander 4WD - found: 95, pass primary filters: 5, did not pass the filter by colors: 0, did not pass the filter by options: 0, added: 5, new vincodes: 0
10-12-2013 14:31:42 --- INFO: Toyota Highlander - found: 95, pass primary filters: 33, did not pass the filter by colors: 0, did not pass the filter by options: 0, added: 33, new vincodes: 0
10-12-2013 14:32:00 --- INFO: Lexus RX 350 - found: 141, pass primary filters: 99, did not pass the filter by colors: 0, did not pass the filter by options: 0, added: 99, new vincodes: 0
10-12-2013 14:32:02 --- INFO: Toyota 4RUNNER Limited V6 - found: 93, pass primary filters: 4, did not pass the filter by colors: 0, did not pass the filter by options: 0, added: 4, new vincodes: 0
10-12-2013 14:32:03 --- INFO: Lexus GX 460 - found: 0, pass primary filters: 0, did not pass the filter by colors: 0, did not pass the filter by options: 0, added: 0, new vincodes: 0
10-12-2013 14:32:06 --- INFO: Lexus RX 350 - found: 16, pass primary filters: 16, did not pass the filter by colors: 0, did not pass the filter by options: 0, added: 16, new vincodes: 0
10-12-2013 14:32:09 --- INFO: Toyota Highlander - found: 28, pass primary filters: 28, did not pass the filter by colors: 0, did not pass the filter by options: 0, added: 28, new vincodes: 0
10-12-2013 14:32:11 --- INFO: Lexus GS300 - found: 26, pass primary filters: 5, did not pass the filter by colors: 0, did not pass the filter by options: 0, added: 5, new vincodes: 0
10-12-2013 14:32:11 --- INFO: finish: 10-12-2013 14:32:11
10-12-2013 14:32:11 --- INFO: elapsed time: ~116.94 sec., memory usage: ~4.29 Mb.
10-12-2013 14:45:10 --- INFO: start: 10-12-2013 14:45:10
10-12-2013 14:45:15 --- INFO: ----------Source_Oodle (cli)
10-12-2013 14:46:30 --- INFO: Toyota Highlander - found: 29, pass primary filters: 25, did not pass the filter by colors: 0, did not pass the filter by options: 0, added: 25, new vincodes: 1
10-12-2013 14:47:28 --- INFO: Lexus RX 330 - found: 215, pass primary filters: 0, did not pass the filter by colors: 0, did not pass the filter by options: 0, added: 0, new vincodes: 0
10-12-2013 14:47:28 --- INFO: Lexus RX 400H - found: 0, pass primary filters: 0, did not pass the filter by colors: 0, did not pass the filter by options: 0, added: 0, new vincodes: 0
10-12-2013 14:48:18 --- INFO: Lexus GX 470 - found: 15, pass primary filters: 10, did not pass the filter by colors: 0, did not pass the filter by options: 0, added: 10, new vincodes: 1
10-12-2013 14:49:39 --- INFO: Lexus GX 470 - found: 201, pass primary filters: 1, did not pass the filter by colors: 0, did not pass the filter by options: 0, added: 1, new vincodes: 0
10-12-2013 14:49:42 --- INFO: Lexus LX 470 - found: 73, pass primary filters: 11, did not pass the filter by colors: 0, did not pass the filter by options: 0, added: 11, new vincodes: 0
10-12-2013 14:49:46 --- INFO: Toyota Sequoia - found: 81, pass primary filters: 7, did not pass the filter by colors: 0, did not pass the filter by options: 0, added: 7, new vincodes: 0
10-12-2013 14:49:48 --- INFO: Toyota Land Cruiser - found: 22, pass primary filters: 7, did not pass the filter by colors: 0, did not pass the filter by options: 0, added: 7, new vincodes: 0
10-12-2013 14:49:48 --- INFO: Lexus LX 570 - found: 0, pass primary filters: 0, did not pass the filter by colors: 0, did not pass the filter by options: 0, added: 0, new vincodes: 0
10-12-2013 14:49:49 --- INFO: Toyota Venza - found: 0, pass primary filters: 0, did not pass the filter by colors: 0, did not pass the filter by options: 0, added: 0, new vincodes: 0
10-12-2013 14:49:49 --- INFO: Toyota 4runner 2010 - found: 2, pass primary filters: 1, did not pass the filter by colors: 0, did not pass the filter by options: 0, added: 1, new vincodes: 0
10-12-2013 14:50:01 --- INFO: Toyota 4RUNNER 4WD V6 - found: 462, pass primary filters: 0, did not pass the filter by colors: 0, did not pass the filter by options: 0, added: 0, new vincodes: 0
10-12-2013 14:51:07 --- INFO: Toyota RAV 4 - found: 3324, pass primary filters: 0, did not pass the filter by colors: 0, did not pass the filter by options: 0, added: 0, new vincodes: 0
10-12-2013 14:51:17 --- INFO: Toyota Highlander 4WD - found: 466, pass primary filters: 0, did not pass the filter by colors: 0, did not pass the filter by options: 0, added: 0, new vincodes: 0
10-12-2013 14:51:29 --- INFO: Toyota Highlander - found: 466, pass primary filters: 0, did not pass the filter by colors: 0, did not pass the filter by options: 0, added: 0, new vincodes: 0
10-12-2013 14:53:06 --- INFO: Lexus RX 350 - found: 622, pass primary filters: 2, did not pass the filter by colors: 0, did not pass the filter by options: 0, added: 2, new vincodes: 0
10-12-2013 14:53:19 --- INFO: Toyota 4RUNNER Limited V6 - found: 538, pass primary filters: 0, did not pass the filter by colors: 0, did not pass the filter by options: 0, added: 0, new vincodes: 0
10-12-2013 14:53:19 --- INFO: Lexus GX 460 - found: 0, pass primary filters: 0, did not pass the filter by colors: 0, did not pass the filter by options: 0, added: 0, new vincodes: 0
10-12-2013 14:53:20 --- INFO: Lexus RX 350 - found: 10, pass primary filters: 4, did not pass the filter by colors: 0, did not pass the filter by options: 0, added: 4, new vincodes: 0
10-12-2013 14:53:22 --- INFO: Lexus GS300 - found: 80, pass primary filters: 3, did not pass the filter by colors: 0, did not pass the filter by options: 0, added: 3, new vincodes: 0
10-12-2013 14:53:24 --- INFO: Toyota FJ cruiser - found: 92, pass primary filters: 1, did not pass the filter by colors: 0, did not pass the filter by options: 0, added: 1, new vincodes: 0
10-12-2013 14:54:26 --- INFO: Lexus RX 350 2013 - found: 51, pass primary filters: 0, did not pass the filter by colors: 0, did not pass the filter by options: 0, added: 0, new vincodes: 0
10-12-2013 14:54:26 --- INFO: finish: 10-12-2013 14:54:26
10-12-2013 14:54:26 --- INFO: elapsed time: ~555.59 sec., memory usage: ~3.92 Mb.
10-12-2013 15:00:20 --- INFO: start: 10-12-2013 15:00:20
10-12-2013 15:00:22 --- INFO: ----------Source_AutoSalon (cli)
10-12-2013 15:00:38 --- INFO: Lexus RX 330 - found: 68, pass primary filters: 0, did not pass the filter by colors: 0, did not pass the filter by options: 0, added: 0, new vincodes: 0
10-12-2013 15:00:40 --- INFO: Lexus RX 400H - found: 0, pass primary filters: 0, did not pass the filter by colors: 0, did not pass the filter by options: 0, added: 0, new vincodes: 0
10-12-2013 15:00:46 --- INFO: Lexus GX 470 - found: 15, pass primary filters: 13, did not pass the filter by colors: 0, did not pass the filter by options: 0, added: 13, new vincodes: 0
10-12-2013 15:01:19 --- INFO: Lexus GX 470 - found: 79, pass primary filters: 4, did not pass the filter by colors: 0, did not pass the filter by options: 0, added: 4, new vincodes: 0
10-12-2013 15:01:37 --- INFO: Lexus LX 470 - found: 37, pass primary filters: 9, did not pass the filter by colors: 0, did not pass the filter by options: 0, added: 9, new vincodes: 0
10-12-2013 15:01:39 --- INFO: Toyota Sequoia - found: 0, pass primary filters: 0, did not pass the filter by colors: 0, did not pass the filter by options: 0, added: 0, new vincodes: 0
10-12-2013 15:01:42 --- INFO: Toyota Land Cruiser - found: 0, pass primary filters: 0, did not pass the filter by colors: 0, did not pass the filter by options: 0, added: 0, new vincodes: 0
10-12-2013 15:01:46 --- INFO: Lexus LX 570 - found: 18, pass primary filters: 13, did not pass the filter by colors: 0, did not pass the filter by options: 0, added: 13, new vincodes: 0
10-12-2013 15:01:48 --- INFO: Toyota Venza - found: 0, pass primary filters: 0, did not pass the filter by colors: 0, did not pass the filter by options: 0, added: 0, new vincodes: 0
10-12-2013 15:01:51 --- INFO: Toyota 4runner 2010 - found: 0, pass primary filters: 0, did not pass the filter by colors: 0, did not pass the filter by options: 0, added: 0, new vincodes: 0
10-12-2013 15:01:53 --- INFO: Toyota 4RUNNER 4WD V6 - found: 0, pass primary filters: 0, did not pass the filter by colors: 0, did not pass the filter by options: 0, added: 0, new vincodes: 0
10-12-2013 15:01:55 --- INFO: Toyota RAV 4 - found: 0, pass primary filters: 0, did not pass the filter by colors: 0, did not pass the filter by options: 0, added: 0, new vincodes: 0
10-12-2013 15:01:58 --- INFO: Toyota Highlander 4WD - found: 0, pass primary filters: 0, did not pass the filter by colors: 0, did not pass the filter by options: 0, added: 0, new vincodes: 0
10-12-2013 15:02:03 --- INFO: Toyota Highlander - found: 0, pass primary filters: 0, did not pass the filter by colors: 0, did not pass the filter by options: 0, added: 0, new vincodes: 0
10-12-2013 15:02:36 --- INFO: Lexus RX 350 - found: 129, pass primary filters: 1, did not pass the filter by colors: 0, did not pass the filter by options: 0, added: 1, new vincodes: 0
10-12-2013 15:02:39 --- INFO: Toyota 4RUNNER Limited V6 - found: 0, pass primary filters: 0, did not pass the filter by colors: 0, did not pass the filter by options: 0, added: 0, new vincodes: 0
10-12-2013 15:02:41 --- INFO: Lexus GX 460 - found: 1, pass primary filters: 1, did not pass the filter by colors: 0, did not pass the filter by options: 0, added: 1, new vincodes: 0
10-12-2013 15:02:45 --- INFO: Lexus RX 350 - found: 16, pass primary filters: 5, did not pass the filter by colors: 0, did not pass the filter by options: 0, added: 5, new vincodes: 0
10-12-2013 15:03:04 --- INFO: Toyota Highlander - found: 27, pass primary filters: 2, did not pass the filter by colors: 0, did not pass the filter by options: 0, added: 2, new vincodes: 0
10-12-2013 15:03:14 --- INFO: Lexus GS300 - found: 29, pass primary filters: 0, did not pass the filter by colors: 0, did not pass the filter by options: 0, added: 0, new vincodes: 0
10-12-2013 15:03:25 --- INFO: Toyota FJ cruiser - found: 26, pass primary filters: 1, did not pass the filter by colors: 0, did not pass the filter by options: 0, added: 1, new vincodes: 0
10-12-2013 15:03:38 --- INFO: Lexus RX 350 2013 - found: 26, pass primary filters: 1, did not pass the filter by colors: 0, did not pass the filter by options: 0, added: 1, new vincodes: 0
10-12-2013 15:03:38 --- INFO: finish: 10-12-2013 15:03:38
10-12-2013 15:03:38 --- INFO: elapsed time: ~197.96 sec., memory usage: ~3.14 Mb.
10-12-2013 18:00:20 --- INFO: start: 10-12-2013 18:00:20
10-12-2013 18:00:21 --- INFO: ----------Source_Adesa (cli)
10-12-2013 18:00:22 --- INFO: Authorized request
10-12-2013 18:00:28 --- INFO: Lexus RX 330 - found: 9, pass primary filters: 5, did not pass the filter by colors: 4, did not pass the filter by options: 1, added: 0, new vincodes: 0
10-12-2013 18:00:29 --- INFO: Lexus RX 400H - found: 7, pass primary filters: 6, did not pass the filter by colors: 5, did not pass the filter by options: 1, added: 0, new vincodes: 0
10-12-2013 18:00:30 --- INFO: Lexus GX 470 - found: 0, pass primary filters: 0, did not pass the filter by colors: 0, did not pass the filter by options: 0, added: 0, new vincodes: 0
10-12-2013 18:00:42 --- INFO: Lexus GX 470 - found: 8, pass primary filters: 8, did not pass the filter by colors: 4, did not pass the filter by options: 3, added: 1, new vincodes: 2
10-12-2013 18:00:46 --- INFO: Lexus LX 470 - found: 3, pass primary filters: 3, did not pass the filter by colors: 3, did not pass the filter by options: , added: 0, new vincodes: 1
10-12-2013 18:00:47 --- INFO: Toyota Sequoia - found: 0, pass primary filters: 0, did not pass the filter by colors: 0, did not pass the filter by options: 0, added: 0, new vincodes: 0
10-12-2013 18:00:47 --- INFO: Toyota Land Cruiser - found: 0, pass primary filters: 0, did not pass the filter by colors: 0, did not pass the filter by options: 0, added: 0, new vincodes: 0
10-12-2013 18:00:48 --- INFO: Lexus LX 570 - found: 0, pass primary filters: 0, did not pass the filter by colors: 0, did not pass the filter by options: 0, added: 0, new vincodes: 0
10-12-2013 18:00:49 --- INFO: Toyota Venza - found: 0, pass primary filters: 0, did not pass the filter by colors: 0, did not pass the filter by options: 0, added: 0, new vincodes: 0
10-12-2013 18:00:49 --- INFO: Toyota 4runner 2010 - found: 0, pass primary filters: 0, did not pass the filter by colors: 0, did not pass the filter by options: 0, added: 0, new vincodes: 0
10-12-2013 18:00:51 --- INFO: Toyota 4RUNNER 4WD V6 - found: 19, pass primary filters: 7, did not pass the filter by colors: 3, did not pass the filter by options: , added: 4, new vincodes: 0
10-12-2013 18:00:51 --- INFO: Toyota FJ cruiser - found: 8, pass primary filters: 0, did not pass the filter by colors: 0, did not pass the filter by options: 0, added: 0, new vincodes: 0
10-12-2013 18:00:52 --- INFO: Lexus RX 350 2013 - found: 0, pass primary filters: 0, did not pass the filter by colors: 0, did not pass the filter by options: 0, added: 0, new vincodes: 0
10-12-2013 18:00:59 --- INFO: Toyota Highlander - found: 24, pass primary filters: 6, did not pass the filter by colors: 6, did not pass the filter by options: , added: 0, new vincodes: 1
10-12-2013 18:01:13 --- INFO: Lexus RX 350 - found: 20, pass primary filters: 18, did not pass the filter by colors: 9, did not pass the filter by options: 6, added: 3, new vincodes: 0
10-12-2013 18:01:13 --- INFO: Toyota 4RUNNER Limited V6 - found: 22, pass primary filters: 0, did not pass the filter by colors: 0, did not pass the filter by options: 0, added: 0, new vincodes: 0
10-12-2013 18:01:13 --- INFO: finish: 10-12-2013 18:01:13
10-12-2013 18:01:13 --- INFO: elapsed time: ~53.99 sec., memory usage: ~2.25 Mb.
10-12-2013 18:30:06 --- INFO: start: 10-12-2013 18:30:06
10-12-2013 18:30:12 --- INFO: ----------Source_ExpOfCars (cli)
10-12-2013 18:30:25 --- INFO: Lexus RX 330 - found: 72, pass primary filters: 51, did not pass the filter by colors: 0, did not pass the filter by options: 0, added: 51, new vincodes: 0
10-12-2013 18:30:26 --- INFO: Lexus RX 400H - found: 20, pass primary filters: 18, did not pass the filter by colors: 0, did not pass the filter by options: 0, added: 18, new vincodes: 0
10-12-2013 18:30:29 --- INFO: Lexus GX 470 - found: 15, pass primary filters: 15, did not pass the filter by colors: 0, did not pass the filter by options: 0, added: 15, new vincodes: 0
10-12-2013 18:30:43 --- INFO: Lexus GX 470 - found: 76, pass primary filters: 76, did not pass the filter by colors: 0, did not pass the filter by options: 0, added: 76, new vincodes: 0
10-12-2013 18:30:47 --- INFO: Lexus LX 470 - found: 37, pass primary filters: 37, did not pass the filter by colors: 0, did not pass the filter by options: 0, added: 37, new vincodes: 0
10-12-2013 18:30:58 --- INFO: Toyota Sequoia - found: 32, pass primary filters: 32, did not pass the filter by colors: 0, did not pass the filter by options: 0, added: 32, new vincodes: 0
10-12-2013 18:31:00 --- INFO: Toyota Land Cruiser - found: 20, pass primary filters: 20, did not pass the filter by colors: 0, did not pass the filter by options: 0, added: 20, new vincodes: 0
10-12-2013 18:31:02 --- INFO: Lexus LX 570 - found: 19, pass primary filters: 19, did not pass the filter by colors: 0, did not pass the filter by options: 0, added: 19, new vincodes: 0
10-12-2013 18:31:04 --- INFO: Toyota Venza - found: 8, pass primary filters: 8, did not pass the filter by colors: 0, did not pass the filter by options: 0, added: 8, new vincodes: 0
10-12-2013 18:31:07 --- INFO: Toyota 4runner 2010 - found: 1, pass primary filters: 1, did not pass the filter by colors: 0, did not pass the filter by options: 0, added: 1, new vincodes: 0
10-12-2013 18:31:10 --- INFO: Toyota 4RUNNER 4WD V6 - found: 69, pass primary filters: 25, did not pass the filter by colors: 0, did not pass the filter by options: 0, added: 25, new vincodes: 0
10-12-2013 18:31:24 --- INFO: Toyota RAV 4 - found: 345, pass primary filters: 0, did not pass the filter by colors: 0, did not pass the filter by options: 0, added: 0, new vincodes: 0
10-12-2013 18:31:27 --- INFO: Toyota Highlander 4WD - found: 101, pass primary filters: 5, did not pass the filter by colors: 0, did not pass the filter by options: 0, added: 5, new vincodes: 0
10-12-2013 18:31:37 --- INFO: Toyota Highlander - found: 101, pass primary filters: 32, did not pass the filter by colors: 0, did not pass the filter by options: 0, added: 32, new vincodes: 0
10-12-2013 18:31:49 --- INFO: Lexus RX 350 - found: 139, pass primary filters: 97, did not pass the filter by colors: 0, did not pass the filter by options: 0, added: 97, new vincodes: 0
10-12-2013 18:31:52 --- INFO: Toyota 4RUNNER Limited V6 - found: 91, pass primary filters: 4, did not pass the filter by colors: 0, did not pass the filter by options: 0, added: 4, new vincodes: 0
10-12-2013 18:31:55 --- INFO: Lexus GX 460 - found: 1, pass primary filters: 1, did not pass the filter by colors: 0, did not pass the filter by options: 0, added: 1, new vincodes: 0
10-12-2013 18:31:57 --- INFO: Lexus RX 350 - found: 16, pass primary filters: 16, did not pass the filter by colors: 0, did not pass the filter by options: 0, added: 16, new vincodes: 0
10-12-2013 18:32:03 --- INFO: Toyota Highlander - found: 28, pass primary filters: 28, did not pass the filter by colors: 0, did not pass the filter by options: 0, added: 28, new vincodes: 0
10-12-2013 18:32:05 --- INFO: Lexus GS300 - found: 27, pass primary filters: 5, did not pass the filter by colors: 0, did not pass the filter by options: 0, added: 5, new vincodes: 0
10-12-2013 18:32:05 --- INFO: finish: 10-12-2013 18:32:05
10-12-2013 18:32:05 --- INFO: elapsed time: ~119.62 sec., memory usage: ~4.42 Mb.
10-12-2013 18:45:05 --- INFO: start: 10-12-2013 18:45:05
10-12-2013 18:45:07 --- INFO: ----------Source_Oodle (cli)
10-12-2013 18:45:09 --- INFO: Toyota Highlander - found: 29, pass primary filters: 24, did not pass the filter by colors: 0, did not pass the filter by options: 0, added: 24, new vincodes: 0
10-12-2013 18:45:16 --- INFO: Lexus RX 330 - found: 209, pass primary filters: 0, did not pass the filter by colors: 0, did not pass the filter by options: 0, added: 0, new vincodes: 0
10-12-2013 18:45:16 --- INFO: Lexus RX 400H - found: 0, pass primary filters: 0, did not pass the filter by colors: 0, did not pass the filter by options: 0, added: 0, new vincodes: 0
10-12-2013 18:45:17 --- INFO: Lexus GX 470 - found: 15, pass primary filters: 10, did not pass the filter by colors: 0, did not pass the filter by options: 0, added: 10, new vincodes: 0
10-12-2013 18:45:24 --- INFO: Lexus GX 470 - found: 199, pass primary filters: 10, did not pass the filter by colors: 0, did not pass the filter by options: 0, added: 10, new vincodes: 0
10-12-2013 18:45:27 --- INFO: Lexus LX 470 - found: 72, pass primary filters: 11, did not pass the filter by colors: 0, did not pass the filter by options: 0, added: 11, new vincodes: 0
10-12-2013 18:45:29 --- INFO: Toyota Sequoia - found: 81, pass primary filters: 7, did not pass the filter by colors: 0, did not pass the filter by options: 0, added: 7, new vincodes: 0
10-12-2013 18:45:30 --- INFO: Toyota Land Cruiser - found: 20, pass primary filters: 6, did not pass the filter by colors: 0, did not pass the filter by options: 0, added: 6, new vincodes: 0
10-12-2013 18:45:31 --- INFO: Lexus LX 570 - found: 0, pass primary filters: 0, did not pass the filter by colors: 0, did not pass the filter by options: 0, added: 0, new vincodes: 0
10-12-2013 18:45:32 --- INFO: Toyota Venza - found: 0, pass primary filters: 0, did not pass the filter by colors: 0, did not pass the filter by options: 0, added: 0, new vincodes: 0
10-12-2013 18:45:33 --- INFO: Toyota 4runner 2010 - found: 2, pass primary filters: 1, did not pass the filter by colors: 0, did not pass the filter by options: 0, added: 1, new vincodes: 0
10-12-2013 18:45:46 --- INFO: Toyota 4RUNNER 4WD V6 - found: 462, pass primary filters: 0, did not pass the filter by colors: 0, did not pass the filter by options: 0, added: 0, new vincodes: 0
10-12-2013 18:46:56 --- INFO: Toyota RAV 4 - found: 3318, pass primary filters: 0, did not pass the filter by colors: 0, did not pass the filter by options: 0, added: 0, new vincodes: 0
10-12-2013 18:48:07 --- INFO: Toyota Highlander 4WD - found: 467, pass primary filters: 0, did not pass the filter by colors: 0, did not pass the filter by options: 0, added: 0, new vincodes: 0
10-12-2013 18:48:18 --- INFO: Toyota Highlander - found: 467, pass primary filters: 0, did not pass the filter by colors: 0, did not pass the filter by options: 0, added: 0, new vincodes: 0
10-12-2013 18:48:32 --- INFO: Lexus RX 350 - found: 613, pass primary filters: 2, did not pass the filter by colors: 0, did not pass the filter by options: 0, added: 2, new vincodes: 0
10-12-2013 18:48:45 --- INFO: Toyota 4RUNNER Limited V6 - found: 538, pass primary filters: 0, did not pass the filter by colors: 0, did not pass the filter by options: 0, added: 0, new vincodes: 0
10-12-2013 18:48:46 --- INFO: Lexus GX 460 - found: 0, pass primary filters: 0, did not pass the filter by colors: 0, did not pass the filter by options: 0, added: 0, new vincodes: 0
10-12-2013 18:48:46 --- INFO: Lexus RX 350 - found: 10, pass primary filters: 4, did not pass the filter by colors: 0, did not pass the filter by options: 0, added: 4, new vincodes: 0
10-12-2013 18:48:48 --- INFO: Lexus GS300 - found: 79, pass primary filters: 3, did not pass the filter by colors: 0, did not pass the filter by options: 0, added: 3, new vincodes: 0
10-12-2013 18:48:51 --- INFO: Toyota FJ cruiser - found: 93, pass primary filters: 1, did not pass the filter by colors: 0, did not pass the filter by options: 0, added: 1, new vincodes: 0
10-12-2013 18:48:52 --- INFO: Lexus RX 350 2013 - found: 49, pass primary filters: 7, did not pass the filter by colors: 0, did not pass the filter by options: 0, added: 7, new vincodes: 0
10-12-2013 18:48:52 --- INFO: finish: 10-12-2013 18:48:52
10-12-2013 18:48:52 --- INFO: elapsed time: ~226.74 sec., memory usage: ~3.76 Mb.
10-12-2013 19:00:22 --- INFO: start: 10-12-2013 19:00:22
10-12-2013 19:00:25 --- INFO: ----------Source_AutoSalon (cli)
10-12-2013 19:00:46 --- INFO: Lexus RX 330 - found: 69, pass primary filters: 0, did not pass the filter by colors: 0, did not pass the filter by options: 0, added: 0, new vincodes: 0
10-12-2013 19:00:49 --- INFO: Lexus RX 400H - found: 0, pass primary filters: 0, did not pass the filter by colors: 0, did not pass the filter by options: 0, added: 0, new vincodes: 0
10-12-2013 19:00:54 --- INFO: Lexus GX 470 - found: 15, pass primary filters: 13, did not pass the filter by colors: 0, did not pass the filter by options: 0, added: 13, new vincodes: 0
10-12-2013 19:01:18 --- INFO: Lexus GX 470 - found: 79, pass primary filters: 4, did not pass the filter by colors: 0, did not pass the filter by options: 0, added: 4, new vincodes: 0
10-12-2013 19:01:26 --- INFO: Lexus LX 470 - found: 37, pass primary filters: 9, did not pass the filter by colors: 0, did not pass the filter by options: 0, added: 9, new vincodes: 0
10-12-2013 19:01:29 --- INFO: Toyota Sequoia - found: 0, pass primary filters: 0, did not pass the filter by colors: 0, did not pass the filter by options: 0, added: 0, new vincodes: 0
10-12-2013 19:01:31 --- INFO: Toyota Land Cruiser - found: 0, pass primary filters: 0, did not pass the filter by colors: 0, did not pass the filter by options: 0, added: 0, new vincodes: 0
10-12-2013 19:01:35 --- INFO: Lexus LX 570 - found: 18, pass primary filters: 13, did not pass the filter by colors: 0, did not pass the filter by options: 0, added: 13, new vincodes: 0
10-12-2013 19:01:38 --- INFO: Toyota Venza - found: 0, pass primary filters: 0, did not pass the filter by colors: 0, did not pass the filter by options: 0, added: 0, new vincodes: 0
10-12-2013 19:01:40 --- INFO: Toyota 4runner 2010 - found: 0, pass primary filters: 0, did not pass the filter by colors: 0, did not pass the filter by options: 0, added: 0, new vincodes: 0
10-12-2013 19:01:43 --- INFO: Toyota 4RUNNER 4WD V6 - found: 0, pass primary filters: 0, did not pass the filter by colors: 0, did not pass the filter by options: 0, added: 0, new vincodes: 0
10-12-2013 19:01:45 --- INFO: Toyota RAV 4 - found: 0, pass primary filters: 0, did not pass the filter by colors: 0, did not pass the filter by options: 0, added: 0, new vincodes: 0
10-12-2013 19:01:48 --- INFO: Toyota Highlander 4WD - found: 0, pass primary filters: 0, did not pass the filter by colors: 0, did not pass the filter by options: 0, added: 0, new vincodes: 0
10-12-2013 19:01:50 --- INFO: Toyota Highlander - found: 0, pass primary filters: 0, did not pass the filter by colors: 0, did not pass the filter by options: 0, added: 0, new vincodes: 0
10-12-2013 19:02:18 --- INFO: Lexus RX 350 - found: 131, pass primary filters: 1, did not pass the filter by colors: 0, did not pass the filter by options: 0, added: 1, new vincodes: 0
10-12-2013 19:02:21 --- INFO: Toyota 4RUNNER Limited V6 - found: 0, pass primary filters: 0, did not pass the filter by colors: 0, did not pass the filter by options: 0, added: 0, new vincodes: 0
10-12-2013 19:02:23 --- INFO: Lexus GX 460 - found: 1, pass primary filters: 1, did not pass the filter by colors: 0, did not pass the filter by options: 0, added: 1, new vincodes: 0
10-12-2013 19:02:29 --- INFO: Lexus RX 350 - found: 17, pass primary filters: 5, did not pass the filter by colors: 0, did not pass the filter by options: 0, added: 5, new vincodes: 0
10-12-2013 19:02:44 --- INFO: Toyota Highlander - found: 27, pass primary filters: 2, did not pass the filter by colors: 0, did not pass the filter by options: 0, added: 2, new vincodes: 0
10-12-2013 19:02:53 --- INFO: Lexus GS300 - found: 30, pass primary filters: 1, did not pass the filter by colors: 0, did not pass the filter by options: 0, added: 1, new vincodes: 0
10-12-2013 19:03:06 --- INFO: Toyota FJ cruiser - found: 26, pass primary filters: 1, did not pass the filter by colors: 0, did not pass the filter by options: 0, added: 1, new vincodes: 0
10-12-2013 19:03:14 --- INFO: Lexus RX 350 2013 - found: 26, pass primary filters: 1, did not pass the filter by colors: 0, did not pass the filter by options: 0, added: 1, new vincodes: 0
10-12-2013 19:03:14 --- INFO: finish: 10-12-2013 19:03:14
10-12-2013 19:03:14 --- INFO: elapsed time: ~172.47 sec., memory usage: ~2.97 Mb.
10-12-2013 22:00:18 --- INFO: start: 10-12-2013 22:00:18
10-12-2013 22:00:21 --- INFO: ----------Source_Adesa (cli)
10-12-2013 22:00:27 --- INFO: Authorized request
10-12-2013 22:00:53 --- INFO: Lexus RX 330 - found: 11, pass primary filters: 7, did not pass the filter by colors: 4, did not pass the filter by options: 3, added: 0, new vincodes: 2
10-12-2013 22:00:54 --- INFO: Lexus RX 400H - found: 7, pass primary filters: 6, did not pass the filter by colors: 5, did not pass the filter by options: 1, added: 0, new vincodes: 0
10-12-2013 22:00:55 --- INFO: Lexus GX 470 - found: 0, pass primary filters: 0, did not pass the filter by colors: 0, did not pass the filter by options: 0, added: 0, new vincodes: 0
10-12-2013 22:00:57 --- INFO: Lexus GX 470 - found: 8, pass primary filters: 8, did not pass the filter by colors: 4, did not pass the filter by options: 3, added: 1, new vincodes: 0
10-12-2013 22:02:14 --- INFO: Lexus LX 470 - found: 4, pass primary filters: 4, did not pass the filter by colors: 3, did not pass the filter by options: , added: 1, new vincodes: 1
10-12-2013 22:02:14 --- INFO: Toyota Sequoia - found: 0, pass primary filters: 0, did not pass the filter by colors: 0, did not pass the filter by options: 0, added: 0, new vincodes: 0
10-12-2013 22:02:15 --- INFO: Toyota Land Cruiser - found: 0, pass primary filters: 0, did not pass the filter by colors: 0, did not pass the filter by options: 0, added: 0, new vincodes: 0
10-12-2013 22:02:15 --- INFO: Lexus LX 570 - found: 0, pass primary filters: 0, did not pass the filter by colors: 0, did not pass the filter by options: 0, added: 0, new vincodes: 0
10-12-2013 22:02:16 --- INFO: Toyota Venza - found: 0, pass primary filters: 0, did not pass the filter by colors: 0, did not pass the filter by options: 0, added: 0, new vincodes: 0
10-12-2013 22:02:17 --- INFO: Toyota 4runner 2010 - found: 0, pass primary filters: 0, did not pass the filter by colors: 0, did not pass the filter by options: 0, added: 0, new vincodes: 0
10-12-2013 22:02:18 --- INFO: Toyota 4RUNNER 4WD V6 - found: 20, pass primary filters: 8, did not pass the filter by colors: 4, did not pass the filter by options: , added: 4, new vincodes: 0
10-12-2013 22:02:19 --- INFO: Toyota FJ cruiser - found: 9, pass primary filters: 0, did not pass the filter by colors: 0, did not pass the filter by options: 0, added: 0, new vincodes: 0
10-12-2013 22:02:19 --- INFO: Lexus RX 350 2013 - found: 0, pass primary filters: 0, did not pass the filter by colors: 0, did not pass the filter by options: 0, added: 0, new vincodes: 0
10-12-2013 22:02:20 --- INFO: Toyota Highlander - found: 27, pass primary filters: 6, did not pass the filter by colors: 6, did not pass the filter by options: , added: 0, new vincodes: 0
10-12-2013 22:02:27 --- INFO: Lexus RX 350 - found: 24, pass primary filters: 21, did not pass the filter by colors: 8, did not pass the filter by options: 7, added: 6, new vincodes: 4
10-12-2013 22:02:28 --- INFO: Toyota 4RUNNER Limited V6 - found: 23, pass primary filters: 0, did not pass the filter by colors: 0, did not pass the filter by options: 0, added: 0, new vincodes: 0
10-12-2013 22:02:28 --- INFO: finish: 10-12-2013 22:02:28
10-12-2013 22:02:28 --- INFO: elapsed time: ~129.47 sec., memory usage: ~2.39 Mb.
10-12-2013 22:30:10 --- INFO: start: 10-12-2013 22:30:10
10-12-2013 22:30:10 --- INFO: ----------Source_ExpOfCars (cli)
10-12-2013 22:30:16 --- INFO: Lexus RX 330 - found: 46, pass primary filters: 33, did not pass the filter by colors: 0, did not pass the filter by options: 0, added: 33, new vincodes: 0
10-12-2013 22:30:19 --- INFO: Lexus RX 400H - found: 14, pass primary filters: 13, did not pass the filter by colors: 0, did not pass the filter by options: 0, added: 13, new vincodes: 0
10-12-2013 22:30:20 --- INFO: Lexus GX 470 - found: 12, pass primary filters: 12, did not pass the filter by colors: 0, did not pass the filter by options: 0, added: 12, new vincodes: 0
10-12-2013 22:30:25 --- INFO: Lexus GX 470 - found: 61, pass primary filters: 61, did not pass the filter by colors: 0, did not pass the filter by options: 0, added: 61, new vincodes: 0
10-12-2013 22:30:32 --- INFO: Lexus LX 470 - found: 36, pass primary filters: 36, did not pass the filter by colors: 0, did not pass the filter by options: 0, added: 36, new vincodes: 1
10-12-2013 22:30:37 --- INFO: Toyota Sequoia - found: 29, pass primary filters: 29, did not pass the filter by colors: 0, did not pass the filter by options: 0, added: 29, new vincodes: 1
10-12-2013 22:30:39 --- INFO: Toyota Land Cruiser - found: 17, pass primary filters: 17, did not pass the filter by colors: 0, did not pass the filter by options: 0, added: 17, new vincodes: 0
10-12-2013 22:30:40 --- INFO: Lexus LX 570 - found: 16, pass primary filters: 16, did not pass the filter by colors: 0, did not pass the filter by options: 0, added: 16, new vincodes: 0
10-12-2013 22:30:42 --- INFO: Toyota Venza - found: 5, pass primary filters: 5, did not pass the filter by colors: 0, did not pass the filter by options: 0, added: 5, new vincodes: 0
10-12-2013 22:30:43 --- INFO: Toyota 4runner 2010 - found: 1, pass primary filters: 1, did not pass the filter by colors: 0, did not pass the filter by options: 0, added: 1, new vincodes: 0
10-12-2013 22:30:47 --- INFO: Toyota 4RUNNER 4WD V6 - found: 55, pass primary filters: 20, did not pass the filter by colors: 0, did not pass the filter by options: 0, added: 20, new vincodes: 0
10-12-2013 22:30:54 --- INFO: Toyota RAV 4 - found: 197, pass primary filters: 0, did not pass the filter by colors: 0, did not pass the filter by options: 0, added: 0, new vincodes: 0
10-12-2013 22:30:57 --- INFO: Toyota Highlander 4WD - found: 70, pass primary filters: 4, did not pass the filter by colors: 0, did not pass the filter by options: 0, added: 4, new vincodes: 0
10-12-2013 22:31:00 --- INFO: Toyota Highlander - found: 70, pass primary filters: 22, did not pass the filter by colors: 0, did not pass the filter by options: 0, added: 22, new vincodes: 0
10-12-2013 22:31:12 --- INFO: Lexus RX 350 - found: 111, pass primary filters: 82, did not pass the filter by colors: 0, did not pass the filter by options: 0, added: 82, new vincodes: 1
10-12-2013 22:31:16 --- INFO: Toyota 4RUNNER Limited V6 - found: 73, pass primary filters: 3, did not pass the filter by colors: 0, did not pass the filter by options: 0, added: 3, new vincodes: 0
10-12-2013 22:31:17 --- INFO: Lexus GX 460 - found: 1, pass primary filters: 1, did not pass the filter by colors: 0, did not pass the filter by options: 0, added: 1, new vincodes: 0
10-12-2013 22:31:18 --- INFO: Lexus RX 350 - found: 11, pass primary filters: 11, did not pass the filter by colors: 0, did not pass the filter by options: 0, added: 11, new vincodes: 0
10-12-2013 22:31:24 --- INFO: Toyota Highlander - found: 18, pass primary filters: 18, did not pass the filter by colors: 0, did not pass the filter by options: 0, added: 18, new vincodes: 0
10-12-2013 22:31:26 --- INFO: Lexus GS300 - found: 19, pass primary filters: 4, did not pass the filter by colors: 0, did not pass the filter by options: 0, added: 4, new vincodes: 0
10-12-2013 22:31:26 --- INFO: finish: 10-12-2013 22:31:26
10-12-2013 22:31:26 --- INFO: elapsed time: ~76.27 sec., memory usage: ~3.81 Mb.
10-12-2013 22:45:05 --- INFO: start: 10-12-2013 22:45:05
10-12-2013 22:45:06 --- INFO: ----------Source_Oodle (cli)
10-12-2013 22:45:10 --- INFO: Toyota Highlander - found: 29, pass primary filters: 24, did not pass the filter by colors: 0, did not pass the filter by options: 0, added: 24, new vincodes: 0
10-12-2013 22:45:28 --- INFO: Lexus RX 330 - found: 207, pass primary filters: 0, did not pass the filter by colors: 0, did not pass the filter by options: 0, added: 0, new vincodes: 0
10-12-2013 22:45:29 --- INFO: Lexus RX 400H - found: 0, pass primary filters: 0, did not pass the filter by colors: 0, did not pass the filter by options: 0, added: 0, new vincodes: 0
10-12-2013 22:45:29 --- INFO: Lexus GX 470 - found: 15, pass primary filters: 10, did not pass the filter by colors: 0, did not pass the filter by options: 0, added: 10, new vincodes: 0
10-12-2013 22:46:33 --- INFO: Lexus GX 470 - found: 199, pass primary filters: 10, did not pass the filter by colors: 0, did not pass the filter by options: 0, added: 10, new vincodes: 0
10-12-2013 22:46:35 --- INFO: Lexus LX 470 - found: 71, pass primary filters: 10, did not pass the filter by colors: 0, did not pass the filter by options: 0, added: 10, new vincodes: 0
10-12-2013 22:46:37 --- INFO: Toyota Sequoia - found: 81, pass primary filters: 7, did not pass the filter by colors: 0, did not pass the filter by options: 0, added: 7, new vincodes: 0
10-12-2013 22:46:41 --- INFO: Toyota Land Cruiser - found: 21, pass primary filters: 7, did not pass the filter by colors: 0, did not pass the filter by options: 0, added: 7, new vincodes: 0
10-12-2013 22:46:42 --- INFO: Lexus LX 570 - found: 0, pass primary filters: 0, did not pass the filter by colors: 0, did not pass the filter by options: 0, added: 0, new vincodes: 0
10-12-2013 22:46:42 --- INFO: Toyota Venza - found: 0, pass primary filters: 0, did not pass the filter by colors: 0, did not pass the filter by options: 0, added: 0, new vincodes: 0
10-12-2013 22:46:43 --- INFO: Toyota 4runner 2010 - found: 2, pass primary filters: 1, did not pass the filter by colors: 0, did not pass the filter by options: 0, added: 1, new vincodes: 0
10-12-2013 22:46:53 --- INFO: Toyota 4RUNNER 4WD V6 - found: 459, pass primary filters: 0, did not pass the filter by colors: 0, did not pass the filter by options: 0, added: 0, new vincodes: 0
10-12-2013 22:47:57 --- INFO: Toyota RAV 4 - found: 3285, pass primary filters: 0, did not pass the filter by colors: 0, did not pass the filter by options: 0, added: 0, new vincodes: 0
10-12-2013 22:48:06 --- INFO: Toyota Highlander 4WD - found: 464, pass primary filters: 0, did not pass the filter by colors: 0, did not pass the filter by options: 0, added: 0, new vincodes: 0
10-12-2013 22:48:15 --- INFO: Toyota Highlander - found: 464, pass primary filters: 0, did not pass the filter by colors: 0, did not pass the filter by options: 0, added: 0, new vincodes: 0
10-12-2013 22:48:29 --- INFO: Lexus RX 350 - found: 610, pass primary filters: 2, did not pass the filter by colors: 0, did not pass the filter by options: 0, added: 2, new vincodes: 0
10-12-2013 22:48:40 --- INFO: Toyota 4RUNNER Limited V6 - found: 534, pass primary filters: 0, did not pass the filter by colors: 0, did not pass the filter by options: 0, added: 0, new vincodes: 0
10-12-2013 22:48:40 --- INFO: Lexus GX 460 - found: 0, pass primary filters: 0, did not pass the filter by colors: 0, did not pass the filter by options: 0, added: 0, new vincodes: 0
10-12-2013 22:48:41 --- INFO: Lexus RX 350 - found: 10, pass primary filters: 4, did not pass the filter by colors: 0, did not pass the filter by options: 0, added: 4, new vincodes: 0
10-12-2013 22:49:00 --- INFO: Lexus GS300 - found: 81, pass primary filters: 3, did not pass the filter by colors: 0, did not pass the filter by options: 0, added: 3, new vincodes: 0
10-12-2013 22:49:02 --- INFO: Toyota FJ cruiser - found: 92, pass primary filters: 1, did not pass the filter by colors: 0, did not pass the filter by options: 0, added: 1, new vincodes: 0
10-12-2013 22:49:04 --- INFO: Lexus RX 350 2013 - found: 49, pass primary filters: 7, did not pass the filter by colors: 0, did not pass the filter by options: 0, added: 7, new vincodes: 0
10-12-2013 22:49:04 --- INFO: finish: 10-12-2013 22:49:04
10-12-2013 22:49:04 --- INFO: elapsed time: ~238.36 sec., memory usage: ~3.86 Mb.
10-12-2013 23:00:06 --- INFO: start: 10-12-2013 23:00:06
10-12-2013 23:00:07 --- INFO: ----------Source_AutoSalon (cli)
10-12-2013 23:00:11 --- INFO: Lexus RX 330 - found: 0, pass primary filters: 0, did not pass the filter by colors: 0, did not pass the filter by options: 0, added: 0, new vincodes: 0
10-12-2013 23:00:15 --- INFO: Lexus RX 400H - found: 0, pass primary filters: 0, did not pass the filter by colors: 0, did not pass the filter by options: 0, added: 0, new vincodes: 0
10-12-2013 23:00:19 --- INFO: Lexus GX 470 - found: 0, pass primary filters: 0, did not pass the filter by colors: 0, did not pass the filter by options: 0, added: 0, new vincodes: 0
10-12-2013 23:00:21 --- INFO: Lexus GX 470 - found: 0, pass primary filters: 0, did not pass the filter by colors: 0, did not pass the filter by options: 0, added: 0, new vincodes: 0
10-12-2013 23:00:24 --- INFO: Lexus LX 470 - found: 0, pass primary filters: 0, did not pass the filter by colors: 0, did not pass the filter by options: 0, added: 0, new vincodes: 0
10-12-2013 23:00:27 --- INFO: Toyota Sequoia - found: 0, pass primary filters: 0, did not pass the filter by colors: 0, did not pass the filter by options: 0, added: 0, new vincodes: 0
10-12-2013 23:00:31 --- INFO: Toyota Land Cruiser - found: 0, pass primary filters: 0, did not pass the filter by colors: 0, did not pass the filter by options: 0, added: 0, new vincodes: 0
10-12-2013 23:00:33 --- INFO: Lexus LX 570 - found: 0, pass primary filters: 0, did not pass the filter by colors: 0, did not pass the filter by options: 0, added: 0, new vincodes: 0
10-12-2013 23:00:37 --- INFO: Toyota Venza - found: 0, pass primary filters: 0, did not pass the filter by colors: 0, did not pass the filter by options: 0, added: 0, new vincodes: 0
10-12-2013 23:00:43 --- INFO: Toyota 4runner 2010 - found: 0, pass primary filters: 0, did not pass the filter by colors: 0, did not pass the filter by options: 0, added: 0, new vincodes: 0
10-12-2013 23:00:47 --- INFO: Toyota 4RUNNER 4WD V6 - found: 0, pass primary filters: 0, did not pass the filter by colors: 0, did not pass the filter by options: 0, added: 0, new vincodes: 0
10-12-2013 23:00:50 --- INFO: Toyota RAV 4 - found: 0, pass primary filters: 0, did not pass the filter by colors: 0, did not pass the filter by options: 0, added: 0, new vincodes: 0
10-12-2013 23:00:53 --- INFO: Toyota Highlander 4WD - found: 0, pass primary filters: 0, did not pass the filter by colors: 0, did not pass the filter by options: 0, added: 0, new vincodes: 0
10-12-2013 23:00:56 --- INFO: Toyota Highlander - found: 0, pass primary filters: 0, did not pass the filter by colors: 0, did not pass the filter by options: 0, added: 0, new vincodes: 0
10-12-2013 23:00:59 --- INFO: Lexus RX 350 - found: 0, pass primary filters: 0, did not pass the filter by colors: 0, did not pass the filter by options: 0, added: 0, new vincodes: 0
10-12-2013 23:01:03 --- INFO: Toyota 4RUNNER Limited V6 - found: 0, pass primary filters: 0, did not pass the filter by colors: 0, did not pass the filter by options: 0, added: 0, new vincodes: 0
10-12-2013 23:01:06 --- INFO: Lexus GX 460 - found: 0, pass primary filters: 0, did not pass the filter by colors: 0, did not pass the filter by options: 0, added: 0, new vincodes: 0
10-12-2013 23:01:09 --- INFO: Lexus RX 350 - found: 0, pass primary filters: 0, did not pass the filter by colors: 0, did not pass the filter by options: 0, added: 0, new vincodes: 0
10-12-2013 23:01:12 --- INFO: Toyota Highlander - found: 0, pass primary filters: 0, did not pass the filter by colors: 0, did not pass the filter by options: 0, added: 0, new vincodes: 0
10-12-2013 23:01:16 --- INFO: Lexus GS300 - found: 0, pass primary filters: 0, did not pass the filter by colors: 0, did not pass the filter by options: 0, added: 0, new vincodes: 0
10-12-2013 23:01:20 --- INFO: Toyota FJ cruiser - found: 0, pass primary filters: 0, did not pass the filter by colors: 0, did not pass the filter by options: 0, added: 0, new vincodes: 0
10-12-2013 23:01:23 --- INFO: Lexus RX 350 2013 - found: 0, pass primary filters: 0, did not pass the filter by colors: 0, did not pass the filter by options: 0, added: 0, new vincodes: 0
10-12-2013 23:01:23 --- INFO: finish: 10-12-2013 23:01:23
10-12-2013 23:01:24 --- INFO: elapsed time: ~76.75 sec., memory usage: ~1.36 Mb.
03-12-2013 14:15:01 --- INFO: start: 03-12-2013 14:15:01
03-12-2013 14:15:01 --- INFO: ----------Source_Gsmotors (cli)
04-12-2013 11:05:32 --- INFO: Lexus RX 330 - found: 15094, pass primary filters: 0, did not pass the filter by colors: 0, did not pass the filter by options: 0, added: 0, new vincodes: 0
10-12-2013 23:46:47 --- INFO: Lexus RX 400H - found: 37481, pass primary filters: 0, did not pass the filter by colors: 0, did not pass the filter by options: 0, added: 0, new vincodes: 0
10-12-2013 23:47:15 --- INFO: Lexus GX 470 - found: 0, pass primary filters: 0, did not pass the filter by colors: 0, did not pass the filter by options: 0, added: 0, new vincodes: 0
10-12-2013 23:47:40 --- INFO: Lexus GX 470 - found: 0, pass primary filters: 0, did not pass the filter by colors: 0, did not pass the filter by options: 0, added: 0, new vincodes: 0
10-12-2013 23:48:05 --- INFO: Lexus LX 470 - found: 0, pass primary filters: 0, did not pass the filter by colors: 0, did not pass the filter by options: 0, added: 0, new vincodes: 0
10-12-2013 23:49:15 --- INFO: Toyota Sequoia - found: 0, pass primary filters: 0, did not pass the filter by colors: 0, did not pass the filter by options: 0, added: 0, new vincodes: 0
10-12-2013 23:50:38 --- INFO: Toyota Land Cruiser - found: 0, pass primary filters: 0, did not pass the filter by colors: 0, did not pass the filter by options: 0, added: 0, new vincodes: 0
10-12-2013 23:51:04 --- INFO: Lexus LX 570 - found: 0, pass primary filters: 0, did not pass the filter by colors: 0, did not pass the filter by options: 0, added: 0, new vincodes: 0
10-12-2013 23:51:30 --- INFO: Toyota Venza - found: 0, pass primary filters: 0, did not pass the filter by colors: 0, did not pass the filter by options: 0, added: 0, new vincodes: 0
10-12-2013 23:52:01 --- INFO: Toyota 4runner 2010 - found: 0, pass primary filters: 0, did not pass the filter by colors: 0, did not pass the filter by options: 0, added: 0, new vincodes: 0
10-12-2013 23:52:47 --- INFO: Toyota 4RUNNER 4WD V6 - found: 0, pass primary filters: 0, did not pass the filter by colors: 0, did not pass the filter by options: 0, added: 0, new vincodes: 0
10-12-2013 23:53:34 --- INFO: Toyota RAV 4 - found: 0, pass primary filters: 0, did not pass the filter by colors: 0, did not pass the filter by options: 0, added: 0, new vincodes: 0
10-12-2013 23:54:56 --- INFO: Toyota Highlander 4WD - found: 0, pass primary filters: 0, did not pass the filter by colors: 0, did not pass the filter by options: 0, added: 0, new vincodes: 0
10-12-2013 23:55:23 --- INFO: Toyota Highlander - found: 0, pass primary filters: 0, did not pass the filter by colors: 0, did not pass the filter by options: 0, added: 0, new vincodes: 0
10-12-2013 23:56:20 --- INFO: Lexus RX 350 - found: 0, pass primary filters: 0, did not pass the filter by colors: 0, did not pass the filter by options: 0, added: 0, new vincodes: 0
10-12-2013 23:56:43 --- INFO: Toyota 4RUNNER Limited V6 - found: 0, pass primary filters: 0, did not pass the filter by colors: 0, did not pass the filter by options: 0, added: 0, new vincodes: 0
10-12-2013 23:56:44 --- INFO: finish: 10-12-2013 23:56:44
10-12-2013 23:56:44 --- INFO: elapsed time: ~639702.8 sec., memory usage: ~84.62 Mb.