
11-11-2013 14:03:16 --- INFO: start: 11-11-2013 14:03:16
11-11-2013 14:03:16 --- INFO: ----------Source_Adesa (apache2handler)
11-11-2013 14:03:18 --- INFO: Authorized request
11-11-2013 14:03:29 --- INFO: Lexus RX 330 - found: 5, pass primary filters: 3, did not pass the filter by colors: 2, did not pass the filter by options: 0, added: 1, new vincodes: 1
11-11-2013 14:03:30 --- INFO: Lexus RX 400H - found: 0, pass primary filters: 0, did not pass the filter by colors: 0, did not pass the filter by options: 0, added: 0, new vincodes: 0
11-11-2013 14:03:30 --- INFO: Lexus GX 470 - found: 0, pass primary filters: 0, did not pass the filter by colors: 0, did not pass the filter by options: 0, added: 0, new vincodes: 0
11-11-2013 14:03:31 --- INFO: Lexus GX 470 - found: 3, pass primary filters: 3, did not pass the filter by colors: 3, did not pass the filter by options: 0, added: 0, new vincodes: 0
11-11-2013 14:03:31 --- INFO: Lexus LX 470 - found: 1, pass primary filters: 1, did not pass the filter by colors: 1, did not pass the filter by options: , added: 0, new vincodes: 0
11-11-2013 14:03:32 --- INFO: Toyota Sequoia - found: 0, pass primary filters: 0, did not pass the filter by colors: 0, did not pass the filter by options: 0, added: 0, new vincodes: 0
11-11-2013 14:03:32 --- INFO: Toyota Land Cruiser - found: 0, pass primary filters: 0, did not pass the filter by colors: 0, did not pass the filter by options: 0, added: 0, new vincodes: 0
11-11-2013 14:03:33 --- INFO: Lexus LX 570 - found: 0, pass primary filters: 0, did not pass the filter by colors: 0, did not pass the filter by options: 0, added: 0, new vincodes: 0
11-11-2013 14:03:33 --- INFO: Toyota Venza - found: 0, pass primary filters: 0, did not pass the filter by colors: 0, did not pass the filter by options: 0, added: 0, new vincodes: 0
11-11-2013 14:03:34 --- INFO: Toyota 4runner 2010 - found: 0, pass primary filters: 0, did not pass the filter by colors: 0, did not pass the filter by options: 0, added: 0, new vincodes: 0
11-11-2013 14:04:04 --- INFO: Toyota 4RUNNER 4WD V6 - found: 18, pass primary filters: 5, did not pass the filter by colors: 4, did not pass the filter by options: , added: 1, new vincodes: 2
11-11-2013 14:04:04 --- INFO: Toyota FJ cruiser - found: 5, pass primary filters: 0, did not pass the filter by colors: 0, did not pass the filter by options: 0, added: 0, new vincodes: 0
11-11-2013 14:04:05 --- INFO: Lexus RX 350 2013 - found: 0, pass primary filters: 0, did not pass the filter by colors: 0, did not pass the filter by options: 0, added: 0, new vincodes: 0
11-11-2013 14:04:36 --- INFO: Toyota Highlander - found: 15, pass primary filters: 4, did not pass the filter by colors: 2, did not pass the filter by options: , added: 2, new vincodes: 4
11-11-2013 14:05:23 --- INFO: Lexus RX 350 - found: 12, pass primary filters: 11, did not pass the filter by colors: 6, did not pass the filter by options: 4, added: 1, new vincodes: 1
11-11-2013 14:05:24 --- INFO: Toyota 4RUNNER Limited V6 - found: 21, pass primary filters: 1, did not pass the filter by colors: 0, did not pass the filter by options: , added: 1, new vincodes: 0
11-11-2013 14:05:24 --- INFO: finish: 11-11-2013 14:05:24
11-11-2013 14:05:24 --- INFO: elapsed time: ~128.01 sec., memory usage: ~3.18 Mb.
11-11-2013 21:03:47 --- INFO: start: 11-11-2013 21:03:47
11-11-2013 21:03:47 --- INFO: ----------Source_Adesa (apache2handler)
11-11-2013 21:03:54 --- INFO: Authorized request
11-11-2013 21:03:55 --- INFO: Lexus RX 330 - found: 5, pass primary filters: 3, did not pass the filter by colors: 2, did not pass the filter by options: 0, added: 1, new vincodes: 0
11-11-2013 21:03:55 --- INFO: Lexus RX 400H - found: 0, pass primary filters: 0, did not pass the filter by colors: 0, did not pass the filter by options: 0, added: 0, new vincodes: 0
11-11-2013 21:03:55 --- INFO: Lexus GX 470 - found: 0, pass primary filters: 0, did not pass the filter by colors: 0, did not pass the filter by options: 0, added: 0, new vincodes: 0
11-11-2013 21:03:56 --- INFO: Lexus GX 470 - found: 3, pass primary filters: 3, did not pass the filter by colors: 3, did not pass the filter by options: 0, added: 0, new vincodes: 0
11-11-2013 21:04:00 --- INFO: Lexus LX 470 - found: 2, pass primary filters: 2, did not pass the filter by colors: 1, did not pass the filter by options: , added: 1, new vincodes: 1
11-11-2013 21:04:00 --- INFO: Toyota Sequoia - found: 0, pass primary filters: 0, did not pass the filter by colors: 0, did not pass the filter by options: 0, added: 0, new vincodes: 0
11-11-2013 21:04:01 --- INFO: Toyota Land Cruiser - found: 0, pass primary filters: 0, did not pass the filter by colors: 0, did not pass the filter by options: 0, added: 0, new vincodes: 0
11-11-2013 21:04:01 --- INFO: Lexus LX 570 - found: 0, pass primary filters: 0, did not pass the filter by colors: 0, did not pass the filter by options: 0, added: 0, new vincodes: 0
11-11-2013 21:04:02 --- INFO: Toyota Venza - found: 0, pass primary filters: 0, did not pass the filter by colors: 0, did not pass the filter by options: 0, added: 0, new vincodes: 0
11-11-2013 21:04:02 --- INFO: Toyota 4runner 2010 - found: 0, pass primary filters: 0, did not pass the filter by colors: 0, did not pass the filter by options: 0, added: 0, new vincodes: 0
11-11-2013 21:04:03 --- INFO: Toyota 4RUNNER 4WD V6 - found: 19, pass primary filters: 5, did not pass the filter by colors: 4, did not pass the filter by options: , added: 1, new vincodes: 0
11-11-2013 21:04:04 --- INFO: Toyota FJ cruiser - found: 5, pass primary filters: 0, did not pass the filter by colors: 0, did not pass the filter by options: 0, added: 0, new vincodes: 0
11-11-2013 21:04:05 --- INFO: Lexus RX 350 2013 - found: 0, pass primary filters: 0, did not pass the filter by colors: 0, did not pass the filter by options: 0, added: 0, new vincodes: 0
11-11-2013 21:04:05 --- INFO: Toyota Highlander - found: 16, pass primary filters: 4, did not pass the filter by colors: 2, did not pass the filter by options: , added: 2, new vincodes: 0
11-11-2013 21:04:07 --- INFO: Lexus RX 350 - found: 14, pass primary filters: 13, did not pass the filter by colors: 8, did not pass the filter by options: 4, added: 1, new vincodes: 1
11-11-2013 21:04:10 --- INFO: Toyota 4RUNNER Limited V6 - found: 22, pass primary filters: 2, did not pass the filter by colors: 0, did not pass the filter by options: , added: 2, new vincodes: 1
11-11-2013 21:04:10 --- INFO: finish: 11-11-2013 21:04:10
11-11-2013 21:04:10 --- INFO: elapsed time: ~22.98 sec., memory usage: ~3.13 Mb.
11-11-2013 21:02:59 --- INFO: start: 11-11-2013 21:02:59
11-11-2013 21:02:59 --- INFO: ----------Source_Oodle (apache2handler)
11-11-2013 21:03:39 --- INFO: Toyota Highlander - found: 68, pass primary filters: 14, did not pass the filter by colors: 0, did not pass the filter by options: 0, added: 14, new vincodes: 0
11-11-2013 21:09:02 --- INFO: Lexus RX 330 - found: 604, pass primary filters: 0, did not pass the filter by colors: 0, did not pass the filter by options: 0, added: 0, new vincodes: 0
11-11-2013 21:09:05 --- INFO: Lexus RX 400H - found: 0, pass primary filters: 0, did not pass the filter by colors: 0, did not pass the filter by options: 0, added: 0, new vincodes: 0
11-11-2013 21:10:34 --- INFO: Lexus GX 470 - found: 47, pass primary filters: 39, did not pass the filter by colors: 0, did not pass the filter by options: 0, added: 39, new vincodes: 4
11-11-2013 21:21:50 --- INFO: Lexus GX 470 - found: 608, pass primary filters: 4, did not pass the filter by colors: 0, did not pass the filter by options: 0, added: 4, new vincodes: 0
11-11-2013 21:24:59 --- INFO: Lexus LX 470 - found: 193, pass primary filters: 24, did not pass the filter by colors: 0, did not pass the filter by options: 0, added: 24, new vincodes: 1
11-11-2013 21:26:19 --- INFO: Toyota Sequoia - found: 239, pass primary filters: 13, did not pass the filter by colors: 0, did not pass the filter by options: 0, added: 13, new vincodes: 0
11-11-2013 21:26:19 --- INFO: Toyota Land Cruiser - found: 22, pass primary filters: 3, did not pass the filter by colors: 0, did not pass the filter by options: 0, added: 3, new vincodes: 0
11-11-2013 21:26:20 --- INFO: Lexus LX 570 - found: 0, pass primary filters: 0, did not pass the filter by colors: 0, did not pass the filter by options: 0, added: 0, new vincodes: 0
11-11-2013 21:26:20 --- INFO: Toyota Venza - found: 0, pass primary filters: 0, did not pass the filter by colors: 0, did not pass the filter by options: 0, added: 0, new vincodes: 0
11-11-2013 21:26:50 --- INFO: Toyota 4runner 2010 - found: 8, pass primary filters: 5, did not pass the filter by colors: 0, did not pass the filter by options: 0, added: 5, new vincodes: 1
11-11-2013 21:28:13 --- INFO: Toyota 4RUNNER 4WD V6 - found: 1190, pass primary filters: 0, did not pass the filter by colors: 0, did not pass the filter by options: 0, added: 0, new vincodes: 0
11-11-2013 21:31:34 --- INFO: Toyota RAV 4 - found: 10114, pass primary filters: 0, did not pass the filter by colors: 0, did not pass the filter by options: 0, added: 0, new vincodes: 0
11-11-2013 21:31:59 --- INFO: Toyota Highlander 4WD - found: 1209, pass primary filters: 0, did not pass the filter by colors: 0, did not pass the filter by options: 0, added: 0, new vincodes: 0
11-11-2013 21:32:34 --- INFO: Toyota Highlander - found: 1209, pass primary filters: 0, did not pass the filter by colors: 0, did not pass the filter by options: 0, added: 0, new vincodes: 0
11-11-2013 21:38:08 --- INFO: Lexus RX 350 - found: 1942, pass primary filters: 3, did not pass the filter by colors: 0, did not pass the filter by options: 0, added: 3, new vincodes: 0
11-11-2013 21:39:23 --- INFO: Toyota 4RUNNER Limited V6 - found: 1420, pass primary filters: 0, did not pass the filter by colors: 0, did not pass the filter by options: 0, added: 0, new vincodes: 0
11-11-2013 21:39:23 --- INFO: Lexus GX 460 - found: 0, pass primary filters: 0, did not pass the filter by colors: 0, did not pass the filter by options: 0, added: 0, new vincodes: 0
11-11-2013 21:40:24 --- INFO: Lexus RX 350 - found: 54, pass primary filters: 1, did not pass the filter by colors: 0, did not pass the filter by options: 0, added: 1, new vincodes: 0
11-11-2013 21:43:32 --- INFO: Lexus GS300 - found: 261, pass primary filters: 3, did not pass the filter by colors: 0, did not pass the filter by options: 0, added: 3, new vincodes: 1
11-11-2013 21:44:05 --- INFO: Toyota FJ cruiser - found: 215, pass primary filters: 1, did not pass the filter by colors: 0, did not pass the filter by options: 0, added: 1, new vincodes: 0
11-11-2013 21:46:47 --- INFO: Lexus RX 350 2013 - found: 348, pass primary filters: 8, did not pass the filter by colors: 0, did not pass the filter by options: 0, added: 8, new vincodes: 0
11-11-2013 21:46:47 --- INFO: finish: 11-11-2013 21:46:47
11-11-2013 21:46:47 --- INFO: elapsed time: ~2627.64 sec., memory usage: ~20.27 Mb.