
11-11-2013 23:50:39 --- INFO: start: 11-11-2013 23:50:39
11-11-2013 23:50:39 --- INFO: ----------Source_Oodle (apache2handler)
11-11-2013 23:50:42 --- INFO: Toyota Highlander - found: 68, pass primary filters: 14, did not pass the filter by colors: 0, did not pass the filter by options: 0, added: 14, new vincodes: 0
11-11-2013 23:50:56 --- INFO: Lexus RX 330 - found: 607, pass primary filters: 2, did not pass the filter by colors: 0, did not pass the filter by options: 0, added: 2, new vincodes: 0
11-11-2013 23:50:56 --- INFO: Lexus RX 400H - found: 0, pass primary filters: 0, did not pass the filter by colors: 0, did not pass the filter by options: 0, added: 0, new vincodes: 0
11-11-2013 23:51:48 --- INFO: Lexus GX 470 - found: 47, pass primary filters: 39, did not pass the filter by colors: 0, did not pass the filter by options: 0, added: 39, new vincodes: 0
11-11-2013 23:53:18 --- INFO: Lexus GX 470 - found: 613, pass primary filters: 5, did not pass the filter by colors: 0, did not pass the filter by options: 0, added: 5, new vincodes: 0
11-11-2013 23:53:54 --- INFO: Lexus LX 470 - found: 195, pass primary filters: 25, did not pass the filter by colors: 0, did not pass the filter by options: 0, added: 25, new vincodes: 0
11-11-2013 23:53:59 --- INFO: Toyota Sequoia - found: 241, pass primary filters: 15, did not pass the filter by colors: 0, did not pass the filter by options: 0, added: 15, new vincodes: 0
11-11-2013 23:54:00 --- INFO: Toyota Land Cruiser - found: 22, pass primary filters: 3, did not pass the filter by colors: 0, did not pass the filter by options: 0, added: 3, new vincodes: 0
11-11-2013 23:54:00 --- INFO: Lexus LX 570 - found: 0, pass primary filters: 0, did not pass the filter by colors: 0, did not pass the filter by options: 0, added: 0, new vincodes: 0
11-11-2013 23:54:01 --- INFO: Toyota Venza - found: 0, pass primary filters: 0, did not pass the filter by colors: 0, did not pass the filter by options: 0, added: 0, new vincodes: 0
11-11-2013 23:54:02 --- INFO: Toyota 4runner 2010 - found: 8, pass primary filters: 5, did not pass the filter by colors: 0, did not pass the filter by options: 0, added: 5, new vincodes: 0
11-11-2013 23:54:27 --- INFO: Toyota 4RUNNER 4WD V6 - found: 1197, pass primary filters: 0, did not pass the filter by colors: 0, did not pass the filter by options: 0, added: 0, new vincodes: 0
11-11-2013 23:57:47 --- INFO: Toyota RAV 4 - found: 10133, pass primary filters: 0, did not pass the filter by colors: 0, did not pass the filter by options: 0, added: 0, new vincodes: 0
11-11-2013 23:58:14 --- INFO: Toyota Highlander 4WD - found: 1220, pass primary filters: 0, did not pass the filter by colors: 0, did not pass the filter by options: 0, added: 0, new vincodes: 0
11-11-2013 23:58:38 --- INFO: Toyota Highlander - found: 1220, pass primary filters: 0, did not pass the filter by colors: 0, did not pass the filter by options: 0, added: 0, new vincodes: 0
11-11-2013 23:59:24 --- INFO: Lexus RX 350 - found: 1952, pass primary filters: 0, did not pass the filter by colors: 0, did not pass the filter by options: 0, added: 0, new vincodes: 0
11-11-2013 23:59:53 --- INFO: Toyota 4RUNNER Limited V6 - found: 1429, pass primary filters: 0, did not pass the filter by colors: 0, did not pass the filter by options: 0, added: 0, new vincodes: 0
11-11-2013 23:59:54 --- INFO: Lexus GX 460 - found: 0, pass primary filters: 0, did not pass the filter by colors: 0, did not pass the filter by options: 0, added: 0, new vincodes: 0
11-11-2013 23:59:56 --- INFO: Lexus RX 350 - found: 54, pass primary filters: 1, did not pass the filter by colors: 0, did not pass the filter by options: 0, added: 1, new vincodes: 0
12-11-2013 00:00:02 --- INFO: Lexus GS300 - found: 261, pass primary filters: 3, did not pass the filter by colors: 0, did not pass the filter by options: 0, added: 3, new vincodes: 0
12-11-2013 00:00:07 --- INFO: Toyota FJ cruiser - found: 216, pass primary filters: 1, did not pass the filter by colors: 0, did not pass the filter by options: 0, added: 1, new vincodes: 0
12-11-2013 00:00:37 --- INFO: Lexus RX 350 2013 - found: 355, pass primary filters: 0, did not pass the filter by colors: 0, did not pass the filter by options: 0, added: 0, new vincodes: 0
12-11-2013 00:00:37 --- INFO: finish: 12-11-2013 00:00:37
12-11-2013 00:00:37 --- INFO: elapsed time: ~597.29 sec., memory usage: ~18.42 Mb.
12-11-2013 03:21:10 --- INFO: start: 12-11-2013 03:21:10
12-11-2013 03:21:10 --- INFO: ----------Source_ExpOfCars (apache2handler)
12-11-2013 03:21:36 --- INFO: Lexus RX 330 - found: 36, pass primary filters: 26, did not pass the filter by colors: 0, did not pass the filter by options: 0, added: 26, new vincodes: 3
12-11-2013 03:22:54 --- INFO: Lexus RX 400H - found: 16, pass primary filters: 16, did not pass the filter by colors: 0, did not pass the filter by options: 0, added: 16, new vincodes: 3
12-11-2013 03:23:08 --- INFO: Lexus GX 470 - found: 4, pass primary filters: 4, did not pass the filter by colors: 0, did not pass the filter by options: 0, added: 4, new vincodes: 0
12-11-2013 03:26:13 --- INFO: Lexus GX 470 - found: 38, pass primary filters: 38, did not pass the filter by colors: 0, did not pass the filter by options: 0, added: 38, new vincodes: 5
12-11-2013 03:28:03 --- INFO: Lexus LX 470 - found: 18, pass primary filters: 18, did not pass the filter by colors: 0, did not pass the filter by options: 0, added: 18, new vincodes: 3
12-11-2013 03:28:37 --- INFO: Toyota Sequoia - found: 24, pass primary filters: 24, did not pass the filter by colors: 0, did not pass the filter by options: 0, added: 24, new vincodes: 2
12-11-2013 03:28:38 --- INFO: Toyota Land Cruiser - found: 1, pass primary filters: 1, did not pass the filter by colors: 0, did not pass the filter by options: 0, added: 1, new vincodes: 0
12-11-2013 03:29:09 --- INFO: Lexus LX 570 - found: 10, pass primary filters: 10, did not pass the filter by colors: 0, did not pass the filter by options: 0, added: 10, new vincodes: 1
12-11-2013 03:30:00 --- INFO: Toyota Venza - found: 15, pass primary filters: 15, did not pass the filter by colors: 0, did not pass the filter by options: 0, added: 15, new vincodes: 7
12-11-2013 03:30:07 --- INFO: Toyota 4runner 2010 - found: 4, pass primary filters: 4, did not pass the filter by colors: 0, did not pass the filter by options: 0, added: 4, new vincodes: 2
12-11-2013 03:31:36 --- INFO: Toyota 4RUNNER 4WD V6 - found: 49, pass primary filters: 21, did not pass the filter by colors: 0, did not pass the filter by options: 0, added: 21, new vincodes: 7
12-11-2013 03:31:49 --- INFO: Toyota RAV 4 - found: 297, pass primary filters: 0, did not pass the filter by colors: 0, did not pass the filter by options: 0, added: 0, new vincodes: 0
12-11-2013 03:31:53 --- INFO: Toyota Highlander 4WD - found: 61, pass primary filters: 3, did not pass the filter by colors: 0, did not pass the filter by options: 0, added: 3, new vincodes: 2
12-11-2013 03:32:40 --- INFO: Toyota Highlander - found: 61, pass primary filters: 16, did not pass the filter by colors: 0, did not pass the filter by options: 0, added: 16, new vincodes: 5
12-11-2013 03:36:01 --- INFO: Lexus RX 350 - found: 90, pass primary filters: 50, did not pass the filter by colors: 0, did not pass the filter by options: 0, added: 50, new vincodes: 10
12-11-2013 03:36:10 --- INFO: Toyota 4RUNNER Limited V6 - found: 61, pass primary filters: 2, did not pass the filter by colors: 0, did not pass the filter by options: 0, added: 2, new vincodes: 2
12-11-2013 03:36:11 --- INFO: Lexus GX 460 - found: 3, pass primary filters: 3, did not pass the filter by colors: 0, did not pass the filter by options: 0, added: 3, new vincodes: 0
12-11-2013 03:36:27 --- INFO: Lexus RX 350 - found: 6, pass primary filters: 6, did not pass the filter by colors: 0, did not pass the filter by options: 0, added: 6, new vincodes: 1
12-11-2013 03:37:06 --- INFO: Toyota Highlander - found: 10, pass primary filters: 10, did not pass the filter by colors: 0, did not pass the filter by options: 0, added: 10, new vincodes: 5
12-11-2013 03:37:08 --- INFO: Lexus GS300 - found: 15, pass primary filters: 3, did not pass the filter by colors: 0, did not pass the filter by options: 0, added: 3, new vincodes: 0
12-11-2013 03:37:08 --- INFO: finish: 12-11-2013 03:37:08
12-11-2013 03:37:08 --- INFO: elapsed time: ~958.02 sec., memory usage: ~7.71 Mb.
12-11-2013 10:42:00 --- INFO: start: 12-11-2013 10:42:00
12-11-2013 10:42:00 --- INFO: ----------Source_Auction (apache2handler)
12-11-2013 10:42:04 --- ERROR: Request returns empty result
12-11-2013 10:42:04 --- INFO: finish: 12-11-2013 10:42:04
12-11-2013 10:42:04 --- INFO: elapsed time: ~4.22 sec., memory usage: ~2.06 Mb.
12-11-2013 10:42:17 --- INFO: start: 12-11-2013 10:42:17
12-11-2013 10:42:18 --- INFO: ----------Source_Avantag (apache2handler)
12-11-2013 10:42:26 --- INFO: Lexus RX 330 - found: 0, pass primary filters: 0, did not pass the filter by colors: 0, did not pass the filter by options: 0, added: 0, new vincodes: 0
12-11-2013 10:42:30 --- INFO: Lexus RX 400H - found: 0, pass primary filters: 0, did not pass the filter by colors: 0, did not pass the filter by options: 0, added: 0, new vincodes: 0
12-11-2013 10:42:33 --- INFO: Lexus GX 470 - found: 0, pass primary filters: 0, did not pass the filter by colors: 0, did not pass the filter by options: 0, added: 0, new vincodes: 0
12-11-2013 10:42:36 --- INFO: Lexus GX 470 - found: 0, pass primary filters: 0, did not pass the filter by colors: 0, did not pass the filter by options: 0, added: 0, new vincodes: 0
12-11-2013 10:42:39 --- INFO: Lexus LX 470 - found: 0, pass primary filters: 0, did not pass the filter by colors: 0, did not pass the filter by options: 0, added: 0, new vincodes: 0
12-11-2013 10:42:42 --- INFO: Toyota Sequoia - found: 0, pass primary filters: 0, did not pass the filter by colors: 0, did not pass the filter by options: 0, added: 0, new vincodes: 0
12-11-2013 10:42:44 --- INFO: Toyota Land Cruiser - found: 0, pass primary filters: 0, did not pass the filter by colors: 0, did not pass the filter by options: 0, added: 0, new vincodes: 0
12-11-2013 10:42:47 --- INFO: Lexus LX 570 - found: 0, pass primary filters: 0, did not pass the filter by colors: 0, did not pass the filter by options: 0, added: 0, new vincodes: 0
12-11-2013 10:42:51 --- INFO: Toyota Venza - found: 0, pass primary filters: 0, did not pass the filter by colors: 0, did not pass the filter by options: 0, added: 0, new vincodes: 0
12-11-2013 10:42:54 --- INFO: Toyota 4runner 2010 - found: 0, pass primary filters: 0, did not pass the filter by colors: 0, did not pass the filter by options: 0, added: 0, new vincodes: 0
12-11-2013 10:42:56 --- INFO: Toyota 4RUNNER 4WD V6 - found: 0, pass primary filters: 0, did not pass the filter by colors: 0, did not pass the filter by options: 0, added: 0, new vincodes: 0
12-11-2013 10:42:59 --- INFO: Toyota RAV 4 - found: 0, pass primary filters: 0, did not pass the filter by colors: 0, did not pass the filter by options: 0, added: 0, new vincodes: 0
12-11-2013 10:43:03 --- INFO: Toyota Highlander 4WD - found: 0, pass primary filters: 0, did not pass the filter by colors: 0, did not pass the filter by options: 0, added: 0, new vincodes: 0
12-11-2013 10:43:07 --- INFO: Toyota Highlander - found: 0, pass primary filters: 0, did not pass the filter by colors: 0, did not pass the filter by options: 0, added: 0, new vincodes: 0
12-11-2013 10:43:10 --- INFO: Lexus RX 350 - found: 0, pass primary filters: 0, did not pass the filter by colors: 0, did not pass the filter by options: 0, added: 0, new vincodes: 0
12-11-2013 10:43:13 --- INFO: Toyota 4RUNNER Limited V6 - found: 0, pass primary filters: 0, did not pass the filter by colors: 0, did not pass the filter by options: 0, added: 0, new vincodes: 0
12-11-2013 10:43:13 --- INFO: finish: 12-11-2013 10:43:13
12-11-2013 10:43:13 --- INFO: elapsed time: ~55.93 sec., memory usage: ~2.15 Mb.
12-11-2013 10:43:44 --- INFO: start: 12-11-2013 10:43:44
12-11-2013 10:43:44 --- INFO: ----------Source_Megaavto (apache2handler)
12-11-2013 10:43:50 --- INFO: Lexus GS300 - found: 0, pass primary filters: 0, did not pass the filter by colors: 0, did not pass the filter by options: 0, added: 0, new vincodes: 0
12-11-2013 10:43:54 --- INFO: Lexus RX 350 - found: 0, pass primary filters: 0, did not pass the filter by colors: 0, did not pass the filter by options: 0, added: 0, new vincodes: 0
12-11-2013 10:43:58 --- INFO: Lexus GX 460 - found: 0, pass primary filters: 0, did not pass the filter by colors: 0, did not pass the filter by options: 0, added: 0, new vincodes: 0
12-11-2013 10:44:03 --- INFO: Lexus RX 330 - found: 0, pass primary filters: 0, did not pass the filter by colors: 0, did not pass the filter by options: 0, added: 0, new vincodes: 0
12-11-2013 10:44:07 --- INFO: Lexus RX 400H - found: 0, pass primary filters: 0, did not pass the filter by colors: 0, did not pass the filter by options: 0, added: 0, new vincodes: 0
12-11-2013 10:44:11 --- INFO: Lexus GX 470 - found: 0, pass primary filters: 0, did not pass the filter by colors: 0, did not pass the filter by options: 0, added: 0, new vincodes: 0
12-11-2013 10:44:15 --- INFO: Lexus GX 470 - found: 0, pass primary filters: 0, did not pass the filter by colors: 0, did not pass the filter by options: 0, added: 0, new vincodes: 0
12-11-2013 10:44:19 --- INFO: Lexus LX 470 - found: 0, pass primary filters: 0, did not pass the filter by colors: 0, did not pass the filter by options: 0, added: 0, new vincodes: 0
12-11-2013 10:44:24 --- INFO: Toyota Sequoia - found: 0, pass primary filters: 0, did not pass the filter by colors: 0, did not pass the filter by options: 0, added: 0, new vincodes: 0
12-11-2013 10:44:28 --- INFO: Toyota Land Cruiser - found: 0, pass primary filters: 0, did not pass the filter by colors: 0, did not pass the filter by options: 0, added: 0, new vincodes: 0
12-11-2013 10:44:32 --- INFO: Lexus LX 570 - found: 0, pass primary filters: 0, did not pass the filter by colors: 0, did not pass the filter by options: 0, added: 0, new vincodes: 0
12-11-2013 10:44:36 --- INFO: Toyota Venza - found: 0, pass primary filters: 0, did not pass the filter by colors: 0, did not pass the filter by options: 0, added: 0, new vincodes: 0
12-11-2013 10:44:41 --- INFO: Toyota 4runner 2010 - found: 0, pass primary filters: 0, did not pass the filter by colors: 0, did not pass the filter by options: 0, added: 0, new vincodes: 0
12-11-2013 10:44:45 --- INFO: Toyota 4RUNNER 4WD V6 - found: 0, pass primary filters: 0, did not pass the filter by colors: 0, did not pass the filter by options: 0, added: 0, new vincodes: 0
12-11-2013 10:44:49 --- INFO: Toyota Highlander - found: 0, pass primary filters: 0, did not pass the filter by colors: 0, did not pass the filter by options: 0, added: 0, new vincodes: 0
12-11-2013 10:44:53 --- INFO: Toyota RAV 4 - found: 0, pass primary filters: 0, did not pass the filter by colors: 0, did not pass the filter by options: 0, added: 0, new vincodes: 0
12-11-2013 10:44:58 --- INFO: Toyota Highlander 4WD - found: 0, pass primary filters: 0, did not pass the filter by colors: 0, did not pass the filter by options: 0, added: 0, new vincodes: 0
12-11-2013 10:45:02 --- INFO: Toyota Highlander - found: 0, pass primary filters: 0, did not pass the filter by colors: 0, did not pass the filter by options: 0, added: 0, new vincodes: 0
12-11-2013 10:45:07 --- INFO: Toyota 4RUNNER Limited V6 - found: 0, pass primary filters: 0, did not pass the filter by colors: 0, did not pass the filter by options: 0, added: 0, new vincodes: 0
12-11-2013 10:45:11 --- INFO: Lexus RX 350 - found: 0, pass primary filters: 0, did not pass the filter by colors: 0, did not pass the filter by options: 0, added: 0, new vincodes: 0
12-11-2013 10:45:11 --- INFO: finish: 12-11-2013 10:45:11
12-11-2013 10:45:11 --- INFO: elapsed time: ~86.57 sec., memory usage: ~2.19 Mb.
12-11-2013 10:50:41 --- INFO: start: 12-11-2013 10:50:41
12-11-2013 10:50:41 --- INFO: ----------Source_Adesa (cli)
12-11-2013 10:50:42 --- INFO: Authorized request
12-11-2013 10:50:44 --- ERROR: ErrorException [ 2 ]: include_once(/inc/nokogiri.php): failed to open stream: No such file or directory ~ APPPATH/classes/source/adesa.php [ 210 ]
#0 /home/clients/boldyrek_ftp0/domains/grabber.makmalauto.com/html/cron/grabber/application/1.1.0/classes/source/adesa.php(210): Kohana_Core::error_handler(2, 'include_once(/i...', '/home/clients/b...', 210, Array)
#1 /home/clients/boldyrek_ftp0/domains/grabber.makmalauto.com/html/cron/grabber/application/1.1.0/classes/source/adesa.php(210): Source_Adesa::_parse()
#2 /home/clients/boldyrek_ftp0/domains/grabber.makmalauto.com/html/cron/grabber/application/1.1.0/classes/source/adesa.php(99): Source_Adesa->_parse('???????????????...', Array)
#3 /home/clients/boldyrek_ftp0/domains/grabber.makmalauto.com/html/cron/grabber/application/1.1.0/classes/source.php(48): Source_Adesa->execute()
#4 /home/clients/boldyrek_ftp0/domains/grabber.makmalauto.com/html/cron/grabber/application/1.1.0/classes/controller/home.php(36): Source->run()
#5 [internal function]: Controller_Home->action_execute('2', 'home/execute/2', Object(Route))
#6 /home/clients/boldyrek_ftp0/domains/grabber.makmalauto.com/html/cron/grabber/system/classes/kohana/request/client/internal.php(132): ReflectionMethod->invokeArgs(Object(Controller_Home), Array)
#7 /home/clients/boldyrek_ftp0/domains/grabber.makmalauto.com/html/cron/grabber/system/classes/kohana/request.php(964): Kohana_Request_Client_Internal->execute(Object(Request))
#8 /home/clients/boldyrek_ftp0/domains/grabber.makmalauto.com/html/cron/grabber/index.php(110): Kohana_Request->execute()
#9 {main}
12-11-2013 10:52:03 --- ERROR: Http_Exception_404 [ 404 ]: The requested URL execute/2 was not found on this server. ~ SYSPATH/classes/kohana/request/client/internal.php [ 94 ]
#0 /home/clients/boldyrek_ftp0/domains/grabber.makmalauto.com/html/cron/grabber/system/classes/kohana/request.php(964): Kohana_Request_Client_Internal->execute(Object(Request))
#1 /home/clients/boldyrek_ftp0/domains/grabber.makmalauto.com/html/cron/grabber/index.php(110): Kohana_Request->execute()
#2 {main}
12-11-2013 10:52:17 --- INFO: start: 12-11-2013 10:52:17
12-11-2013 10:52:17 --- INFO: ----------Source_Adesa (cli)
12-11-2013 10:52:17 --- INFO: Authorized request
12-11-2013 10:52:18 --- ERROR: ErrorException [ 2 ]: include_once(/inc/nokogiri.php): failed to open stream: No such file or directory ~ APPPATH/classes/source/adesa.php [ 210 ]
#0 /home/clients/boldyrek_ftp0/domains/grabber.makmalauto.com/html/cron/grabber/application/1.1.0/classes/source/adesa.php(210): Kohana_Core::error_handler(2, 'include_once(/i...', '/home/clients/b...', 210, Array)
#1 /home/clients/boldyrek_ftp0/domains/grabber.makmalauto.com/html/cron/grabber/application/1.1.0/classes/source/adesa.php(210): Source_Adesa::_parse()
#2 /home/clients/boldyrek_ftp0/domains/grabber.makmalauto.com/html/cron/grabber/application/1.1.0/classes/source/adesa.php(99): Source_Adesa->_parse('???????????????...', Array)
#3 /home/clients/boldyrek_ftp0/domains/grabber.makmalauto.com/html/cron/grabber/application/1.1.0/classes/source.php(48): Source_Adesa->execute()
#4 /home/clients/boldyrek_ftp0/domains/grabber.makmalauto.com/html/cron/grabber/application/1.1.0/classes/controller/home.php(36): Source->run()
#5 [internal function]: Controller_Home->action_execute('2', 'home/execute/2', Object(Route))
#6 /home/clients/boldyrek_ftp0/domains/grabber.makmalauto.com/html/cron/grabber/system/classes/kohana/request/client/internal.php(132): ReflectionMethod->invokeArgs(Object(Controller_Home), Array)
#7 /home/clients/boldyrek_ftp0/domains/grabber.makmalauto.com/html/cron/grabber/system/classes/kohana/request.php(964): Kohana_Request_Client_Internal->execute(Object(Request))
#8 /home/clients/boldyrek_ftp0/domains/grabber.makmalauto.com/html/cron/grabber/index.php(110): Kohana_Request->execute()
#9 {main}
12-11-2013 11:23:38 --- INFO: start: 12-11-2013 11:23:38
12-11-2013 11:23:38 --- INFO: ----------Source_Adesa (apache2handler)
12-11-2013 11:23:38 --- INFO: Authorized request
12-11-2013 11:26:30 --- INFO: Lexus RX 330 - found: 10, pass primary filters: 7, did not pass the filter by colors: 3, did not pass the filter by options: 2, added: 2, new vincodes: 2
12-11-2013 11:26:31 --- INFO: Lexus RX 400H - found: 0, pass primary filters: 0, did not pass the filter by colors: 0, did not pass the filter by options: 0, added: 0, new vincodes: 0
12-11-2013 11:26:31 --- INFO: Lexus GX 470 - found: 0, pass primary filters: 0, did not pass the filter by colors: 0, did not pass the filter by options: 0, added: 0, new vincodes: 0
12-11-2013 11:28:16 --- INFO: Lexus GX 470 - found: 8, pass primary filters: 8, did not pass the filter by colors: 5, did not pass the filter by options: 2, added: 1, new vincodes: 3
12-11-2013 11:28:17 --- INFO: Lexus LX 470 - found: 3, pass primary filters: 3, did not pass the filter by colors: 2, did not pass the filter by options: , added: 1, new vincodes: 1
12-11-2013 11:28:17 --- INFO: Toyota Sequoia - found: 0, pass primary filters: 0, did not pass the filter by colors: 0, did not pass the filter by options: 0, added: 0, new vincodes: 0
12-11-2013 11:28:18 --- INFO: Toyota Land Cruiser - found: 1, pass primary filters: 1, did not pass the filter by colors: 1, did not pass the filter by options: , added: 0, new vincodes: 0
12-11-2013 11:28:20 --- INFO: Lexus LX 570 - found: 0, pass primary filters: 0, did not pass the filter by colors: 0, did not pass the filter by options: 0, added: 0, new vincodes: 0
12-11-2013 11:28:20 --- INFO: Toyota Venza - found: 0, pass primary filters: 0, did not pass the filter by colors: 0, did not pass the filter by options: 0, added: 0, new vincodes: 0
12-11-2013 11:28:21 --- INFO: Toyota 4runner 2010 - found: 0, pass primary filters: 0, did not pass the filter by colors: 0, did not pass the filter by options: 0, added: 0, new vincodes: 0
12-11-2013 11:28:22 --- INFO: Toyota 4RUNNER 4WD V6 - found: 25, pass primary filters: 3, did not pass the filter by colors: 1, did not pass the filter by options: , added: 2, new vincodes: 1
12-11-2013 11:28:22 --- INFO: Toyota FJ cruiser - found: 6, pass primary filters: 0, did not pass the filter by colors: 0, did not pass the filter by options: 0, added: 0, new vincodes: 0
12-11-2013 11:28:23 --- INFO: Lexus RX 350 2013 - found: 0, pass primary filters: 0, did not pass the filter by colors: 0, did not pass the filter by options: 0, added: 0, new vincodes: 0
12-11-2013 11:28:25 --- INFO: Toyota Highlander - found: 25, pass primary filters: 4, did not pass the filter by colors: 2, did not pass the filter by options: , added: 2, new vincodes: 4
12-11-2013 11:30:40 --- INFO: Lexus RX 350 - found: 22, pass primary filters: 16, did not pass the filter by colors: 9, did not pass the filter by options: 6, added: 1, new vincodes: 8
12-11-2013 11:30:41 --- INFO: Toyota 4RUNNER Limited V6 - found: 34, pass primary filters: 2, did not pass the filter by colors: 0, did not pass the filter by options: , added: 2, new vincodes: 0
12-11-2013 11:30:41 --- INFO: finish: 12-11-2013 11:30:41
12-11-2013 11:30:41 --- INFO: elapsed time: ~422.65 sec., memory usage: ~3.48 Mb.
12-11-2013 11:46:01 --- INFO: start: 12-11-2013 11:46:01
12-11-2013 11:46:01 --- INFO: ----------Source_Adesa (cli)
12-11-2013 11:46:01 --- INFO: Authorized request
12-11-2013 11:46:03 --- INFO: Lexus RX 330 - found: 10, pass primary filters: 7, did not pass the filter by colors: 4, did not pass the filter by options: 1, added: 2, new vincodes: 0
12-11-2013 11:46:03 --- INFO: Lexus RX 400H - found: 0, pass primary filters: 0, did not pass the filter by colors: 0, did not pass the filter by options: 0, added: 0, new vincodes: 0
12-11-2013 11:46:03 --- INFO: Lexus GX 470 - found: 0, pass primary filters: 0, did not pass the filter by colors: 0, did not pass the filter by options: 0, added: 0, new vincodes: 0
12-11-2013 11:46:04 --- INFO: Lexus GX 470 - found: 8, pass primary filters: 8, did not pass the filter by colors: 5, did not pass the filter by options: 2, added: 1, new vincodes: 0
12-11-2013 11:46:06 --- INFO: Lexus LX 470 - found: 3, pass primary filters: 3, did not pass the filter by colors: 2, did not pass the filter by options: , added: 1, new vincodes: 0
12-11-2013 11:46:06 --- INFO: Toyota Sequoia - found: 0, pass primary filters: 0, did not pass the filter by colors: 0, did not pass the filter by options: 0, added: 0, new vincodes: 0
12-11-2013 11:46:07 --- INFO: Toyota Land Cruiser - found: 1, pass primary filters: 1, did not pass the filter by colors: 1, did not pass the filter by options: , added: 0, new vincodes: 0
12-11-2013 11:46:07 --- INFO: Lexus LX 570 - found: 0, pass primary filters: 0, did not pass the filter by colors: 0, did not pass the filter by options: 0, added: 0, new vincodes: 0
12-11-2013 11:46:08 --- INFO: Toyota Venza - found: 0, pass primary filters: 0, did not pass the filter by colors: 0, did not pass the filter by options: 0, added: 0, new vincodes: 0
12-11-2013 11:46:08 --- INFO: Toyota 4runner 2010 - found: 0, pass primary filters: 0, did not pass the filter by colors: 0, did not pass the filter by options: 0, added: 0, new vincodes: 0
12-11-2013 11:46:09 --- INFO: Toyota 4RUNNER 4WD V6 - found: 25, pass primary filters: 3, did not pass the filter by colors: 1, did not pass the filter by options: , added: 2, new vincodes: 0
12-11-2013 11:46:10 --- INFO: Toyota FJ cruiser - found: 6, pass primary filters: 0, did not pass the filter by colors: 0, did not pass the filter by options: 0, added: 0, new vincodes: 0
12-11-2013 11:46:10 --- INFO: Lexus RX 350 2013 - found: 0, pass primary filters: 0, did not pass the filter by colors: 0, did not pass the filter by options: 0, added: 0, new vincodes: 0
12-11-2013 11:46:11 --- INFO: Toyota Highlander - found: 25, pass primary filters: 4, did not pass the filter by colors: 2, did not pass the filter by options: , added: 2, new vincodes: 0
12-11-2013 11:46:12 --- INFO: Lexus RX 350 - found: 22, pass primary filters: 16, did not pass the filter by colors: 9, did not pass the filter by options: 6, added: 1, new vincodes: 0
12-11-2013 11:46:13 --- INFO: Toyota 4RUNNER Limited V6 - found: 34, pass primary filters: 2, did not pass the filter by colors: 0, did not pass the filter by options: , added: 2, new vincodes: 0
12-11-2013 11:46:13 --- INFO: finish: 12-11-2013 11:46:13
12-11-2013 11:46:13 --- INFO: elapsed time: ~12.03 sec., memory usage: ~2.14 Mb.
12-11-2013 10:39:24 --- INFO: start: 12-11-2013 10:39:24
12-11-2013 10:39:24 --- INFO: ----------Source_AutoSalon (apache2handler)
12-11-2013 10:39:50 --- INFO: Lexus RX 330 - found: 57, pass primary filters: 0, did not pass the filter by colors: 0, did not pass the filter by options: 0, added: 0, new vincodes: 0
12-11-2013 10:39:52 --- INFO: Lexus RX 400H - found: 0, pass primary filters: 0, did not pass the filter by colors: 0, did not pass the filter by options: 0, added: 0, new vincodes: 0
12-11-2013 10:41:27 --- INFO: Lexus GX 470 - found: 6, pass primary filters: 3, did not pass the filter by colors: 0, did not pass the filter by options: 0, added: 3, new vincodes: 0
12-11-2013 11:01:46 --- INFO: Lexus GX 470 - found: 65, pass primary filters: 10, did not pass the filter by colors: 0, did not pass the filter by options: 0, added: 10, new vincodes: 0
12-11-2013 11:13:11 --- INFO: Lexus LX 470 - found: 27, pass primary filters: 1, did not pass the filter by colors: 0, did not pass the filter by options: 0, added: 1, new vincodes: 0
12-11-2013 11:13:13 --- INFO: Toyota Sequoia - found: 0, pass primary filters: 0, did not pass the filter by colors: 0, did not pass the filter by options: 0, added: 0, new vincodes: 0
12-11-2013 11:13:15 --- INFO: Toyota Land Cruiser - found: 0, pass primary filters: 0, did not pass the filter by colors: 0, did not pass the filter by options: 0, added: 0, new vincodes: 0
12-11-2013 11:17:02 --- INFO: Lexus LX 570 - found: 14, pass primary filters: 12, did not pass the filter by colors: 0, did not pass the filter by options: 0, added: 12, new vincodes: 1
12-11-2013 11:17:04 --- INFO: Toyota Venza - found: 0, pass primary filters: 0, did not pass the filter by colors: 0, did not pass the filter by options: 0, added: 0, new vincodes: 0
12-11-2013 11:17:07 --- INFO: Toyota 4runner 2010 - found: 0, pass primary filters: 0, did not pass the filter by colors: 0, did not pass the filter by options: 0, added: 0, new vincodes: 0
12-11-2013 11:17:10 --- INFO: Toyota 4RUNNER 4WD V6 - found: 0, pass primary filters: 0, did not pass the filter by colors: 0, did not pass the filter by options: 0, added: 0, new vincodes: 0
12-11-2013 11:17:12 --- INFO: Toyota RAV 4 - found: 0, pass primary filters: 0, did not pass the filter by colors: 0, did not pass the filter by options: 0, added: 0, new vincodes: 0
12-11-2013 11:17:15 --- INFO: Toyota Highlander 4WD - found: 0, pass primary filters: 0, did not pass the filter by colors: 0, did not pass the filter by options: 0, added: 0, new vincodes: 0
12-11-2013 11:17:17 --- INFO: Toyota Highlander - found: 0, pass primary filters: 0, did not pass the filter by colors: 0, did not pass the filter by options: 0, added: 0, new vincodes: 0
12-11-2013 11:25:58 --- INFO: Lexus RX 350 - found: 146, pass primary filters: 10, did not pass the filter by colors: 0, did not pass the filter by options: 0, added: 10, new vincodes: 0
12-11-2013 11:26:04 --- INFO: Toyota 4RUNNER Limited V6 - found: 0, pass primary filters: 0, did not pass the filter by colors: 0, did not pass the filter by options: 0, added: 0, new vincodes: 0
12-11-2013 11:30:10 --- INFO: Lexus GX 460 - found: 11, pass primary filters: 4, did not pass the filter by colors: 0, did not pass the filter by options: 0, added: 4, new vincodes: 1
12-11-2013 11:35:22 --- INFO: Lexus RX 350 - found: 12, pass primary filters: 7, did not pass the filter by colors: 0, did not pass the filter by options: 0, added: 7, new vincodes: 1
12-11-2013 11:40:09 --- INFO: Toyota Highlander - found: 17, pass primary filters: 9, did not pass the filter by colors: 0, did not pass the filter by options: 0, added: 9, new vincodes: 0
12-11-2013 11:41:55 --- INFO: Lexus GS300 - found: 19, pass primary filters: 3, did not pass the filter by colors: 0, did not pass the filter by options: 0, added: 3, new vincodes: 0
12-11-2013 11:44:37 --- INFO: Toyota FJ cruiser - found: 27, pass primary filters: 1, did not pass the filter by colors: 0, did not pass the filter by options: 0, added: 1, new vincodes: 0
12-11-2013 11:46:22 --- INFO: Lexus RX 350 2013 - found: 24, pass primary filters: 10, did not pass the filter by colors: 0, did not pass the filter by options: 0, added: 10, new vincodes: 1
12-11-2013 11:46:22 --- INFO: finish: 12-11-2013 11:46:22
12-11-2013 11:46:22 --- INFO: elapsed time: ~4018.5 sec., memory usage: ~5.26 Mb.
12-11-2013 11:47:55 --- INFO: start: 12-11-2013 11:47:55
12-11-2013 11:47:55 --- INFO: ----------Source_Adesa (cli)
12-11-2013 11:47:56 --- INFO: Authorized request
12-11-2013 11:47:57 --- INFO: Lexus RX 330 - found: 10, pass primary filters: 7, did not pass the filter by colors: 4, did not pass the filter by options: 1, added: 2, new vincodes: 0
12-11-2013 11:47:57 --- INFO: Lexus RX 400H - found: 0, pass primary filters: 0, did not pass the filter by colors: 0, did not pass the filter by options: 0, added: 0, new vincodes: 0
12-11-2013 11:47:58 --- INFO: Lexus GX 470 - found: 0, pass primary filters: 0, did not pass the filter by colors: 0, did not pass the filter by options: 0, added: 0, new vincodes: 0
12-11-2013 11:48:00 --- INFO: Lexus GX 470 - found: 8, pass primary filters: 8, did not pass the filter by colors: 5, did not pass the filter by options: 2, added: 1, new vincodes: 0
12-11-2013 11:48:00 --- INFO: Lexus LX 470 - found: 3, pass primary filters: 3, did not pass the filter by colors: 2, did not pass the filter by options: , added: 1, new vincodes: 0
12-11-2013 11:48:01 --- INFO: Toyota Sequoia - found: 0, pass primary filters: 0, did not pass the filter by colors: 0, did not pass the filter by options: 0, added: 0, new vincodes: 0
12-11-2013 11:48:03 --- INFO: Toyota Land Cruiser - found: 1, pass primary filters: 1, did not pass the filter by colors: 1, did not pass the filter by options: , added: 0, new vincodes: 0
12-11-2013 11:48:04 --- INFO: Lexus LX 570 - found: 0, pass primary filters: 0, did not pass the filter by colors: 0, did not pass the filter by options: 0, added: 0, new vincodes: 0
12-11-2013 11:48:04 --- INFO: Toyota Venza - found: 0, pass primary filters: 0, did not pass the filter by colors: 0, did not pass the filter by options: 0, added: 0, new vincodes: 0
12-11-2013 11:48:05 --- INFO: Toyota 4runner 2010 - found: 0, pass primary filters: 0, did not pass the filter by colors: 0, did not pass the filter by options: 0, added: 0, new vincodes: 0
12-11-2013 11:48:06 --- INFO: Toyota 4RUNNER 4WD V6 - found: 25, pass primary filters: 3, did not pass the filter by colors: 1, did not pass the filter by options: , added: 2, new vincodes: 0
12-11-2013 11:48:06 --- INFO: Toyota FJ cruiser - found: 6, pass primary filters: 0, did not pass the filter by colors: 0, did not pass the filter by options: 0, added: 0, new vincodes: 0
12-11-2013 11:48:07 --- INFO: Lexus RX 350 2013 - found: 0, pass primary filters: 0, did not pass the filter by colors: 0, did not pass the filter by options: 0, added: 0, new vincodes: 0
12-11-2013 11:48:08 --- INFO: Toyota Highlander - found: 25, pass primary filters: 4, did not pass the filter by colors: 2, did not pass the filter by options: , added: 2, new vincodes: 0
12-11-2013 11:48:09 --- INFO: Lexus RX 350 - found: 22, pass primary filters: 16, did not pass the filter by colors: 9, did not pass the filter by options: 6, added: 1, new vincodes: 0
12-11-2013 11:48:10 --- INFO: Toyota 4RUNNER Limited V6 - found: 34, pass primary filters: 2, did not pass the filter by colors: 0, did not pass the filter by options: , added: 2, new vincodes: 0
12-11-2013 11:48:10 --- INFO: finish: 12-11-2013 11:48:10
12-11-2013 11:48:10 --- INFO: elapsed time: ~14.72 sec., memory usage: ~2.14 Mb.
12-11-2013 11:48:15 --- INFO: start: 12-11-2013 11:48:15
12-11-2013 11:48:15 --- INFO: ----------Source_Adesa (cli)
12-11-2013 11:48:15 --- INFO: Authorized request
12-11-2013 11:48:16 --- INFO: Lexus RX 330 - found: 10, pass primary filters: 7, did not pass the filter by colors: 4, did not pass the filter by options: 1, added: 2, new vincodes: 0
12-11-2013 11:48:16 --- INFO: Lexus RX 400H - found: 0, pass primary filters: 0, did not pass the filter by colors: 0, did not pass the filter by options: 0, added: 0, new vincodes: 0
12-11-2013 11:48:17 --- INFO: Lexus GX 470 - found: 0, pass primary filters: 0, did not pass the filter by colors: 0, did not pass the filter by options: 0, added: 0, new vincodes: 0
12-11-2013 11:48:17 --- INFO: Lexus GX 470 - found: 8, pass primary filters: 8, did not pass the filter by colors: 5, did not pass the filter by options: 2, added: 1, new vincodes: 0
12-11-2013 11:48:18 --- INFO: Lexus LX 470 - found: 3, pass primary filters: 3, did not pass the filter by colors: 2, did not pass the filter by options: , added: 1, new vincodes: 0
12-11-2013 11:48:18 --- INFO: Toyota Sequoia - found: 0, pass primary filters: 0, did not pass the filter by colors: 0, did not pass the filter by options: 0, added: 0, new vincodes: 0
12-11-2013 11:48:19 --- INFO: Toyota Land Cruiser - found: 1, pass primary filters: 1, did not pass the filter by colors: 1, did not pass the filter by options: , added: 0, new vincodes: 0
12-11-2013 11:48:19 --- INFO: Lexus LX 570 - found: 0, pass primary filters: 0, did not pass the filter by colors: 0, did not pass the filter by options: 0, added: 0, new vincodes: 0
12-11-2013 11:48:20 --- INFO: Toyota Venza - found: 0, pass primary filters: 0, did not pass the filter by colors: 0, did not pass the filter by options: 0, added: 0, new vincodes: 0
12-11-2013 11:48:20 --- INFO: Toyota 4runner 2010 - found: 0, pass primary filters: 0, did not pass the filter by colors: 0, did not pass the filter by options: 0, added: 0, new vincodes: 0
12-11-2013 11:48:22 --- INFO: Toyota 4RUNNER 4WD V6 - found: 25, pass primary filters: 3, did not pass the filter by colors: 1, did not pass the filter by options: , added: 2, new vincodes: 0
12-11-2013 11:48:23 --- INFO: Toyota FJ cruiser - found: 6, pass primary filters: 0, did not pass the filter by colors: 0, did not pass the filter by options: 0, added: 0, new vincodes: 0
12-11-2013 11:48:23 --- INFO: Lexus RX 350 2013 - found: 0, pass primary filters: 0, did not pass the filter by colors: 0, did not pass the filter by options: 0, added: 0, new vincodes: 0
12-11-2013 11:48:24 --- INFO: Toyota Highlander - found: 25, pass primary filters: 4, did not pass the filter by colors: 2, did not pass the filter by options: , added: 2, new vincodes: 0
12-11-2013 11:48:26 --- INFO: Lexus RX 350 - found: 22, pass primary filters: 16, did not pass the filter by colors: 9, did not pass the filter by options: 6, added: 1, new vincodes: 0
12-11-2013 11:48:27 --- INFO: Toyota 4RUNNER Limited V6 - found: 34, pass primary filters: 2, did not pass the filter by colors: 0, did not pass the filter by options: , added: 2, new vincodes: 0
12-11-2013 11:48:27 --- INFO: finish: 12-11-2013 11:48:27
12-11-2013 11:48:27 --- INFO: elapsed time: ~11.98 sec., memory usage: ~2.14 Mb.
12-11-2013 12:02:02 --- INFO: start: 12-11-2013 12:02:02
12-11-2013 12:02:02 --- INFO: ----------Source_Adesa (apache2handler)
12-11-2013 12:02:03 --- INFO: Authorized request
12-11-2013 12:16:25 --- INFO: start: 12-11-2013 12:16:25
12-11-2013 12:16:25 --- INFO: ----------Source_Adesa (cli)
12-11-2013 12:16:26 --- INFO: Authorized request
12-11-2013 12:17:28 --- INFO: Lexus RX 330 - found: 10, pass primary filters: 7, did not pass the filter by colors: 3, did not pass the filter by options: 2, added: 2, new vincodes: 0
12-11-2013 12:17:29 --- INFO: Lexus RX 400H - found: 0, pass primary filters: 0, did not pass the filter by colors: 0, did not pass the filter by options: 0, added: 0, new vincodes: 0
12-11-2013 12:17:29 --- INFO: Lexus GX 470 - found: 0, pass primary filters: 0, did not pass the filter by colors: 0, did not pass the filter by options: 0, added: 0, new vincodes: 0
12-11-2013 12:17:39 --- INFO: Lexus GX 470 - found: 8, pass primary filters: 8, did not pass the filter by colors: 5, did not pass the filter by options: 2, added: 1, new vincodes: 0
12-11-2013 12:17:41 --- INFO: Lexus LX 470 - found: 3, pass primary filters: 3, did not pass the filter by colors: 2, did not pass the filter by options: , added: 1, new vincodes: 0
12-11-2013 12:17:41 --- INFO: Toyota Sequoia - found: 0, pass primary filters: 0, did not pass the filter by colors: 0, did not pass the filter by options: 0, added: 0, new vincodes: 0
12-11-2013 12:17:42 --- INFO: Toyota Land Cruiser - found: 1, pass primary filters: 1, did not pass the filter by colors: 1, did not pass the filter by options: , added: 0, new vincodes: 0
12-11-2013 12:17:43 --- INFO: Lexus LX 570 - found: 0, pass primary filters: 0, did not pass the filter by colors: 0, did not pass the filter by options: 0, added: 0, new vincodes: 0
12-11-2013 12:17:44 --- INFO: Toyota Venza - found: 0, pass primary filters: 0, did not pass the filter by colors: 0, did not pass the filter by options: 0, added: 0, new vincodes: 0
12-11-2013 12:17:44 --- INFO: Toyota 4runner 2010 - found: 0, pass primary filters: 0, did not pass the filter by colors: 0, did not pass the filter by options: 0, added: 0, new vincodes: 0
12-11-2013 12:17:47 --- INFO: Toyota 4RUNNER 4WD V6 - found: 25, pass primary filters: 3, did not pass the filter by colors: 1, did not pass the filter by options: , added: 2, new vincodes: 0
12-11-2013 12:17:48 --- INFO: Toyota FJ cruiser - found: 6, pass primary filters: 0, did not pass the filter by colors: 0, did not pass the filter by options: 0, added: 0, new vincodes: 0
12-11-2013 12:17:48 --- INFO: Lexus RX 350 2013 - found: 0, pass primary filters: 0, did not pass the filter by colors: 0, did not pass the filter by options: 0, added: 0, new vincodes: 0
12-11-2013 12:17:49 --- INFO: Toyota Highlander - found: 25, pass primary filters: 4, did not pass the filter by colors: 2, did not pass the filter by options: , added: 2, new vincodes: 0
12-11-2013 12:19:22 --- INFO: Lexus RX 350 - found: 22, pass primary filters: 16, did not pass the filter by colors: 8, did not pass the filter by options: 7, added: 1, new vincodes: 0
12-11-2013 12:19:24 --- INFO: Toyota 4RUNNER Limited V6 - found: 34, pass primary filters: 2, did not pass the filter by colors: 0, did not pass the filter by options: , added: 2, new vincodes: 0
12-11-2013 12:19:24 --- INFO: finish: 12-11-2013 12:19:24
12-11-2013 12:19:24 --- INFO: elapsed time: ~179.71 sec., memory usage: ~2.29 Mb.
12-11-2013 19:09:45 --- INFO: start: 12-11-2013 19:09:45
12-11-2013 19:09:45 --- INFO: ----------Source_Oodle (apache2handler)
12-11-2013 19:09:47 --- INFO: Toyota Highlander - found: 70, pass primary filters: 15, did not pass the filter by colors: 0, did not pass the filter by options: 0, added: 15, new vincodes: 0
12-11-2013 19:10:01 --- INFO: Lexus RX 330 - found: 613, pass primary filters: 2, did not pass the filter by colors: 0, did not pass the filter by options: 0, added: 2, new vincodes: 0
12-11-2013 19:10:01 --- INFO: Lexus RX 400H - found: 0, pass primary filters: 0, did not pass the filter by colors: 0, did not pass the filter by options: 0, added: 0, new vincodes: 0
12-11-2013 19:10:02 --- INFO: Lexus GX 470 - found: 48, pass primary filters: 40, did not pass the filter by colors: 0, did not pass the filter by options: 0, added: 40, new vincodes: 0
12-11-2013 19:10:21 --- INFO: Lexus GX 470 - found: 610, pass primary filters: 5, did not pass the filter by colors: 0, did not pass the filter by options: 0, added: 5, new vincodes: 0
12-11-2013 19:10:27 --- INFO: Lexus LX 470 - found: 196, pass primary filters: 26, did not pass the filter by colors: 0, did not pass the filter by options: 0, added: 26, new vincodes: 0
12-11-2013 19:10:33 --- INFO: Toyota Sequoia - found: 246, pass primary filters: 17, did not pass the filter by colors: 0, did not pass the filter by options: 0, added: 17, new vincodes: 0
12-11-2013 19:10:34 --- INFO: Toyota Land Cruiser - found: 20, pass primary filters: 3, did not pass the filter by colors: 0, did not pass the filter by options: 0, added: 3, new vincodes: 0
12-11-2013 19:10:34 --- INFO: Lexus LX 570 - found: 0, pass primary filters: 0, did not pass the filter by colors: 0, did not pass the filter by options: 0, added: 0, new vincodes: 0
12-11-2013 19:10:34 --- INFO: Toyota Venza - found: 0, pass primary filters: 0, did not pass the filter by colors: 0, did not pass the filter by options: 0, added: 0, new vincodes: 0
12-11-2013 19:10:35 --- INFO: Toyota 4runner 2010 - found: 8, pass primary filters: 5, did not pass the filter by colors: 0, did not pass the filter by options: 0, added: 5, new vincodes: 0
12-11-2013 19:11:02 --- INFO: Toyota 4RUNNER 4WD V6 - found: 1209, pass primary filters: 0, did not pass the filter by colors: 0, did not pass the filter by options: 0, added: 0, new vincodes: 0
12-11-2013 19:14:29 --- INFO: Toyota RAV 4 - found: 10165, pass primary filters: 0, did not pass the filter by colors: 0, did not pass the filter by options: 0, added: 0, new vincodes: 0
12-11-2013 19:14:54 --- INFO: Toyota Highlander 4WD - found: 1225, pass primary filters: 0, did not pass the filter by colors: 0, did not pass the filter by options: 0, added: 0, new vincodes: 0
12-11-2013 19:15:19 --- INFO: Toyota Highlander - found: 1225, pass primary filters: 0, did not pass the filter by colors: 0, did not pass the filter by options: 0, added: 0, new vincodes: 0
12-11-2013 19:16:03 --- INFO: Lexus RX 350 - found: 1956, pass primary filters: 0, did not pass the filter by colors: 0, did not pass the filter by options: 0, added: 0, new vincodes: 0
12-11-2013 19:16:36 --- INFO: Toyota 4RUNNER Limited V6 - found: 1443, pass primary filters: 0, did not pass the filter by colors: 0, did not pass the filter by options: 0, added: 0, new vincodes: 0
12-11-2013 19:16:37 --- INFO: Lexus GX 460 - found: 0, pass primary filters: 0, did not pass the filter by colors: 0, did not pass the filter by options: 0, added: 0, new vincodes: 0
12-11-2013 19:16:39 --- INFO: Lexus RX 350 - found: 55, pass primary filters: 1, did not pass the filter by colors: 0, did not pass the filter by options: 0, added: 1, new vincodes: 0
12-11-2013 19:16:48 --- INFO: Lexus GS300 - found: 261, pass primary filters: 3, did not pass the filter by colors: 0, did not pass the filter by options: 0, added: 3, new vincodes: 0
12-11-2013 19:16:55 --- INFO: Toyota FJ cruiser - found: 214, pass primary filters: 1, did not pass the filter by colors: 0, did not pass the filter by options: 0, added: 1, new vincodes: 0
12-11-2013 19:17:07 --- INFO: Lexus RX 350 2013 - found: 351, pass primary filters: 0, did not pass the filter by colors: 0, did not pass the filter by options: 0, added: 0, new vincodes: 0
12-11-2013 19:17:07 --- INFO: finish: 12-11-2013 19:17:07
12-11-2013 19:17:07 --- INFO: elapsed time: ~442.16 sec., memory usage: ~18.42 Mb.
12-11-2013 21:07:50 --- INFO: start: 12-11-2013 21:07:50
12-11-2013 21:07:50 --- INFO: ----------Source_ExpOfCars (apache2handler)
12-11-2013 21:07:53 --- INFO: Lexus RX 330 - found: 43, pass primary filters: 32, did not pass the filter by colors: 0, did not pass the filter by options: 0, added: 32, new vincodes: 0
12-11-2013 21:07:57 --- INFO: Lexus RX 400H - found: 23, pass primary filters: 21, did not pass the filter by colors: 0, did not pass the filter by options: 0, added: 21, new vincodes: 0
12-11-2013 21:07:58 --- INFO: Lexus GX 470 - found: 2, pass primary filters: 2, did not pass the filter by colors: 0, did not pass the filter by options: 0, added: 2, new vincodes: 0
12-11-2013 21:08:05 --- INFO: Lexus GX 470 - found: 43, pass primary filters: 43, did not pass the filter by colors: 0, did not pass the filter by options: 0, added: 43, new vincodes: 0
12-11-2013 21:08:07 --- INFO: Lexus LX 470 - found: 18, pass primary filters: 18, did not pass the filter by colors: 0, did not pass the filter by options: 0, added: 18, new vincodes: 0
12-11-2013 21:08:12 --- INFO: Toyota Sequoia - found: 29, pass primary filters: 29, did not pass the filter by colors: 0, did not pass the filter by options: 0, added: 29, new vincodes: 0
12-11-2013 21:08:13 --- INFO: Toyota Land Cruiser - found: 2, pass primary filters: 2, did not pass the filter by colors: 0, did not pass the filter by options: 0, added: 2, new vincodes: 0
12-11-2013 21:08:14 --- INFO: Lexus LX 570 - found: 13, pass primary filters: 13, did not pass the filter by colors: 0, did not pass the filter by options: 0, added: 13, new vincodes: 0
12-11-2013 21:08:17 --- INFO: Toyota Venza - found: 11, pass primary filters: 11, did not pass the filter by colors: 0, did not pass the filter by options: 0, added: 11, new vincodes: 0
12-11-2013 21:08:19 --- INFO: Toyota 4runner 2010 - found: 6, pass primary filters: 6, did not pass the filter by colors: 0, did not pass the filter by options: 0, added: 6, new vincodes: 0
12-11-2013 21:08:22 --- INFO: Toyota 4RUNNER 4WD V6 - found: 47, pass primary filters: 20, did not pass the filter by colors: 0, did not pass the filter by options: 0, added: 20, new vincodes: 0
12-11-2013 21:08:29 --- INFO: Toyota RAV 4 - found: 190, pass primary filters: 0, did not pass the filter by colors: 0, did not pass the filter by options: 0, added: 0, new vincodes: 0
12-11-2013 21:08:32 --- INFO: Toyota Highlander 4WD - found: 53, pass primary filters: 1, did not pass the filter by colors: 0, did not pass the filter by options: 0, added: 1, new vincodes: 0
12-11-2013 21:08:36 --- INFO: Toyota Highlander - found: 53, pass primary filters: 15, did not pass the filter by colors: 0, did not pass the filter by options: 0, added: 15, new vincodes: 0
12-11-2013 21:08:43 --- INFO: Lexus RX 350 - found: 98, pass primary filters: 65, did not pass the filter by colors: 0, did not pass the filter by options: 0, added: 65, new vincodes: 0
12-11-2013 21:08:45 --- INFO: Toyota 4RUNNER Limited V6 - found: 58, pass primary filters: 1, did not pass the filter by colors: 0, did not pass the filter by options: 0, added: 1, new vincodes: 0
12-11-2013 21:08:47 --- INFO: Lexus GX 460 - found: 8, pass primary filters: 8, did not pass the filter by colors: 0, did not pass the filter by options: 0, added: 8, new vincodes: 0
12-11-2013 21:08:48 --- INFO: Lexus RX 350 - found: 4, pass primary filters: 4, did not pass the filter by colors: 0, did not pass the filter by options: 0, added: 4, new vincodes: 0
12-11-2013 21:08:50 --- INFO: Toyota Highlander - found: 10, pass primary filters: 10, did not pass the filter by colors: 0, did not pass the filter by options: 0, added: 10, new vincodes: 0
12-11-2013 21:08:51 --- INFO: Lexus GS300 - found: 13, pass primary filters: 3, did not pass the filter by colors: 0, did not pass the filter by options: 0, added: 3, new vincodes: 0
12-11-2013 21:08:51 --- INFO: finish: 12-11-2013 21:08:51
12-11-2013 21:08:51 --- INFO: elapsed time: ~60.84 sec., memory usage: ~5.2 Mb.
12-11-2013 21:04:58 --- INFO: start: 12-11-2013 21:04:58
12-11-2013 21:04:58 --- INFO: ----------Source_Oodle (apache2handler)
12-11-2013 21:05:01 --- INFO: Toyota Highlander - found: 69, pass primary filters: 14, did not pass the filter by colors: 0, did not pass the filter by options: 0, added: 14, new vincodes: 0
12-11-2013 21:05:16 --- INFO: Lexus RX 330 - found: 610, pass primary filters: 2, did not pass the filter by colors: 0, did not pass the filter by options: 0, added: 2, new vincodes: 0
12-11-2013 21:05:17 --- INFO: Lexus RX 400H - found: 0, pass primary filters: 0, did not pass the filter by colors: 0, did not pass the filter by options: 0, added: 0, new vincodes: 0
12-11-2013 21:05:18 --- INFO: Lexus GX 470 - found: 48, pass primary filters: 40, did not pass the filter by colors: 0, did not pass the filter by options: 0, added: 40, new vincodes: 0
12-11-2013 21:06:42 --- INFO: Lexus GX 470 - found: 607, pass primary filters: 4, did not pass the filter by colors: 0, did not pass the filter by options: 0, added: 4, new vincodes: 0
12-11-2013 21:07:01 --- INFO: Lexus LX 470 - found: 196, pass primary filters: 26, did not pass the filter by colors: 0, did not pass the filter by options: 0, added: 26, new vincodes: 0
12-11-2013 21:07:08 --- INFO: Toyota Sequoia - found: 244, pass primary filters: 16, did not pass the filter by colors: 0, did not pass the filter by options: 0, added: 16, new vincodes: 0
12-11-2013 21:07:09 --- INFO: Toyota Land Cruiser - found: 21, pass primary filters: 3, did not pass the filter by colors: 0, did not pass the filter by options: 0, added: 3, new vincodes: 0
12-11-2013 21:07:09 --- INFO: Lexus LX 570 - found: 0, pass primary filters: 0, did not pass the filter by colors: 0, did not pass the filter by options: 0, added: 0, new vincodes: 0
12-11-2013 21:07:10 --- INFO: Toyota Venza - found: 0, pass primary filters: 0, did not pass the filter by colors: 0, did not pass the filter by options: 0, added: 0, new vincodes: 0
12-11-2013 21:07:10 --- INFO: Toyota 4runner 2010 - found: 8, pass primary filters: 5, did not pass the filter by colors: 0, did not pass the filter by options: 0, added: 5, new vincodes: 0
12-11-2013 21:07:36 --- INFO: Toyota 4RUNNER 4WD V6 - found: 1207, pass primary filters: 0, did not pass the filter by colors: 0, did not pass the filter by options: 0, added: 0, new vincodes: 0
12-11-2013 21:10:58 --- INFO: Toyota RAV 4 - found: 10131, pass primary filters: 0, did not pass the filter by colors: 0, did not pass the filter by options: 0, added: 0, new vincodes: 0
12-11-2013 21:11:22 --- INFO: Toyota Highlander 4WD - found: 1218, pass primary filters: 0, did not pass the filter by colors: 0, did not pass the filter by options: 0, added: 0, new vincodes: 0
12-11-2013 21:11:47 --- INFO: Toyota Highlander - found: 1218, pass primary filters: 0, did not pass the filter by colors: 0, did not pass the filter by options: 0, added: 0, new vincodes: 0
12-11-2013 21:12:57 --- INFO: Lexus RX 350 - found: 1952, pass primary filters: 0, did not pass the filter by colors: 0, did not pass the filter by options: 0, added: 0, new vincodes: 0
12-11-2013 21:13:27 --- INFO: Toyota 4RUNNER Limited V6 - found: 1441, pass primary filters: 0, did not pass the filter by colors: 0, did not pass the filter by options: 0, added: 0, new vincodes: 0
12-11-2013 21:13:28 --- INFO: Lexus GX 460 - found: 0, pass primary filters: 0, did not pass the filter by colors: 0, did not pass the filter by options: 0, added: 0, new vincodes: 0
12-11-2013 21:13:29 --- INFO: Lexus RX 350 - found: 55, pass primary filters: 1, did not pass the filter by colors: 0, did not pass the filter by options: 0, added: 1, new vincodes: 0
12-11-2013 21:14:26 --- INFO: Lexus GS300 - found: 262, pass primary filters: 3, did not pass the filter by colors: 0, did not pass the filter by options: 0, added: 3, new vincodes: 0
12-11-2013 21:14:30 --- INFO: Toyota FJ cruiser - found: 214, pass primary filters: 1, did not pass the filter by colors: 0, did not pass the filter by options: 0, added: 1, new vincodes: 0
12-11-2013 21:14:40 --- INFO: Lexus RX 350 2013 - found: 347, pass primary filters: 8, did not pass the filter by colors: 0, did not pass the filter by options: 0, added: 8, new vincodes: 0
12-11-2013 21:14:40 --- INFO: finish: 12-11-2013 21:14:40
12-11-2013 21:14:40 --- INFO: elapsed time: ~582.08 sec., memory usage: ~18.72 Mb.
12-11-2013 21:53:06 --- INFO: start: 12-11-2013 21:53:06
12-11-2013 21:53:06 --- INFO: ----------Source_Adesa (apache2handler)
12-11-2013 21:53:07 --- INFO: Authorized request
12-11-2013 21:53:08 --- INFO: Lexus RX 330 - found: 11, pass primary filters: 8, did not pass the filter by colors: 4, did not pass the filter by options: 2, added: 2, new vincodes: 0
12-11-2013 21:53:08 --- INFO: Lexus RX 400H - found: 0, pass primary filters: 0, did not pass the filter by colors: 0, did not pass the filter by options: 0, added: 0, new vincodes: 0
12-11-2013 21:53:08 --- INFO: Lexus GX 470 - found: 0, pass primary filters: 0, did not pass the filter by colors: 0, did not pass the filter by options: 0, added: 0, new vincodes: 0
12-11-2013 21:54:08 --- INFO: Lexus GX 470 - found: 10, pass primary filters: 10, did not pass the filter by colors: 6, did not pass the filter by options: 2, added: 2, new vincodes: 1
12-11-2013 21:54:09 --- INFO: Lexus LX 470 - found: 4, pass primary filters: 4, did not pass the filter by colors: 3, did not pass the filter by options: , added: 1, new vincodes: 0
12-11-2013 21:54:09 --- INFO: Toyota Sequoia - found: 0, pass primary filters: 0, did not pass the filter by colors: 0, did not pass the filter by options: 0, added: 0, new vincodes: 0
12-11-2013 21:54:10 --- INFO: Toyota Land Cruiser - found: 1, pass primary filters: 1, did not pass the filter by colors: 1, did not pass the filter by options: , added: 0, new vincodes: 0
12-11-2013 21:54:10 --- INFO: Lexus LX 570 - found: 0, pass primary filters: 0, did not pass the filter by colors: 0, did not pass the filter by options: 0, added: 0, new vincodes: 0
12-11-2013 21:54:11 --- INFO: Toyota Venza - found: 0, pass primary filters: 0, did not pass the filter by colors: 0, did not pass the filter by options: 0, added: 0, new vincodes: 0
12-11-2013 21:54:11 --- INFO: Toyota 4runner 2010 - found: 0, pass primary filters: 0, did not pass the filter by colors: 0, did not pass the filter by options: 0, added: 0, new vincodes: 0
12-11-2013 21:54:14 --- INFO: Toyota 4RUNNER 4WD V6 - found: 31, pass primary filters: 11, did not pass the filter by colors: 5, did not pass the filter by options: , added: 6, new vincodes: 1
12-11-2013 21:54:15 --- INFO: Toyota FJ cruiser - found: 7, pass primary filters: 0, did not pass the filter by colors: 0, did not pass the filter by options: 0, added: 0, new vincodes: 0
12-11-2013 21:54:15 --- INFO: Lexus RX 350 2013 - found: 0, pass primary filters: 0, did not pass the filter by colors: 0, did not pass the filter by options: 0, added: 0, new vincodes: 0
12-11-2013 21:54:22 --- INFO: Toyota Highlander - found: 33, pass primary filters: 10, did not pass the filter by colors: 5, did not pass the filter by options: , added: 5, new vincodes: 2
12-11-2013 21:54:24 --- INFO: Lexus RX 350 - found: 24, pass primary filters: 21, did not pass the filter by colors: 10, did not pass the filter by options: 8, added: 3, new vincodes: 1
12-11-2013 21:54:25 --- INFO: Toyota 4RUNNER Limited V6 - found: 40, pass primary filters: 2, did not pass the filter by colors: 0, did not pass the filter by options: , added: 2, new vincodes: 0
12-11-2013 21:54:25 --- INFO: finish: 12-11-2013 21:54:25
12-11-2013 21:54:25 --- INFO: elapsed time: ~79.04 sec., memory usage: ~3.75 Mb.