
12-12-2013 02:00:01 --- INFO: start: 12-12-2013 02:00:01
12-12-2013 02:00:03 --- INFO: ----------Source_Adesa (cli)
12-12-2013 02:00:05 --- INFO: Authorized request
12-12-2013 02:00:06 --- INFO: Lexus RX 330 - found: 10, pass primary filters: 8, did not pass the filter by colors: 3, did not pass the filter by options: 5, added: 0, new vincodes: 0
12-12-2013 02:00:07 --- INFO: Lexus RX 400H - found: 11, pass primary filters: 9, did not pass the filter by colors: 7, did not pass the filter by options: 1, added: 1, new vincodes: 0
12-12-2013 02:00:07 --- INFO: Lexus GX 470 - found: 0, pass primary filters: 0, did not pass the filter by colors: 0, did not pass the filter by options: 0, added: 0, new vincodes: 0
12-12-2013 02:00:08 --- INFO: Lexus GX 470 - found: 12, pass primary filters: 4, did not pass the filter by colors: 1, did not pass the filter by options: 3, added: 0, new vincodes: 0
12-12-2013 02:00:11 --- INFO: Lexus LX 470 - found: 5, pass primary filters: 5, did not pass the filter by colors: 5, did not pass the filter by options: , added: 0, new vincodes: 0
12-12-2013 02:00:11 --- INFO: Toyota Sequoia - found: 0, pass primary filters: 0, did not pass the filter by colors: 0, did not pass the filter by options: 0, added: 0, new vincodes: 0
12-12-2013 02:00:12 --- INFO: Toyota Land Cruiser - found: 2, pass primary filters: 2, did not pass the filter by colors: 2, did not pass the filter by options: , added: 0, new vincodes: 0
12-12-2013 02:00:13 --- INFO: Lexus LX 570 - found: 0, pass primary filters: 0, did not pass the filter by colors: 0, did not pass the filter by options: 0, added: 0, new vincodes: 0
12-12-2013 02:00:13 --- INFO: Toyota Venza - found: 0, pass primary filters: 0, did not pass the filter by colors: 0, did not pass the filter by options: 0, added: 0, new vincodes: 0
12-12-2013 02:00:14 --- INFO: Toyota 4runner 2010 - found: 0, pass primary filters: 0, did not pass the filter by colors: 0, did not pass the filter by options: 0, added: 0, new vincodes: 0
12-12-2013 02:00:15 --- INFO: Toyota 4RUNNER 4WD V6 - found: 24, pass primary filters: 9, did not pass the filter by colors: 3, did not pass the filter by options: , added: 6, new vincodes: 0
12-12-2013 02:00:16 --- INFO: Toyota FJ cruiser - found: 12, pass primary filters: 0, did not pass the filter by colors: 0, did not pass the filter by options: 0, added: 0, new vincodes: 0
12-12-2013 02:00:16 --- INFO: Lexus RX 350 2013 - found: 0, pass primary filters: 0, did not pass the filter by colors: 0, did not pass the filter by options: 0, added: 0, new vincodes: 0
12-12-2013 02:00:18 --- INFO: Toyota Highlander - found: 44, pass primary filters: 8, did not pass the filter by colors: 8, did not pass the filter by options: , added: 0, new vincodes: 1
12-12-2013 02:00:20 --- INFO: Lexus RX 350 - found: 28, pass primary filters: 24, did not pass the filter by colors: 10, did not pass the filter by options: 6, added: 8, new vincodes: 0
12-12-2013 02:00:21 --- INFO: Toyota 4RUNNER Limited V6 - found: 27, pass primary filters: 0, did not pass the filter by colors: 0, did not pass the filter by options: 0, added: 0, new vincodes: 0
12-12-2013 02:00:21 --- INFO: finish: 12-12-2013 02:00:21
12-12-2013 02:00:21 --- INFO: elapsed time: ~19.45 sec., memory usage: ~2.42 Mb.
12-12-2013 02:30:01 --- INFO: start: 12-12-2013 02:30:01
12-12-2013 02:30:01 --- INFO: ----------Source_ExpOfCars (cli)
12-12-2013 02:30:04 --- INFO: Lexus RX 330 - found: 28, pass primary filters: 24, did not pass the filter by colors: 0, did not pass the filter by options: 0, added: 24, new vincodes: 0
12-12-2013 02:30:06 --- INFO: Lexus RX 400H - found: 7, pass primary filters: 5, did not pass the filter by colors: 0, did not pass the filter by options: 0, added: 5, new vincodes: 0
12-12-2013 02:30:07 --- INFO: Lexus GX 470 - found: 8, pass primary filters: 8, did not pass the filter by colors: 0, did not pass the filter by options: 0, added: 8, new vincodes: 0
12-12-2013 02:30:09 --- INFO: Lexus GX 470 - found: 25, pass primary filters: 25, did not pass the filter by colors: 0, did not pass the filter by options: 0, added: 25, new vincodes: 0
12-12-2013 02:30:11 --- INFO: Lexus LX 470 - found: 16, pass primary filters: 16, did not pass the filter by colors: 0, did not pass the filter by options: 0, added: 16, new vincodes: 0
12-12-2013 02:30:14 --- INFO: Toyota Sequoia - found: 27, pass primary filters: 27, did not pass the filter by colors: 0, did not pass the filter by options: 0, added: 27, new vincodes: 0
12-12-2013 02:30:15 --- INFO: Toyota Land Cruiser - found: 9, pass primary filters: 9, did not pass the filter by colors: 0, did not pass the filter by options: 0, added: 9, new vincodes: 0
12-12-2013 02:30:17 --- INFO: Lexus LX 570 - found: 15, pass primary filters: 15, did not pass the filter by colors: 0, did not pass the filter by options: 0, added: 15, new vincodes: 0
12-12-2013 02:30:18 --- INFO: Toyota Venza - found: 6, pass primary filters: 6, did not pass the filter by colors: 0, did not pass the filter by options: 0, added: 6, new vincodes: 0
12-12-2013 02:30:19 --- INFO: Toyota 4runner 2010 - found: 1, pass primary filters: 1, did not pass the filter by colors: 0, did not pass the filter by options: 0, added: 1, new vincodes: 0
12-12-2013 02:30:21 --- INFO: Toyota 4RUNNER 4WD V6 - found: 32, pass primary filters: 11, did not pass the filter by colors: 0, did not pass the filter by options: 0, added: 11, new vincodes: 0
12-12-2013 02:30:27 --- INFO: Toyota RAV 4 - found: 155, pass primary filters: 0, did not pass the filter by colors: 0, did not pass the filter by options: 0, added: 0, new vincodes: 0
12-12-2013 02:30:29 --- INFO: Toyota Highlander 4WD - found: 55, pass primary filters: 1, did not pass the filter by colors: 0, did not pass the filter by options: 0, added: 1, new vincodes: 0
12-12-2013 02:30:31 --- INFO: Toyota Highlander - found: 55, pass primary filters: 17, did not pass the filter by colors: 0, did not pass the filter by options: 0, added: 17, new vincodes: 0
12-12-2013 02:30:37 --- INFO: Lexus RX 350 - found: 102, pass primary filters: 78, did not pass the filter by colors: 0, did not pass the filter by options: 0, added: 78, new vincodes: 0
12-12-2013 02:30:39 --- INFO: Toyota 4RUNNER Limited V6 - found: 45, pass primary filters: 0, did not pass the filter by colors: 0, did not pass the filter by options: 0, added: 0, new vincodes: 0
12-12-2013 02:30:40 --- INFO: Lexus GX 460 - found: 2, pass primary filters: 2, did not pass the filter by colors: 0, did not pass the filter by options: 0, added: 2, new vincodes: 0
12-12-2013 02:30:42 --- INFO: Lexus RX 350 - found: 10, pass primary filters: 10, did not pass the filter by colors: 0, did not pass the filter by options: 0, added: 10, new vincodes: 0
12-12-2013 02:30:44 --- INFO: Toyota Highlander - found: 13, pass primary filters: 13, did not pass the filter by colors: 0, did not pass the filter by options: 0, added: 13, new vincodes: 0
12-12-2013 02:30:45 --- INFO: Lexus GS300 - found: 0, pass primary filters: 0, did not pass the filter by colors: 0, did not pass the filter by options: 0, added: 0, new vincodes: 0
12-12-2013 02:30:45 --- INFO: finish: 12-12-2013 02:30:45
12-12-2013 02:30:45 --- INFO: elapsed time: ~43.84 sec., memory usage: ~3.1 Mb.
12-12-2013 02:45:01 --- INFO: start: 12-12-2013 02:45:01
12-12-2013 02:45:01 --- INFO: ----------Source_Oodle (cli)
12-12-2013 02:45:03 --- INFO: Toyota Highlander - found: 27, pass primary filters: 23, did not pass the filter by colors: 0, did not pass the filter by options: 0, added: 23, new vincodes: 0
12-12-2013 02:45:08 --- INFO: Lexus RX 330 - found: 210, pass primary filters: 0, did not pass the filter by colors: 0, did not pass the filter by options: 0, added: 0, new vincodes: 0
12-12-2013 02:45:09 --- INFO: Lexus RX 400H - found: 0, pass primary filters: 0, did not pass the filter by colors: 0, did not pass the filter by options: 0, added: 0, new vincodes: 0
12-12-2013 02:45:10 --- INFO: Lexus GX 470 - found: 16, pass primary filters: 11, did not pass the filter by colors: 0, did not pass the filter by options: 0, added: 11, new vincodes: 0
12-12-2013 02:45:27 --- INFO: Lexus GX 470 - found: 206, pass primary filters: 1, did not pass the filter by colors: 0, did not pass the filter by options: 0, added: 1, new vincodes: 0
12-12-2013 02:45:39 --- INFO: Lexus LX 470 - found: 77, pass primary filters: 14, did not pass the filter by colors: 0, did not pass the filter by options: 0, added: 14, new vincodes: 0
12-12-2013 02:45:42 --- INFO: Toyota Sequoia - found: 81, pass primary filters: 7, did not pass the filter by colors: 0, did not pass the filter by options: 0, added: 7, new vincodes: 0
12-12-2013 02:45:43 --- INFO: Toyota Land Cruiser - found: 22, pass primary filters: 8, did not pass the filter by colors: 0, did not pass the filter by options: 0, added: 8, new vincodes: 0
12-12-2013 02:45:43 --- INFO: Lexus LX 570 - found: 0, pass primary filters: 0, did not pass the filter by colors: 0, did not pass the filter by options: 0, added: 0, new vincodes: 0
12-12-2013 02:45:43 --- INFO: Toyota Venza - found: 0, pass primary filters: 0, did not pass the filter by colors: 0, did not pass the filter by options: 0, added: 0, new vincodes: 0
12-12-2013 02:45:44 --- INFO: Toyota 4runner 2010 - found: 4, pass primary filters: 3, did not pass the filter by colors: 0, did not pass the filter by options: 0, added: 3, new vincodes: 0
12-12-2013 02:45:54 --- INFO: Toyota 4RUNNER 4WD V6 - found: 467, pass primary filters: 0, did not pass the filter by colors: 0, did not pass the filter by options: 0, added: 0, new vincodes: 0
12-12-2013 02:47:01 --- INFO: Toyota RAV 4 - found: 3292, pass primary filters: 0, did not pass the filter by colors: 0, did not pass the filter by options: 0, added: 0, new vincodes: 0
12-12-2013 02:47:10 --- INFO: Toyota Highlander 4WD - found: 454, pass primary filters: 0, did not pass the filter by colors: 0, did not pass the filter by options: 0, added: 0, new vincodes: 0
12-12-2013 02:47:19 --- INFO: Toyota Highlander - found: 454, pass primary filters: 0, did not pass the filter by colors: 0, did not pass the filter by options: 0, added: 0, new vincodes: 0
12-12-2013 02:47:44 --- INFO: Lexus RX 350 - found: 632, pass primary filters: 2, did not pass the filter by colors: 0, did not pass the filter by options: 0, added: 2, new vincodes: 0
12-12-2013 02:47:55 --- INFO: Toyota 4RUNNER Limited V6 - found: 542, pass primary filters: 1, did not pass the filter by colors: 0, did not pass the filter by options: 0, added: 1, new vincodes: 0
12-12-2013 02:47:55 --- INFO: Lexus GX 460 - found: 0, pass primary filters: 0, did not pass the filter by colors: 0, did not pass the filter by options: 0, added: 0, new vincodes: 0
12-12-2013 02:47:56 --- INFO: Lexus RX 350 - found: 11, pass primary filters: 5, did not pass the filter by colors: 0, did not pass the filter by options: 0, added: 5, new vincodes: 0
12-12-2013 02:47:58 --- INFO: Lexus GS300 - found: 81, pass primary filters: 3, did not pass the filter by colors: 0, did not pass the filter by options: 0, added: 3, new vincodes: 0
12-12-2013 02:48:02 --- INFO: Toyota FJ cruiser - found: 90, pass primary filters: 1, did not pass the filter by colors: 0, did not pass the filter by options: 0, added: 1, new vincodes: 0
12-12-2013 02:48:04 --- INFO: Lexus RX 350 2013 - found: 52, pass primary filters: 0, did not pass the filter by colors: 0, did not pass the filter by options: 0, added: 0, new vincodes: 0
12-12-2013 02:48:04 --- INFO: finish: 12-12-2013 02:48:04
12-12-2013 02:48:04 --- INFO: elapsed time: ~182.84 sec., memory usage: ~3.91 Mb.
12-12-2013 03:00:01 --- INFO: start: 12-12-2013 03:00:01
12-12-2013 03:00:01 --- INFO: ----------Source_AutoSalon (cli)
12-12-2013 03:00:17 --- INFO: Lexus RX 330 - found: 70, pass primary filters: 0, did not pass the filter by colors: 0, did not pass the filter by options: 0, added: 0, new vincodes: 0
12-12-2013 03:00:19 --- INFO: Lexus RX 400H - found: 1, pass primary filters: 1, did not pass the filter by colors: 0, did not pass the filter by options: 0, added: 1, new vincodes: 0
12-12-2013 03:01:22 --- INFO: Lexus GX 470 - found: 15, pass primary filters: 14, did not pass the filter by colors: 0, did not pass the filter by options: 0, added: 14, new vincodes: 0
12-12-2013 03:01:47 --- INFO: Lexus GX 470 - found: 82, pass primary filters: 6, did not pass the filter by colors: 0, did not pass the filter by options: 0, added: 6, new vincodes: 0
12-12-2013 03:04:34 --- INFO: Lexus LX 470 - found: 48, pass primary filters: 19, did not pass the filter by colors: 0, did not pass the filter by options: 0, added: 19, new vincodes: 0
12-12-2013 03:04:36 --- INFO: Toyota Sequoia - found: 0, pass primary filters: 0, did not pass the filter by colors: 0, did not pass the filter by options: 0, added: 0, new vincodes: 0
12-12-2013 03:04:39 --- INFO: Toyota Land Cruiser - found: 0, pass primary filters: 0, did not pass the filter by colors: 0, did not pass the filter by options: 0, added: 0, new vincodes: 0
12-12-2013 03:04:44 --- INFO: Lexus LX 570 - found: 24, pass primary filters: 21, did not pass the filter by colors: 0, did not pass the filter by options: 0, added: 21, new vincodes: 0
12-12-2013 03:04:47 --- INFO: Toyota Venza - found: 0, pass primary filters: 0, did not pass the filter by colors: 0, did not pass the filter by options: 0, added: 0, new vincodes: 0
12-12-2013 03:04:49 --- INFO: Toyota 4runner 2010 - found: 0, pass primary filters: 0, did not pass the filter by colors: 0, did not pass the filter by options: 0, added: 0, new vincodes: 0
12-12-2013 03:04:51 --- INFO: Toyota 4RUNNER 4WD V6 - found: 0, pass primary filters: 0, did not pass the filter by colors: 0, did not pass the filter by options: 0, added: 0, new vincodes: 0
12-12-2013 03:04:54 --- INFO: Toyota RAV 4 - found: 0, pass primary filters: 0, did not pass the filter by colors: 0, did not pass the filter by options: 0, added: 0, new vincodes: 0
12-12-2013 03:04:56 --- INFO: Toyota Highlander 4WD - found: 0, pass primary filters: 0, did not pass the filter by colors: 0, did not pass the filter by options: 0, added: 0, new vincodes: 0
12-12-2013 03:04:59 --- INFO: Toyota Highlander - found: 0, pass primary filters: 0, did not pass the filter by colors: 0, did not pass the filter by options: 0, added: 0, new vincodes: 0
12-12-2013 03:07:52 --- INFO: Lexus RX 350 - found: 167, pass primary filters: 8, did not pass the filter by colors: 0, did not pass the filter by options: 0, added: 8, new vincodes: 0
12-12-2013 03:07:55 --- INFO: Toyota 4RUNNER Limited V6 - found: 0, pass primary filters: 0, did not pass the filter by colors: 0, did not pass the filter by options: 0, added: 0, new vincodes: 0
12-12-2013 03:07:57 --- INFO: Lexus GX 460 - found: 2, pass primary filters: 2, did not pass the filter by colors: 0, did not pass the filter by options: 0, added: 2, new vincodes: 0
12-12-2013 03:08:04 --- INFO: Lexus RX 350 - found: 13, pass primary filters: 4, did not pass the filter by colors: 0, did not pass the filter by options: 0, added: 4, new vincodes: 0
12-12-2013 03:08:07 --- INFO: Toyota Highlander - found: 19, pass primary filters: 13, did not pass the filter by colors: 0, did not pass the filter by options: 0, added: 13, new vincodes: 0
12-12-2013 03:08:19 --- INFO: Lexus GS300 - found: 39, pass primary filters: 1, did not pass the filter by colors: 0, did not pass the filter by options: 0, added: 1, new vincodes: 0
12-12-2013 03:08:30 --- INFO: Toyota FJ cruiser - found: 26, pass primary filters: 0, did not pass the filter by colors: 0, did not pass the filter by options: 0, added: 0, new vincodes: 0
12-12-2013 03:08:38 --- INFO: Lexus RX 350 2013 - found: 25, pass primary filters: 12, did not pass the filter by colors: 0, did not pass the filter by options: 0, added: 12, new vincodes: 1
12-12-2013 03:08:38 --- INFO: finish: 12-12-2013 03:08:38
12-12-2013 03:08:38 --- INFO: elapsed time: ~516.81 sec., memory usage: ~3.15 Mb.