
13-01-2014 15:56:01 --- INFO: start: 13-01-2014 15:56:01
13-01-2014 15:56:01 --- INFO: ----------Source_Adesa (apache2handler)
13-01-2014 15:56:02 --- INFO: Authorized request
13-01-2014 15:56:07 --- INFO: Lexus RX 330 - found: 8, pass primary filters: 5, did not pass the filter by colors: 3, did not pass the filter by options: 0, added: 2, new vincodes: 2
13-01-2014 15:56:08 --- INFO: Lexus RX 400H - found: 4, pass primary filters: 4, did not pass the filter by colors: 3, did not pass the filter by options: 0, added: 1, new vincodes: 0
13-01-2014 15:56:08 --- INFO: Lexus GX 470 - found: 1, pass primary filters: 0, did not pass the filter by colors: 0, did not pass the filter by options: 0, added: 0, new vincodes: 0
13-01-2014 15:56:12 --- INFO: Lexus GX 470 - found: 8, pass primary filters: 8, did not pass the filter by colors: 4, did not pass the filter by options: 2, added: 2, new vincodes: 3
13-01-2014 15:56:13 --- INFO: Lexus LX 470 - found: 5, pass primary filters: 5, did not pass the filter by colors: 5, did not pass the filter by options: , added: 0, new vincodes: 1
13-01-2014 15:56:13 --- INFO: Toyota Sequoia - found: 0, pass primary filters: 0, did not pass the filter by colors: 0, did not pass the filter by options: 0, added: 0, new vincodes: 0
13-01-2014 15:56:14 --- INFO: Toyota Land Cruiser - found: 1, pass primary filters: 1, did not pass the filter by colors: 1, did not pass the filter by options: , added: 0, new vincodes: 0
13-01-2014 15:56:14 --- INFO: Lexus LX 570 - found: 0, pass primary filters: 0, did not pass the filter by colors: 0, did not pass the filter by options: 0, added: 0, new vincodes: 0
13-01-2014 15:56:15 --- INFO: Toyota Venza - found: 0, pass primary filters: 0, did not pass the filter by colors: 0, did not pass the filter by options: 0, added: 0, new vincodes: 0
13-01-2014 15:56:15 --- INFO: Toyota 4runner 2010 - found: 0, pass primary filters: 0, did not pass the filter by colors: 0, did not pass the filter by options: 0, added: 0, new vincodes: 0
13-01-2014 15:58:39 --- INFO: Toyota 4RUNNER 4WD V6 - found: 17, pass primary filters: 8, did not pass the filter by colors: 3, did not pass the filter by options: , added: 5, new vincodes: 4
13-01-2014 15:58:39 --- INFO: Toyota FJ cruiser - found: 5, pass primary filters: 0, did not pass the filter by colors: 0, did not pass the filter by options: 0, added: 0, new vincodes: 0
13-01-2014 15:58:40 --- INFO: Lexus RX 350 2013 - found: 0, pass primary filters: 0, did not pass the filter by colors: 0, did not pass the filter by options: 0, added: 0, new vincodes: 0
13-01-2014 15:58:46 --- INFO: Toyota Highlander - found: 20, pass primary filters: 7, did not pass the filter by colors: 4, did not pass the filter by options: , added: 3, new vincodes: 3
13-01-2014 15:58:51 --- INFO: Lexus RX 350 - found: 20, pass primary filters: 18, did not pass the filter by colors: 9, did not pass the filter by options: 5, added: 4, new vincodes: 2
13-01-2014 15:58:51 --- INFO: Toyota 4RUNNER Limited V6 - found: 17, pass primary filters: 2, did not pass the filter by colors: 0, did not pass the filter by options: , added: 2, new vincodes: 0
13-01-2014 15:58:51 --- INFO: finish: 13-01-2014 15:58:51
13-01-2014 15:58:51 --- INFO: elapsed time: ~170.6 sec., memory usage: ~3.65 Mb.
13-01-2014 16:14:51 --- INFO: start: 13-01-2014 16:14:51
13-01-2014 16:14:51 --- INFO: ----------Source_Oodle (apache2handler)
13-01-2014 16:15:39 --- INFO: Toyota Highlander - found: 26, pass primary filters: 23, did not pass the filter by colors: 0, did not pass the filter by options: 0, added: 23, new vincodes: 3
13-01-2014 16:16:02 --- INFO: Lexus RX 330 - found: 212, pass primary filters: 0, did not pass the filter by colors: 0, did not pass the filter by options: 0, added: 0, new vincodes: 0
13-01-2014 16:16:02 --- INFO: Lexus RX 400H - found: 0, pass primary filters: 0, did not pass the filter by colors: 0, did not pass the filter by options: 0, added: 0, new vincodes: 0
13-01-2014 16:18:17 --- INFO: Lexus GX 470 - found: 21, pass primary filters: 14, did not pass the filter by colors: 0, did not pass the filter by options: 0, added: 14, new vincodes: 4
13-01-2014 16:19:56 --- INFO: Lexus GX 470 - found: 190, pass primary filters: 10, did not pass the filter by colors: 0, did not pass the filter by options: 0, added: 10, new vincodes: 0
13-01-2014 16:20:01 --- INFO: Lexus LX 470 - found: 67, pass primary filters: 7, did not pass the filter by colors: 0, did not pass the filter by options: 0, added: 7, new vincodes: 0
13-01-2014 16:20:59 --- INFO: Toyota Sequoia - found: 78, pass primary filters: 5, did not pass the filter by colors: 0, did not pass the filter by options: 0, added: 5, new vincodes: 0
13-01-2014 16:21:10 --- INFO: Toyota Land Cruiser - found: 28, pass primary filters: 14, did not pass the filter by colors: 0, did not pass the filter by options: 0, added: 14, new vincodes: 1
13-01-2014 16:21:11 --- INFO: Lexus LX 570 - found: 0, pass primary filters: 0, did not pass the filter by colors: 0, did not pass the filter by options: 0, added: 0, new vincodes: 0
13-01-2014 16:21:11 --- INFO: Toyota Venza - found: 0, pass primary filters: 0, did not pass the filter by colors: 0, did not pass the filter by options: 0, added: 0, new vincodes: 0
13-01-2014 16:21:12 --- INFO: Toyota 4runner 2010 - found: 6, pass primary filters: 3, did not pass the filter by colors: 0, did not pass the filter by options: 0, added: 3, new vincodes: 0
13-01-2014 16:22:08 --- INFO: Toyota 4RUNNER 4WD V6 - found: 447, pass primary filters: 0, did not pass the filter by colors: 0, did not pass the filter by options: 0, added: 0, new vincodes: 0
13-01-2014 16:23:11 --- INFO: Toyota RAV 4 - found: 3009, pass primary filters: 0, did not pass the filter by colors: 0, did not pass the filter by options: 0, added: 0, new vincodes: 0
13-01-2014 16:23:36 --- INFO: Toyota Highlander 4WD - found: 456, pass primary filters: 0, did not pass the filter by colors: 0, did not pass the filter by options: 0, added: 0, new vincodes: 0
13-01-2014 16:23:45 --- INFO: Toyota Highlander - found: 456, pass primary filters: 0, did not pass the filter by colors: 0, did not pass the filter by options: 0, added: 0, new vincodes: 0
13-01-2014 16:25:08 --- INFO: Lexus RX 350 - found: 640, pass primary filters: 2, did not pass the filter by colors: 0, did not pass the filter by options: 0, added: 2, new vincodes: 0
13-01-2014 16:25:21 --- INFO: Toyota 4RUNNER Limited V6 - found: 511, pass primary filters: 0, did not pass the filter by colors: 0, did not pass the filter by options: 0, added: 0, new vincodes: 0
13-01-2014 16:25:22 --- INFO: Lexus GX 460 - found: 0, pass primary filters: 0, did not pass the filter by colors: 0, did not pass the filter by options: 0, added: 0, new vincodes: 0
13-01-2014 16:25:24 --- INFO: Lexus RX 350 - found: 9, pass primary filters: 5, did not pass the filter by colors: 0, did not pass the filter by options: 0, added: 5, new vincodes: 0
13-01-2014 16:25:37 --- INFO: Lexus GS300 - found: 99, pass primary filters: 5, did not pass the filter by colors: 0, did not pass the filter by options: 0, added: 5, new vincodes: 0
13-01-2014 16:26:34 --- INFO: Toyota FJ cruiser - found: 79, pass primary filters: 0, did not pass the filter by colors: 0, did not pass the filter by options: 0, added: 0, new vincodes: 0
13-01-2014 16:28:52 --- INFO: Lexus RX 350 2013 - found: 85, pass primary filters: 5, did not pass the filter by colors: 0, did not pass the filter by options: 0, added: 5, new vincodes: 0
13-01-2014 16:28:52 --- INFO: finish: 13-01-2014 16:28:52
13-01-2014 16:28:52 --- INFO: elapsed time: ~840.67 sec., memory usage: ~6.37 Mb.
13-01-2014 21:19:04 --- INFO: start: 13-01-2014 21:19:04
13-01-2014 21:19:04 --- INFO: ----------Source_Oodle (apache2handler)
13-01-2014 21:19:40 --- INFO: Toyota Highlander - found: 26, pass primary filters: 24, did not pass the filter by colors: 0, did not pass the filter by options: 0, added: 24, new vincodes: 2
13-01-2014 21:19:45 --- INFO: Lexus RX 330 - found: 213, pass primary filters: 0, did not pass the filter by colors: 0, did not pass the filter by options: 0, added: 0, new vincodes: 0
13-01-2014 21:19:46 --- INFO: Lexus RX 400H - found: 0, pass primary filters: 0, did not pass the filter by colors: 0, did not pass the filter by options: 0, added: 0, new vincodes: 0
13-01-2014 21:20:22 --- INFO: Lexus GX 470 - found: 20, pass primary filters: 14, did not pass the filter by colors: 0, did not pass the filter by options: 0, added: 14, new vincodes: 1
13-01-2014 21:22:11 --- INFO: Lexus GX 470 - found: 190, pass primary filters: 10, did not pass the filter by colors: 0, did not pass the filter by options: 0, added: 10, new vincodes: 0
13-01-2014 21:22:14 --- INFO: Lexus LX 470 - found: 66, pass primary filters: 6, did not pass the filter by colors: 0, did not pass the filter by options: 0, added: 6, new vincodes: 0
13-01-2014 21:22:17 --- INFO: Toyota Sequoia - found: 76, pass primary filters: 5, did not pass the filter by colors: 0, did not pass the filter by options: 0, added: 5, new vincodes: 0
13-01-2014 21:22:20 --- INFO: Toyota Land Cruiser - found: 26, pass primary filters: 15, did not pass the filter by colors: 0, did not pass the filter by options: 0, added: 15, new vincodes: 1
13-01-2014 21:22:20 --- INFO: Lexus LX 570 - found: 0, pass primary filters: 0, did not pass the filter by colors: 0, did not pass the filter by options: 0, added: 0, new vincodes: 0
13-01-2014 21:22:21 --- INFO: Toyota Venza - found: 0, pass primary filters: 0, did not pass the filter by colors: 0, did not pass the filter by options: 0, added: 0, new vincodes: 0
13-01-2014 21:22:21 --- INFO: Toyota 4runner 2010 - found: 6, pass primary filters: 3, did not pass the filter by colors: 0, did not pass the filter by options: 0, added: 3, new vincodes: 0
13-01-2014 21:22:32 --- INFO: Toyota 4RUNNER 4WD V6 - found: 443, pass primary filters: 0, did not pass the filter by colors: 0, did not pass the filter by options: 0, added: 0, new vincodes: 0
13-01-2014 21:23:36 --- INFO: Toyota RAV 4 - found: 2964, pass primary filters: 0, did not pass the filter by colors: 0, did not pass the filter by options: 0, added: 0, new vincodes: 0
13-01-2014 21:23:46 --- INFO: Toyota Highlander 4WD - found: 454, pass primary filters: 0, did not pass the filter by colors: 0, did not pass the filter by options: 0, added: 0, new vincodes: 0
13-01-2014 21:23:56 --- INFO: Toyota Highlander - found: 454, pass primary filters: 0, did not pass the filter by colors: 0, did not pass the filter by options: 0, added: 0, new vincodes: 0
13-01-2014 21:24:13 --- INFO: Lexus RX 350 - found: 638, pass primary filters: 2, did not pass the filter by colors: 0, did not pass the filter by options: 0, added: 2, new vincodes: 0
13-01-2014 21:24:25 --- INFO: Toyota 4RUNNER Limited V6 - found: 506, pass primary filters: 0, did not pass the filter by colors: 0, did not pass the filter by options: 0, added: 0, new vincodes: 0
13-01-2014 21:24:25 --- INFO: Lexus GX 460 - found: 0, pass primary filters: 0, did not pass the filter by colors: 0, did not pass the filter by options: 0, added: 0, new vincodes: 0
13-01-2014 21:24:26 --- INFO: Lexus RX 350 - found: 10, pass primary filters: 5, did not pass the filter by colors: 0, did not pass the filter by options: 0, added: 5, new vincodes: 0
13-01-2014 21:25:25 --- INFO: Lexus GS300 - found: 101, pass primary filters: 0, did not pass the filter by colors: 0, did not pass the filter by options: 0, added: 0, new vincodes: 0
13-01-2014 21:25:27 --- INFO: Toyota FJ cruiser - found: 74, pass primary filters: 0, did not pass the filter by colors: 0, did not pass the filter by options: 0, added: 0, new vincodes: 0
13-01-2014 21:26:09 --- INFO: Lexus RX 350 2013 - found: 84, pass primary filters: 6, did not pass the filter by colors: 0, did not pass the filter by options: 0, added: 6, new vincodes: 1
13-01-2014 21:26:09 --- INFO: finish: 13-01-2014 21:26:09
13-01-2014 21:26:09 --- INFO: elapsed time: ~424.92 sec., memory usage: ~5.92 Mb.
13-01-2014 22:08:02 --- INFO: start: 13-01-2014 22:08:02
13-01-2014 22:08:02 --- INFO: ----------Source_Oodle (apache2handler)
13-01-2014 22:08:04 --- INFO: Toyota Highlander - found: 26, pass primary filters: 24, did not pass the filter by colors: 0, did not pass the filter by options: 0, added: 24, new vincodes: 0
13-01-2014 22:08:10 --- INFO: Lexus RX 330 - found: 216, pass primary filters: 0, did not pass the filter by colors: 0, did not pass the filter by options: 0, added: 0, new vincodes: 0
13-01-2014 22:08:11 --- INFO: Lexus RX 400H - found: 0, pass primary filters: 0, did not pass the filter by colors: 0, did not pass the filter by options: 0, added: 0, new vincodes: 0
13-01-2014 22:08:12 --- INFO: Lexus GX 470 - found: 20, pass primary filters: 14, did not pass the filter by colors: 0, did not pass the filter by options: 0, added: 14, new vincodes: 0
13-01-2014 22:08:53 --- INFO: Lexus GX 470 - found: 195, pass primary filters: 10, did not pass the filter by colors: 0, did not pass the filter by options: 0, added: 10, new vincodes: 0
13-01-2014 22:08:56 --- INFO: Lexus LX 470 - found: 66, pass primary filters: 6, did not pass the filter by colors: 0, did not pass the filter by options: 0, added: 6, new vincodes: 0
13-01-2014 22:08:59 --- INFO: Toyota Sequoia - found: 76, pass primary filters: 5, did not pass the filter by colors: 0, did not pass the filter by options: 0, added: 5, new vincodes: 0
13-01-2014 22:09:00 --- INFO: Toyota Land Cruiser - found: 26, pass primary filters: 15, did not pass the filter by colors: 0, did not pass the filter by options: 0, added: 15, new vincodes: 0
13-01-2014 22:09:00 --- INFO: Lexus LX 570 - found: 0, pass primary filters: 0, did not pass the filter by colors: 0, did not pass the filter by options: 0, added: 0, new vincodes: 0
13-01-2014 22:09:01 --- INFO: Toyota Venza - found: 0, pass primary filters: 0, did not pass the filter by colors: 0, did not pass the filter by options: 0, added: 0, new vincodes: 0
13-01-2014 22:09:02 --- INFO: Toyota 4runner 2010 - found: 6, pass primary filters: 3, did not pass the filter by colors: 0, did not pass the filter by options: 0, added: 3, new vincodes: 0
13-01-2014 22:09:12 --- INFO: Toyota 4RUNNER 4WD V6 - found: 449, pass primary filters: 0, did not pass the filter by colors: 0, did not pass the filter by options: 0, added: 0, new vincodes: 0
13-01-2014 22:10:15 --- INFO: Toyota RAV 4 - found: 3005, pass primary filters: 0, did not pass the filter by colors: 0, did not pass the filter by options: 0, added: 0, new vincodes: 0
13-01-2014 22:10:25 --- INFO: Toyota Highlander 4WD - found: 454, pass primary filters: 0, did not pass the filter by colors: 0, did not pass the filter by options: 0, added: 0, new vincodes: 0
13-01-2014 22:10:35 --- INFO: Toyota Highlander - found: 454, pass primary filters: 0, did not pass the filter by colors: 0, did not pass the filter by options: 0, added: 0, new vincodes: 0
13-01-2014 22:10:51 --- INFO: Lexus RX 350 - found: 655, pass primary filters: 1, did not pass the filter by colors: 0, did not pass the filter by options: 0, added: 1, new vincodes: 0
13-01-2014 22:11:03 --- INFO: Toyota 4RUNNER Limited V6 - found: 512, pass primary filters: 0, did not pass the filter by colors: 0, did not pass the filter by options: 0, added: 0, new vincodes: 0
13-01-2014 22:11:03 --- INFO: Lexus GX 460 - found: 0, pass primary filters: 0, did not pass the filter by colors: 0, did not pass the filter by options: 0, added: 0, new vincodes: 0
13-01-2014 22:11:04 --- INFO: Lexus RX 350 - found: 10, pass primary filters: 5, did not pass the filter by colors: 0, did not pass the filter by options: 0, added: 5, new vincodes: 0
13-01-2014 22:11:07 --- INFO: Lexus GS300 - found: 102, pass primary filters: 0, did not pass the filter by colors: 0, did not pass the filter by options: 0, added: 0, new vincodes: 0
13-01-2014 22:11:09 --- INFO: Toyota FJ cruiser - found: 74, pass primary filters: 0, did not pass the filter by colors: 0, did not pass the filter by options: 0, added: 0, new vincodes: 0
13-01-2014 22:11:12 --- INFO: Lexus RX 350 2013 - found: 83, pass primary filters: 6, did not pass the filter by colors: 0, did not pass the filter by options: 0, added: 6, new vincodes: 0
13-01-2014 22:11:12 --- INFO: finish: 13-01-2014 22:11:12
13-01-2014 22:11:12 --- INFO: elapsed time: ~189.95 sec., memory usage: ~5.79 Mb.