
13-12-2013 09:52:33 --- INFO: start: 13-12-2013 09:52:33
13-12-2013 09:52:33 --- INFO: ----------Source_Adesa (apache2handler)
13-12-2013 09:52:34 --- INFO: Authorized request
13-12-2013 09:52:36 --- INFO: Lexus RX 330 - found: 16, pass primary filters: 9, did not pass the filter by colors: 3, did not pass the filter by options: 5, added: 1, new vincodes: 2
13-12-2013 09:52:37 --- INFO: Lexus RX 400H - found: 7, pass primary filters: 5, did not pass the filter by colors: 5, did not pass the filter by options: 0, added: 0, new vincodes: 0
13-12-2013 09:52:39 --- INFO: Lexus GX 470 - found: 3, pass primary filters: 3, did not pass the filter by colors: 2, did not pass the filter by options: 0, added: 1, new vincodes: 1
13-12-2013 09:52:39 --- INFO: Lexus GX 470 - found: 17, pass primary filters: 2, did not pass the filter by colors: 1, did not pass the filter by options: 1, added: 0, new vincodes: 1
13-12-2013 09:52:40 --- INFO: Lexus LX 470 - found: 10, pass primary filters: 2, did not pass the filter by colors: 2, did not pass the filter by options: , added: 0, new vincodes: 0
13-12-2013 09:52:41 --- INFO: Toyota Sequoia - found: 0, pass primary filters: 0, did not pass the filter by colors: 0, did not pass the filter by options: 0, added: 0, new vincodes: 0
13-12-2013 09:52:41 --- INFO: Toyota Land Cruiser - found: 2, pass primary filters: 2, did not pass the filter by colors: 2, did not pass the filter by options: , added: 0, new vincodes: 0
13-12-2013 09:52:42 --- INFO: Lexus LX 570 - found: 0, pass primary filters: 0, did not pass the filter by colors: 0, did not pass the filter by options: 0, added: 0, new vincodes: 0
13-12-2013 09:52:42 --- INFO: Toyota Venza - found: 0, pass primary filters: 0, did not pass the filter by colors: 0, did not pass the filter by options: 0, added: 0, new vincodes: 0
13-12-2013 09:52:43 --- INFO: Toyota 4runner 2010 - found: 0, pass primary filters: 0, did not pass the filter by colors: 0, did not pass the filter by options: 0, added: 0, new vincodes: 0
13-12-2013 09:53:49 --- INFO: Toyota 4RUNNER 4WD V6 - found: 33, pass primary filters: 9, did not pass the filter by colors: 3, did not pass the filter by options: , added: 6, new vincodes: 5
13-12-2013 09:53:49 --- INFO: Toyota FJ cruiser - found: 9, pass primary filters: 0, did not pass the filter by colors: 0, did not pass the filter by options: 0, added: 0, new vincodes: 0
13-12-2013 09:53:50 --- INFO: Lexus RX 350 2013 - found: 0, pass primary filters: 0, did not pass the filter by colors: 0, did not pass the filter by options: 0, added: 0, new vincodes: 0
13-12-2013 09:54:46 --- INFO: Toyota Highlander - found: 46, pass primary filters: 1, did not pass the filter by colors: 1, did not pass the filter by options: , added: 0, new vincodes: 1
13-12-2013 09:56:44 --- INFO: Lexus RX 350 - found: 41, pass primary filters: 28, did not pass the filter by colors: 11, did not pass the filter by options: 9, added: 8, new vincodes: 6
13-12-2013 09:56:45 --- INFO: Toyota 4RUNNER Limited V6 - found: 38, pass primary filters: 0, did not pass the filter by colors: 0, did not pass the filter by options: 0, added: 0, new vincodes: 0
13-12-2013 09:56:45 --- INFO: finish: 13-12-2013 09:56:45
13-12-2013 09:56:45 --- INFO: elapsed time: ~251.86 sec., memory usage: ~3.78 Mb.
13-12-2013 16:02:43 --- INFO: start: 13-12-2013 16:02:43
13-12-2013 16:02:43 --- INFO: ----------Source_Oodle (apache2handler)
13-12-2013 16:02:45 --- INFO: Toyota Highlander - found: 27, pass primary filters: 23, did not pass the filter by colors: 0, did not pass the filter by options: 0, added: 23, new vincodes: 0
13-12-2013 16:02:50 --- INFO: Lexus RX 330 - found: 216, pass primary filters: 0, did not pass the filter by colors: 0, did not pass the filter by options: 0, added: 0, new vincodes: 0
13-12-2013 16:02:50 --- INFO: Lexus RX 400H - found: 0, pass primary filters: 0, did not pass the filter by colors: 0, did not pass the filter by options: 0, added: 0, new vincodes: 0
13-12-2013 16:02:51 --- INFO: Lexus GX 470 - found: 16, pass primary filters: 10, did not pass the filter by colors: 0, did not pass the filter by options: 0, added: 10, new vincodes: 0
13-12-2013 16:03:50 --- INFO: Lexus GX 470 - found: 200, pass primary filters: 10, did not pass the filter by colors: 0, did not pass the filter by options: 0, added: 10, new vincodes: 0
13-12-2013 16:04:07 --- INFO: Lexus LX 470 - found: 77, pass primary filters: 15, did not pass the filter by colors: 0, did not pass the filter by options: 0, added: 15, new vincodes: 0
13-12-2013 16:04:59 --- INFO: Toyota Sequoia - found: 84, pass primary filters: 10, did not pass the filter by colors: 0, did not pass the filter by options: 0, added: 10, new vincodes: 0
13-12-2013 16:05:01 --- INFO: Toyota Land Cruiser - found: 23, pass primary filters: 9, did not pass the filter by colors: 0, did not pass the filter by options: 0, added: 9, new vincodes: 0
13-12-2013 16:05:01 --- INFO: Lexus LX 570 - found: 0, pass primary filters: 0, did not pass the filter by colors: 0, did not pass the filter by options: 0, added: 0, new vincodes: 0
13-12-2013 16:05:01 --- INFO: Toyota Venza - found: 0, pass primary filters: 0, did not pass the filter by colors: 0, did not pass the filter by options: 0, added: 0, new vincodes: 0
13-12-2013 16:05:02 --- INFO: Toyota 4runner 2010 - found: 3, pass primary filters: 2, did not pass the filter by colors: 0, did not pass the filter by options: 0, added: 2, new vincodes: 0
13-12-2013 16:05:13 --- INFO: Toyota 4RUNNER 4WD V6 - found: 479, pass primary filters: 0, did not pass the filter by colors: 0, did not pass the filter by options: 0, added: 0, new vincodes: 0
13-12-2013 16:06:21 --- INFO: Toyota RAV 4 - found: 3339, pass primary filters: 0, did not pass the filter by colors: 0, did not pass the filter by options: 0, added: 0, new vincodes: 0
13-12-2013 16:06:30 --- INFO: Toyota Highlander 4WD - found: 459, pass primary filters: 0, did not pass the filter by colors: 0, did not pass the filter by options: 0, added: 0, new vincodes: 0
13-12-2013 16:06:57 --- INFO: Toyota Highlander - found: 459, pass primary filters: 0, did not pass the filter by colors: 0, did not pass the filter by options: 0, added: 0, new vincodes: 0
13-12-2013 16:07:12 --- INFO: Lexus RX 350 - found: 630, pass primary filters: 2, did not pass the filter by colors: 0, did not pass the filter by options: 0, added: 2, new vincodes: 0
13-12-2013 16:07:24 --- INFO: Toyota 4RUNNER Limited V6 - found: 556, pass primary filters: 0, did not pass the filter by colors: 0, did not pass the filter by options: 0, added: 0, new vincodes: 0
13-12-2013 16:07:25 --- INFO: Lexus GX 460 - found: 0, pass primary filters: 0, did not pass the filter by colors: 0, did not pass the filter by options: 0, added: 0, new vincodes: 0
13-12-2013 16:07:25 --- INFO: Lexus RX 350 - found: 12, pass primary filters: 5, did not pass the filter by colors: 0, did not pass the filter by options: 0, added: 5, new vincodes: 0
13-12-2013 16:07:28 --- INFO: Lexus GS300 - found: 87, pass primary filters: 3, did not pass the filter by colors: 0, did not pass the filter by options: 0, added: 3, new vincodes: 0
13-12-2013 16:07:38 --- INFO: Toyota FJ cruiser - found: 91, pass primary filters: 0, did not pass the filter by colors: 0, did not pass the filter by options: 0, added: 0, new vincodes: 0
13-12-2013 16:07:40 --- INFO: Lexus RX 350 2013 - found: 68, pass primary filters: 1, did not pass the filter by colors: 0, did not pass the filter by options: 0, added: 1, new vincodes: 0
13-12-2013 16:07:40 --- INFO: finish: 13-12-2013 16:07:40
13-12-2013 16:07:40 --- INFO: elapsed time: ~296.81 sec., memory usage: ~5.59 Mb.