
15-11-2013 02:00:01 --- INFO: start: 15-11-2013 02:00:01
15-11-2013 02:00:01 --- INFO: ----------Source_Adesa (cli)
15-11-2013 02:00:03 --- INFO: Authorized request
15-11-2013 02:00:04 --- INFO: Lexus RX 330 - found: 9, pass primary filters: 3, did not pass the filter by colors: 2, did not pass the filter by options: 1, added: 0, new vincodes: 0
15-11-2013 02:00:05 --- INFO: Lexus RX 400H - found: 2, pass primary filters: 1, did not pass the filter by colors: 1, did not pass the filter by options: 0, added: 0, new vincodes: 0
15-11-2013 02:00:05 --- INFO: Lexus GX 470 - found: 2, pass primary filters: 2, did not pass the filter by colors: 0, did not pass the filter by options: 1, added: 1, new vincodes: 0
15-11-2013 02:00:06 --- INFO: Lexus GX 470 - found: 11, pass primary filters: 11, did not pass the filter by colors: 8, did not pass the filter by options: 2, added: 1, new vincodes: 0
15-11-2013 02:00:07 --- INFO: Lexus LX 470 - found: 2, pass primary filters: 2, did not pass the filter by colors: 2, did not pass the filter by options: , added: 0, new vincodes: 0
15-11-2013 02:00:07 --- INFO: Toyota Sequoia - found: 0, pass primary filters: 0, did not pass the filter by colors: 0, did not pass the filter by options: 0, added: 0, new vincodes: 0
15-11-2013 02:00:08 --- INFO: Toyota Land Cruiser - found: 1, pass primary filters: 1, did not pass the filter by colors: 1, did not pass the filter by options: , added: 0, new vincodes: 0
15-11-2013 02:00:08 --- INFO: Lexus LX 570 - found: 0, pass primary filters: 0, did not pass the filter by colors: 0, did not pass the filter by options: 0, added: 0, new vincodes: 0
15-11-2013 02:00:09 --- INFO: Toyota Venza - found: 0, pass primary filters: 0, did not pass the filter by colors: 0, did not pass the filter by options: 0, added: 0, new vincodes: 0
15-11-2013 02:00:10 --- INFO: Toyota 4runner 2010 - found: 0, pass primary filters: 0, did not pass the filter by colors: 0, did not pass the filter by options: 0, added: 0, new vincodes: 0
15-11-2013 02:01:14 --- INFO: Toyota 4RUNNER 4WD V6 - found: 36, pass primary filters: 9, did not pass the filter by colors: 4, did not pass the filter by options: , added: 5, new vincodes: 1
15-11-2013 02:01:15 --- INFO: Toyota FJ cruiser - found: 10, pass primary filters: 0, did not pass the filter by colors: 0, did not pass the filter by options: 0, added: 0, new vincodes: 0
15-11-2013 02:01:16 --- INFO: Lexus RX 350 2013 - found: 0, pass primary filters: 0, did not pass the filter by colors: 0, did not pass the filter by options: 0, added: 0, new vincodes: 0
15-11-2013 02:01:17 --- INFO: Toyota Highlander - found: 44, pass primary filters: 12, did not pass the filter by colors: 8, did not pass the filter by options: , added: 4, new vincodes: 1
15-11-2013 02:01:19 --- INFO: Lexus RX 350 - found: 30, pass primary filters: 21, did not pass the filter by colors: 11, did not pass the filter by options: 7, added: 3, new vincodes: 1
15-11-2013 02:01:20 --- INFO: Toyota 4RUNNER Limited V6 - found: 42, pass primary filters: 0, did not pass the filter by colors: 0, did not pass the filter by options: 0, added: 0, new vincodes: 0
15-11-2013 02:01:20 --- INFO: finish: 15-11-2013 02:01:20
15-11-2013 02:01:20 --- INFO: elapsed time: ~78.42 sec., memory usage: ~2.41 Mb.
15-11-2013 02:30:01 --- INFO: start: 15-11-2013 02:30:01
15-11-2013 02:30:01 --- INFO: ----------Source_ExpOfCars (cli)
15-11-2013 02:30:03 --- INFO: Lexus RX 330 - found: 11, pass primary filters: 7, did not pass the filter by colors: 0, did not pass the filter by options: 0, added: 7, new vincodes: 0
15-11-2013 02:30:05 --- INFO: Lexus RX 400H - found: 13, pass primary filters: 12, did not pass the filter by colors: 0, did not pass the filter by options: 0, added: 12, new vincodes: 0
15-11-2013 02:30:06 --- INFO: Lexus GX 470 - found: 7, pass primary filters: 7, did not pass the filter by colors: 0, did not pass the filter by options: 0, added: 7, new vincodes: 0
15-11-2013 02:30:09 --- INFO: Lexus GX 470 - found: 34, pass primary filters: 34, did not pass the filter by colors: 0, did not pass the filter by options: 0, added: 34, new vincodes: 0
15-11-2013 02:30:10 --- INFO: Lexus LX 470 - found: 4, pass primary filters: 4, did not pass the filter by colors: 0, did not pass the filter by options: 0, added: 4, new vincodes: 0
15-11-2013 02:30:11 --- INFO: Toyota Sequoia - found: 14, pass primary filters: 14, did not pass the filter by colors: 0, did not pass the filter by options: 0, added: 14, new vincodes: 0
15-11-2013 02:30:12 --- INFO: Toyota Land Cruiser - found: 3, pass primary filters: 3, did not pass the filter by colors: 0, did not pass the filter by options: 0, added: 3, new vincodes: 0
15-11-2013 02:30:14 --- INFO: Lexus LX 570 - found: 12, pass primary filters: 12, did not pass the filter by colors: 0, did not pass the filter by options: 0, added: 12, new vincodes: 0
15-11-2013 02:30:16 --- INFO: Toyota Venza - found: 7, pass primary filters: 7, did not pass the filter by colors: 0, did not pass the filter by options: 0, added: 7, new vincodes: 0
15-11-2013 02:30:17 --- INFO: Toyota 4runner 2010 - found: 2, pass primary filters: 2, did not pass the filter by colors: 0, did not pass the filter by options: 0, added: 2, new vincodes: 0
15-11-2013 02:30:19 --- INFO: Toyota 4RUNNER 4WD V6 - found: 45, pass primary filters: 15, did not pass the filter by colors: 0, did not pass the filter by options: 0, added: 15, new vincodes: 0
15-11-2013 02:30:25 --- INFO: Toyota RAV 4 - found: 163, pass primary filters: 0, did not pass the filter by colors: 0, did not pass the filter by options: 0, added: 0, new vincodes: 0
15-11-2013 02:30:27 --- INFO: Toyota Highlander 4WD - found: 40, pass primary filters: 1, did not pass the filter by colors: 0, did not pass the filter by options: 0, added: 1, new vincodes: 0
15-11-2013 02:30:29 --- INFO: Toyota Highlander - found: 40, pass primary filters: 8, did not pass the filter by colors: 0, did not pass the filter by options: 0, added: 8, new vincodes: 0
15-11-2013 02:30:33 --- INFO: Lexus RX 350 - found: 89, pass primary filters: 63, did not pass the filter by colors: 0, did not pass the filter by options: 0, added: 63, new vincodes: 0
15-11-2013 02:30:35 --- INFO: Toyota 4RUNNER Limited V6 - found: 50, pass primary filters: 3, did not pass the filter by colors: 0, did not pass the filter by options: 0, added: 3, new vincodes: 0
15-11-2013 02:30:36 --- INFO: Lexus GX 460 - found: 2, pass primary filters: 2, did not pass the filter by colors: 0, did not pass the filter by options: 0, added: 2, new vincodes: 0
15-11-2013 02:30:36 --- INFO: Lexus RX 350 - found: 4, pass primary filters: 4, did not pass the filter by colors: 0, did not pass the filter by options: 0, added: 4, new vincodes: 0
15-11-2013 02:30:37 --- INFO: Toyota Highlander - found: 7, pass primary filters: 7, did not pass the filter by colors: 0, did not pass the filter by options: 0, added: 7, new vincodes: 0
15-11-2013 02:30:39 --- INFO: Lexus GS300 - found: 9, pass primary filters: 3, did not pass the filter by colors: 0, did not pass the filter by options: 0, added: 3, new vincodes: 0
15-11-2013 02:30:39 --- INFO: finish: 15-11-2013 02:30:39
15-11-2013 02:30:39 --- INFO: elapsed time: ~37.24 sec., memory usage: ~2.92 Mb.
15-11-2013 02:45:01 --- INFO: start: 15-11-2013 02:45:01
15-11-2013 02:45:01 --- INFO: ----------Source_Oodle (cli)
15-11-2013 02:45:03 --- INFO: Toyota Highlander - found: 66, pass primary filters: 12, did not pass the filter by colors: 0, did not pass the filter by options: 0, added: 12, new vincodes: 0
15-11-2013 02:45:53 --- INFO: Lexus RX 330 - found: 610, pass primary filters: 2, did not pass the filter by colors: 0, did not pass the filter by options: 0, added: 2, new vincodes: 0
15-11-2013 02:45:54 --- INFO: Lexus RX 400H - found: 0, pass primary filters: 0, did not pass the filter by colors: 0, did not pass the filter by options: 0, added: 0, new vincodes: 0
15-11-2013 02:47:05 --- INFO: Lexus GX 470 - found: 48, pass primary filters: 40, did not pass the filter by colors: 0, did not pass the filter by options: 0, added: 40, new vincodes: 1
15-11-2013 02:48:14 --- INFO: Lexus GX 470 - found: 595, pass primary filters: 22, did not pass the filter by colors: 0, did not pass the filter by options: 0, added: 22, new vincodes: 0
15-11-2013 02:48:51 --- INFO: Lexus LX 470 - found: 186, pass primary filters: 22, did not pass the filter by colors: 0, did not pass the filter by options: 0, added: 22, new vincodes: 0
15-11-2013 02:48:58 --- INFO: Toyota Sequoia - found: 238, pass primary filters: 12, did not pass the filter by colors: 0, did not pass the filter by options: 0, added: 12, new vincodes: 0
15-11-2013 02:48:59 --- INFO: Toyota Land Cruiser - found: 21, pass primary filters: 3, did not pass the filter by colors: 0, did not pass the filter by options: 0, added: 3, new vincodes: 0
15-11-2013 02:48:59 --- INFO: Lexus LX 570 - found: 0, pass primary filters: 0, did not pass the filter by colors: 0, did not pass the filter by options: 0, added: 0, new vincodes: 0
15-11-2013 02:48:59 --- INFO: Toyota Venza - found: 0, pass primary filters: 0, did not pass the filter by colors: 0, did not pass the filter by options: 0, added: 0, new vincodes: 0
15-11-2013 02:49:00 --- INFO: Toyota 4runner 2010 - found: 8, pass primary filters: 5, did not pass the filter by colors: 0, did not pass the filter by options: 0, added: 5, new vincodes: 0
15-11-2013 02:49:59 --- INFO: Toyota 4RUNNER 4WD V6 - found: 1202, pass primary filters: 0, did not pass the filter by colors: 0, did not pass the filter by options: 0, added: 0, new vincodes: 0
15-11-2013 02:53:18 --- INFO: Toyota RAV 4 - found: 9937, pass primary filters: 0, did not pass the filter by colors: 0, did not pass the filter by options: 0, added: 0, new vincodes: 0
15-11-2013 02:53:43 --- INFO: Toyota Highlander 4WD - found: 1204, pass primary filters: 0, did not pass the filter by colors: 0, did not pass the filter by options: 0, added: 0, new vincodes: 0
15-11-2013 02:54:07 --- INFO: Toyota Highlander - found: 1204, pass primary filters: 0, did not pass the filter by colors: 0, did not pass the filter by options: 0, added: 0, new vincodes: 0
15-11-2013 02:55:46 --- INFO: Lexus RX 350 - found: 1900, pass primary filters: 6, did not pass the filter by colors: 0, did not pass the filter by options: 0, added: 6, new vincodes: 0
15-11-2013 02:56:16 --- INFO: Toyota 4RUNNER Limited V6 - found: 1431, pass primary filters: 0, did not pass the filter by colors: 0, did not pass the filter by options: 0, added: 0, new vincodes: 0
15-11-2013 02:56:17 --- INFO: Lexus GX 460 - found: 0, pass primary filters: 0, did not pass the filter by colors: 0, did not pass the filter by options: 0, added: 0, new vincodes: 0
15-11-2013 02:56:52 --- INFO: Lexus RX 350 - found: 58, pass primary filters: 5, did not pass the filter by colors: 0, did not pass the filter by options: 0, added: 5, new vincodes: 1
15-11-2013 02:56:59 --- INFO: Lexus GS300 - found: 251, pass primary filters: 0, did not pass the filter by colors: 0, did not pass the filter by options: 0, added: 0, new vincodes: 0
15-11-2013 02:57:03 --- INFO: Toyota FJ cruiser - found: 209, pass primary filters: 1, did not pass the filter by colors: 0, did not pass the filter by options: 0, added: 1, new vincodes: 0
15-11-2013 02:58:09 --- INFO: Lexus RX 350 2013 - found: 343, pass primary filters: 7, did not pass the filter by colors: 0, did not pass the filter by options: 0, added: 7, new vincodes: 0
15-11-2013 02:58:09 --- INFO: finish: 15-11-2013 02:58:09
15-11-2013 02:58:09 --- INFO: elapsed time: ~788.02 sec., memory usage: ~13.71 Mb.
15-11-2013 03:00:01 --- INFO: start: 15-11-2013 03:00:01
15-11-2013 03:00:01 --- INFO: ----------Source_AutoSalon (cli)
15-11-2013 03:00:21 --- INFO: Lexus RX 330 - found: 66, pass primary filters: 0, did not pass the filter by colors: 0, did not pass the filter by options: 0, added: 0, new vincodes: 0
15-11-2013 03:00:23 --- INFO: Lexus RX 400H - found: 0, pass primary filters: 0, did not pass the filter by colors: 0, did not pass the filter by options: 0, added: 0, new vincodes: 0
15-11-2013 03:00:26 --- INFO: Lexus GX 470 - found: 10, pass primary filters: 7, did not pass the filter by colors: 0, did not pass the filter by options: 0, added: 7, new vincodes: 0
15-11-2013 03:02:17 --- INFO: Lexus GX 470 - found: 72, pass primary filters: 20, did not pass the filter by colors: 0, did not pass the filter by options: 0, added: 20, new vincodes: 0
15-11-2013 03:02:26 --- INFO: Lexus LX 470 - found: 23, pass primary filters: 19, did not pass the filter by colors: 0, did not pass the filter by options: 0, added: 19, new vincodes: 0
15-11-2013 03:02:29 --- INFO: Toyota Sequoia - found: 0, pass primary filters: 0, did not pass the filter by colors: 0, did not pass the filter by options: 0, added: 0, new vincodes: 0
15-11-2013 03:02:31 --- INFO: Toyota Land Cruiser - found: 0, pass primary filters: 0, did not pass the filter by colors: 0, did not pass the filter by options: 0, added: 0, new vincodes: 0
15-11-2013 03:02:47 --- INFO: Lexus LX 570 - found: 24, pass primary filters: 21, did not pass the filter by colors: 0, did not pass the filter by options: 0, added: 21, new vincodes: 0
15-11-2013 03:02:49 --- INFO: Toyota Venza - found: 0, pass primary filters: 0, did not pass the filter by colors: 0, did not pass the filter by options: 0, added: 0, new vincodes: 0
15-11-2013 03:02:52 --- INFO: Toyota 4runner 2010 - found: 0, pass primary filters: 0, did not pass the filter by colors: 0, did not pass the filter by options: 0, added: 0, new vincodes: 0
15-11-2013 03:02:54 --- INFO: Toyota 4RUNNER 4WD V6 - found: 0, pass primary filters: 0, did not pass the filter by colors: 0, did not pass the filter by options: 0, added: 0, new vincodes: 0
15-11-2013 03:02:56 --- INFO: Toyota RAV 4 - found: 0, pass primary filters: 0, did not pass the filter by colors: 0, did not pass the filter by options: 0, added: 0, new vincodes: 0
15-11-2013 03:02:59 --- INFO: Toyota Highlander 4WD - found: 0, pass primary filters: 0, did not pass the filter by colors: 0, did not pass the filter by options: 0, added: 0, new vincodes: 0
15-11-2013 03:03:01 --- INFO: Toyota Highlander - found: 0, pass primary filters: 0, did not pass the filter by colors: 0, did not pass the filter by options: 0, added: 0, new vincodes: 0
15-11-2013 03:07:35 --- INFO: Lexus RX 350 - found: 179, pass primary filters: 1, did not pass the filter by colors: 0, did not pass the filter by options: 0, added: 1, new vincodes: 0
15-11-2013 03:07:37 --- INFO: Toyota 4RUNNER Limited V6 - found: 0, pass primary filters: 0, did not pass the filter by colors: 0, did not pass the filter by options: 0, added: 0, new vincodes: 0
15-11-2013 03:07:40 --- INFO: Lexus GX 460 - found: 6, pass primary filters: 2, did not pass the filter by colors: 0, did not pass the filter by options: 0, added: 2, new vincodes: 0
15-11-2013 03:07:47 --- INFO: Lexus RX 350 - found: 10, pass primary filters: 7, did not pass the filter by colors: 0, did not pass the filter by options: 0, added: 7, new vincodes: 0
15-11-2013 03:07:52 --- INFO: Toyota Highlander - found: 11, pass primary filters: 6, did not pass the filter by colors: 0, did not pass the filter by options: 0, added: 6, new vincodes: 0
15-11-2013 03:07:56 --- INFO: Lexus GS300 - found: 18, pass primary filters: 4, did not pass the filter by colors: 0, did not pass the filter by options: 0, added: 4, new vincodes: 0
15-11-2013 03:08:04 --- INFO: Toyota FJ cruiser - found: 30, pass primary filters: 2, did not pass the filter by colors: 0, did not pass the filter by options: 0, added: 2, new vincodes: 0
15-11-2013 03:08:16 --- INFO: Lexus RX 350 2013 - found: 41, pass primary filters: 4, did not pass the filter by colors: 0, did not pass the filter by options: 0, added: 4, new vincodes: 0
15-11-2013 03:08:16 --- INFO: finish: 15-11-2013 03:08:16
15-11-2013 03:08:16 --- INFO: elapsed time: ~495.29 sec., memory usage: ~3.07 Mb.
15-11-2013 06:00:02 --- INFO: start: 15-11-2013 06:00:02
15-11-2013 06:00:02 --- INFO: ----------Source_Adesa (cli)
15-11-2013 06:00:03 --- INFO: Authorized request
15-11-2013 06:00:09 --- INFO: Lexus RX 330 - found: 9, pass primary filters: 3, did not pass the filter by colors: 2, did not pass the filter by options: 1, added: 0, new vincodes: 0
15-11-2013 06:01:33 --- INFO: Lexus RX 400H - found: 2, pass primary filters: 2, did not pass the filter by colors: 2, did not pass the filter by options: 0, added: 0, new vincodes: 1
15-11-2013 06:01:34 --- INFO: Lexus GX 470 - found: 2, pass primary filters: 2, did not pass the filter by colors: 0, did not pass the filter by options: 1, added: 1, new vincodes: 0
15-11-2013 06:01:35 --- INFO: Lexus GX 470 - found: 11, pass primary filters: 11, did not pass the filter by colors: 8, did not pass the filter by options: 2, added: 1, new vincodes: 0
15-11-2013 06:01:35 --- INFO: Lexus LX 470 - found: 4, pass primary filters: 4, did not pass the filter by colors: 3, did not pass the filter by options: , added: 1, new vincodes: 1
15-11-2013 06:01:36 --- INFO: Toyota Sequoia - found: 0, pass primary filters: 0, did not pass the filter by colors: 0, did not pass the filter by options: 0, added: 0, new vincodes: 0
15-11-2013 06:01:36 --- INFO: Toyota Land Cruiser - found: 1, pass primary filters: 1, did not pass the filter by colors: 1, did not pass the filter by options: , added: 0, new vincodes: 0
15-11-2013 06:01:37 --- INFO: Lexus LX 570 - found: 0, pass primary filters: 0, did not pass the filter by colors: 0, did not pass the filter by options: 0, added: 0, new vincodes: 0
15-11-2013 06:01:38 --- INFO: Toyota Venza - found: 0, pass primary filters: 0, did not pass the filter by colors: 0, did not pass the filter by options: 0, added: 0, new vincodes: 0
15-11-2013 06:01:38 --- INFO: Toyota 4runner 2010 - found: 0, pass primary filters: 0, did not pass the filter by colors: 0, did not pass the filter by options: 0, added: 0, new vincodes: 0
15-11-2013 06:01:42 --- INFO: Toyota 4RUNNER 4WD V6 - found: 39, pass primary filters: 14, did not pass the filter by colors: 6, did not pass the filter by options: , added: 8, new vincodes: 1
15-11-2013 06:01:43 --- INFO: Toyota FJ cruiser - found: 11, pass primary filters: 0, did not pass the filter by colors: 0, did not pass the filter by options: 0, added: 0, new vincodes: 0
15-11-2013 06:01:43 --- INFO: Lexus RX 350 2013 - found: 0, pass primary filters: 0, did not pass the filter by colors: 0, did not pass the filter by options: 0, added: 0, new vincodes: 0
15-11-2013 06:01:44 --- INFO: Toyota Highlander - found: 49, pass primary filters: 9, did not pass the filter by colors: 6, did not pass the filter by options: , added: 3, new vincodes: 0
15-11-2013 06:01:53 --- INFO: Lexus RX 350 - found: 32, pass primary filters: 23, did not pass the filter by colors: 12, did not pass the filter by options: 8, added: 3, new vincodes: 1
15-11-2013 06:01:54 --- INFO: Toyota 4RUNNER Limited V6 - found: 46, pass primary filters: 1, did not pass the filter by colors: 0, did not pass the filter by options: , added: 1, new vincodes: 0
15-11-2013 06:01:54 --- INFO: finish: 15-11-2013 06:01:54
15-11-2013 06:01:54 --- INFO: elapsed time: ~112.36 sec., memory usage: ~2.53 Mb.
15-11-2013 06:30:01 --- INFO: start: 15-11-2013 06:30:01
15-11-2013 06:30:02 --- INFO: ----------Source_ExpOfCars (cli)
15-11-2013 06:30:03 --- INFO: Lexus RX 330 - found: 9, pass primary filters: 6, did not pass the filter by colors: 0, did not pass the filter by options: 0, added: 6, new vincodes: 0
15-11-2013 06:30:05 --- INFO: Lexus RX 400H - found: 12, pass primary filters: 11, did not pass the filter by colors: 0, did not pass the filter by options: 0, added: 11, new vincodes: 0
15-11-2013 06:30:06 --- INFO: Lexus GX 470 - found: 6, pass primary filters: 6, did not pass the filter by colors: 0, did not pass the filter by options: 0, added: 6, new vincodes: 0
15-11-2013 06:30:08 --- INFO: Lexus GX 470 - found: 29, pass primary filters: 29, did not pass the filter by colors: 0, did not pass the filter by options: 0, added: 29, new vincodes: 0
15-11-2013 06:30:09 --- INFO: Lexus LX 470 - found: 4, pass primary filters: 4, did not pass the filter by colors: 0, did not pass the filter by options: 0, added: 4, new vincodes: 0
15-11-2013 06:30:11 --- INFO: Toyota Sequoia - found: 14, pass primary filters: 14, did not pass the filter by colors: 0, did not pass the filter by options: 0, added: 14, new vincodes: 0
15-11-2013 06:30:11 --- INFO: Toyota Land Cruiser - found: 3, pass primary filters: 3, did not pass the filter by colors: 0, did not pass the filter by options: 0, added: 3, new vincodes: 0
15-11-2013 06:30:13 --- INFO: Lexus LX 570 - found: 12, pass primary filters: 12, did not pass the filter by colors: 0, did not pass the filter by options: 0, added: 12, new vincodes: 0
15-11-2013 06:30:14 --- INFO: Toyota Venza - found: 7, pass primary filters: 7, did not pass the filter by colors: 0, did not pass the filter by options: 0, added: 7, new vincodes: 0
15-11-2013 06:30:15 --- INFO: Toyota 4runner 2010 - found: 2, pass primary filters: 2, did not pass the filter by colors: 0, did not pass the filter by options: 0, added: 2, new vincodes: 0
15-11-2013 06:30:17 --- INFO: Toyota 4RUNNER 4WD V6 - found: 39, pass primary filters: 14, did not pass the filter by colors: 0, did not pass the filter by options: 0, added: 14, new vincodes: 0
15-11-2013 06:30:22 --- INFO: Toyota RAV 4 - found: 145, pass primary filters: 0, did not pass the filter by colors: 0, did not pass the filter by options: 0, added: 0, new vincodes: 0
15-11-2013 06:30:24 --- INFO: Toyota Highlander 4WD - found: 37, pass primary filters: 1, did not pass the filter by colors: 0, did not pass the filter by options: 0, added: 1, new vincodes: 0
15-11-2013 06:30:25 --- INFO: Toyota Highlander - found: 37, pass primary filters: 7, did not pass the filter by colors: 0, did not pass the filter by options: 0, added: 7, new vincodes: 0
15-11-2013 06:30:29 --- INFO: Lexus RX 350 - found: 85, pass primary filters: 62, did not pass the filter by colors: 0, did not pass the filter by options: 0, added: 62, new vincodes: 0
15-11-2013 06:30:31 --- INFO: Toyota 4RUNNER Limited V6 - found: 44, pass primary filters: 3, did not pass the filter by colors: 0, did not pass the filter by options: 0, added: 3, new vincodes: 0
15-11-2013 06:30:32 --- INFO: Lexus GX 460 - found: 2, pass primary filters: 2, did not pass the filter by colors: 0, did not pass the filter by options: 0, added: 2, new vincodes: 0
15-11-2013 06:30:33 --- INFO: Lexus RX 350 - found: 4, pass primary filters: 4, did not pass the filter by colors: 0, did not pass the filter by options: 0, added: 4, new vincodes: 0
15-11-2013 06:30:34 --- INFO: Toyota Highlander - found: 7, pass primary filters: 7, did not pass the filter by colors: 0, did not pass the filter by options: 0, added: 7, new vincodes: 0
15-11-2013 06:30:35 --- INFO: Lexus GS300 - found: 8, pass primary filters: 3, did not pass the filter by colors: 0, did not pass the filter by options: 0, added: 3, new vincodes: 0
15-11-2013 06:30:35 --- INFO: finish: 15-11-2013 06:30:35
15-11-2013 06:30:35 --- INFO: elapsed time: ~33.5 sec., memory usage: ~2.75 Mb.
15-11-2013 06:45:01 --- INFO: start: 15-11-2013 06:45:01
15-11-2013 06:45:01 --- INFO: ----------Source_Oodle (cli)
15-11-2013 06:45:06 --- INFO: Toyota Highlander - found: 68, pass primary filters: 13, did not pass the filter by colors: 0, did not pass the filter by options: 0, added: 13, new vincodes: 0
15-11-2013 06:45:20 --- INFO: Lexus RX 330 - found: 617, pass primary filters: 2, did not pass the filter by colors: 0, did not pass the filter by options: 0, added: 2, new vincodes: 0
15-11-2013 06:45:20 --- INFO: Lexus RX 400H - found: 0, pass primary filters: 0, did not pass the filter by colors: 0, did not pass the filter by options: 0, added: 0, new vincodes: 0
15-11-2013 06:45:23 --- INFO: Lexus GX 470 - found: 49, pass primary filters: 41, did not pass the filter by colors: 0, did not pass the filter by options: 0, added: 41, new vincodes: 1
15-11-2013 06:46:00 --- INFO: Lexus GX 470 - found: 598, pass primary filters: 23, did not pass the filter by colors: 0, did not pass the filter by options: 0, added: 23, new vincodes: 0
15-11-2013 06:46:38 --- INFO: Lexus LX 470 - found: 187, pass primary filters: 22, did not pass the filter by colors: 0, did not pass the filter by options: 0, added: 22, new vincodes: 0
15-11-2013 06:46:44 --- INFO: Toyota Sequoia - found: 238, pass primary filters: 12, did not pass the filter by colors: 0, did not pass the filter by options: 0, added: 12, new vincodes: 0
15-11-2013 06:46:45 --- INFO: Toyota Land Cruiser - found: 22, pass primary filters: 3, did not pass the filter by colors: 0, did not pass the filter by options: 0, added: 3, new vincodes: 0
15-11-2013 06:46:45 --- INFO: Lexus LX 570 - found: 0, pass primary filters: 0, did not pass the filter by colors: 0, did not pass the filter by options: 0, added: 0, new vincodes: 0
15-11-2013 06:46:46 --- INFO: Toyota Venza - found: 0, pass primary filters: 0, did not pass the filter by colors: 0, did not pass the filter by options: 0, added: 0, new vincodes: 0
15-11-2013 06:46:47 --- INFO: Toyota 4runner 2010 - found: 8, pass primary filters: 5, did not pass the filter by colors: 0, did not pass the filter by options: 0, added: 5, new vincodes: 0
15-11-2013 06:47:12 --- INFO: Toyota 4RUNNER 4WD V6 - found: 1207, pass primary filters: 0, did not pass the filter by colors: 0, did not pass the filter by options: 0, added: 0, new vincodes: 0
15-11-2013 06:50:26 --- INFO: Toyota RAV 4 - found: 10008, pass primary filters: 0, did not pass the filter by colors: 0, did not pass the filter by options: 0, added: 0, new vincodes: 0
15-11-2013 06:50:51 --- INFO: Toyota Highlander 4WD - found: 1213, pass primary filters: 0, did not pass the filter by colors: 0, did not pass the filter by options: 0, added: 0, new vincodes: 0
15-11-2013 06:51:16 --- INFO: Toyota Highlander - found: 1213, pass primary filters: 0, did not pass the filter by colors: 0, did not pass the filter by options: 0, added: 0, new vincodes: 0
15-11-2013 06:52:14 --- INFO: Lexus RX 350 - found: 1926, pass primary filters: 3, did not pass the filter by colors: 0, did not pass the filter by options: 0, added: 3, new vincodes: 0
15-11-2013 06:52:43 --- INFO: Toyota 4RUNNER Limited V6 - found: 1437, pass primary filters: 0, did not pass the filter by colors: 0, did not pass the filter by options: 0, added: 0, new vincodes: 0
15-11-2013 06:52:43 --- INFO: Lexus GX 460 - found: 0, pass primary filters: 0, did not pass the filter by colors: 0, did not pass the filter by options: 0, added: 0, new vincodes: 0
15-11-2013 06:52:45 --- INFO: Lexus RX 350 - found: 59, pass primary filters: 6, did not pass the filter by colors: 0, did not pass the filter by options: 0, added: 6, new vincodes: 0
15-11-2013 06:52:51 --- INFO: Lexus GS300 - found: 251, pass primary filters: 0, did not pass the filter by colors: 0, did not pass the filter by options: 0, added: 0, new vincodes: 0
15-11-2013 06:52:56 --- INFO: Toyota FJ cruiser - found: 214, pass primary filters: 1, did not pass the filter by colors: 0, did not pass the filter by options: 0, added: 1, new vincodes: 0
15-11-2013 06:53:06 --- INFO: Lexus RX 350 2013 - found: 350, pass primary filters: 11, did not pass the filter by colors: 0, did not pass the filter by options: 0, added: 11, new vincodes: 0
15-11-2013 06:53:06 --- INFO: finish: 15-11-2013 06:53:06
15-11-2013 06:53:06 --- INFO: elapsed time: ~484.33 sec., memory usage: ~13.68 Mb.
15-11-2013 07:00:01 --- INFO: start: 15-11-2013 07:00:01
15-11-2013 07:00:01 --- INFO: ----------Source_AutoSalon (cli)
15-11-2013 07:00:21 --- INFO: Lexus RX 330 - found: 72, pass primary filters: 0, did not pass the filter by colors: 0, did not pass the filter by options: 0, added: 0, new vincodes: 0
15-11-2013 07:00:24 --- INFO: Lexus RX 400H - found: 0, pass primary filters: 0, did not pass the filter by colors: 0, did not pass the filter by options: 0, added: 0, new vincodes: 0
15-11-2013 07:00:28 --- INFO: Lexus GX 470 - found: 10, pass primary filters: 7, did not pass the filter by colors: 0, did not pass the filter by options: 0, added: 7, new vincodes: 0
15-11-2013 07:01:13 --- INFO: Lexus GX 470 - found: 75, pass primary filters: 22, did not pass the filter by colors: 0, did not pass the filter by options: 0, added: 22, new vincodes: 0
15-11-2013 07:01:25 --- INFO: Lexus LX 470 - found: 23, pass primary filters: 19, did not pass the filter by colors: 0, did not pass the filter by options: 0, added: 19, new vincodes: 0
15-11-2013 07:01:28 --- INFO: Toyota Sequoia - found: 0, pass primary filters: 0, did not pass the filter by colors: 0, did not pass the filter by options: 0, added: 0, new vincodes: 0
15-11-2013 07:01:31 --- INFO: Toyota Land Cruiser - found: 0, pass primary filters: 0, did not pass the filter by colors: 0, did not pass the filter by options: 0, added: 0, new vincodes: 0
15-11-2013 07:01:49 --- INFO: Lexus LX 570 - found: 26, pass primary filters: 1, did not pass the filter by colors: 0, did not pass the filter by options: 0, added: 1, new vincodes: 0
15-11-2013 07:01:51 --- INFO: Toyota Venza - found: 0, pass primary filters: 0, did not pass the filter by colors: 0, did not pass the filter by options: 0, added: 0, new vincodes: 0
15-11-2013 07:01:54 --- INFO: Toyota 4runner 2010 - found: 0, pass primary filters: 0, did not pass the filter by colors: 0, did not pass the filter by options: 0, added: 0, new vincodes: 0
15-11-2013 07:01:57 --- INFO: Toyota 4RUNNER 4WD V6 - found: 0, pass primary filters: 0, did not pass the filter by colors: 0, did not pass the filter by options: 0, added: 0, new vincodes: 0
15-11-2013 07:01:59 --- INFO: Toyota RAV 4 - found: 0, pass primary filters: 0, did not pass the filter by colors: 0, did not pass the filter by options: 0, added: 0, new vincodes: 0
15-11-2013 07:02:02 --- INFO: Toyota Highlander 4WD - found: 0, pass primary filters: 0, did not pass the filter by colors: 0, did not pass the filter by options: 0, added: 0, new vincodes: 0
15-11-2013 07:02:05 --- INFO: Toyota Highlander - found: 0, pass primary filters: 0, did not pass the filter by colors: 0, did not pass the filter by options: 0, added: 0, new vincodes: 0
15-11-2013 07:02:44 --- INFO: Lexus RX 350 - found: 188, pass primary filters: 2, did not pass the filter by colors: 0, did not pass the filter by options: 0, added: 2, new vincodes: 0
15-11-2013 07:02:46 --- INFO: Toyota 4RUNNER Limited V6 - found: 0, pass primary filters: 0, did not pass the filter by colors: 0, did not pass the filter by options: 0, added: 0, new vincodes: 0
15-11-2013 07:02:50 --- INFO: Lexus GX 460 - found: 7, pass primary filters: 3, did not pass the filter by colors: 0, did not pass the filter by options: 0, added: 3, new vincodes: 0
15-11-2013 07:02:53 --- INFO: Lexus RX 350 - found: 10, pass primary filters: 7, did not pass the filter by colors: 0, did not pass the filter by options: 0, added: 7, new vincodes: 0
15-11-2013 07:03:01 --- INFO: Toyota Highlander - found: 11, pass primary filters: 6, did not pass the filter by colors: 0, did not pass the filter by options: 0, added: 6, new vincodes: 0
15-11-2013 07:03:07 --- INFO: Lexus GS300 - found: 22, pass primary filters: 5, did not pass the filter by colors: 0, did not pass the filter by options: 0, added: 5, new vincodes: 1
15-11-2013 07:03:14 --- INFO: Toyota FJ cruiser - found: 31, pass primary filters: 2, did not pass the filter by colors: 0, did not pass the filter by options: 0, added: 2, new vincodes: 0
15-11-2013 07:03:26 --- INFO: Lexus RX 350 2013 - found: 44, pass primary filters: 5, did not pass the filter by colors: 0, did not pass the filter by options: 0, added: 5, new vincodes: 0
15-11-2013 07:03:26 --- INFO: finish: 15-11-2013 07:03:26
15-11-2013 07:03:26 --- INFO: elapsed time: ~204.34 sec., memory usage: ~2.99 Mb.
15-11-2013 10:00:01 --- INFO: start: 15-11-2013 10:00:01
15-11-2013 10:00:02 --- INFO: ----------Source_Adesa (cli)
15-11-2013 10:00:03 --- INFO: Authorized request
15-11-2013 10:00:04 --- INFO: Lexus RX 330 - found: 9, pass primary filters: 3, did not pass the filter by colors: 2, did not pass the filter by options: 1, added: 0, new vincodes: 0
15-11-2013 10:00:05 --- INFO: Lexus RX 400H - found: 3, pass primary filters: 2, did not pass the filter by colors: 2, did not pass the filter by options: 0, added: 0, new vincodes: 0
15-11-2013 10:00:06 --- INFO: Lexus GX 470 - found: 2, pass primary filters: 2, did not pass the filter by colors: 0, did not pass the filter by options: 1, added: 1, new vincodes: 0
15-11-2013 10:00:07 --- INFO: Lexus GX 470 - found: 11, pass primary filters: 11, did not pass the filter by colors: 8, did not pass the filter by options: 2, added: 1, new vincodes: 0
15-11-2013 10:00:08 --- INFO: Lexus LX 470 - found: 4, pass primary filters: 4, did not pass the filter by colors: 3, did not pass the filter by options: , added: 1, new vincodes: 0
15-11-2013 10:00:08 --- INFO: Toyota Sequoia - found: 0, pass primary filters: 0, did not pass the filter by colors: 0, did not pass the filter by options: 0, added: 0, new vincodes: 0
15-11-2013 10:00:09 --- INFO: Toyota Land Cruiser - found: 1, pass primary filters: 1, did not pass the filter by colors: 1, did not pass the filter by options: , added: 0, new vincodes: 0
15-11-2013 10:00:09 --- INFO: Lexus LX 570 - found: 0, pass primary filters: 0, did not pass the filter by colors: 0, did not pass the filter by options: 0, added: 0, new vincodes: 0
15-11-2013 10:00:11 --- INFO: Toyota Venza - found: 0, pass primary filters: 0, did not pass the filter by colors: 0, did not pass the filter by options: 0, added: 0, new vincodes: 0
15-11-2013 10:00:12 --- INFO: Toyota 4runner 2010 - found: 0, pass primary filters: 0, did not pass the filter by colors: 0, did not pass the filter by options: 0, added: 0, new vincodes: 0
15-11-2013 10:00:13 --- INFO: Toyota 4RUNNER 4WD V6 - found: 40, pass primary filters: 15, did not pass the filter by colors: 6, did not pass the filter by options: , added: 9, new vincodes: 1
15-11-2013 10:00:14 --- INFO: Toyota FJ cruiser - found: 12, pass primary filters: 0, did not pass the filter by colors: 0, did not pass the filter by options: 0, added: 0, new vincodes: 0
15-11-2013 10:00:15 --- INFO: Lexus RX 350 2013 - found: 0, pass primary filters: 0, did not pass the filter by colors: 0, did not pass the filter by options: 0, added: 0, new vincodes: 0
15-11-2013 10:00:16 --- INFO: Toyota Highlander - found: 49, pass primary filters: 9, did not pass the filter by colors: 6, did not pass the filter by options: , added: 3, new vincodes: 0
15-11-2013 10:00:17 --- INFO: Lexus RX 350 - found: 33, pass primary filters: 24, did not pass the filter by colors: 12, did not pass the filter by options: 9, added: 3, new vincodes: 0
15-11-2013 10:00:18 --- INFO: Toyota 4RUNNER Limited V6 - found: 47, pass primary filters: 1, did not pass the filter by colors: 0, did not pass the filter by options: , added: 1, new vincodes: 0
15-11-2013 10:00:18 --- INFO: finish: 15-11-2013 10:00:18
15-11-2013 10:00:18 --- INFO: elapsed time: ~17.04 sec., memory usage: ~2.5 Mb.
15-11-2013 10:30:01 --- INFO: start: 15-11-2013 10:30:01
15-11-2013 10:30:01 --- INFO: ----------Source_ExpOfCars (cli)
15-11-2013 10:31:03 --- INFO: Lexus RX 330 - found: 42, pass primary filters: 36, did not pass the filter by colors: 0, did not pass the filter by options: 0, added: 36, new vincodes: 4
15-11-2013 10:31:45 --- INFO: Lexus RX 400H - found: 23, pass primary filters: 21, did not pass the filter by colors: 0, did not pass the filter by options: 0, added: 21, new vincodes: 1
15-11-2013 10:31:50 --- INFO: Lexus GX 470 - found: 9, pass primary filters: 9, did not pass the filter by colors: 0, did not pass the filter by options: 0, added: 9, new vincodes: 0
15-11-2013 10:32:36 --- INFO: Lexus GX 470 - found: 51, pass primary filters: 51, did not pass the filter by colors: 0, did not pass the filter by options: 0, added: 51, new vincodes: 1
15-11-2013 10:33:06 --- INFO: Lexus LX 470 - found: 15, pass primary filters: 15, did not pass the filter by colors: 0, did not pass the filter by options: 0, added: 15, new vincodes: 1
15-11-2013 10:38:35 --- INFO: Toyota Sequoia - found: 29, pass primary filters: 29, did not pass the filter by colors: 0, did not pass the filter by options: 0, added: 29, new vincodes: 2
15-11-2013 10:38:36 --- INFO: Toyota Land Cruiser - found: 3, pass primary filters: 3, did not pass the filter by colors: 0, did not pass the filter by options: 0, added: 3, new vincodes: 0
15-11-2013 10:38:42 --- INFO: Lexus LX 570 - found: 19, pass primary filters: 19, did not pass the filter by colors: 0, did not pass the filter by options: 0, added: 19, new vincodes: 0
15-11-2013 10:38:54 --- INFO: Toyota Venza - found: 14, pass primary filters: 14, did not pass the filter by colors: 0, did not pass the filter by options: 0, added: 14, new vincodes: 2
15-11-2013 10:38:55 --- INFO: Toyota 4runner 2010 - found: 2, pass primary filters: 2, did not pass the filter by colors: 0, did not pass the filter by options: 0, added: 2, new vincodes: 0
15-11-2013 10:39:30 --- INFO: Toyota 4RUNNER 4WD V6 - found: 69, pass primary filters: 29, did not pass the filter by colors: 0, did not pass the filter by options: 0, added: 29, new vincodes: 5
15-11-2013 10:39:40 --- INFO: Toyota RAV 4 - found: 345, pass primary filters: 0, did not pass the filter by colors: 0, did not pass the filter by options: 0, added: 0, new vincodes: 0
15-11-2013 10:39:46 --- INFO: Toyota Highlander 4WD - found: 73, pass primary filters: 4, did not pass the filter by colors: 0, did not pass the filter by options: 0, added: 4, new vincodes: 2
15-11-2013 10:40:15 --- INFO: Toyota Highlander - found: 73, pass primary filters: 17, did not pass the filter by colors: 0, did not pass the filter by options: 0, added: 17, new vincodes: 5
15-11-2013 10:41:42 --- INFO: Lexus RX 350 - found: 134, pass primary filters: 103, did not pass the filter by colors: 0, did not pass the filter by options: 0, added: 103, new vincodes: 9
15-11-2013 10:41:46 --- INFO: Toyota 4RUNNER Limited V6 - found: 85, pass primary filters: 3, did not pass the filter by colors: 0, did not pass the filter by options: 0, added: 3, new vincodes: 0
15-11-2013 10:41:48 --- INFO: Lexus GX 460 - found: 5, pass primary filters: 5, did not pass the filter by colors: 0, did not pass the filter by options: 0, added: 5, new vincodes: 0
15-11-2013 10:41:53 --- INFO: Lexus RX 350 - found: 10, pass primary filters: 10, did not pass the filter by colors: 0, did not pass the filter by options: 0, added: 10, new vincodes: 0
15-11-2013 10:42:02 --- INFO: Toyota Highlander - found: 10, pass primary filters: 10, did not pass the filter by colors: 0, did not pass the filter by options: 0, added: 10, new vincodes: 1
15-11-2013 10:42:05 --- INFO: Lexus GS300 - found: 17, pass primary filters: 6, did not pass the filter by colors: 0, did not pass the filter by options: 0, added: 6, new vincodes: 1
15-11-2013 10:42:05 --- INFO: finish: 15-11-2013 10:42:05
15-11-2013 10:42:05 --- INFO: elapsed time: ~724.02 sec., memory usage: ~5.65 Mb.
15-11-2013 10:45:01 --- INFO: start: 15-11-2013 10:45:01
15-11-2013 10:45:01 --- INFO: ----------Source_Oodle (cli)
15-11-2013 10:45:14 --- INFO: Toyota Highlander - found: 69, pass primary filters: 14, did not pass the filter by colors: 0, did not pass the filter by options: 0, added: 14, new vincodes: 0
15-11-2013 10:45:28 --- INFO: Lexus RX 330 - found: 618, pass primary filters: 2, did not pass the filter by colors: 0, did not pass the filter by options: 0, added: 2, new vincodes: 0
15-11-2013 10:45:28 --- INFO: Lexus RX 400H - found: 0, pass primary filters: 0, did not pass the filter by colors: 0, did not pass the filter by options: 0, added: 0, new vincodes: 0
15-11-2013 10:45:30 --- INFO: Lexus GX 470 - found: 49, pass primary filters: 41, did not pass the filter by colors: 0, did not pass the filter by options: 0, added: 41, new vincodes: 0
15-11-2013 10:46:57 --- INFO: Lexus GX 470 - found: 601, pass primary filters: 1, did not pass the filter by colors: 0, did not pass the filter by options: 0, added: 1, new vincodes: 0
15-11-2013 10:47:05 --- INFO: Lexus LX 470 - found: 189, pass primary filters: 24, did not pass the filter by colors: 0, did not pass the filter by options: 0, added: 24, new vincodes: 0
15-11-2013 10:47:11 --- INFO: Toyota Sequoia - found: 238, pass primary filters: 12, did not pass the filter by colors: 0, did not pass the filter by options: 0, added: 12, new vincodes: 0
15-11-2013 10:47:12 --- INFO: Toyota Land Cruiser - found: 22, pass primary filters: 3, did not pass the filter by colors: 0, did not pass the filter by options: 0, added: 3, new vincodes: 0
15-11-2013 10:47:12 --- INFO: Lexus LX 570 - found: 0, pass primary filters: 0, did not pass the filter by colors: 0, did not pass the filter by options: 0, added: 0, new vincodes: 0
15-11-2013 10:47:13 --- INFO: Toyota Venza - found: 0, pass primary filters: 0, did not pass the filter by colors: 0, did not pass the filter by options: 0, added: 0, new vincodes: 0
15-11-2013 10:47:14 --- INFO: Toyota 4runner 2010 - found: 8, pass primary filters: 5, did not pass the filter by colors: 0, did not pass the filter by options: 0, added: 5, new vincodes: 0
15-11-2013 10:47:39 --- INFO: Toyota 4RUNNER 4WD V6 - found: 1210, pass primary filters: 0, did not pass the filter by colors: 0, did not pass the filter by options: 0, added: 0, new vincodes: 0
15-11-2013 10:51:08 --- INFO: Toyota RAV 4 - found: 10016, pass primary filters: 0, did not pass the filter by colors: 0, did not pass the filter by options: 0, added: 0, new vincodes: 0
15-11-2013 10:51:33 --- INFO: Toyota Highlander 4WD - found: 1215, pass primary filters: 0, did not pass the filter by colors: 0, did not pass the filter by options: 0, added: 0, new vincodes: 0
15-11-2013 10:51:56 --- INFO: Toyota Highlander - found: 1215, pass primary filters: 0, did not pass the filter by colors: 0, did not pass the filter by options: 0, added: 0, new vincodes: 0
15-11-2013 10:52:43 --- INFO: Lexus RX 350 - found: 1931, pass primary filters: 3, did not pass the filter by colors: 0, did not pass the filter by options: 0, added: 3, new vincodes: 0
15-11-2013 10:53:13 --- INFO: Toyota 4RUNNER Limited V6 - found: 1441, pass primary filters: 0, did not pass the filter by colors: 0, did not pass the filter by options: 0, added: 0, new vincodes: 0
15-11-2013 10:53:13 --- INFO: Lexus GX 460 - found: 0, pass primary filters: 0, did not pass the filter by colors: 0, did not pass the filter by options: 0, added: 0, new vincodes: 0
15-11-2013 10:53:15 --- INFO: Lexus RX 350 - found: 59, pass primary filters: 6, did not pass the filter by colors: 0, did not pass the filter by options: 0, added: 6, new vincodes: 0
15-11-2013 10:53:22 --- INFO: Lexus GS300 - found: 253, pass primary filters: 0, did not pass the filter by colors: 0, did not pass the filter by options: 0, added: 0, new vincodes: 0
15-11-2013 10:53:27 --- INFO: Toyota FJ cruiser - found: 214, pass primary filters: 1, did not pass the filter by colors: 0, did not pass the filter by options: 0, added: 1, new vincodes: 0
15-11-2013 10:53:38 --- INFO: Lexus RX 350 2013 - found: 352, pass primary filters: 0, did not pass the filter by colors: 0, did not pass the filter by options: 0, added: 0, new vincodes: 0
15-11-2013 10:53:38 --- INFO: finish: 15-11-2013 10:53:38
15-11-2013 10:53:38 --- INFO: elapsed time: ~517.11 sec., memory usage: ~13.95 Mb.
15-11-2013 11:00:01 --- INFO: start: 15-11-2013 11:00:01
15-11-2013 11:00:01 --- INFO: ----------Source_AutoSalon (cli)
15-11-2013 11:00:18 --- INFO: Lexus RX 330 - found: 70, pass primary filters: 0, did not pass the filter by colors: 0, did not pass the filter by options: 0, added: 0, new vincodes: 0
15-11-2013 11:00:21 --- INFO: Lexus RX 400H - found: 0, pass primary filters: 0, did not pass the filter by colors: 0, did not pass the filter by options: 0, added: 0, new vincodes: 0
15-11-2013 11:00:24 --- INFO: Lexus GX 470 - found: 10, pass primary filters: 7, did not pass the filter by colors: 0, did not pass the filter by options: 0, added: 7, new vincodes: 0
15-11-2013 11:02:54 --- INFO: Lexus GX 470 - found: 76, pass primary filters: 1, did not pass the filter by colors: 0, did not pass the filter by options: 0, added: 1, new vincodes: 0
15-11-2013 11:03:11 --- INFO: Lexus LX 470 - found: 23, pass primary filters: 19, did not pass the filter by colors: 0, did not pass the filter by options: 0, added: 19, new vincodes: 0
15-11-2013 11:03:13 --- INFO: Toyota Sequoia - found: 0, pass primary filters: 0, did not pass the filter by colors: 0, did not pass the filter by options: 0, added: 0, new vincodes: 0
15-11-2013 11:03:16 --- INFO: Toyota Land Cruiser - found: 0, pass primary filters: 0, did not pass the filter by colors: 0, did not pass the filter by options: 0, added: 0, new vincodes: 0
15-11-2013 11:03:32 --- INFO: Lexus LX 570 - found: 26, pass primary filters: 1, did not pass the filter by colors: 0, did not pass the filter by options: 0, added: 1, new vincodes: 0
15-11-2013 11:03:34 --- INFO: Toyota Venza - found: 0, pass primary filters: 0, did not pass the filter by colors: 0, did not pass the filter by options: 0, added: 0, new vincodes: 0
15-11-2013 11:03:37 --- INFO: Toyota 4runner 2010 - found: 0, pass primary filters: 0, did not pass the filter by colors: 0, did not pass the filter by options: 0, added: 0, new vincodes: 0
15-11-2013 11:03:40 --- INFO: Toyota 4RUNNER 4WD V6 - found: 0, pass primary filters: 0, did not pass the filter by colors: 0, did not pass the filter by options: 0, added: 0, new vincodes: 0
15-11-2013 11:03:42 --- INFO: Toyota RAV 4 - found: 0, pass primary filters: 0, did not pass the filter by colors: 0, did not pass the filter by options: 0, added: 0, new vincodes: 0
15-11-2013 11:03:45 --- INFO: Toyota Highlander 4WD - found: 0, pass primary filters: 0, did not pass the filter by colors: 0, did not pass the filter by options: 0, added: 0, new vincodes: 0
15-11-2013 11:03:48 --- INFO: Toyota Highlander - found: 0, pass primary filters: 0, did not pass the filter by colors: 0, did not pass the filter by options: 0, added: 0, new vincodes: 0
15-11-2013 11:04:32 --- INFO: Lexus RX 350 - found: 187, pass primary filters: 2, did not pass the filter by colors: 0, did not pass the filter by options: 0, added: 2, new vincodes: 0
15-11-2013 11:04:35 --- INFO: Toyota 4RUNNER Limited V6 - found: 0, pass primary filters: 0, did not pass the filter by colors: 0, did not pass the filter by options: 0, added: 0, new vincodes: 0
15-11-2013 11:04:38 --- INFO: Lexus GX 460 - found: 7, pass primary filters: 3, did not pass the filter by colors: 0, did not pass the filter by options: 0, added: 3, new vincodes: 0
15-11-2013 11:04:42 --- INFO: Lexus RX 350 - found: 10, pass primary filters: 7, did not pass the filter by colors: 0, did not pass the filter by options: 0, added: 7, new vincodes: 0
15-11-2013 11:05:57 --- INFO: Toyota Highlander - found: 13, pass primary filters: 8, did not pass the filter by colors: 0, did not pass the filter by options: 0, added: 8, new vincodes: 0
15-11-2013 11:06:03 --- INFO: Lexus GS300 - found: 21, pass primary filters: 5, did not pass the filter by colors: 0, did not pass the filter by options: 0, added: 5, new vincodes: 0
15-11-2013 11:06:11 --- INFO: Toyota FJ cruiser - found: 31, pass primary filters: 2, did not pass the filter by colors: 0, did not pass the filter by options: 0, added: 2, new vincodes: 0
15-11-2013 11:06:21 --- INFO: Lexus RX 350 2013 - found: 45, pass primary filters: 5, did not pass the filter by colors: 0, did not pass the filter by options: 0, added: 5, new vincodes: 0
15-11-2013 11:06:21 --- INFO: finish: 15-11-2013 11:06:21
15-11-2013 11:06:21 --- INFO: elapsed time: ~379.83 sec., memory usage: ~3.01 Mb.
15-11-2013 14:00:01 --- INFO: start: 15-11-2013 14:00:01
15-11-2013 14:00:01 --- INFO: ----------Source_Adesa (cli)
15-11-2013 14:00:02 --- INFO: Authorized request
15-11-2013 14:00:03 --- INFO: Lexus RX 330 - found: 7, pass primary filters: 3, did not pass the filter by colors: 2, did not pass the filter by options: 1, added: 0, new vincodes: 0
15-11-2013 14:00:03 --- INFO: Lexus RX 400H - found: 2, pass primary filters: 1, did not pass the filter by colors: 1, did not pass the filter by options: 0, added: 0, new vincodes: 0
15-11-2013 14:00:04 --- INFO: Lexus GX 470 - found: 0, pass primary filters: 0, did not pass the filter by colors: 0, did not pass the filter by options: 0, added: 0, new vincodes: 0
15-11-2013 14:00:05 --- INFO: Lexus GX 470 - found: 4, pass primary filters: 4, did not pass the filter by colors: 3, did not pass the filter by options: 1, added: 0, new vincodes: 0
15-11-2013 14:00:06 --- INFO: Lexus LX 470 - found: 4, pass primary filters: 4, did not pass the filter by colors: 3, did not pass the filter by options: , added: 1, new vincodes: 0
15-11-2013 14:00:07 --- INFO: Toyota Sequoia - found: 0, pass primary filters: 0, did not pass the filter by colors: 0, did not pass the filter by options: 0, added: 0, new vincodes: 0
15-11-2013 14:00:08 --- INFO: Toyota Land Cruiser - found: 1, pass primary filters: 1, did not pass the filter by colors: 1, did not pass the filter by options: , added: 0, new vincodes: 0
15-11-2013 14:00:08 --- INFO: Lexus LX 570 - found: 0, pass primary filters: 0, did not pass the filter by colors: 0, did not pass the filter by options: 0, added: 0, new vincodes: 0
15-11-2013 14:00:09 --- INFO: Toyota Venza - found: 0, pass primary filters: 0, did not pass the filter by colors: 0, did not pass the filter by options: 0, added: 0, new vincodes: 0
15-11-2013 14:00:09 --- INFO: Toyota 4runner 2010 - found: 0, pass primary filters: 0, did not pass the filter by colors: 0, did not pass the filter by options: 0, added: 0, new vincodes: 0
15-11-2013 14:00:10 --- INFO: Toyota 4RUNNER 4WD V6 - found: 19, pass primary filters: 6, did not pass the filter by colors: 2, did not pass the filter by options: , added: 4, new vincodes: 0
15-11-2013 14:00:11 --- INFO: Toyota FJ cruiser - found: 8, pass primary filters: 0, did not pass the filter by colors: 0, did not pass the filter by options: 0, added: 0, new vincodes: 0
15-11-2013 14:00:11 --- INFO: Lexus RX 350 2013 - found: 0, pass primary filters: 0, did not pass the filter by colors: 0, did not pass the filter by options: 0, added: 0, new vincodes: 0
15-11-2013 14:00:12 --- INFO: Toyota Highlander - found: 26, pass primary filters: 5, did not pass the filter by colors: 5, did not pass the filter by options: , added: 0, new vincodes: 0
15-11-2013 14:00:13 --- INFO: Lexus RX 350 - found: 17, pass primary filters: 7, did not pass the filter by colors: 3, did not pass the filter by options: 3, added: 1, new vincodes: 0
15-11-2013 14:00:14 --- INFO: Toyota 4RUNNER Limited V6 - found: 23, pass primary filters: 1, did not pass the filter by colors: 0, did not pass the filter by options: , added: 1, new vincodes: 0
15-11-2013 14:00:14 --- INFO: finish: 15-11-2013 14:00:14
15-11-2013 14:00:14 --- INFO: elapsed time: ~12.91 sec., memory usage: ~2.03 Mb.
15-11-2013 14:30:01 --- INFO: start: 15-11-2013 14:30:01
15-11-2013 14:30:01 --- INFO: ----------Source_ExpOfCars (cli)
15-11-2013 14:30:05 --- INFO: Lexus RX 330 - found: 40, pass primary filters: 34, did not pass the filter by colors: 0, did not pass the filter by options: 0, added: 34, new vincodes: 0
15-11-2013 14:30:07 --- INFO: Lexus RX 400H - found: 22, pass primary filters: 20, did not pass the filter by colors: 0, did not pass the filter by options: 0, added: 20, new vincodes: 0
15-11-2013 14:30:08 --- INFO: Lexus GX 470 - found: 7, pass primary filters: 7, did not pass the filter by colors: 0, did not pass the filter by options: 0, added: 7, new vincodes: 0
15-11-2013 14:30:12 --- INFO: Lexus GX 470 - found: 49, pass primary filters: 49, did not pass the filter by colors: 0, did not pass the filter by options: 0, added: 49, new vincodes: 0
15-11-2013 14:30:14 --- INFO: Lexus LX 470 - found: 15, pass primary filters: 15, did not pass the filter by colors: 0, did not pass the filter by options: 0, added: 15, new vincodes: 0
15-11-2013 14:30:16 --- INFO: Toyota Sequoia - found: 28, pass primary filters: 28, did not pass the filter by colors: 0, did not pass the filter by options: 0, added: 28, new vincodes: 0
15-11-2013 14:30:17 --- INFO: Toyota Land Cruiser - found: 3, pass primary filters: 3, did not pass the filter by colors: 0, did not pass the filter by options: 0, added: 3, new vincodes: 0
15-11-2013 14:30:18 --- INFO: Lexus LX 570 - found: 18, pass primary filters: 18, did not pass the filter by colors: 0, did not pass the filter by options: 0, added: 18, new vincodes: 0
15-11-2013 14:30:20 --- INFO: Toyota Venza - found: 13, pass primary filters: 13, did not pass the filter by colors: 0, did not pass the filter by options: 0, added: 13, new vincodes: 0
15-11-2013 14:30:21 --- INFO: Toyota 4runner 2010 - found: 2, pass primary filters: 2, did not pass the filter by colors: 0, did not pass the filter by options: 0, added: 2, new vincodes: 0
15-11-2013 14:30:24 --- INFO: Toyota 4RUNNER 4WD V6 - found: 66, pass primary filters: 29, did not pass the filter by colors: 0, did not pass the filter by options: 0, added: 29, new vincodes: 0
15-11-2013 14:30:35 --- INFO: Toyota RAV 4 - found: 337, pass primary filters: 0, did not pass the filter by colors: 0, did not pass the filter by options: 0, added: 0, new vincodes: 0
15-11-2013 14:30:39 --- INFO: Toyota Highlander 4WD - found: 68, pass primary filters: 4, did not pass the filter by colors: 0, did not pass the filter by options: 0, added: 4, new vincodes: 0
15-11-2013 14:30:42 --- INFO: Toyota Highlander - found: 68, pass primary filters: 17, did not pass the filter by colors: 0, did not pass the filter by options: 0, added: 17, new vincodes: 0
15-11-2013 14:30:50 --- INFO: Lexus RX 350 - found: 129, pass primary filters: 101, did not pass the filter by colors: 0, did not pass the filter by options: 0, added: 101, new vincodes: 0
15-11-2013 14:30:53 --- INFO: Toyota 4RUNNER Limited V6 - found: 81, pass primary filters: 3, did not pass the filter by colors: 0, did not pass the filter by options: 0, added: 3, new vincodes: 0
15-11-2013 14:30:54 --- INFO: Lexus GX 460 - found: 5, pass primary filters: 5, did not pass the filter by colors: 0, did not pass the filter by options: 0, added: 5, new vincodes: 0
15-11-2013 14:30:55 --- INFO: Lexus RX 350 - found: 10, pass primary filters: 10, did not pass the filter by colors: 0, did not pass the filter by options: 0, added: 10, new vincodes: 0
15-11-2013 14:30:57 --- INFO: Toyota Highlander - found: 10, pass primary filters: 10, did not pass the filter by colors: 0, did not pass the filter by options: 0, added: 10, new vincodes: 0
15-11-2013 14:30:59 --- INFO: Lexus GS300 - found: 16, pass primary filters: 5, did not pass the filter by colors: 0, did not pass the filter by options: 0, added: 5, new vincodes: 0
15-11-2013 14:30:59 --- INFO: finish: 15-11-2013 14:30:59
15-11-2013 14:30:59 --- INFO: elapsed time: ~58.07 sec., memory usage: ~3.66 Mb.
15-11-2013 14:45:01 --- INFO: start: 15-11-2013 14:45:01
15-11-2013 14:45:01 --- INFO: ----------Source_Oodle (cli)
15-11-2013 14:45:06 --- INFO: Toyota Highlander - found: 70, pass primary filters: 15, did not pass the filter by colors: 0, did not pass the filter by options: 0, added: 15, new vincodes: 0
15-11-2013 14:45:22 --- INFO: Lexus RX 330 - found: 621, pass primary filters: 2, did not pass the filter by colors: 0, did not pass the filter by options: 0, added: 2, new vincodes: 0
15-11-2013 14:45:22 --- INFO: Lexus RX 400H - found: 0, pass primary filters: 0, did not pass the filter by colors: 0, did not pass the filter by options: 0, added: 0, new vincodes: 0
15-11-2013 14:45:24 --- INFO: Lexus GX 470 - found: 49, pass primary filters: 41, did not pass the filter by colors: 0, did not pass the filter by options: 0, added: 41, new vincodes: 0
15-11-2013 14:45:45 --- INFO: Lexus GX 470 - found: 602, pass primary filters: 1, did not pass the filter by colors: 0, did not pass the filter by options: 0, added: 1, new vincodes: 0
15-11-2013 14:45:52 --- INFO: Lexus LX 470 - found: 190, pass primary filters: 24, did not pass the filter by colors: 0, did not pass the filter by options: 0, added: 24, new vincodes: 0
15-11-2013 14:45:58 --- INFO: Toyota Sequoia - found: 240, pass primary filters: 14, did not pass the filter by colors: 0, did not pass the filter by options: 0, added: 14, new vincodes: 0
15-11-2013 14:45:59 --- INFO: Toyota Land Cruiser - found: 22, pass primary filters: 3, did not pass the filter by colors: 0, did not pass the filter by options: 0, added: 3, new vincodes: 0
15-11-2013 14:45:59 --- INFO: Lexus LX 570 - found: 0, pass primary filters: 0, did not pass the filter by colors: 0, did not pass the filter by options: 0, added: 0, new vincodes: 0
15-11-2013 14:45:59 --- INFO: Toyota Venza - found: 0, pass primary filters: 0, did not pass the filter by colors: 0, did not pass the filter by options: 0, added: 0, new vincodes: 0
15-11-2013 14:46:00 --- INFO: Toyota 4runner 2010 - found: 8, pass primary filters: 5, did not pass the filter by colors: 0, did not pass the filter by options: 0, added: 5, new vincodes: 0
15-11-2013 14:46:26 --- INFO: Toyota 4RUNNER 4WD V6 - found: 1213, pass primary filters: 0, did not pass the filter by colors: 0, did not pass the filter by options: 0, added: 0, new vincodes: 0
15-11-2013 14:49:47 --- INFO: Toyota RAV 4 - found: 10062, pass primary filters: 0, did not pass the filter by colors: 0, did not pass the filter by options: 0, added: 0, new vincodes: 0
15-11-2013 14:50:15 --- INFO: Toyota Highlander 4WD - found: 1224, pass primary filters: 0, did not pass the filter by colors: 0, did not pass the filter by options: 0, added: 0, new vincodes: 0
15-11-2013 14:50:39 --- INFO: Toyota Highlander - found: 1224, pass primary filters: 0, did not pass the filter by colors: 0, did not pass the filter by options: 0, added: 0, new vincodes: 0
15-11-2013 14:51:24 --- INFO: Lexus RX 350 - found: 1938, pass primary filters: 3, did not pass the filter by colors: 0, did not pass the filter by options: 0, added: 3, new vincodes: 0
15-11-2013 14:51:54 --- INFO: Toyota 4RUNNER Limited V6 - found: 1445, pass primary filters: 0, did not pass the filter by colors: 0, did not pass the filter by options: 0, added: 0, new vincodes: 0
15-11-2013 14:51:54 --- INFO: Lexus GX 460 - found: 0, pass primary filters: 0, did not pass the filter by colors: 0, did not pass the filter by options: 0, added: 0, new vincodes: 0
15-11-2013 14:51:57 --- INFO: Lexus RX 350 - found: 61, pass primary filters: 7, did not pass the filter by colors: 0, did not pass the filter by options: 0, added: 7, new vincodes: 0
15-11-2013 14:52:03 --- INFO: Lexus GS300 - found: 253, pass primary filters: 0, did not pass the filter by colors: 0, did not pass the filter by options: 0, added: 0, new vincodes: 0
15-11-2013 14:52:08 --- INFO: Toyota FJ cruiser - found: 215, pass primary filters: 1, did not pass the filter by colors: 0, did not pass the filter by options: 0, added: 1, new vincodes: 0
15-11-2013 14:52:18 --- INFO: Lexus RX 350 2013 - found: 353, pass primary filters: 0, did not pass the filter by colors: 0, did not pass the filter by options: 0, added: 0, new vincodes: 0
15-11-2013 14:52:18 --- INFO: finish: 15-11-2013 14:52:18
15-11-2013 14:52:18 --- INFO: elapsed time: ~436.74 sec., memory usage: ~13.89 Mb.
15-11-2013 15:00:01 --- INFO: start: 15-11-2013 15:00:01
15-11-2013 15:00:01 --- INFO: ----------Source_AutoSalon (cli)
15-11-2013 15:00:15 --- INFO: Lexus RX 330 - found: 37, pass primary filters: 0, did not pass the filter by colors: 0, did not pass the filter by options: 0, added: 0, new vincodes: 0
15-11-2013 15:00:17 --- INFO: Lexus RX 400H - found: 0, pass primary filters: 0, did not pass the filter by colors: 0, did not pass the filter by options: 0, added: 0, new vincodes: 0
15-11-2013 15:00:21 --- INFO: Lexus GX 470 - found: 7, pass primary filters: 5, did not pass the filter by colors: 0, did not pass the filter by options: 0, added: 5, new vincodes: 0
15-11-2013 15:00:46 --- INFO: Lexus GX 470 - found: 44, pass primary filters: 17, did not pass the filter by colors: 0, did not pass the filter by options: 0, added: 17, new vincodes: 0
15-11-2013 15:00:59 --- INFO: Lexus LX 470 - found: 13, pass primary filters: 10, did not pass the filter by colors: 0, did not pass the filter by options: 0, added: 10, new vincodes: 0
15-11-2013 15:01:01 --- INFO: Toyota Sequoia - found: 0, pass primary filters: 0, did not pass the filter by colors: 0, did not pass the filter by options: 0, added: 0, new vincodes: 0
15-11-2013 15:01:04 --- INFO: Toyota Land Cruiser - found: 0, pass primary filters: 0, did not pass the filter by colors: 0, did not pass the filter by options: 0, added: 0, new vincodes: 0
15-11-2013 15:01:15 --- INFO: Lexus LX 570 - found: 18, pass primary filters: 14, did not pass the filter by colors: 0, did not pass the filter by options: 0, added: 14, new vincodes: 0
15-11-2013 15:01:17 --- INFO: Toyota Venza - found: 0, pass primary filters: 0, did not pass the filter by colors: 0, did not pass the filter by options: 0, added: 0, new vincodes: 0
15-11-2013 15:01:20 --- INFO: Toyota 4runner 2010 - found: 0, pass primary filters: 0, did not pass the filter by colors: 0, did not pass the filter by options: 0, added: 0, new vincodes: 0
15-11-2013 15:01:23 --- INFO: Toyota 4RUNNER 4WD V6 - found: 0, pass primary filters: 0, did not pass the filter by colors: 0, did not pass the filter by options: 0, added: 0, new vincodes: 0
15-11-2013 15:01:25 --- INFO: Toyota RAV 4 - found: 0, pass primary filters: 0, did not pass the filter by colors: 0, did not pass the filter by options: 0, added: 0, new vincodes: 0
15-11-2013 15:01:28 --- INFO: Toyota Highlander 4WD - found: 0, pass primary filters: 0, did not pass the filter by colors: 0, did not pass the filter by options: 0, added: 0, new vincodes: 0
15-11-2013 15:01:30 --- INFO: Toyota Highlander - found: 0, pass primary filters: 0, did not pass the filter by colors: 0, did not pass the filter by options: 0, added: 0, new vincodes: 0
15-11-2013 15:01:58 --- INFO: Lexus RX 350 - found: 125, pass primary filters: 17, did not pass the filter by colors: 0, did not pass the filter by options: 0, added: 17, new vincodes: 0
15-11-2013 15:02:01 --- INFO: Toyota 4RUNNER Limited V6 - found: 0, pass primary filters: 0, did not pass the filter by colors: 0, did not pass the filter by options: 0, added: 0, new vincodes: 0
15-11-2013 15:02:04 --- INFO: Lexus GX 460 - found: 4, pass primary filters: 2, did not pass the filter by colors: 0, did not pass the filter by options: 0, added: 2, new vincodes: 0
15-11-2013 15:02:09 --- INFO: Lexus RX 350 - found: 9, pass primary filters: 7, did not pass the filter by colors: 0, did not pass the filter by options: 0, added: 7, new vincodes: 0
15-11-2013 15:02:12 --- INFO: Toyota Highlander - found: 8, pass primary filters: 3, did not pass the filter by colors: 0, did not pass the filter by options: 0, added: 3, new vincodes: 0
15-11-2013 15:02:20 --- INFO: Lexus GS300 - found: 17, pass primary filters: 5, did not pass the filter by colors: 0, did not pass the filter by options: 0, added: 5, new vincodes: 0
15-11-2013 15:02:23 --- INFO: Toyota FJ cruiser - found: 14, pass primary filters: 8, did not pass the filter by colors: 0, did not pass the filter by options: 0, added: 8, new vincodes: 0
15-11-2013 15:02:31 --- INFO: Lexus RX 350 2013 - found: 35, pass primary filters: 1, did not pass the filter by colors: 0, did not pass the filter by options: 0, added: 1, new vincodes: 0
15-11-2013 15:02:31 --- INFO: finish: 15-11-2013 15:02:31
15-11-2013 15:02:31 --- INFO: elapsed time: ~150.21 sec., memory usage: ~2.57 Mb.
15-11-2013 18:00:02 --- INFO: start: 15-11-2013 18:00:02
15-11-2013 18:00:02 --- INFO: ----------Source_Adesa (cli)
15-11-2013 18:00:03 --- INFO: Authorized request
15-11-2013 18:00:07 --- INFO: Lexus RX 330 - found: 7, pass primary filters: 3, did not pass the filter by colors: 2, did not pass the filter by options: 1, added: 0, new vincodes: 0
15-11-2013 18:00:07 --- INFO: Lexus RX 400H - found: 2, pass primary filters: 1, did not pass the filter by colors: 1, did not pass the filter by options: 0, added: 0, new vincodes: 0
15-11-2013 18:00:07 --- INFO: Lexus GX 470 - found: 0, pass primary filters: 0, did not pass the filter by colors: 0, did not pass the filter by options: 0, added: 0, new vincodes: 0
15-11-2013 18:00:08 --- INFO: Lexus GX 470 - found: 4, pass primary filters: 4, did not pass the filter by colors: 3, did not pass the filter by options: 1, added: 0, new vincodes: 0
15-11-2013 18:00:09 --- INFO: Lexus LX 470 - found: 4, pass primary filters: 4, did not pass the filter by colors: 3, did not pass the filter by options: , added: 1, new vincodes: 0
15-11-2013 18:00:09 --- INFO: Toyota Sequoia - found: 0, pass primary filters: 0, did not pass the filter by colors: 0, did not pass the filter by options: 0, added: 0, new vincodes: 0
15-11-2013 18:00:10 --- INFO: Toyota Land Cruiser - found: 1, pass primary filters: 1, did not pass the filter by colors: 1, did not pass the filter by options: , added: 0, new vincodes: 0
15-11-2013 18:00:10 --- INFO: Lexus LX 570 - found: 0, pass primary filters: 0, did not pass the filter by colors: 0, did not pass the filter by options: 0, added: 0, new vincodes: 0
15-11-2013 18:00:11 --- INFO: Toyota Venza - found: 0, pass primary filters: 0, did not pass the filter by colors: 0, did not pass the filter by options: 0, added: 0, new vincodes: 0
15-11-2013 18:00:11 --- INFO: Toyota 4runner 2010 - found: 0, pass primary filters: 0, did not pass the filter by colors: 0, did not pass the filter by options: 0, added: 0, new vincodes: 0
15-11-2013 18:00:12 --- INFO: Toyota 4RUNNER 4WD V6 - found: 19, pass primary filters: 6, did not pass the filter by colors: 2, did not pass the filter by options: , added: 4, new vincodes: 0
15-11-2013 18:00:12 --- INFO: Toyota FJ cruiser - found: 8, pass primary filters: 0, did not pass the filter by colors: 0, did not pass the filter by options: 0, added: 0, new vincodes: 0
15-11-2013 18:00:13 --- INFO: Lexus RX 350 2013 - found: 0, pass primary filters: 0, did not pass the filter by colors: 0, did not pass the filter by options: 0, added: 0, new vincodes: 0
15-11-2013 18:00:13 --- INFO: Toyota Highlander - found: 26, pass primary filters: 7, did not pass the filter by colors: 6, did not pass the filter by options: , added: 1, new vincodes: 0
15-11-2013 18:00:14 --- INFO: Lexus RX 350 - found: 17, pass primary filters: 13, did not pass the filter by colors: 6, did not pass the filter by options: 6, added: 1, new vincodes: 0
15-11-2013 18:00:15 --- INFO: Toyota 4RUNNER Limited V6 - found: 23, pass primary filters: 1, did not pass the filter by colors: 0, did not pass the filter by options: , added: 1, new vincodes: 0
15-11-2013 18:00:15 --- INFO: finish: 15-11-2013 18:00:15
15-11-2013 18:00:15 --- INFO: elapsed time: ~13.24 sec., memory usage: ~2.13 Mb.
15-11-2013 18:30:01 --- INFO: start: 15-11-2013 18:30:01
15-11-2013 18:30:02 --- INFO: ----------Source_ExpOfCars (cli)
15-11-2013 18:30:05 --- INFO: Lexus RX 330 - found: 40, pass primary filters: 32, did not pass the filter by colors: 0, did not pass the filter by options: 0, added: 32, new vincodes: 0
15-11-2013 18:30:14 --- INFO: Lexus RX 400H - found: 19, pass primary filters: 17, did not pass the filter by colors: 0, did not pass the filter by options: 0, added: 17, new vincodes: 0
15-11-2013 18:30:16 --- INFO: Lexus GX 470 - found: 6, pass primary filters: 6, did not pass the filter by colors: 0, did not pass the filter by options: 0, added: 6, new vincodes: 0
15-11-2013 18:30:20 --- INFO: Lexus GX 470 - found: 44, pass primary filters: 44, did not pass the filter by colors: 0, did not pass the filter by options: 0, added: 44, new vincodes: 0
15-11-2013 18:30:21 --- INFO: Lexus LX 470 - found: 13, pass primary filters: 13, did not pass the filter by colors: 0, did not pass the filter by options: 0, added: 13, new vincodes: 0
15-11-2013 18:30:24 --- INFO: Toyota Sequoia - found: 26, pass primary filters: 26, did not pass the filter by colors: 0, did not pass the filter by options: 0, added: 26, new vincodes: 0
15-11-2013 18:30:25 --- INFO: Toyota Land Cruiser - found: 3, pass primary filters: 3, did not pass the filter by colors: 0, did not pass the filter by options: 0, added: 3, new vincodes: 0
15-11-2013 18:30:27 --- INFO: Lexus LX 570 - found: 18, pass primary filters: 18, did not pass the filter by colors: 0, did not pass the filter by options: 0, added: 18, new vincodes: 0
15-11-2013 18:30:29 --- INFO: Toyota Venza - found: 13, pass primary filters: 13, did not pass the filter by colors: 0, did not pass the filter by options: 0, added: 13, new vincodes: 0
15-11-2013 18:30:30 --- INFO: Toyota 4runner 2010 - found: 2, pass primary filters: 2, did not pass the filter by colors: 0, did not pass the filter by options: 0, added: 2, new vincodes: 0
15-11-2013 18:30:33 --- INFO: Toyota 4RUNNER 4WD V6 - found: 63, pass primary filters: 27, did not pass the filter by colors: 0, did not pass the filter by options: 0, added: 27, new vincodes: 0
15-11-2013 18:30:42 --- INFO: Toyota RAV 4 - found: 311, pass primary filters: 0, did not pass the filter by colors: 0, did not pass the filter by options: 0, added: 0, new vincodes: 0
15-11-2013 18:30:45 --- INFO: Toyota Highlander 4WD - found: 73, pass primary filters: 3, did not pass the filter by colors: 0, did not pass the filter by options: 0, added: 3, new vincodes: 0
15-11-2013 18:30:49 --- INFO: Toyota Highlander - found: 73, pass primary filters: 18, did not pass the filter by colors: 0, did not pass the filter by options: 0, added: 18, new vincodes: 0
15-11-2013 18:31:01 --- INFO: Lexus RX 350 - found: 125, pass primary filters: 96, did not pass the filter by colors: 0, did not pass the filter by options: 0, added: 96, new vincodes: 0
15-11-2013 18:31:03 --- INFO: Toyota 4RUNNER Limited V6 - found: 75, pass primary filters: 3, did not pass the filter by colors: 0, did not pass the filter by options: 0, added: 3, new vincodes: 0
15-11-2013 18:31:06 --- INFO: Lexus GX 460 - found: 3, pass primary filters: 3, did not pass the filter by colors: 0, did not pass the filter by options: 0, added: 3, new vincodes: 0
15-11-2013 18:31:13 --- INFO: Lexus RX 350 - found: 10, pass primary filters: 10, did not pass the filter by colors: 0, did not pass the filter by options: 0, added: 10, new vincodes: 1
15-11-2013 18:31:15 --- INFO: Toyota Highlander - found: 9, pass primary filters: 9, did not pass the filter by colors: 0, did not pass the filter by options: 0, added: 9, new vincodes: 0
15-11-2013 18:31:17 --- INFO: Lexus GS300 - found: 16, pass primary filters: 5, did not pass the filter by colors: 0, did not pass the filter by options: 0, added: 5, new vincodes: 0
15-11-2013 18:31:17 --- INFO: finish: 15-11-2013 18:31:17
15-11-2013 18:31:17 --- INFO: elapsed time: ~75.8 sec., memory usage: ~3.74 Mb.
15-11-2013 18:45:01 --- INFO: start: 15-11-2013 18:45:01
15-11-2013 18:45:01 --- INFO: ----------Source_Oodle (cli)
15-11-2013 18:45:06 --- INFO: Toyota Highlander - found: 70, pass primary filters: 15, did not pass the filter by colors: 0, did not pass the filter by options: 0, added: 15, new vincodes: 0
15-11-2013 18:45:20 --- INFO: Lexus RX 330 - found: 622, pass primary filters: 2, did not pass the filter by colors: 0, did not pass the filter by options: 0, added: 2, new vincodes: 0
15-11-2013 18:45:21 --- INFO: Lexus RX 400H - found: 0, pass primary filters: 0, did not pass the filter by colors: 0, did not pass the filter by options: 0, added: 0, new vincodes: 0
15-11-2013 18:46:16 --- INFO: Lexus GX 470 - found: 50, pass primary filters: 42, did not pass the filter by colors: 0, did not pass the filter by options: 0, added: 42, new vincodes: 0
15-11-2013 18:46:41 --- INFO: Lexus GX 470 - found: 606, pass primary filters: 3, did not pass the filter by colors: 0, did not pass the filter by options: 0, added: 3, new vincodes: 0
15-11-2013 18:46:47 --- INFO: Lexus LX 470 - found: 190, pass primary filters: 24, did not pass the filter by colors: 0, did not pass the filter by options: 0, added: 24, new vincodes: 0
15-11-2013 18:46:53 --- INFO: Toyota Sequoia - found: 240, pass primary filters: 14, did not pass the filter by colors: 0, did not pass the filter by options: 0, added: 14, new vincodes: 0
15-11-2013 18:46:54 --- INFO: Toyota Land Cruiser - found: 22, pass primary filters: 3, did not pass the filter by colors: 0, did not pass the filter by options: 0, added: 3, new vincodes: 0
15-11-2013 18:46:54 --- INFO: Lexus LX 570 - found: 0, pass primary filters: 0, did not pass the filter by colors: 0, did not pass the filter by options: 0, added: 0, new vincodes: 0
15-11-2013 18:46:54 --- INFO: Toyota Venza - found: 0, pass primary filters: 0, did not pass the filter by colors: 0, did not pass the filter by options: 0, added: 0, new vincodes: 0
15-11-2013 18:46:55 --- INFO: Toyota 4runner 2010 - found: 8, pass primary filters: 5, did not pass the filter by colors: 0, did not pass the filter by options: 0, added: 5, new vincodes: 0
15-11-2013 18:47:22 --- INFO: Toyota 4RUNNER 4WD V6 - found: 1218, pass primary filters: 0, did not pass the filter by colors: 0, did not pass the filter by options: 0, added: 0, new vincodes: 0
15-11-2013 18:51:18 --- INFO: Toyota RAV 4 - found: 10090, pass primary filters: 0, did not pass the filter by colors: 0, did not pass the filter by options: 0, added: 0, new vincodes: 0
15-11-2013 18:51:54 --- INFO: Toyota Highlander 4WD - found: 1226, pass primary filters: 0, did not pass the filter by colors: 0, did not pass the filter by options: 0, added: 0, new vincodes: 0
15-11-2013 18:52:29 --- INFO: Toyota Highlander - found: 1226, pass primary filters: 0, did not pass the filter by colors: 0, did not pass the filter by options: 0, added: 0, new vincodes: 0
15-11-2013 18:53:15 --- INFO: Lexus RX 350 - found: 1945, pass primary filters: 4, did not pass the filter by colors: 0, did not pass the filter by options: 0, added: 4, new vincodes: 0
15-11-2013 18:53:47 --- INFO: Toyota 4RUNNER Limited V6 - found: 1451, pass primary filters: 0, did not pass the filter by colors: 0, did not pass the filter by options: 0, added: 0, new vincodes: 0
15-11-2013 18:53:47 --- INFO: Lexus GX 460 - found: 0, pass primary filters: 0, did not pass the filter by colors: 0, did not pass the filter by options: 0, added: 0, new vincodes: 0
15-11-2013 18:53:49 --- INFO: Lexus RX 350 - found: 61, pass primary filters: 7, did not pass the filter by colors: 0, did not pass the filter by options: 0, added: 7, new vincodes: 0
15-11-2013 18:53:56 --- INFO: Lexus GS300 - found: 255, pass primary filters: 0, did not pass the filter by colors: 0, did not pass the filter by options: 0, added: 0, new vincodes: 0
15-11-2013 18:54:01 --- INFO: Toyota FJ cruiser - found: 216, pass primary filters: 1, did not pass the filter by colors: 0, did not pass the filter by options: 0, added: 1, new vincodes: 0
15-11-2013 18:54:11 --- INFO: Lexus RX 350 2013 - found: 352, pass primary filters: 0, did not pass the filter by colors: 0, did not pass the filter by options: 0, added: 0, new vincodes: 0
15-11-2013 18:54:11 --- INFO: finish: 15-11-2013 18:54:11
15-11-2013 18:54:11 --- INFO: elapsed time: ~549.38 sec., memory usage: ~13.6 Mb.
15-11-2013 19:00:01 --- INFO: start: 15-11-2013 19:00:01
15-11-2013 19:00:01 --- INFO: ----------Source_AutoSalon (cli)
15-11-2013 19:00:09 --- INFO: Lexus RX 330 - found: 39, pass primary filters: 0, did not pass the filter by colors: 0, did not pass the filter by options: 0, added: 0, new vincodes: 0
15-11-2013 19:00:12 --- INFO: Lexus RX 400H - found: 0, pass primary filters: 0, did not pass the filter by colors: 0, did not pass the filter by options: 0, added: 0, new vincodes: 0
15-11-2013 19:00:15 --- INFO: Lexus GX 470 - found: 10, pass primary filters: 5, did not pass the filter by colors: 0, did not pass the filter by options: 0, added: 5, new vincodes: 0
15-11-2013 19:00:32 --- INFO: Lexus GX 470 - found: 45, pass primary filters: 18, did not pass the filter by colors: 0, did not pass the filter by options: 0, added: 18, new vincodes: 0
15-11-2013 19:00:35 --- INFO: Lexus LX 470 - found: 13, pass primary filters: 10, did not pass the filter by colors: 0, did not pass the filter by options: 0, added: 10, new vincodes: 0
15-11-2013 19:00:38 --- INFO: Toyota Sequoia - found: 0, pass primary filters: 0, did not pass the filter by colors: 0, did not pass the filter by options: 0, added: 0, new vincodes: 0
15-11-2013 19:00:40 --- INFO: Toyota Land Cruiser - found: 0, pass primary filters: 0, did not pass the filter by colors: 0, did not pass the filter by options: 0, added: 0, new vincodes: 0
15-11-2013 19:00:47 --- INFO: Lexus LX 570 - found: 18, pass primary filters: 14, did not pass the filter by colors: 0, did not pass the filter by options: 0, added: 14, new vincodes: 0
15-11-2013 19:00:49 --- INFO: Toyota Venza - found: 0, pass primary filters: 0, did not pass the filter by colors: 0, did not pass the filter by options: 0, added: 0, new vincodes: 0
15-11-2013 19:00:52 --- INFO: Toyota 4runner 2010 - found: 0, pass primary filters: 0, did not pass the filter by colors: 0, did not pass the filter by options: 0, added: 0, new vincodes: 0
15-11-2013 19:00:56 --- INFO: Toyota 4RUNNER 4WD V6 - found: 0, pass primary filters: 0, did not pass the filter by colors: 0, did not pass the filter by options: 0, added: 0, new vincodes: 0
15-11-2013 19:00:59 --- INFO: Toyota RAV 4 - found: 0, pass primary filters: 0, did not pass the filter by colors: 0, did not pass the filter by options: 0, added: 0, new vincodes: 0
15-11-2013 19:01:01 --- INFO: Toyota Highlander 4WD - found: 0, pass primary filters: 0, did not pass the filter by colors: 0, did not pass the filter by options: 0, added: 0, new vincodes: 0
15-11-2013 19:01:04 --- INFO: Toyota Highlander - found: 0, pass primary filters: 0, did not pass the filter by colors: 0, did not pass the filter by options: 0, added: 0, new vincodes: 0
15-11-2013 19:01:31 --- INFO: Lexus RX 350 - found: 130, pass primary filters: 1, did not pass the filter by colors: 0, did not pass the filter by options: 0, added: 1, new vincodes: 0
15-11-2013 19:01:33 --- INFO: Toyota 4RUNNER Limited V6 - found: 0, pass primary filters: 0, did not pass the filter by colors: 0, did not pass the filter by options: 0, added: 0, new vincodes: 0
15-11-2013 19:01:37 --- INFO: Lexus GX 460 - found: 5, pass primary filters: 2, did not pass the filter by colors: 0, did not pass the filter by options: 0, added: 2, new vincodes: 0
15-11-2013 19:01:40 --- INFO: Lexus RX 350 - found: 10, pass primary filters: 7, did not pass the filter by colors: 0, did not pass the filter by options: 0, added: 7, new vincodes: 0
15-11-2013 19:01:43 --- INFO: Toyota Highlander - found: 8, pass primary filters: 3, did not pass the filter by colors: 0, did not pass the filter by options: 0, added: 3, new vincodes: 0
15-11-2013 19:01:46 --- INFO: Lexus GS300 - found: 17, pass primary filters: 5, did not pass the filter by colors: 0, did not pass the filter by options: 0, added: 5, new vincodes: 0
15-11-2013 19:01:57 --- INFO: Toyota FJ cruiser - found: 16, pass primary filters: 10, did not pass the filter by colors: 0, did not pass the filter by options: 0, added: 10, new vincodes: 0
15-11-2013 19:02:05 --- INFO: Lexus RX 350 2013 - found: 35, pass primary filters: 1, did not pass the filter by colors: 0, did not pass the filter by options: 0, added: 1, new vincodes: 0
15-11-2013 19:02:05 --- INFO: finish: 15-11-2013 19:02:05
15-11-2013 19:02:05 --- INFO: elapsed time: ~123.86 sec., memory usage: ~2.49 Mb.
15-11-2013 22:00:01 --- INFO: start: 15-11-2013 22:00:01
15-11-2013 22:00:01 --- INFO: ----------Source_Adesa (cli)
15-11-2013 22:00:02 --- INFO: Authorized request
15-11-2013 22:00:05 --- INFO: Lexus RX 330 - found: 8, pass primary filters: 3, did not pass the filter by colors: 2, did not pass the filter by options: 1, added: 0, new vincodes: 0
15-11-2013 22:00:06 --- INFO: Lexus RX 400H - found: 2, pass primary filters: 1, did not pass the filter by colors: 1, did not pass the filter by options: 0, added: 0, new vincodes: 0
15-11-2013 22:00:06 --- INFO: Lexus GX 470 - found: 0, pass primary filters: 0, did not pass the filter by colors: 0, did not pass the filter by options: 0, added: 0, new vincodes: 0
15-11-2013 22:00:07 --- INFO: Lexus GX 470 - found: 4, pass primary filters: 4, did not pass the filter by colors: 3, did not pass the filter by options: 1, added: 0, new vincodes: 0
15-11-2013 22:00:08 --- INFO: Lexus LX 470 - found: 4, pass primary filters: 4, did not pass the filter by colors: 3, did not pass the filter by options: , added: 1, new vincodes: 0
15-11-2013 22:00:08 --- INFO: Toyota Sequoia - found: 0, pass primary filters: 0, did not pass the filter by colors: 0, did not pass the filter by options: 0, added: 0, new vincodes: 0
15-11-2013 22:00:09 --- INFO: Toyota Land Cruiser - found: 1, pass primary filters: 1, did not pass the filter by colors: 1, did not pass the filter by options: , added: 0, new vincodes: 0
15-11-2013 22:00:09 --- INFO: Lexus LX 570 - found: 0, pass primary filters: 0, did not pass the filter by colors: 0, did not pass the filter by options: 0, added: 0, new vincodes: 0
15-11-2013 22:00:10 --- INFO: Toyota Venza - found: 0, pass primary filters: 0, did not pass the filter by colors: 0, did not pass the filter by options: 0, added: 0, new vincodes: 0
15-11-2013 22:00:11 --- INFO: Toyota 4runner 2010 - found: 0, pass primary filters: 0, did not pass the filter by colors: 0, did not pass the filter by options: 0, added: 0, new vincodes: 0
15-11-2013 22:00:11 --- INFO: Toyota 4RUNNER 4WD V6 - found: 21, pass primary filters: 3, did not pass the filter by colors: 0, did not pass the filter by options: , added: 3, new vincodes: 0
15-11-2013 22:00:12 --- INFO: Toyota FJ cruiser - found: 8, pass primary filters: 0, did not pass the filter by colors: 0, did not pass the filter by options: 0, added: 0, new vincodes: 0
15-11-2013 22:00:12 --- INFO: Lexus RX 350 2013 - found: 0, pass primary filters: 0, did not pass the filter by colors: 0, did not pass the filter by options: 0, added: 0, new vincodes: 0
15-11-2013 22:00:13 --- INFO: Toyota Highlander - found: 27, pass primary filters: 7, did not pass the filter by colors: 6, did not pass the filter by options: , added: 1, new vincodes: 0
15-11-2013 22:00:14 --- INFO: Lexus RX 350 - found: 18, pass primary filters: 13, did not pass the filter by colors: 6, did not pass the filter by options: 6, added: 1, new vincodes: 0
15-11-2013 22:00:16 --- INFO: Toyota 4RUNNER Limited V6 - found: 25, pass primary filters: 0, did not pass the filter by colors: 0, did not pass the filter by options: 0, added: 0, new vincodes: 0
15-11-2013 22:00:16 --- INFO: finish: 15-11-2013 22:00:16
15-11-2013 22:00:16 --- INFO: elapsed time: ~14.71 sec., memory usage: ~2.07 Mb.
15-11-2013 22:30:02 --- INFO: start: 15-11-2013 22:30:02
15-11-2013 22:30:02 --- INFO: ----------Source_ExpOfCars (cli)
15-11-2013 22:30:07 --- INFO: Lexus RX 330 - found: 24, pass primary filters: 20, did not pass the filter by colors: 0, did not pass the filter by options: 0, added: 20, new vincodes: 0
15-11-2013 22:30:09 --- INFO: Lexus RX 400H - found: 14, pass primary filters: 12, did not pass the filter by colors: 0, did not pass the filter by options: 0, added: 12, new vincodes: 0
15-11-2013 22:30:09 --- INFO: Lexus GX 470 - found: 4, pass primary filters: 4, did not pass the filter by colors: 0, did not pass the filter by options: 0, added: 4, new vincodes: 0
15-11-2013 22:30:12 --- INFO: Lexus GX 470 - found: 36, pass primary filters: 36, did not pass the filter by colors: 0, did not pass the filter by options: 0, added: 36, new vincodes: 0
15-11-2013 22:30:14 --- INFO: Lexus LX 470 - found: 11, pass primary filters: 11, did not pass the filter by colors: 0, did not pass the filter by options: 0, added: 11, new vincodes: 0
15-11-2013 22:30:16 --- INFO: Toyota Sequoia - found: 25, pass primary filters: 25, did not pass the filter by colors: 0, did not pass the filter by options: 0, added: 25, new vincodes: 0
15-11-2013 22:30:17 --- INFO: Toyota Land Cruiser - found: 3, pass primary filters: 3, did not pass the filter by colors: 0, did not pass the filter by options: 0, added: 3, new vincodes: 0
15-11-2013 22:30:20 --- INFO: Lexus LX 570 - found: 15, pass primary filters: 15, did not pass the filter by colors: 0, did not pass the filter by options: 0, added: 15, new vincodes: 0
15-11-2013 22:30:22 --- INFO: Toyota Venza - found: 11, pass primary filters: 11, did not pass the filter by colors: 0, did not pass the filter by options: 0, added: 11, new vincodes: 0
15-11-2013 22:30:22 --- INFO: Toyota 4runner 2010 - found: 2, pass primary filters: 2, did not pass the filter by colors: 0, did not pass the filter by options: 0, added: 2, new vincodes: 0
15-11-2013 22:30:25 --- INFO: Toyota 4RUNNER 4WD V6 - found: 50, pass primary filters: 20, did not pass the filter by colors: 0, did not pass the filter by options: 0, added: 20, new vincodes: 0
15-11-2013 22:30:34 --- INFO: Toyota RAV 4 - found: 253, pass primary filters: 0, did not pass the filter by colors: 0, did not pass the filter by options: 0, added: 0, new vincodes: 0
15-11-2013 22:30:38 --- INFO: Toyota Highlander 4WD - found: 62, pass primary filters: 2, did not pass the filter by colors: 0, did not pass the filter by options: 0, added: 2, new vincodes: 0
15-11-2013 22:30:42 --- INFO: Toyota Highlander - found: 62, pass primary filters: 16, did not pass the filter by colors: 0, did not pass the filter by options: 0, added: 16, new vincodes: 0
15-11-2013 22:30:48 --- INFO: Lexus RX 350 - found: 91, pass primary filters: 67, did not pass the filter by colors: 0, did not pass the filter by options: 0, added: 67, new vincodes: 0
15-11-2013 22:30:50 --- INFO: Toyota 4RUNNER Limited V6 - found: 58, pass primary filters: 2, did not pass the filter by colors: 0, did not pass the filter by options: 0, added: 2, new vincodes: 0
15-11-2013 22:30:51 --- INFO: Lexus GX 460 - found: 3, pass primary filters: 3, did not pass the filter by colors: 0, did not pass the filter by options: 0, added: 3, new vincodes: 0
15-11-2013 22:30:52 --- INFO: Lexus RX 350 - found: 6, pass primary filters: 6, did not pass the filter by colors: 0, did not pass the filter by options: 0, added: 6, new vincodes: 0
15-11-2013 22:30:53 --- INFO: Toyota Highlander - found: 6, pass primary filters: 6, did not pass the filter by colors: 0, did not pass the filter by options: 0, added: 6, new vincodes: 0
15-11-2013 22:30:54 --- INFO: Lexus GS300 - found: 12, pass primary filters: 4, did not pass the filter by colors: 0, did not pass the filter by options: 0, added: 4, new vincodes: 0
15-11-2013 22:30:54 --- INFO: finish: 15-11-2013 22:30:54
15-11-2013 22:30:54 --- INFO: elapsed time: ~52.92 sec., memory usage: ~3.15 Mb.
15-11-2013 22:45:01 --- INFO: start: 15-11-2013 22:45:01
15-11-2013 22:45:01 --- INFO: ----------Source_Oodle (cli)
15-11-2013 22:45:06 --- INFO: Toyota Highlander - found: 69, pass primary filters: 14, did not pass the filter by colors: 0, did not pass the filter by options: 0, added: 14, new vincodes: 0
15-11-2013 22:45:21 --- INFO: Lexus RX 330 - found: 624, pass primary filters: 3, did not pass the filter by colors: 0, did not pass the filter by options: 0, added: 3, new vincodes: 0
15-11-2013 22:45:22 --- INFO: Lexus RX 400H - found: 0, pass primary filters: 0, did not pass the filter by colors: 0, did not pass the filter by options: 0, added: 0, new vincodes: 0
15-11-2013 22:45:24 --- INFO: Lexus GX 470 - found: 51, pass primary filters: 0, did not pass the filter by colors: 0, did not pass the filter by options: 0, added: 0, new vincodes: 0
15-11-2013 22:45:45 --- INFO: Lexus GX 470 - found: 609, pass primary filters: 4, did not pass the filter by colors: 0, did not pass the filter by options: 0, added: 4, new vincodes: 0
15-11-2013 22:45:51 --- INFO: Lexus LX 470 - found: 191, pass primary filters: 25, did not pass the filter by colors: 0, did not pass the filter by options: 0, added: 25, new vincodes: 0
15-11-2013 22:45:57 --- INFO: Toyota Sequoia - found: 239, pass primary filters: 13, did not pass the filter by colors: 0, did not pass the filter by options: 0, added: 13, new vincodes: 0
15-11-2013 22:45:57 --- INFO: Toyota Land Cruiser - found: 21, pass primary filters: 3, did not pass the filter by colors: 0, did not pass the filter by options: 0, added: 3, new vincodes: 0
15-11-2013 22:45:58 --- INFO: Lexus LX 570 - found: 0, pass primary filters: 0, did not pass the filter by colors: 0, did not pass the filter by options: 0, added: 0, new vincodes: 0
15-11-2013 22:45:58 --- INFO: Toyota Venza - found: 0, pass primary filters: 0, did not pass the filter by colors: 0, did not pass the filter by options: 0, added: 0, new vincodes: 0
15-11-2013 22:45:59 --- INFO: Toyota 4runner 2010 - found: 8, pass primary filters: 5, did not pass the filter by colors: 0, did not pass the filter by options: 0, added: 5, new vincodes: 0
15-11-2013 22:46:25 --- INFO: Toyota 4RUNNER 4WD V6 - found: 1215, pass primary filters: 0, did not pass the filter by colors: 0, did not pass the filter by options: 0, added: 0, new vincodes: 0
15-11-2013 22:49:40 --- INFO: Toyota RAV 4 - found: 10014, pass primary filters: 0, did not pass the filter by colors: 0, did not pass the filter by options: 0, added: 0, new vincodes: 0
15-11-2013 22:50:05 --- INFO: Toyota Highlander 4WD - found: 1219, pass primary filters: 0, did not pass the filter by colors: 0, did not pass the filter by options: 0, added: 0, new vincodes: 0
15-11-2013 22:50:30 --- INFO: Toyota Highlander - found: 1213, pass primary filters: 0, did not pass the filter by colors: 0, did not pass the filter by options: 0, added: 0, new vincodes: 0
15-11-2013 22:51:14 --- INFO: Lexus RX 350 - found: 1921, pass primary filters: 2, did not pass the filter by colors: 0, did not pass the filter by options: 0, added: 2, new vincodes: 0
15-11-2013 22:51:43 --- INFO: Toyota 4RUNNER Limited V6 - found: 1421, pass primary filters: 0, did not pass the filter by colors: 0, did not pass the filter by options: 0, added: 0, new vincodes: 0
15-11-2013 22:51:43 --- INFO: Lexus GX 460 - found: 0, pass primary filters: 0, did not pass the filter by colors: 0, did not pass the filter by options: 0, added: 0, new vincodes: 0
15-11-2013 22:51:45 --- INFO: Lexus RX 350 - found: 58, pass primary filters: 5, did not pass the filter by colors: 0, did not pass the filter by options: 0, added: 5, new vincodes: 0
15-11-2013 22:51:52 --- INFO: Lexus GS300 - found: 251, pass primary filters: 0, did not pass the filter by colors: 0, did not pass the filter by options: 0, added: 0, new vincodes: 0
15-11-2013 22:51:57 --- INFO: Toyota FJ cruiser - found: 217, pass primary filters: 1, did not pass the filter by colors: 0, did not pass the filter by options: 0, added: 1, new vincodes: 0
15-11-2013 22:52:06 --- INFO: Lexus RX 350 2013 - found: 351, pass primary filters: 0, did not pass the filter by colors: 0, did not pass the filter by options: 0, added: 0, new vincodes: 0
15-11-2013 22:52:06 --- INFO: finish: 15-11-2013 22:52:06
15-11-2013 22:52:06 --- INFO: elapsed time: ~425.06 sec., memory usage: ~13.78 Mb.
15-11-2013 23:00:01 --- INFO: start: 15-11-2013 23:00:01
15-11-2013 23:00:01 --- INFO: ----------Source_AutoSalon (cli)
15-11-2013 23:00:18 --- INFO: Lexus RX 330 - found: 56, pass primary filters: 0, did not pass the filter by colors: 0, did not pass the filter by options: 0, added: 0, new vincodes: 0
15-11-2013 23:00:23 --- INFO: Lexus RX 400H - found: 0, pass primary filters: 0, did not pass the filter by colors: 0, did not pass the filter by options: 0, added: 0, new vincodes: 0
15-11-2013 23:00:31 --- INFO: Lexus GX 470 - found: 9, pass primary filters: 5, did not pass the filter by colors: 0, did not pass the filter by options: 0, added: 5, new vincodes: 0
15-11-2013 23:03:47 --- INFO: Lexus GX 470 - found: 54, pass primary filters: 3, did not pass the filter by colors: 0, did not pass the filter by options: 0, added: 3, new vincodes: 0
15-11-2013 23:05:07 --- INFO: Lexus LX 470 - found: 15, pass primary filters: 12, did not pass the filter by colors: 0, did not pass the filter by options: 0, added: 12, new vincodes: 2
15-11-2013 23:05:11 --- INFO: Toyota Sequoia - found: 0, pass primary filters: 0, did not pass the filter by colors: 0, did not pass the filter by options: 0, added: 0, new vincodes: 0
15-11-2013 23:05:15 --- INFO: Toyota Land Cruiser - found: 0, pass primary filters: 0, did not pass the filter by colors: 0, did not pass the filter by options: 0, added: 0, new vincodes: 0
15-11-2013 23:05:20 --- INFO: Lexus LX 570 - found: 18, pass primary filters: 14, did not pass the filter by colors: 0, did not pass the filter by options: 0, added: 14, new vincodes: 0
15-11-2013 23:05:24 --- INFO: Toyota Venza - found: 0, pass primary filters: 0, did not pass the filter by colors: 0, did not pass the filter by options: 0, added: 0, new vincodes: 0
15-11-2013 23:05:27 --- INFO: Toyota 4runner 2010 - found: 0, pass primary filters: 0, did not pass the filter by colors: 0, did not pass the filter by options: 0, added: 0, new vincodes: 0
15-11-2013 23:05:29 --- INFO: Toyota 4RUNNER 4WD V6 - found: 0, pass primary filters: 0, did not pass the filter by colors: 0, did not pass the filter by options: 0, added: 0, new vincodes: 0
15-11-2013 23:05:32 --- INFO: Toyota RAV 4 - found: 0, pass primary filters: 0, did not pass the filter by colors: 0, did not pass the filter by options: 0, added: 0, new vincodes: 0
15-11-2013 23:05:35 --- INFO: Toyota Highlander 4WD - found: 0, pass primary filters: 0, did not pass the filter by colors: 0, did not pass the filter by options: 0, added: 0, new vincodes: 0
15-11-2013 23:05:37 --- INFO: Toyota Highlander - found: 0, pass primary filters: 0, did not pass the filter by colors: 0, did not pass the filter by options: 0, added: 0, new vincodes: 0
15-11-2013 23:06:10 --- INFO: Lexus RX 350 - found: 142, pass primary filters: 8, did not pass the filter by colors: 0, did not pass the filter by options: 0, added: 8, new vincodes: 0
15-11-2013 23:06:12 --- INFO: Toyota 4RUNNER Limited V6 - found: 0, pass primary filters: 0, did not pass the filter by colors: 0, did not pass the filter by options: 0, added: 0, new vincodes: 0
15-11-2013 23:06:15 --- INFO: Lexus GX 460 - found: 5, pass primary filters: 2, did not pass the filter by colors: 0, did not pass the filter by options: 0, added: 2, new vincodes: 0
15-11-2013 23:06:18 --- INFO: Lexus RX 350 - found: 10, pass primary filters: 7, did not pass the filter by colors: 0, did not pass the filter by options: 0, added: 7, new vincodes: 0
15-11-2013 23:06:26 --- INFO: Toyota Highlander - found: 13, pass primary filters: 5, did not pass the filter by colors: 0, did not pass the filter by options: 0, added: 5, new vincodes: 1
15-11-2013 23:09:03 --- INFO: Lexus GS300 - found: 19, pass primary filters: 7, did not pass the filter by colors: 0, did not pass the filter by options: 0, added: 7, new vincodes: 1
15-11-2013 23:09:13 --- INFO: Toyota FJ cruiser - found: 22, pass primary filters: 14, did not pass the filter by colors: 0, did not pass the filter by options: 0, added: 14, new vincodes: 1
15-11-2013 23:09:22 --- INFO: Lexus RX 350 2013 - found: 36, pass primary filters: 1, did not pass the filter by colors: 0, did not pass the filter by options: 0, added: 1, new vincodes: 0
15-11-2013 23:09:22 --- INFO: finish: 15-11-2013 23:09:22
15-11-2013 23:09:22 --- INFO: elapsed time: ~560.92 sec., memory usage: ~2.79 Mb.