
16-12-2013 14:19:18 --- INFO: start: 16-12-2013 14:19:18
16-12-2013 14:19:18 --- INFO: ----------Source_Adesa (apache2handler)
16-12-2013 14:19:20 --- INFO: Authorized request
16-12-2013 14:19:21 --- INFO: Lexus RX 330 - found: 2, pass primary filters: 2, did not pass the filter by colors: 0, did not pass the filter by options: 2, added: 0, new vincodes: 0
16-12-2013 14:19:21 --- INFO: Lexus RX 400H - found: 3, pass primary filters: 3, did not pass the filter by colors: 3, did not pass the filter by options: 0, added: 0, new vincodes: 0
16-12-2013 14:19:23 --- INFO: Lexus GX 470 - found: 2, pass primary filters: 2, did not pass the filter by colors: 1, did not pass the filter by options: 0, added: 1, new vincodes: 1
16-12-2013 14:19:24 --- INFO: Lexus GX 470 - found: 2, pass primary filters: 1, did not pass the filter by colors: 1, did not pass the filter by options: 0, added: 0, new vincodes: 1
16-12-2013 14:19:25 --- INFO: Lexus LX 470 - found: 5, pass primary filters: 5, did not pass the filter by colors: 5, did not pass the filter by options: , added: 0, new vincodes: 2
16-12-2013 14:19:25 --- INFO: Toyota Sequoia - found: 0, pass primary filters: 0, did not pass the filter by colors: 0, did not pass the filter by options: 0, added: 0, new vincodes: 0
16-12-2013 14:19:26 --- INFO: Toyota Land Cruiser - found: 1, pass primary filters: 1, did not pass the filter by colors: 1, did not pass the filter by options: , added: 0, new vincodes: 0
16-12-2013 14:19:26 --- INFO: Lexus LX 570 - found: 0, pass primary filters: 0, did not pass the filter by colors: 0, did not pass the filter by options: 0, added: 0, new vincodes: 0
16-12-2013 14:19:27 --- INFO: Toyota Venza - found: 0, pass primary filters: 0, did not pass the filter by colors: 0, did not pass the filter by options: 0, added: 0, new vincodes: 0
16-12-2013 14:19:28 --- INFO: Toyota 4runner 2010 - found: 0, pass primary filters: 0, did not pass the filter by colors: 0, did not pass the filter by options: 0, added: 0, new vincodes: 0
16-12-2013 14:21:35 --- INFO: Toyota 4RUNNER 4WD V6 - found: 14, pass primary filters: 5, did not pass the filter by colors: 1, did not pass the filter by options: , added: 4, new vincodes: 3
16-12-2013 14:21:36 --- INFO: Toyota FJ cruiser - found: 8, pass primary filters: 0, did not pass the filter by colors: 0, did not pass the filter by options: 0, added: 0, new vincodes: 0
16-12-2013 14:21:36 --- INFO: Lexus RX 350 2013 - found: 0, pass primary filters: 0, did not pass the filter by colors: 0, did not pass the filter by options: 0, added: 0, new vincodes: 0
16-12-2013 14:21:37 --- INFO: Toyota Highlander - found: 14, pass primary filters: 5, did not pass the filter by colors: 5, did not pass the filter by options: , added: 0, new vincodes: 1
16-12-2013 14:21:38 --- INFO: Lexus RX 350 - found: 8, pass primary filters: 7, did not pass the filter by colors: 4, did not pass the filter by options: 2, added: 1, new vincodes: 0
16-12-2013 14:21:39 --- INFO: Toyota 4RUNNER Limited V6 - found: 14, pass primary filters: 1, did not pass the filter by colors: 0, did not pass the filter by options: , added: 1, new vincodes: 1
16-12-2013 14:21:39 --- INFO: finish: 16-12-2013 14:21:39
16-12-2013 14:21:39 --- INFO: elapsed time: ~140.59 sec., memory usage: ~3.28 Mb.
16-12-2013 14:33:45 --- INFO: start: 16-12-2013 14:33:45
16-12-2013 14:33:46 --- INFO: ----------Source_Megaavto (apache2handler)
16-12-2013 14:33:52 --- INFO: Lexus GS300 - found: 0, pass primary filters: 0, did not pass the filter by colors: 0, did not pass the filter by options: 0, added: 0, new vincodes: 0
16-12-2013 14:33:56 --- INFO: Lexus RX 350 - found: 0, pass primary filters: 0, did not pass the filter by colors: 0, did not pass the filter by options: 0, added: 0, new vincodes: 0
16-12-2013 14:34:01 --- INFO: Lexus GX 460 - found: 0, pass primary filters: 0, did not pass the filter by colors: 0, did not pass the filter by options: 0, added: 0, new vincodes: 0
16-12-2013 14:34:05 --- INFO: Lexus RX 330 - found: 0, pass primary filters: 0, did not pass the filter by colors: 0, did not pass the filter by options: 0, added: 0, new vincodes: 0
16-12-2013 14:34:10 --- INFO: Lexus RX 400H - found: 0, pass primary filters: 0, did not pass the filter by colors: 0, did not pass the filter by options: 0, added: 0, new vincodes: 0
16-12-2013 14:34:14 --- INFO: Lexus GX 470 - found: 0, pass primary filters: 0, did not pass the filter by colors: 0, did not pass the filter by options: 0, added: 0, new vincodes: 0
16-12-2013 14:34:18 --- INFO: Lexus GX 470 - found: 0, pass primary filters: 0, did not pass the filter by colors: 0, did not pass the filter by options: 0, added: 0, new vincodes: 0
16-12-2013 14:34:22 --- INFO: Lexus LX 470 - found: 0, pass primary filters: 0, did not pass the filter by colors: 0, did not pass the filter by options: 0, added: 0, new vincodes: 0
16-12-2013 14:34:27 --- INFO: Toyota Sequoia - found: 0, pass primary filters: 0, did not pass the filter by colors: 0, did not pass the filter by options: 0, added: 0, new vincodes: 0
16-12-2013 14:34:31 --- INFO: Toyota Land Cruiser - found: 0, pass primary filters: 0, did not pass the filter by colors: 0, did not pass the filter by options: 0, added: 0, new vincodes: 0
16-12-2013 14:34:35 --- INFO: Lexus LX 570 - found: 0, pass primary filters: 0, did not pass the filter by colors: 0, did not pass the filter by options: 0, added: 0, new vincodes: 0
16-12-2013 14:34:39 --- INFO: Toyota Venza - found: 0, pass primary filters: 0, did not pass the filter by colors: 0, did not pass the filter by options: 0, added: 0, new vincodes: 0
16-12-2013 14:34:43 --- INFO: Toyota 4runner 2010 - found: 0, pass primary filters: 0, did not pass the filter by colors: 0, did not pass the filter by options: 0, added: 0, new vincodes: 0
16-12-2013 14:34:48 --- INFO: Toyota 4RUNNER 4WD V6 - found: 0, pass primary filters: 0, did not pass the filter by colors: 0, did not pass the filter by options: 0, added: 0, new vincodes: 0
16-12-2013 14:34:52 --- INFO: Toyota Highlander - found: 0, pass primary filters: 0, did not pass the filter by colors: 0, did not pass the filter by options: 0, added: 0, new vincodes: 0
16-12-2013 14:34:57 --- INFO: Toyota RAV 4 - found: 0, pass primary filters: 0, did not pass the filter by colors: 0, did not pass the filter by options: 0, added: 0, new vincodes: 0
16-12-2013 14:35:01 --- INFO: Toyota Highlander 4WD - found: 0, pass primary filters: 0, did not pass the filter by colors: 0, did not pass the filter by options: 0, added: 0, new vincodes: 0
16-12-2013 14:35:06 --- INFO: Toyota Highlander - found: 0, pass primary filters: 0, did not pass the filter by colors: 0, did not pass the filter by options: 0, added: 0, new vincodes: 0
16-12-2013 14:35:10 --- INFO: Toyota 4RUNNER Limited V6 - found: 0, pass primary filters: 0, did not pass the filter by colors: 0, did not pass the filter by options: 0, added: 0, new vincodes: 0
16-12-2013 14:35:14 --- INFO: Lexus RX 350 - found: 0, pass primary filters: 0, did not pass the filter by colors: 0, did not pass the filter by options: 0, added: 0, new vincodes: 0
16-12-2013 14:35:14 --- INFO: finish: 16-12-2013 14:35:14
16-12-2013 14:35:14 --- INFO: elapsed time: ~89.46 sec., memory usage: ~2.19 Mb.
16-12-2013 14:28:18 --- INFO: start: 16-12-2013 14:28:18
16-12-2013 14:28:19 --- INFO: ----------Source_AutoSalon (apache2handler)
16-12-2013 14:30:03 --- INFO: Lexus RX 330 - found: 61, pass primary filters: 0, did not pass the filter by colors: 0, did not pass the filter by options: 0, added: 0, new vincodes: 0
16-12-2013 14:30:06 --- INFO: Lexus RX 400H - found: 1, pass primary filters: 1, did not pass the filter by colors: 0, did not pass the filter by options: 0, added: 1, new vincodes: 0
16-12-2013 14:31:36 --- INFO: Lexus GX 470 - found: 7, pass primary filters: 7, did not pass the filter by colors: 0, did not pass the filter by options: 0, added: 7, new vincodes: 1
16-12-2013 14:40:11 --- INFO: Lexus GX 470 - found: 55, pass primary filters: 5, did not pass the filter by colors: 0, did not pass the filter by options: 0, added: 5, new vincodes: 0
16-12-2013 14:43:39 --- INFO: Lexus LX 470 - found: 26, pass primary filters: 1, did not pass the filter by colors: 0, did not pass the filter by options: 0, added: 1, new vincodes: 0
16-12-2013 14:43:42 --- INFO: Toyota Sequoia - found: 0, pass primary filters: 0, did not pass the filter by colors: 0, did not pass the filter by options: 0, added: 0, new vincodes: 0
16-12-2013 14:43:44 --- INFO: Toyota Land Cruiser - found: 0, pass primary filters: 0, did not pass the filter by colors: 0, did not pass the filter by options: 0, added: 0, new vincodes: 0
16-12-2013 14:50:17 --- INFO: Lexus LX 570 - found: 18, pass primary filters: 16, did not pass the filter by colors: 0, did not pass the filter by options: 0, added: 16, new vincodes: 3
16-12-2013 14:50:19 --- INFO: Toyota Venza - found: 0, pass primary filters: 0, did not pass the filter by colors: 0, did not pass the filter by options: 0, added: 0, new vincodes: 0
16-12-2013 14:50:22 --- INFO: Toyota 4runner 2010 - found: 0, pass primary filters: 0, did not pass the filter by colors: 0, did not pass the filter by options: 0, added: 0, new vincodes: 0
16-12-2013 14:50:24 --- INFO: Toyota 4RUNNER 4WD V6 - found: 0, pass primary filters: 0, did not pass the filter by colors: 0, did not pass the filter by options: 0, added: 0, new vincodes: 0
16-12-2013 14:50:27 --- INFO: Toyota RAV 4 - found: 0, pass primary filters: 0, did not pass the filter by colors: 0, did not pass the filter by options: 0, added: 0, new vincodes: 0
16-12-2013 14:50:29 --- INFO: Toyota Highlander 4WD - found: 0, pass primary filters: 0, did not pass the filter by colors: 0, did not pass the filter by options: 0, added: 0, new vincodes: 0
16-12-2013 14:50:32 --- INFO: Toyota Highlander - found: 0, pass primary filters: 0, did not pass the filter by colors: 0, did not pass the filter by options: 0, added: 0, new vincodes: 0
16-12-2013 14:52:34 --- INFO: Lexus RX 350 - found: 113, pass primary filters: 8, did not pass the filter by colors: 0, did not pass the filter by options: 0, added: 8, new vincodes: 1
16-12-2013 14:52:37 --- INFO: Toyota 4RUNNER Limited V6 - found: 0, pass primary filters: 0, did not pass the filter by colors: 0, did not pass the filter by options: 0, added: 0, new vincodes: 0
16-12-2013 14:53:43 --- INFO: Lexus GX 460 - found: 1, pass primary filters: 1, did not pass the filter by colors: 0, did not pass the filter by options: 0, added: 1, new vincodes: 1
16-12-2013 14:54:52 --- INFO: Lexus RX 350 - found: 9, pass primary filters: 2, did not pass the filter by colors: 0, did not pass the filter by options: 0, added: 2, new vincodes: 1
16-12-2013 14:56:23 --- INFO: Toyota Highlander - found: 21, pass primary filters: 15, did not pass the filter by colors: 0, did not pass the filter by options: 0, added: 15, new vincodes: 0
16-12-2013 14:57:26 --- INFO: Lexus GS300 - found: 17, pass primary filters: 3, did not pass the filter by colors: 0, did not pass the filter by options: 0, added: 3, new vincodes: 1
16-12-2013 14:58:57 --- INFO: Toyota FJ cruiser - found: 19, pass primary filters: 12, did not pass the filter by colors: 0, did not pass the filter by options: 0, added: 12, new vincodes: 2
16-12-2013 14:59:22 --- INFO: Lexus RX 350 2013 - found: 13, pass primary filters: 8, did not pass the filter by colors: 0, did not pass the filter by options: 0, added: 8, new vincodes: 0
16-12-2013 14:59:22 --- INFO: finish: 16-12-2013 14:59:22
16-12-2013 14:59:22 --- INFO: elapsed time: ~1863.87 sec., memory usage: ~5.29 Mb.
16-12-2013 14:47:21 --- INFO: start: 16-12-2013 14:47:21
16-12-2013 14:47:21 --- INFO: ----------Source_Oodle (apache2handler)
16-12-2013 14:47:24 --- INFO: Toyota Highlander - found: 24, pass primary filters: 21, did not pass the filter by colors: 0, did not pass the filter by options: 0, added: 21, new vincodes: 0
16-12-2013 14:48:21 --- INFO: Lexus RX 330 - found: 225, pass primary filters: 0, did not pass the filter by colors: 0, did not pass the filter by options: 0, added: 0, new vincodes: 0
16-12-2013 14:48:21 --- INFO: Lexus RX 400H - found: 0, pass primary filters: 0, did not pass the filter by colors: 0, did not pass the filter by options: 0, added: 0, new vincodes: 0
16-12-2013 14:48:23 --- INFO: Lexus GX 470 - found: 17, pass primary filters: 10, did not pass the filter by colors: 0, did not pass the filter by options: 0, added: 10, new vincodes: 0
16-12-2013 14:51:21 --- INFO: Lexus GX 470 - found: 214, pass primary filters: 1, did not pass the filter by colors: 0, did not pass the filter by options: 0, added: 1, new vincodes: 0
16-12-2013 14:55:00 --- INFO: Lexus LX 470 - found: 76, pass primary filters: 14, did not pass the filter by colors: 0, did not pass the filter by options: 0, added: 14, new vincodes: 0
16-12-2013 14:55:53 --- INFO: Toyota Sequoia - found: 83, pass primary filters: 10, did not pass the filter by colors: 0, did not pass the filter by options: 0, added: 10, new vincodes: 0
16-12-2013 14:56:02 --- INFO: Toyota Land Cruiser - found: 21, pass primary filters: 8, did not pass the filter by colors: 0, did not pass the filter by options: 0, added: 8, new vincodes: 1
16-12-2013 14:56:03 --- INFO: Lexus LX 570 - found: 0, pass primary filters: 0, did not pass the filter by colors: 0, did not pass the filter by options: 0, added: 0, new vincodes: 0
16-12-2013 14:56:03 --- INFO: Toyota Venza - found: 0, pass primary filters: 0, did not pass the filter by colors: 0, did not pass the filter by options: 0, added: 0, new vincodes: 0
16-12-2013 14:56:04 --- INFO: Toyota 4runner 2010 - found: 4, pass primary filters: 3, did not pass the filter by colors: 0, did not pass the filter by options: 0, added: 3, new vincodes: 0
16-12-2013 14:57:19 --- INFO: Toyota 4RUNNER 4WD V6 - found: 494, pass primary filters: 1, did not pass the filter by colors: 0, did not pass the filter by options: 0, added: 1, new vincodes: 0
16-12-2013 14:58:23 --- INFO: Toyota RAV 4 - found: 3292, pass primary filters: 0, did not pass the filter by colors: 0, did not pass the filter by options: 0, added: 0, new vincodes: 0
16-12-2013 14:58:43 --- INFO: Toyota Highlander 4WD - found: 468, pass primary filters: 0, did not pass the filter by colors: 0, did not pass the filter by options: 0, added: 0, new vincodes: 0
16-12-2013 14:58:55 --- INFO: Toyota Highlander - found: 468, pass primary filters: 0, did not pass the filter by colors: 0, did not pass the filter by options: 0, added: 0, new vincodes: 0
16-12-2013 14:59:22 --- INFO: Lexus RX 350 - found: 636, pass primary filters: 3, did not pass the filter by colors: 0, did not pass the filter by options: 0, added: 3, new vincodes: 0
16-12-2013 15:00:24 --- INFO: Toyota 4RUNNER Limited V6 - found: 571, pass primary filters: 0, did not pass the filter by colors: 0, did not pass the filter by options: 0, added: 0, new vincodes: 0
16-12-2013 15:00:24 --- INFO: Lexus GX 460 - found: 0, pass primary filters: 0, did not pass the filter by colors: 0, did not pass the filter by options: 0, added: 0, new vincodes: 0
16-12-2013 15:00:25 --- INFO: Lexus RX 350 - found: 11, pass primary filters: 5, did not pass the filter by colors: 0, did not pass the filter by options: 0, added: 5, new vincodes: 0
16-12-2013 15:00:38 --- INFO: Lexus GS300 - found: 86, pass primary filters: 3, did not pass the filter by colors: 0, did not pass the filter by options: 0, added: 3, new vincodes: 0
16-12-2013 15:00:41 --- INFO: Toyota FJ cruiser - found: 91, pass primary filters: 0, did not pass the filter by colors: 0, did not pass the filter by options: 0, added: 0, new vincodes: 0
16-12-2013 15:01:37 --- INFO: Lexus RX 350 2013 - found: 60, pass primary filters: 1, did not pass the filter by colors: 0, did not pass the filter by options: 0, added: 1, new vincodes: 0
16-12-2013 15:01:37 --- INFO: finish: 16-12-2013 15:01:37
16-12-2013 15:01:37 --- INFO: elapsed time: ~855.63 sec., memory usage: ~6.33 Mb.
16-12-2013 14:43:05 --- INFO: start: 16-12-2013 14:43:05
16-12-2013 14:43:05 --- INFO: ----------Source_ExpOfCars (apache2handler)
16-12-2013 14:49:58 --- INFO: Lexus RX 330 - found: 61, pass primary filters: 42, did not pass the filter by colors: 0, did not pass the filter by options: 0, added: 42, new vincodes: 7
16-12-2013 14:50:15 --- INFO: Lexus RX 400H - found: 13, pass primary filters: 10, did not pass the filter by colors: 0, did not pass the filter by options: 0, added: 10, new vincodes: 0
16-12-2013 14:50:21 --- INFO: Lexus GX 470 - found: 7, pass primary filters: 7, did not pass the filter by colors: 0, did not pass the filter by options: 0, added: 7, new vincodes: 0
16-12-2013 14:51:19 --- INFO: Lexus GX 470 - found: 56, pass primary filters: 56, did not pass the filter by colors: 0, did not pass the filter by options: 0, added: 56, new vincodes: 2
16-12-2013 14:51:52 --- INFO: Lexus LX 470 - found: 29, pass primary filters: 29, did not pass the filter by colors: 0, did not pass the filter by options: 0, added: 29, new vincodes: 2
16-12-2013 14:52:12 --- INFO: Toyota Sequoia - found: 27, pass primary filters: 27, did not pass the filter by colors: 0, did not pass the filter by options: 0, added: 27, new vincodes: 1
16-12-2013 14:52:15 --- INFO: Toyota Land Cruiser - found: 4, pass primary filters: 4, did not pass the filter by colors: 0, did not pass the filter by options: 0, added: 4, new vincodes: 0
16-12-2013 14:52:47 --- INFO: Lexus LX 570 - found: 19, pass primary filters: 19, did not pass the filter by colors: 0, did not pass the filter by options: 0, added: 19, new vincodes: 0
16-12-2013 14:53:04 --- INFO: Toyota Venza - found: 10, pass primary filters: 10, did not pass the filter by colors: 0, did not pass the filter by options: 0, added: 10, new vincodes: 4
16-12-2013 14:53:15 --- INFO: Toyota 4runner 2010 - found: 4, pass primary filters: 4, did not pass the filter by colors: 0, did not pass the filter by options: 0, added: 4, new vincodes: 2
16-12-2013 14:54:09 --- INFO: Toyota 4RUNNER 4WD V6 - found: 56, pass primary filters: 27, did not pass the filter by colors: 0, did not pass the filter by options: 0, added: 27, new vincodes: 6
16-12-2013 14:54:24 --- INFO: Toyota RAV 4 - found: 467, pass primary filters: 0, did not pass the filter by colors: 0, did not pass the filter by options: 0, added: 0, new vincodes: 0
16-12-2013 14:54:33 --- INFO: Toyota Highlander 4WD - found: 74, pass primary filters: 3, did not pass the filter by colors: 0, did not pass the filter by options: 0, added: 3, new vincodes: 1
16-12-2013 15:00:16 --- INFO: Toyota Highlander - found: 74, pass primary filters: 18, did not pass the filter by colors: 0, did not pass the filter by options: 0, added: 18, new vincodes: 5
16-12-2013 15:13:13 --- INFO: Lexus RX 350 - found: 118, pass primary filters: 78, did not pass the filter by colors: 0, did not pass the filter by options: 0, added: 78, new vincodes: 10
16-12-2013 15:13:20 --- INFO: Toyota 4RUNNER Limited V6 - found: 71, pass primary filters: 1, did not pass the filter by colors: 0, did not pass the filter by options: 0, added: 1, new vincodes: 0
16-12-2013 15:13:23 --- INFO: Lexus GX 460 - found: 1, pass primary filters: 1, did not pass the filter by colors: 0, did not pass the filter by options: 0, added: 1, new vincodes: 0
16-12-2013 15:13:38 --- INFO: Lexus RX 350 - found: 7, pass primary filters: 7, did not pass the filter by colors: 0, did not pass the filter by options: 0, added: 7, new vincodes: 0
16-12-2013 15:14:06 --- INFO: Toyota Highlander - found: 21, pass primary filters: 21, did not pass the filter by colors: 0, did not pass the filter by options: 0, added: 21, new vincodes: 1
16-12-2013 15:14:22 --- INFO: Lexus GS300 - found: 16, pass primary filters: 4, did not pass the filter by colors: 0, did not pass the filter by options: 0, added: 4, new vincodes: 0
16-12-2013 15:14:22 --- INFO: finish: 16-12-2013 15:14:22
16-12-2013 15:14:22 --- INFO: elapsed time: ~1877.44 sec., memory usage: ~9.52 Mb.
16-12-2013 18:57:09 --- INFO: start: 16-12-2013 18:57:09
16-12-2013 18:57:09 --- INFO: ----------Source_Oodle (apache2handler)
16-12-2013 18:57:11 --- INFO: Toyota Highlander - found: 24, pass primary filters: 21, did not pass the filter by colors: 0, did not pass the filter by options: 0, added: 21, new vincodes: 0
16-12-2013 18:57:16 --- INFO: Lexus RX 330 - found: 224, pass primary filters: 0, did not pass the filter by colors: 0, did not pass the filter by options: 0, added: 0, new vincodes: 0
16-12-2013 18:57:16 --- INFO: Lexus RX 400H - found: 0, pass primary filters: 0, did not pass the filter by colors: 0, did not pass the filter by options: 0, added: 0, new vincodes: 0
16-12-2013 18:57:17 --- INFO: Lexus GX 470 - found: 17, pass primary filters: 10, did not pass the filter by colors: 0, did not pass the filter by options: 0, added: 10, new vincodes: 0
16-12-2013 18:57:24 --- INFO: Lexus GX 470 - found: 214, pass primary filters: 1, did not pass the filter by colors: 0, did not pass the filter by options: 0, added: 1, new vincodes: 0
16-12-2013 18:57:28 --- INFO: Lexus LX 470 - found: 76, pass primary filters: 14, did not pass the filter by colors: 0, did not pass the filter by options: 0, added: 14, new vincodes: 0
16-12-2013 18:57:30 --- INFO: Toyota Sequoia - found: 82, pass primary filters: 9, did not pass the filter by colors: 0, did not pass the filter by options: 0, added: 9, new vincodes: 0
16-12-2013 18:57:31 --- INFO: Toyota Land Cruiser - found: 21, pass primary filters: 8, did not pass the filter by colors: 0, did not pass the filter by options: 0, added: 8, new vincodes: 0
16-12-2013 18:57:31 --- INFO: Lexus LX 570 - found: 0, pass primary filters: 0, did not pass the filter by colors: 0, did not pass the filter by options: 0, added: 0, new vincodes: 0
16-12-2013 18:57:32 --- INFO: Toyota Venza - found: 0, pass primary filters: 0, did not pass the filter by colors: 0, did not pass the filter by options: 0, added: 0, new vincodes: 0
16-12-2013 18:57:33 --- INFO: Toyota 4runner 2010 - found: 4, pass primary filters: 3, did not pass the filter by colors: 0, did not pass the filter by options: 0, added: 3, new vincodes: 0
16-12-2013 18:57:43 --- INFO: Toyota 4RUNNER 4WD V6 - found: 490, pass primary filters: 1, did not pass the filter by colors: 0, did not pass the filter by options: 0, added: 1, new vincodes: 0
16-12-2013 18:58:49 --- INFO: Toyota RAV 4 - found: 3290, pass primary filters: 0, did not pass the filter by colors: 0, did not pass the filter by options: 0, added: 0, new vincodes: 0
16-12-2013 18:58:59 --- INFO: Toyota Highlander 4WD - found: 469, pass primary filters: 0, did not pass the filter by colors: 0, did not pass the filter by options: 0, added: 0, new vincodes: 0
16-12-2013 18:59:12 --- INFO: Toyota Highlander - found: 469, pass primary filters: 0, did not pass the filter by colors: 0, did not pass the filter by options: 0, added: 0, new vincodes: 0
16-12-2013 18:59:26 --- INFO: Lexus RX 350 - found: 639, pass primary filters: 3, did not pass the filter by colors: 0, did not pass the filter by options: 0, added: 3, new vincodes: 0
16-12-2013 18:59:39 --- INFO: Toyota 4RUNNER Limited V6 - found: 567, pass primary filters: 0, did not pass the filter by colors: 0, did not pass the filter by options: 0, added: 0, new vincodes: 0
16-12-2013 18:59:39 --- INFO: Lexus GX 460 - found: 0, pass primary filters: 0, did not pass the filter by colors: 0, did not pass the filter by options: 0, added: 0, new vincodes: 0
16-12-2013 18:59:40 --- INFO: Lexus RX 350 - found: 11, pass primary filters: 5, did not pass the filter by colors: 0, did not pass the filter by options: 0, added: 5, new vincodes: 0
16-12-2013 18:59:42 --- INFO: Lexus GS300 - found: 87, pass primary filters: 3, did not pass the filter by colors: 0, did not pass the filter by options: 0, added: 3, new vincodes: 0
16-12-2013 18:59:44 --- INFO: Toyota FJ cruiser - found: 89, pass primary filters: 0, did not pass the filter by colors: 0, did not pass the filter by options: 0, added: 0, new vincodes: 0
16-12-2013 18:59:46 --- INFO: Lexus RX 350 2013 - found: 59, pass primary filters: 0, did not pass the filter by colors: 0, did not pass the filter by options: 0, added: 0, new vincodes: 0
16-12-2013 18:59:46 --- INFO: finish: 16-12-2013 18:59:46
16-12-2013 18:59:46 --- INFO: elapsed time: ~157.73 sec., memory usage: ~5.64 Mb.