
17-12-2013 12:39:34 --- INFO: start: 17-12-2013 12:39:34
17-12-2013 12:39:34 --- INFO: ----------Source_Adesa (apache2handler)
17-12-2013 12:39:35 --- INFO: Authorized request
17-12-2013 12:39:40 --- INFO: Lexus RX 330 - found: 9, pass primary filters: 7, did not pass the filter by colors: 2, did not pass the filter by options: 4, added: 1, new vincodes: 3
17-12-2013 12:39:41 --- INFO: Lexus RX 400H - found: 5, pass primary filters: 2, did not pass the filter by colors: 2, did not pass the filter by options: 0, added: 0, new vincodes: 0
17-12-2013 12:39:42 --- INFO: Lexus GX 470 - found: 2, pass primary filters: 2, did not pass the filter by colors: 1, did not pass the filter by options: 0, added: 1, new vincodes: 0
17-12-2013 12:39:42 --- INFO: Lexus GX 470 - found: 6, pass primary filters: 5, did not pass the filter by colors: 4, did not pass the filter by options: 1, added: 0, new vincodes: 0
17-12-2013 12:39:43 --- INFO: Lexus LX 470 - found: 6, pass primary filters: 6, did not pass the filter by colors: 6, did not pass the filter by options: , added: 0, new vincodes: 0
17-12-2013 12:39:44 --- INFO: Toyota Sequoia - found: 0, pass primary filters: 0, did not pass the filter by colors: 0, did not pass the filter by options: 0, added: 0, new vincodes: 0
17-12-2013 12:39:44 --- INFO: Toyota Land Cruiser - found: 1, pass primary filters: 1, did not pass the filter by colors: 1, did not pass the filter by options: , added: 0, new vincodes: 0
17-12-2013 12:39:45 --- INFO: Lexus LX 570 - found: 0, pass primary filters: 0, did not pass the filter by colors: 0, did not pass the filter by options: 0, added: 0, new vincodes: 0
17-12-2013 12:39:45 --- INFO: Toyota Venza - found: 0, pass primary filters: 0, did not pass the filter by colors: 0, did not pass the filter by options: 0, added: 0, new vincodes: 0
17-12-2013 12:39:46 --- INFO: Toyota 4runner 2010 - found: 0, pass primary filters: 0, did not pass the filter by colors: 0, did not pass the filter by options: 0, added: 0, new vincodes: 0
17-12-2013 12:39:47 --- INFO: Toyota 4RUNNER 4WD V6 - found: 20, pass primary filters: 2, did not pass the filter by colors: 0, did not pass the filter by options: , added: 2, new vincodes: 1
17-12-2013 12:39:48 --- INFO: Toyota FJ cruiser - found: 9, pass primary filters: 0, did not pass the filter by colors: 0, did not pass the filter by options: 0, added: 0, new vincodes: 0
17-12-2013 12:39:48 --- INFO: Lexus RX 350 2013 - found: 0, pass primary filters: 0, did not pass the filter by colors: 0, did not pass the filter by options: 0, added: 0, new vincodes: 0
17-12-2013 12:39:49 --- INFO: Toyota Highlander - found: 24, pass primary filters: 6, did not pass the filter by colors: 5, did not pass the filter by options: , added: 1, new vincodes: 1
17-12-2013 12:39:53 --- INFO: Lexus RX 350 - found: 18, pass primary filters: 5, did not pass the filter by colors: 2, did not pass the filter by options: 2, added: 1, new vincodes: 1
17-12-2013 12:39:56 --- INFO: Toyota 4RUNNER Limited V6 - found: 25, pass primary filters: 1, did not pass the filter by colors: 0, did not pass the filter by options: , added: 1, new vincodes: 1
17-12-2013 12:39:56 --- INFO: finish: 17-12-2013 12:39:56
17-12-2013 12:39:56 --- INFO: elapsed time: ~21.79 sec., memory usage: ~3.33 Mb.
17-12-2013 12:43:42 --- INFO: start: 17-12-2013 12:43:42
17-12-2013 12:43:42 --- INFO: ----------Source_ExpOfCars (apache2handler)
17-12-2013 12:45:11 --- INFO: Lexus RX 330 - found: 93, pass primary filters: 64, did not pass the filter by colors: 0, did not pass the filter by options: 0, added: 64, new vincodes: 7
17-12-2013 12:45:21 --- INFO: Lexus RX 400H - found: 12, pass primary filters: 9, did not pass the filter by colors: 0, did not pass the filter by options: 0, added: 9, new vincodes: 0
17-12-2013 12:45:31 --- INFO: Lexus GX 470 - found: 11, pass primary filters: 11, did not pass the filter by colors: 0, did not pass the filter by options: 0, added: 11, new vincodes: 2
17-12-2013 12:46:55 --- INFO: Lexus GX 470 - found: 69, pass primary filters: 69, did not pass the filter by colors: 0, did not pass the filter by options: 0, added: 69, new vincodes: 4
17-12-2013 12:47:19 --- INFO: Lexus LX 470 - found: 34, pass primary filters: 34, did not pass the filter by colors: 0, did not pass the filter by options: 0, added: 34, new vincodes: 1
17-12-2013 12:48:28 --- INFO: Toyota Sequoia - found: 37, pass primary filters: 37, did not pass the filter by colors: 0, did not pass the filter by options: 0, added: 37, new vincodes: 4
17-12-2013 12:53:33 --- INFO: Toyota Land Cruiser - found: 7, pass primary filters: 7, did not pass the filter by colors: 0, did not pass the filter by options: 0, added: 7, new vincodes: 1
17-12-2013 12:53:45 --- INFO: Lexus LX 570 - found: 17, pass primary filters: 17, did not pass the filter by colors: 0, did not pass the filter by options: 0, added: 17, new vincodes: 0
17-12-2013 12:53:52 --- INFO: Toyota Venza - found: 11, pass primary filters: 11, did not pass the filter by colors: 0, did not pass the filter by options: 0, added: 11, new vincodes: 1
17-12-2013 12:53:56 --- INFO: Toyota 4runner 2010 - found: 5, pass primary filters: 5, did not pass the filter by colors: 0, did not pass the filter by options: 0, added: 5, new vincodes: 0
17-12-2013 12:54:26 --- INFO: Toyota 4RUNNER 4WD V6 - found: 77, pass primary filters: 30, did not pass the filter by colors: 0, did not pass the filter by options: 0, added: 30, new vincodes: 3
17-12-2013 12:54:35 --- INFO: Toyota RAV 4 - found: 366, pass primary filters: 0, did not pass the filter by colors: 0, did not pass the filter by options: 0, added: 0, new vincodes: 0
17-12-2013 12:54:52 --- INFO: Toyota Highlander 4WD - found: 95, pass primary filters: 6, did not pass the filter by colors: 0, did not pass the filter by options: 0, added: 6, new vincodes: 1
17-12-2013 13:00:30 --- INFO: Toyota Highlander - found: 95, pass primary filters: 26, did not pass the filter by colors: 0, did not pass the filter by options: 0, added: 26, new vincodes: 6
17-12-2013 13:12:29 --- INFO: Lexus RX 350 - found: 157, pass primary filters: 107, did not pass the filter by colors: 0, did not pass the filter by options: 0, added: 107, new vincodes: 7
17-12-2013 13:12:38 --- INFO: Toyota 4RUNNER Limited V6 - found: 92, pass primary filters: 3, did not pass the filter by colors: 0, did not pass the filter by options: 0, added: 3, new vincodes: 1
17-12-2013 13:12:38 --- INFO: Lexus GX 460 - found: 1, pass primary filters: 1, did not pass the filter by colors: 0, did not pass the filter by options: 0, added: 1, new vincodes: 0
17-12-2013 13:13:08 --- INFO: Lexus RX 350 - found: 21, pass primary filters: 21, did not pass the filter by colors: 0, did not pass the filter by options: 0, added: 21, new vincodes: 6
17-12-2013 13:18:39 --- INFO: Toyota Highlander - found: 23, pass primary filters: 23, did not pass the filter by colors: 0, did not pass the filter by options: 0, added: 23, new vincodes: 5
17-12-2013 13:25:11 --- INFO: Lexus GS300 - found: 23, pass primary filters: 8, did not pass the filter by colors: 0, did not pass the filter by options: 0, added: 8, new vincodes: 3
17-12-2013 13:25:11 --- INFO: finish: 17-12-2013 13:25:11
17-12-2013 13:25:11 --- INFO: elapsed time: ~2489.03 sec., memory usage: ~9.33 Mb.