
18-12-2013 21:03:51 --- INFO: start: 18-12-2013 21:03:51
18-12-2013 21:03:51 --- INFO: ----------Source_Oodle (apache2handler)
18-12-2013 21:03:52 --- INFO: Toyota Highlander - found: 24, pass primary filters: 21, did not pass the filter by colors: 0, did not pass the filter by options: 0, added: 21, new vincodes: 0
18-12-2013 21:04:08 --- INFO: Lexus RX 330 - found: 226, pass primary filters: 0, did not pass the filter by colors: 0, did not pass the filter by options: 0, added: 0, new vincodes: 0
18-12-2013 21:04:08 --- INFO: Lexus RX 400H - found: 0, pass primary filters: 0, did not pass the filter by colors: 0, did not pass the filter by options: 0, added: 0, new vincodes: 0
18-12-2013 21:04:09 --- INFO: Lexus GX 470 - found: 13, pass primary filters: 7, did not pass the filter by colors: 0, did not pass the filter by options: 0, added: 7, new vincodes: 0
18-12-2013 21:06:49 --- INFO: Lexus GX 470 - found: 197, pass primary filters: 11, did not pass the filter by colors: 0, did not pass the filter by options: 0, added: 11, new vincodes: 0
18-12-2013 21:07:02 --- INFO: Lexus LX 470 - found: 68, pass primary filters: 10, did not pass the filter by colors: 0, did not pass the filter by options: 0, added: 10, new vincodes: 0
18-12-2013 21:07:07 --- INFO: Toyota Sequoia - found: 76, pass primary filters: 6, did not pass the filter by colors: 0, did not pass the filter by options: 0, added: 6, new vincodes: 0
18-12-2013 21:07:07 --- INFO: Toyota Land Cruiser - found: 20, pass primary filters: 8, did not pass the filter by colors: 0, did not pass the filter by options: 0, added: 8, new vincodes: 0
18-12-2013 21:07:08 --- INFO: Lexus LX 570 - found: 0, pass primary filters: 0, did not pass the filter by colors: 0, did not pass the filter by options: 0, added: 0, new vincodes: 0
18-12-2013 21:07:08 --- INFO: Toyota Venza - found: 0, pass primary filters: 0, did not pass the filter by colors: 0, did not pass the filter by options: 0, added: 0, new vincodes: 0
18-12-2013 21:07:10 --- INFO: Toyota 4runner 2010 - found: 4, pass primary filters: 3, did not pass the filter by colors: 0, did not pass the filter by options: 0, added: 3, new vincodes: 0
18-12-2013 21:07:20 --- INFO: Toyota 4RUNNER 4WD V6 - found: 454, pass primary filters: 0, did not pass the filter by colors: 0, did not pass the filter by options: 0, added: 0, new vincodes: 0
18-12-2013 21:08:21 --- INFO: Toyota RAV 4 - found: 3117, pass primary filters: 0, did not pass the filter by colors: 0, did not pass the filter by options: 0, added: 0, new vincodes: 0
18-12-2013 21:09:22 --- INFO: Toyota Highlander 4WD - found: 452, pass primary filters: 0, did not pass the filter by colors: 0, did not pass the filter by options: 0, added: 0, new vincodes: 0
18-12-2013 21:10:22 --- INFO: Toyota Highlander - found: 452, pass primary filters: 0, did not pass the filter by colors: 0, did not pass the filter by options: 0, added: 0, new vincodes: 0
18-12-2013 21:11:02 --- INFO: Lexus RX 350 - found: 625, pass primary filters: 1, did not pass the filter by colors: 0, did not pass the filter by options: 0, added: 1, new vincodes: 0
18-12-2013 21:11:15 --- INFO: Toyota 4RUNNER Limited V6 - found: 529, pass primary filters: 0, did not pass the filter by colors: 0, did not pass the filter by options: 0, added: 0, new vincodes: 0
18-12-2013 21:11:15 --- INFO: Lexus GX 460 - found: 0, pass primary filters: 0, did not pass the filter by colors: 0, did not pass the filter by options: 0, added: 0, new vincodes: 0
18-12-2013 21:11:16 --- INFO: Lexus RX 350 - found: 9, pass primary filters: 5, did not pass the filter by colors: 0, did not pass the filter by options: 0, added: 5, new vincodes: 0
18-12-2013 21:11:30 --- INFO: Lexus GS300 - found: 93, pass primary filters: 3, did not pass the filter by colors: 0, did not pass the filter by options: 0, added: 3, new vincodes: 0
18-12-2013 21:11:32 --- INFO: Toyota FJ cruiser - found: 82, pass primary filters: 0, did not pass the filter by colors: 0, did not pass the filter by options: 0, added: 0, new vincodes: 0
18-12-2013 21:13:26 --- INFO: Lexus RX 350 2013 - found: 64, pass primary filters: 1, did not pass the filter by colors: 0, did not pass the filter by options: 0, added: 1, new vincodes: 0
18-12-2013 21:13:26 --- INFO: finish: 18-12-2013 21:13:26
18-12-2013 21:13:26 --- INFO: elapsed time: ~575.77 sec., memory usage: ~5.99 Mb.
18-12-2013 21:20:23 --- INFO: start: 18-12-2013 21:20:23
18-12-2013 21:20:23 --- INFO: ----------Source_Adesa (apache2handler)
18-12-2013 21:20:24 --- INFO: Authorized request
18-12-2013 21:20:26 --- INFO: Lexus RX 330 - found: 7, pass primary filters: 6, did not pass the filter by colors: 2, did not pass the filter by options: 3, added: 1, new vincodes: 1
18-12-2013 21:20:27 --- INFO: Lexus RX 400H - found: 7, pass primary filters: 7, did not pass the filter by colors: 6, did not pass the filter by options: 0, added: 1, new vincodes: 0
18-12-2013 21:20:27 --- INFO: Lexus GX 470 - found: 2, pass primary filters: 2, did not pass the filter by colors: 1, did not pass the filter by options: 0, added: 1, new vincodes: 0
18-12-2013 21:20:29 --- INFO: Lexus GX 470 - found: 8, pass primary filters: 7, did not pass the filter by colors: 3, did not pass the filter by options: 2, added: 2, new vincodes: 1
18-12-2013 21:20:30 --- INFO: Lexus LX 470 - found: 11, pass primary filters: 6, did not pass the filter by colors: 6, did not pass the filter by options: , added: 0, new vincodes: 1
18-12-2013 21:20:30 --- INFO: Toyota Sequoia - found: 0, pass primary filters: 0, did not pass the filter by colors: 0, did not pass the filter by options: 0, added: 0, new vincodes: 0
18-12-2013 21:20:33 --- INFO: Toyota Land Cruiser - found: 2, pass primary filters: 2, did not pass the filter by colors: 2, did not pass the filter by options: , added: 0, new vincodes: 0
18-12-2013 21:20:34 --- INFO: Lexus LX 570 - found: 0, pass primary filters: 0, did not pass the filter by colors: 0, did not pass the filter by options: 0, added: 0, new vincodes: 0
18-12-2013 21:20:35 --- INFO: Toyota Venza - found: 0, pass primary filters: 0, did not pass the filter by colors: 0, did not pass the filter by options: 0, added: 0, new vincodes: 0
18-12-2013 21:20:35 --- INFO: Toyota 4runner 2010 - found: 0, pass primary filters: 0, did not pass the filter by colors: 0, did not pass the filter by options: 0, added: 0, new vincodes: 0
18-12-2013 21:22:21 --- INFO: Toyota 4RUNNER 4WD V6 - found: 22, pass primary filters: 6, did not pass the filter by colors: 3, did not pass the filter by options: , added: 3, new vincodes: 3
18-12-2013 21:22:22 --- INFO: Toyota FJ cruiser - found: 10, pass primary filters: 0, did not pass the filter by colors: 0, did not pass the filter by options: 0, added: 0, new vincodes: 0
18-12-2013 21:22:22 --- INFO: Lexus RX 350 2013 - found: 0, pass primary filters: 0, did not pass the filter by colors: 0, did not pass the filter by options: 0, added: 0, new vincodes: 0
18-12-2013 21:22:32 --- INFO: Toyota Highlander - found: 36, pass primary filters: 12, did not pass the filter by colors: 8, did not pass the filter by options: , added: 4, new vincodes: 6
18-12-2013 21:22:33 --- INFO: Lexus RX 350 - found: 20, pass primary filters: 7, did not pass the filter by colors: 4, did not pass the filter by options: 2, added: 1, new vincodes: 1
18-12-2013 21:22:34 --- INFO: Toyota 4RUNNER Limited V6 - found: 30, pass primary filters: 2, did not pass the filter by colors: 0, did not pass the filter by options: , added: 2, new vincodes: 0
18-12-2013 21:22:34 --- INFO: finish: 18-12-2013 21:22:34
18-12-2013 21:22:34 --- INFO: elapsed time: ~130.63 sec., memory usage: ~3.67 Mb.