
19-11-2013 00:28:11 --- INFO: start: 19-11-2013 00:28:11
19-11-2013 00:28:11 --- INFO: ----------Source_AutoSalon (apache2handler)
19-11-2013 00:28:23 --- INFO: Lexus RX 330 - found: 62, pass primary filters: 0, did not pass the filter by colors: 0, did not pass the filter by options: 0, added: 0, new vincodes: 0
19-11-2013 00:28:26 --- INFO: Lexus RX 400H - found: 0, pass primary filters: 0, did not pass the filter by colors: 0, did not pass the filter by options: 0, added: 0, new vincodes: 0
19-11-2013 00:28:30 --- INFO: Lexus GX 470 - found: 7, pass primary filters: 5, did not pass the filter by colors: 0, did not pass the filter by options: 0, added: 5, new vincodes: 0
19-11-2013 00:32:15 --- INFO: Lexus GX 470 - found: 63, pass primary filters: 10, did not pass the filter by colors: 0, did not pass the filter by options: 0, added: 10, new vincodes: 0
19-11-2013 00:32:20 --- INFO: Lexus LX 470 - found: 23, pass primary filters: 19, did not pass the filter by colors: 0, did not pass the filter by options: 0, added: 19, new vincodes: 0
19-11-2013 00:32:23 --- INFO: Toyota Sequoia - found: 0, pass primary filters: 0, did not pass the filter by colors: 0, did not pass the filter by options: 0, added: 0, new vincodes: 0
19-11-2013 00:32:25 --- INFO: Toyota Land Cruiser - found: 0, pass primary filters: 0, did not pass the filter by colors: 0, did not pass the filter by options: 0, added: 0, new vincodes: 0
19-11-2013 00:32:33 --- INFO: Lexus LX 570 - found: 17, pass primary filters: 13, did not pass the filter by colors: 0, did not pass the filter by options: 0, added: 13, new vincodes: 0
19-11-2013 00:32:36 --- INFO: Toyota Venza - found: 0, pass primary filters: 0, did not pass the filter by colors: 0, did not pass the filter by options: 0, added: 0, new vincodes: 0
19-11-2013 00:32:38 --- INFO: Toyota 4runner 2010 - found: 0, pass primary filters: 0, did not pass the filter by colors: 0, did not pass the filter by options: 0, added: 0, new vincodes: 0
19-11-2013 00:32:41 --- INFO: Toyota 4RUNNER 4WD V6 - found: 0, pass primary filters: 0, did not pass the filter by colors: 0, did not pass the filter by options: 0, added: 0, new vincodes: 0
19-11-2013 00:32:44 --- INFO: Toyota RAV 4 - found: 0, pass primary filters: 0, did not pass the filter by colors: 0, did not pass the filter by options: 0, added: 0, new vincodes: 0
19-11-2013 00:32:48 --- INFO: Toyota Highlander 4WD - found: 0, pass primary filters: 0, did not pass the filter by colors: 0, did not pass the filter by options: 0, added: 0, new vincodes: 0
19-11-2013 00:32:51 --- INFO: Toyota Highlander - found: 0, pass primary filters: 0, did not pass the filter by colors: 0, did not pass the filter by options: 0, added: 0, new vincodes: 0
19-11-2013 00:33:30 --- INFO: Lexus RX 350 - found: 157, pass primary filters: 1, did not pass the filter by colors: 0, did not pass the filter by options: 0, added: 1, new vincodes: 0
19-11-2013 00:33:32 --- INFO: Toyota 4RUNNER Limited V6 - found: 0, pass primary filters: 0, did not pass the filter by colors: 0, did not pass the filter by options: 0, added: 0, new vincodes: 0
19-11-2013 00:33:35 --- INFO: Lexus GX 460 - found: 2, pass primary filters: 1, did not pass the filter by colors: 0, did not pass the filter by options: 0, added: 1, new vincodes: 0
19-11-2013 00:33:39 --- INFO: Lexus RX 350 - found: 14, pass primary filters: 8, did not pass the filter by colors: 0, did not pass the filter by options: 0, added: 8, new vincodes: 0
19-11-2013 00:33:47 --- INFO: Toyota Highlander - found: 21, pass primary filters: 9, did not pass the filter by colors: 0, did not pass the filter by options: 0, added: 9, new vincodes: 0
19-11-2013 00:33:51 --- INFO: Lexus GS300 - found: 13, pass primary filters: 5, did not pass the filter by colors: 0, did not pass the filter by options: 0, added: 5, new vincodes: 0
19-11-2013 00:33:58 --- INFO: Toyota FJ cruiser - found: 24, pass primary filters: 11, did not pass the filter by colors: 0, did not pass the filter by options: 0, added: 11, new vincodes: 0
19-11-2013 00:36:22 --- INFO: Lexus RX 350 2013 - found: 37, pass primary filters: 2, did not pass the filter by colors: 0, did not pass the filter by options: 0, added: 2, new vincodes: 1
19-11-2013 00:36:22 --- INFO: finish: 19-11-2013 00:36:22
19-11-2013 00:36:22 --- INFO: elapsed time: ~491.69 sec., memory usage: ~4.02 Mb.
19-11-2013 01:34:09 --- INFO: start: 19-11-2013 01:34:09
19-11-2013 01:34:09 --- INFO: ----------Source_ExpOfCars (apache2handler)
19-11-2013 01:34:11 --- INFO: Lexus RX 330 - found: 33, pass primary filters: 25, did not pass the filter by colors: 0, did not pass the filter by options: 0, added: 25, new vincodes: 0
19-11-2013 01:34:12 --- INFO: Lexus RX 400H - found: 11, pass primary filters: 10, did not pass the filter by colors: 0, did not pass the filter by options: 0, added: 10, new vincodes: 0
19-11-2013 01:34:13 --- INFO: Lexus GX 470 - found: 3, pass primary filters: 3, did not pass the filter by colors: 0, did not pass the filter by options: 0, added: 3, new vincodes: 0
19-11-2013 01:34:16 --- INFO: Lexus GX 470 - found: 23, pass primary filters: 23, did not pass the filter by colors: 0, did not pass the filter by options: 0, added: 23, new vincodes: 0
19-11-2013 01:34:17 --- INFO: Lexus LX 470 - found: 19, pass primary filters: 19, did not pass the filter by colors: 0, did not pass the filter by options: 0, added: 19, new vincodes: 0
19-11-2013 01:34:19 --- INFO: Toyota Sequoia - found: 27, pass primary filters: 27, did not pass the filter by colors: 0, did not pass the filter by options: 0, added: 27, new vincodes: 0
19-11-2013 01:34:20 --- INFO: Toyota Land Cruiser - found: 4, pass primary filters: 4, did not pass the filter by colors: 0, did not pass the filter by options: 0, added: 4, new vincodes: 0
19-11-2013 01:34:22 --- INFO: Lexus LX 570 - found: 14, pass primary filters: 14, did not pass the filter by colors: 0, did not pass the filter by options: 0, added: 14, new vincodes: 0
19-11-2013 01:34:23 --- INFO: Toyota Venza - found: 8, pass primary filters: 8, did not pass the filter by colors: 0, did not pass the filter by options: 0, added: 8, new vincodes: 0
19-11-2013 01:34:24 --- INFO: Toyota 4runner 2010 - found: 2, pass primary filters: 2, did not pass the filter by colors: 0, did not pass the filter by options: 0, added: 2, new vincodes: 0
19-11-2013 01:34:26 --- INFO: Toyota 4RUNNER 4WD V6 - found: 56, pass primary filters: 23, did not pass the filter by colors: 0, did not pass the filter by options: 0, added: 23, new vincodes: 0
19-11-2013 01:34:35 --- INFO: Toyota RAV 4 - found: 270, pass primary filters: 0, did not pass the filter by colors: 0, did not pass the filter by options: 0, added: 0, new vincodes: 0
19-11-2013 01:34:38 --- INFO: Toyota Highlander 4WD - found: 83, pass primary filters: 3, did not pass the filter by colors: 0, did not pass the filter by options: 0, added: 3, new vincodes: 0
19-11-2013 01:34:42 --- INFO: Toyota Highlander - found: 83, pass primary filters: 17, did not pass the filter by colors: 0, did not pass the filter by options: 0, added: 17, new vincodes: 0
19-11-2013 01:34:47 --- INFO: Lexus RX 350 - found: 91, pass primary filters: 64, did not pass the filter by colors: 0, did not pass the filter by options: 0, added: 64, new vincodes: 0
19-11-2013 01:34:50 --- INFO: Toyota 4RUNNER Limited V6 - found: 67, pass primary filters: 1, did not pass the filter by colors: 0, did not pass the filter by options: 0, added: 1, new vincodes: 0
19-11-2013 01:34:51 --- INFO: Lexus GX 460 - found: 2, pass primary filters: 2, did not pass the filter by colors: 0, did not pass the filter by options: 0, added: 2, new vincodes: 0
19-11-2013 01:34:52 --- INFO: Lexus RX 350 - found: 7, pass primary filters: 7, did not pass the filter by colors: 0, did not pass the filter by options: 0, added: 7, new vincodes: 0
19-11-2013 01:34:53 --- INFO: Toyota Highlander - found: 10, pass primary filters: 10, did not pass the filter by colors: 0, did not pass the filter by options: 0, added: 10, new vincodes: 0
19-11-2013 01:34:53 --- INFO: Lexus GS300 - found: 0, pass primary filters: 0, did not pass the filter by colors: 0, did not pass the filter by options: 0, added: 0, new vincodes: 0
19-11-2013 01:34:53 --- INFO: finish: 19-11-2013 01:34:53
19-11-2013 01:34:53 --- INFO: elapsed time: ~44.63 sec., memory usage: ~4.49 Mb.
19-11-2013 01:43:24 --- INFO: start: 19-11-2013 01:43:24
19-11-2013 01:43:24 --- INFO: ----------Source_Adesa (apache2handler)
19-11-2013 01:43:25 --- INFO: Authorized request
19-11-2013 01:43:26 --- INFO: Lexus RX 330 - found: 8, pass primary filters: 4, did not pass the filter by colors: 3, did not pass the filter by options: 1, added: 0, new vincodes: 0
19-11-2013 01:43:26 --- INFO: Lexus RX 400H - found: 2, pass primary filters: 1, did not pass the filter by colors: 0, did not pass the filter by options: 0, added: 1, new vincodes: 0
19-11-2013 01:44:06 --- INFO: Lexus GX 470 - found: 2, pass primary filters: 2, did not pass the filter by colors: 1, did not pass the filter by options: 0, added: 1, new vincodes: 2
19-11-2013 01:44:08 --- INFO: Lexus GX 470 - found: 4, pass primary filters: 4, did not pass the filter by colors: 2, did not pass the filter by options: 1, added: 1, new vincodes: 0
19-11-2013 01:44:08 --- INFO: Lexus LX 470 - found: 2, pass primary filters: 2, did not pass the filter by colors: 2, did not pass the filter by options: , added: 0, new vincodes: 0
19-11-2013 01:44:09 --- INFO: Toyota Sequoia - found: 0, pass primary filters: 0, did not pass the filter by colors: 0, did not pass the filter by options: 0, added: 0, new vincodes: 0
19-11-2013 01:44:09 --- INFO: Toyota Land Cruiser - found: 0, pass primary filters: 0, did not pass the filter by colors: 0, did not pass the filter by options: 0, added: 0, new vincodes: 0
19-11-2013 01:44:10 --- INFO: Lexus LX 570 - found: 0, pass primary filters: 0, did not pass the filter by colors: 0, did not pass the filter by options: 0, added: 0, new vincodes: 0
19-11-2013 01:44:10 --- INFO: Toyota Venza - found: 0, pass primary filters: 0, did not pass the filter by colors: 0, did not pass the filter by options: 0, added: 0, new vincodes: 0
19-11-2013 01:44:11 --- INFO: Toyota 4runner 2010 - found: 0, pass primary filters: 0, did not pass the filter by colors: 0, did not pass the filter by options: 0, added: 0, new vincodes: 0
19-11-2013 01:44:12 --- INFO: Toyota 4RUNNER 4WD V6 - found: 16, pass primary filters: 8, did not pass the filter by colors: 3, did not pass the filter by options: , added: 5, new vincodes: 0
19-11-2013 01:44:12 --- INFO: Toyota FJ cruiser - found: 4, pass primary filters: 0, did not pass the filter by colors: 0, did not pass the filter by options: 0, added: 0, new vincodes: 0
19-11-2013 01:44:13 --- INFO: Lexus RX 350 2013 - found: 0, pass primary filters: 0, did not pass the filter by colors: 0, did not pass the filter by options: 0, added: 0, new vincodes: 0
19-11-2013 01:44:59 --- INFO: Toyota Highlander - found: 19, pass primary filters: 3, did not pass the filter by colors: 2, did not pass the filter by options: , added: 1, new vincodes: 1
19-11-2013 01:45:00 --- INFO: Lexus RX 350 - found: 17, pass primary filters: 8, did not pass the filter by colors: 5, did not pass the filter by options: 3, added: 0, new vincodes: 1
19-11-2013 01:45:01 --- INFO: Toyota 4RUNNER Limited V6 - found: 17, pass primary filters: 1, did not pass the filter by colors: 0, did not pass the filter by options: , added: 1, new vincodes: 0
19-11-2013 01:45:01 --- INFO: finish: 19-11-2013 01:45:01
19-11-2013 01:45:01 --- INFO: elapsed time: ~96.75 sec., memory usage: ~3.25 Mb.
19-11-2013 01:44:38 --- INFO: start: 19-11-2013 01:44:38
19-11-2013 01:44:38 --- INFO: ----------Source_ExpOfCars (apache2handler)
19-11-2013 01:44:40 --- INFO: Lexus RX 330 - found: 33, pass primary filters: 25, did not pass the filter by colors: 0, did not pass the filter by options: 0, added: 25, new vincodes: 0
19-11-2013 01:44:42 --- INFO: Lexus RX 400H - found: 11, pass primary filters: 10, did not pass the filter by colors: 0, did not pass the filter by options: 0, added: 10, new vincodes: 0
19-11-2013 01:45:01 --- INFO: Lexus GX 470 - found: 5, pass primary filters: 5, did not pass the filter by colors: 0, did not pass the filter by options: 0, added: 5, new vincodes: 2
19-11-2013 01:45:03 --- INFO: Lexus GX 470 - found: 22, pass primary filters: 22, did not pass the filter by colors: 0, did not pass the filter by options: 0, added: 22, new vincodes: 0
19-11-2013 01:45:06 --- INFO: Lexus LX 470 - found: 19, pass primary filters: 19, did not pass the filter by colors: 0, did not pass the filter by options: 0, added: 19, new vincodes: 0
19-11-2013 01:45:08 --- INFO: Toyota Sequoia - found: 27, pass primary filters: 27, did not pass the filter by colors: 0, did not pass the filter by options: 0, added: 27, new vincodes: 0
19-11-2013 01:45:09 --- INFO: Toyota Land Cruiser - found: 4, pass primary filters: 4, did not pass the filter by colors: 0, did not pass the filter by options: 0, added: 4, new vincodes: 0
19-11-2013 01:45:11 --- INFO: Lexus LX 570 - found: 14, pass primary filters: 14, did not pass the filter by colors: 0, did not pass the filter by options: 0, added: 14, new vincodes: 0
19-11-2013 01:45:12 --- INFO: Toyota Venza - found: 8, pass primary filters: 8, did not pass the filter by colors: 0, did not pass the filter by options: 0, added: 8, new vincodes: 0
19-11-2013 01:45:13 --- INFO: Toyota 4runner 2010 - found: 2, pass primary filters: 2, did not pass the filter by colors: 0, did not pass the filter by options: 0, added: 2, new vincodes: 0
19-11-2013 01:45:16 --- INFO: Toyota 4RUNNER 4WD V6 - found: 56, pass primary filters: 23, did not pass the filter by colors: 0, did not pass the filter by options: 0, added: 23, new vincodes: 0
19-11-2013 01:45:24 --- INFO: Toyota RAV 4 - found: 269, pass primary filters: 0, did not pass the filter by colors: 0, did not pass the filter by options: 0, added: 0, new vincodes: 0
19-11-2013 01:45:28 --- INFO: Toyota Highlander 4WD - found: 83, pass primary filters: 3, did not pass the filter by colors: 0, did not pass the filter by options: 0, added: 3, new vincodes: 0
19-11-2013 01:45:30 --- INFO: Toyota Highlander - found: 83, pass primary filters: 17, did not pass the filter by colors: 0, did not pass the filter by options: 0, added: 17, new vincodes: 0
19-11-2013 01:45:34 --- INFO: Lexus RX 350 - found: 91, pass primary filters: 64, did not pass the filter by colors: 0, did not pass the filter by options: 0, added: 64, new vincodes: 0
19-11-2013 01:45:37 --- INFO: Toyota 4RUNNER Limited V6 - found: 67, pass primary filters: 1, did not pass the filter by colors: 0, did not pass the filter by options: 0, added: 1, new vincodes: 0
19-11-2013 01:45:38 --- INFO: Lexus GX 460 - found: 2, pass primary filters: 2, did not pass the filter by colors: 0, did not pass the filter by options: 0, added: 2, new vincodes: 0
19-11-2013 01:45:39 --- INFO: Lexus RX 350 - found: 7, pass primary filters: 7, did not pass the filter by colors: 0, did not pass the filter by options: 0, added: 7, new vincodes: 0
19-11-2013 01:45:40 --- INFO: Toyota Highlander - found: 10, pass primary filters: 10, did not pass the filter by colors: 0, did not pass the filter by options: 0, added: 10, new vincodes: 0
19-11-2013 01:45:41 --- INFO: Lexus GS300 - found: 0, pass primary filters: 0, did not pass the filter by colors: 0, did not pass the filter by options: 0, added: 0, new vincodes: 0
19-11-2013 01:45:41 --- INFO: finish: 19-11-2013 01:45:41
19-11-2013 01:45:41 --- INFO: elapsed time: ~62.65 sec., memory usage: ~4.59 Mb.
19-11-2013 01:44:30 --- INFO: start: 19-11-2013 01:44:30
19-11-2013 01:44:30 --- INFO: ----------Source_AutoSalon (apache2handler)
19-11-2013 01:44:44 --- INFO: Lexus RX 330 - found: 70, pass primary filters: 0, did not pass the filter by colors: 0, did not pass the filter by options: 0, added: 0, new vincodes: 0
19-11-2013 01:44:46 --- INFO: Lexus RX 400H - found: 0, pass primary filters: 0, did not pass the filter by colors: 0, did not pass the filter by options: 0, added: 0, new vincodes: 0
19-11-2013 01:46:34 --- INFO: Lexus GX 470 - found: 12, pass primary filters: 7, did not pass the filter by colors: 0, did not pass the filter by options: 0, added: 7, new vincodes: 1
19-11-2013 01:48:15 --- INFO: Lexus GX 470 - found: 70, pass primary filters: 17, did not pass the filter by colors: 0, did not pass the filter by options: 0, added: 17, new vincodes: 0
19-11-2013 01:48:21 --- INFO: Lexus LX 470 - found: 23, pass primary filters: 19, did not pass the filter by colors: 0, did not pass the filter by options: 0, added: 19, new vincodes: 0
19-11-2013 01:48:23 --- INFO: Toyota Sequoia - found: 0, pass primary filters: 0, did not pass the filter by colors: 0, did not pass the filter by options: 0, added: 0, new vincodes: 0
19-11-2013 01:48:26 --- INFO: Toyota Land Cruiser - found: 0, pass primary filters: 0, did not pass the filter by colors: 0, did not pass the filter by options: 0, added: 0, new vincodes: 0
19-11-2013 01:48:30 --- INFO: Lexus LX 570 - found: 16, pass primary filters: 12, did not pass the filter by colors: 0, did not pass the filter by options: 0, added: 12, new vincodes: 0
19-11-2013 01:48:32 --- INFO: Toyota Venza - found: 0, pass primary filters: 0, did not pass the filter by colors: 0, did not pass the filter by options: 0, added: 0, new vincodes: 0
19-11-2013 01:48:35 --- INFO: Toyota 4runner 2010 - found: 0, pass primary filters: 0, did not pass the filter by colors: 0, did not pass the filter by options: 0, added: 0, new vincodes: 0
19-11-2013 01:48:37 --- INFO: Toyota 4RUNNER 4WD V6 - found: 0, pass primary filters: 0, did not pass the filter by colors: 0, did not pass the filter by options: 0, added: 0, new vincodes: 0
19-11-2013 01:48:40 --- INFO: Toyota RAV 4 - found: 0, pass primary filters: 0, did not pass the filter by colors: 0, did not pass the filter by options: 0, added: 0, new vincodes: 0
19-11-2013 01:48:43 --- INFO: Toyota Highlander 4WD - found: 0, pass primary filters: 0, did not pass the filter by colors: 0, did not pass the filter by options: 0, added: 0, new vincodes: 0
19-11-2013 01:48:45 --- INFO: Toyota Highlander - found: 0, pass primary filters: 0, did not pass the filter by colors: 0, did not pass the filter by options: 0, added: 0, new vincodes: 0
19-11-2013 01:49:26 --- INFO: Lexus RX 350 - found: 165, pass primary filters: 7, did not pass the filter by colors: 0, did not pass the filter by options: 0, added: 7, new vincodes: 1
19-11-2013 01:49:29 --- INFO: Toyota 4RUNNER Limited V6 - found: 0, pass primary filters: 0, did not pass the filter by colors: 0, did not pass the filter by options: 0, added: 0, new vincodes: 0
19-11-2013 01:49:32 --- INFO: Lexus GX 460 - found: 2, pass primary filters: 1, did not pass the filter by colors: 0, did not pass the filter by options: 0, added: 1, new vincodes: 0
19-11-2013 01:49:36 --- INFO: Lexus RX 350 - found: 15, pass primary filters: 9, did not pass the filter by colors: 0, did not pass the filter by options: 0, added: 9, new vincodes: 0
19-11-2013 01:49:47 --- INFO: Toyota Highlander - found: 21, pass primary filters: 9, did not pass the filter by colors: 0, did not pass the filter by options: 0, added: 9, new vincodes: 0
19-11-2013 01:49:51 --- INFO: Lexus GS300 - found: 15, pass primary filters: 5, did not pass the filter by colors: 0, did not pass the filter by options: 0, added: 5, new vincodes: 0
19-11-2013 01:49:58 --- INFO: Toyota FJ cruiser - found: 25, pass primary filters: 12, did not pass the filter by colors: 0, did not pass the filter by options: 0, added: 12, new vincodes: 1
19-11-2013 01:50:10 --- INFO: Lexus RX 350 2013 - found: 37, pass primary filters: 2, did not pass the filter by colors: 0, did not pass the filter by options: 0, added: 2, new vincodes: 0
19-11-2013 01:50:10 --- INFO: finish: 19-11-2013 01:50:10
19-11-2013 01:50:10 --- INFO: elapsed time: ~340 sec., memory usage: ~4.24 Mb.
19-11-2013 16:03:22 --- INFO: start: 19-11-2013 16:03:22
19-11-2013 16:03:22 --- INFO: ----------Source_Oodle (apache2handler)
19-11-2013 16:03:25 --- INFO: Toyota Highlander - found: 74, pass primary filters: 19, did not pass the filter by colors: 0, did not pass the filter by options: 0, added: 19, new vincodes: 0
19-11-2013 16:03:39 --- INFO: Lexus RX 330 - found: 640, pass primary filters: 4, did not pass the filter by colors: 0, did not pass the filter by options: 0, added: 4, new vincodes: 0
19-11-2013 16:03:39 --- INFO: Lexus RX 400H - found: 0, pass primary filters: 0, did not pass the filter by colors: 0, did not pass the filter by options: 0, added: 0, new vincodes: 0
19-11-2013 16:03:41 --- INFO: Lexus GX 470 - found: 63, pass primary filters: 8, did not pass the filter by colors: 0, did not pass the filter by options: 0, added: 8, new vincodes: 0
19-11-2013 16:04:08 --- INFO: Lexus GX 470 - found: 624, pass primary filters: 12, did not pass the filter by colors: 0, did not pass the filter by options: 0, added: 12, new vincodes: 0
19-11-2013 16:04:14 --- INFO: Lexus LX 470 - found: 190, pass primary filters: 24, did not pass the filter by colors: 0, did not pass the filter by options: 0, added: 24, new vincodes: 0
19-11-2013 16:04:20 --- INFO: Toyota Sequoia - found: 241, pass primary filters: 15, did not pass the filter by colors: 0, did not pass the filter by options: 0, added: 15, new vincodes: 0
19-11-2013 16:04:20 --- INFO: Toyota Land Cruiser - found: 21, pass primary filters: 4, did not pass the filter by colors: 0, did not pass the filter by options: 0, added: 4, new vincodes: 0
19-11-2013 16:04:21 --- INFO: Lexus LX 570 - found: 0, pass primary filters: 0, did not pass the filter by colors: 0, did not pass the filter by options: 0, added: 0, new vincodes: 0
19-11-2013 16:04:21 --- INFO: Toyota Venza - found: 0, pass primary filters: 0, did not pass the filter by colors: 0, did not pass the filter by options: 0, added: 0, new vincodes: 0
19-11-2013 16:04:22 --- INFO: Toyota 4runner 2010 - found: 8, pass primary filters: 5, did not pass the filter by colors: 0, did not pass the filter by options: 0, added: 5, new vincodes: 0
19-11-2013 16:04:50 --- INFO: Toyota 4RUNNER 4WD V6 - found: 1248, pass primary filters: 0, did not pass the filter by colors: 0, did not pass the filter by options: 0, added: 0, new vincodes: 0
19-11-2013 16:08:18 --- INFO: Toyota RAV 4 - found: 10176, pass primary filters: 0, did not pass the filter by colors: 0, did not pass the filter by options: 0, added: 0, new vincodes: 0
19-11-2013 16:08:43 --- INFO: Toyota Highlander 4WD - found: 1210, pass primary filters: 0, did not pass the filter by colors: 0, did not pass the filter by options: 0, added: 0, new vincodes: 0
19-11-2013 16:09:19 --- INFO: Toyota Highlander - found: 1210, pass primary filters: 0, did not pass the filter by colors: 0, did not pass the filter by options: 0, added: 0, new vincodes: 0
19-11-2013 16:10:24 --- INFO: Lexus RX 350 - found: 1981, pass primary filters: 0, did not pass the filter by colors: 0, did not pass the filter by options: 0, added: 0, new vincodes: 0
19-11-2013 16:11:06 --- INFO: Toyota 4RUNNER Limited V6 - found: 1483, pass primary filters: 0, did not pass the filter by colors: 0, did not pass the filter by options: 0, added: 0, new vincodes: 0
19-11-2013 16:11:07 --- INFO: Lexus GX 460 - found: 0, pass primary filters: 0, did not pass the filter by colors: 0, did not pass the filter by options: 0, added: 0, new vincodes: 0
19-11-2013 16:11:09 --- INFO: Lexus RX 350 - found: 66, pass primary filters: 10, did not pass the filter by colors: 0, did not pass the filter by options: 0, added: 10, new vincodes: 0
19-11-2013 16:11:17 --- INFO: Lexus GS300 - found: 262, pass primary filters: 3, did not pass the filter by colors: 0, did not pass the filter by options: 0, added: 3, new vincodes: 0
19-11-2013 16:11:24 --- INFO: Toyota FJ cruiser - found: 227, pass primary filters: 0, did not pass the filter by colors: 0, did not pass the filter by options: 0, added: 0, new vincodes: 0
19-11-2013 16:11:35 --- INFO: Lexus RX 350 2013 - found: 347, pass primary filters: 9, did not pass the filter by colors: 0, did not pass the filter by options: 0, added: 9, new vincodes: 0
19-11-2013 16:11:35 --- INFO: finish: 19-11-2013 16:11:35
19-11-2013 16:11:35 --- INFO: elapsed time: ~493.16 sec., memory usage: ~18.27 Mb.
19-11-2013 21:30:10 --- INFO: start: 19-11-2013 21:30:10
19-11-2013 21:30:10 --- INFO: ----------Source_Oodle (apache2handler)
19-11-2013 21:30:12 --- INFO: Toyota Highlander - found: 73, pass primary filters: 18, did not pass the filter by colors: 0, did not pass the filter by options: 0, added: 18, new vincodes: 0
19-11-2013 21:30:26 --- INFO: Lexus RX 330 - found: 633, pass primary filters: 4, did not pass the filter by colors: 0, did not pass the filter by options: 0, added: 4, new vincodes: 0
19-11-2013 21:30:27 --- INFO: Lexus RX 400H - found: 0, pass primary filters: 0, did not pass the filter by colors: 0, did not pass the filter by options: 0, added: 0, new vincodes: 0
19-11-2013 21:30:30 --- INFO: Lexus GX 470 - found: 62, pass primary filters: 7, did not pass the filter by colors: 0, did not pass the filter by options: 0, added: 7, new vincodes: 0
19-11-2013 21:31:25 --- INFO: Lexus GX 470 - found: 612, pass primary filters: 5, did not pass the filter by colors: 0, did not pass the filter by options: 0, added: 5, new vincodes: 0
19-11-2013 21:31:31 --- INFO: Lexus LX 470 - found: 188, pass primary filters: 22, did not pass the filter by colors: 0, did not pass the filter by options: 0, added: 22, new vincodes: 0
19-11-2013 21:31:37 --- INFO: Toyota Sequoia - found: 241, pass primary filters: 15, did not pass the filter by colors: 0, did not pass the filter by options: 0, added: 15, new vincodes: 0
19-11-2013 21:31:38 --- INFO: Toyota Land Cruiser - found: 23, pass primary filters: 4, did not pass the filter by colors: 0, did not pass the filter by options: 0, added: 4, new vincodes: 0
19-11-2013 21:31:38 --- INFO: Lexus LX 570 - found: 0, pass primary filters: 0, did not pass the filter by colors: 0, did not pass the filter by options: 0, added: 0, new vincodes: 0
19-11-2013 21:31:38 --- INFO: Toyota Venza - found: 0, pass primary filters: 0, did not pass the filter by colors: 0, did not pass the filter by options: 0, added: 0, new vincodes: 0
19-11-2013 21:31:39 --- INFO: Toyota 4runner 2010 - found: 8, pass primary filters: 5, did not pass the filter by colors: 0, did not pass the filter by options: 0, added: 5, new vincodes: 0
19-11-2013 21:32:09 --- INFO: Toyota 4RUNNER 4WD V6 - found: 1227, pass primary filters: 0, did not pass the filter by colors: 0, did not pass the filter by options: 0, added: 0, new vincodes: 0
19-11-2013 21:35:32 --- INFO: Toyota RAV 4 - found: 10081, pass primary filters: 0, did not pass the filter by colors: 0, did not pass the filter by options: 0, added: 0, new vincodes: 0
19-11-2013 21:35:58 --- INFO: Toyota Highlander 4WD - found: 1209, pass primary filters: 0, did not pass the filter by colors: 0, did not pass the filter by options: 0, added: 0, new vincodes: 0
19-11-2013 21:36:28 --- INFO: Toyota Highlander - found: 1209, pass primary filters: 0, did not pass the filter by colors: 0, did not pass the filter by options: 0, added: 0, new vincodes: 0
19-11-2013 21:37:17 --- INFO: Lexus RX 350 - found: 1957, pass primary filters: 0, did not pass the filter by colors: 0, did not pass the filter by options: 0, added: 0, new vincodes: 0
19-11-2013 21:37:47 --- INFO: Toyota 4RUNNER Limited V6 - found: 1460, pass primary filters: 0, did not pass the filter by colors: 0, did not pass the filter by options: 0, added: 0, new vincodes: 0
19-11-2013 21:37:48 --- INFO: Lexus GX 460 - found: 0, pass primary filters: 0, did not pass the filter by colors: 0, did not pass the filter by options: 0, added: 0, new vincodes: 0
19-11-2013 21:37:50 --- INFO: Lexus RX 350 - found: 64, pass primary filters: 10, did not pass the filter by colors: 0, did not pass the filter by options: 0, added: 10, new vincodes: 0
19-11-2013 21:37:56 --- INFO: Lexus GS300 - found: 258, pass primary filters: 3, did not pass the filter by colors: 0, did not pass the filter by options: 0, added: 3, new vincodes: 0
19-11-2013 21:38:01 --- INFO: Toyota FJ cruiser - found: 227, pass primary filters: 0, did not pass the filter by colors: 0, did not pass the filter by options: 0, added: 0, new vincodes: 0
19-11-2013 21:39:36 --- INFO: Lexus RX 350 2013 - found: 342, pass primary filters: 7, did not pass the filter by colors: 0, did not pass the filter by options: 0, added: 7, new vincodes: 0
19-11-2013 21:39:36 --- INFO: finish: 19-11-2013 21:39:36
19-11-2013 21:39:36 --- INFO: elapsed time: ~566.59 sec., memory usage: ~18.42 Mb.