
20-11-2013 02:00:01 --- INFO: start: 20-11-2013 02:00:01
20-11-2013 02:00:01 --- INFO: ----------Source_Adesa (cli)
20-11-2013 02:00:02 --- INFO: Authorized request
20-11-2013 02:00:05 --- INFO: Lexus RX 330 - found: 13, pass primary filters: 7, did not pass the filter by colors: 2, did not pass the filter by options: 5, added: 0, new vincodes: 1
20-11-2013 02:00:05 --- INFO: Lexus RX 400H - found: 3, pass primary filters: 1, did not pass the filter by colors: 0, did not pass the filter by options: 0, added: 1, new vincodes: 0
20-11-2013 02:00:06 --- INFO: Lexus GX 470 - found: 3, pass primary filters: 3, did not pass the filter by colors: 2, did not pass the filter by options: 0, added: 1, new vincodes: 0
20-11-2013 02:00:10 --- INFO: Lexus GX 470 - found: 7, pass primary filters: 7, did not pass the filter by colors: 2, did not pass the filter by options: 2, added: 3, new vincodes: 1
20-11-2013 02:00:16 --- INFO: Lexus LX 470 - found: 5, pass primary filters: 5, did not pass the filter by colors: 4, did not pass the filter by options: , added: 1, new vincodes: 1
20-11-2013 02:00:16 --- INFO: Toyota Sequoia - found: 0, pass primary filters: 0, did not pass the filter by colors: 0, did not pass the filter by options: 0, added: 0, new vincodes: 0
20-11-2013 02:00:19 --- INFO: Toyota Land Cruiser - found: 1, pass primary filters: 1, did not pass the filter by colors: 0, did not pass the filter by options: , added: 1, new vincodes: 1
20-11-2013 02:00:20 --- INFO: Lexus LX 570 - found: 0, pass primary filters: 0, did not pass the filter by colors: 0, did not pass the filter by options: 0, added: 0, new vincodes: 0
20-11-2013 02:00:20 --- INFO: Toyota Venza - found: 0, pass primary filters: 0, did not pass the filter by colors: 0, did not pass the filter by options: 0, added: 0, new vincodes: 0
20-11-2013 02:00:21 --- INFO: Toyota 4runner 2010 - found: 0, pass primary filters: 0, did not pass the filter by colors: 0, did not pass the filter by options: 0, added: 0, new vincodes: 0
20-11-2013 02:00:22 --- INFO: Toyota 4RUNNER 4WD V6 - found: 22, pass primary filters: 7, did not pass the filter by colors: 3, did not pass the filter by options: , added: 4, new vincodes: 0
20-11-2013 02:00:22 --- INFO: Toyota FJ cruiser - found: 7, pass primary filters: 0, did not pass the filter by colors: 0, did not pass the filter by options: 0, added: 0, new vincodes: 0
20-11-2013 02:00:23 --- INFO: Lexus RX 350 2013 - found: 0, pass primary filters: 0, did not pass the filter by colors: 0, did not pass the filter by options: 0, added: 0, new vincodes: 0
20-11-2013 02:00:24 --- INFO: Toyota Highlander - found: 28, pass primary filters: 5, did not pass the filter by colors: 3, did not pass the filter by options: , added: 2, new vincodes: 0
20-11-2013 02:00:25 --- INFO: Lexus RX 350 - found: 24, pass primary filters: 17, did not pass the filter by colors: 10, did not pass the filter by options: 5, added: 2, new vincodes: 0
20-11-2013 02:00:26 --- INFO: Toyota 4RUNNER Limited V6 - found: 24, pass primary filters: 1, did not pass the filter by colors: 0, did not pass the filter by options: , added: 1, new vincodes: 0
20-11-2013 02:00:26 --- INFO: finish: 20-11-2013 02:00:26
20-11-2013 02:00:26 --- INFO: elapsed time: ~25.27 sec., memory usage: ~2.32 Mb.
20-11-2013 02:30:01 --- INFO: start: 20-11-2013 02:30:01
20-11-2013 02:30:01 --- INFO: ----------Source_ExpOfCars (cli)
20-11-2013 02:30:05 --- INFO: Lexus RX 330 - found: 49, pass primary filters: 36, did not pass the filter by colors: 0, did not pass the filter by options: 0, added: 36, new vincodes: 0
20-11-2013 02:30:07 --- INFO: Lexus RX 400H - found: 11, pass primary filters: 10, did not pass the filter by colors: 0, did not pass the filter by options: 0, added: 10, new vincodes: 0
20-11-2013 02:30:08 --- INFO: Lexus GX 470 - found: 7, pass primary filters: 7, did not pass the filter by colors: 0, did not pass the filter by options: 0, added: 7, new vincodes: 0
20-11-2013 02:30:12 --- INFO: Lexus GX 470 - found: 49, pass primary filters: 49, did not pass the filter by colors: 0, did not pass the filter by options: 0, added: 49, new vincodes: 0
20-11-2013 02:30:15 --- INFO: Lexus LX 470 - found: 27, pass primary filters: 27, did not pass the filter by colors: 0, did not pass the filter by options: 0, added: 27, new vincodes: 0
20-11-2013 02:30:17 --- INFO: Toyota Sequoia - found: 22, pass primary filters: 22, did not pass the filter by colors: 0, did not pass the filter by options: 0, added: 22, new vincodes: 0
20-11-2013 02:31:31 --- INFO: Toyota Land Cruiser - found: 13, pass primary filters: 13, did not pass the filter by colors: 0, did not pass the filter by options: 0, added: 13, new vincodes: 8
20-11-2013 02:31:33 --- INFO: Lexus LX 570 - found: 15, pass primary filters: 15, did not pass the filter by colors: 0, did not pass the filter by options: 0, added: 15, new vincodes: 0
20-11-2013 02:31:35 --- INFO: Toyota Venza - found: 7, pass primary filters: 7, did not pass the filter by colors: 0, did not pass the filter by options: 0, added: 7, new vincodes: 0
20-11-2013 02:31:36 --- INFO: Toyota 4runner 2010 - found: 3, pass primary filters: 3, did not pass the filter by colors: 0, did not pass the filter by options: 0, added: 3, new vincodes: 0
20-11-2013 02:31:38 --- INFO: Toyota 4RUNNER 4WD V6 - found: 56, pass primary filters: 21, did not pass the filter by colors: 0, did not pass the filter by options: 0, added: 21, new vincodes: 0
20-11-2013 02:31:50 --- INFO: Toyota RAV 4 - found: 243, pass primary filters: 0, did not pass the filter by colors: 0, did not pass the filter by options: 0, added: 0, new vincodes: 0
20-11-2013 02:31:53 --- INFO: Toyota Highlander 4WD - found: 72, pass primary filters: 1, did not pass the filter by colors: 0, did not pass the filter by options: 0, added: 1, new vincodes: 0
20-11-2013 02:31:55 --- INFO: Toyota Highlander - found: 72, pass primary filters: 16, did not pass the filter by colors: 0, did not pass the filter by options: 0, added: 16, new vincodes: 0
20-11-2013 02:32:01 --- INFO: Lexus RX 350 - found: 113, pass primary filters: 82, did not pass the filter by colors: 0, did not pass the filter by options: 0, added: 82, new vincodes: 0
20-11-2013 02:32:03 --- INFO: Toyota 4RUNNER Limited V6 - found: 68, pass primary filters: 0, did not pass the filter by colors: 0, did not pass the filter by options: 0, added: 0, new vincodes: 0
20-11-2013 02:32:05 --- INFO: Lexus GX 460 - found: 2, pass primary filters: 2, did not pass the filter by colors: 0, did not pass the filter by options: 0, added: 2, new vincodes: 0
20-11-2013 02:32:06 --- INFO: Lexus RX 350 - found: 8, pass primary filters: 8, did not pass the filter by colors: 0, did not pass the filter by options: 0, added: 8, new vincodes: 0
20-11-2013 02:32:08 --- INFO: Toyota Highlander - found: 12, pass primary filters: 12, did not pass the filter by colors: 0, did not pass the filter by options: 0, added: 12, new vincodes: 0
20-11-2013 02:32:09 --- INFO: Lexus GS300 - found: 11, pass primary filters: 3, did not pass the filter by colors: 0, did not pass the filter by options: 0, added: 3, new vincodes: 0
20-11-2013 02:32:09 --- INFO: finish: 20-11-2013 02:32:09
20-11-2013 02:32:09 --- INFO: elapsed time: ~127.51 sec., memory usage: ~3.59 Mb.
20-11-2013 02:45:01 --- INFO: start: 20-11-2013 02:45:01
20-11-2013 02:45:01 --- INFO: ----------Source_Oodle (cli)
20-11-2013 02:45:06 --- INFO: Toyota Highlander - found: 73, pass primary filters: 18, did not pass the filter by colors: 0, did not pass the filter by options: 0, added: 18, new vincodes: 0
20-11-2013 02:45:20 --- INFO: Lexus RX 330 - found: 635, pass primary filters: 4, did not pass the filter by colors: 0, did not pass the filter by options: 0, added: 4, new vincodes: 0
20-11-2013 02:45:20 --- INFO: Lexus RX 400H - found: 0, pass primary filters: 0, did not pass the filter by colors: 0, did not pass the filter by options: 0, added: 0, new vincodes: 0
20-11-2013 02:45:23 --- INFO: Lexus GX 470 - found: 62, pass primary filters: 7, did not pass the filter by colors: 0, did not pass the filter by options: 0, added: 7, new vincodes: 0
20-11-2013 02:45:44 --- INFO: Lexus GX 470 - found: 611, pass primary filters: 5, did not pass the filter by colors: 0, did not pass the filter by options: 0, added: 5, new vincodes: 0
20-11-2013 02:45:50 --- INFO: Lexus LX 470 - found: 189, pass primary filters: 23, did not pass the filter by colors: 0, did not pass the filter by options: 0, added: 23, new vincodes: 0
20-11-2013 02:45:57 --- INFO: Toyota Sequoia - found: 238, pass primary filters: 13, did not pass the filter by colors: 0, did not pass the filter by options: 0, added: 13, new vincodes: 0
20-11-2013 03:08:58 --- INFO: Toyota Land Cruiser - found: 82, pass primary filters: 21, did not pass the filter by colors: 0, did not pass the filter by options: 0, added: 21, new vincodes: 17
20-11-2013 03:08:59 --- INFO: Lexus LX 570 - found: 0, pass primary filters: 0, did not pass the filter by colors: 0, did not pass the filter by options: 0, added: 0, new vincodes: 0
20-11-2013 03:08:59 --- INFO: Toyota Venza - found: 0, pass primary filters: 0, did not pass the filter by colors: 0, did not pass the filter by options: 0, added: 0, new vincodes: 0
20-11-2013 03:09:00 --- INFO: Toyota 4runner 2010 - found: 8, pass primary filters: 5, did not pass the filter by colors: 0, did not pass the filter by options: 0, added: 5, new vincodes: 0
20-11-2013 03:09:56 --- INFO: Toyota 4RUNNER 4WD V6 - found: 1234, pass primary filters: 0, did not pass the filter by colors: 0, did not pass the filter by options: 0, added: 0, new vincodes: 0
20-11-2013 03:13:13 --- INFO: Toyota RAV 4 - found: 10089, pass primary filters: 0, did not pass the filter by colors: 0, did not pass the filter by options: 0, added: 0, new vincodes: 0
20-11-2013 03:13:37 --- INFO: Toyota Highlander 4WD - found: 1210, pass primary filters: 0, did not pass the filter by colors: 0, did not pass the filter by options: 0, added: 0, new vincodes: 0
20-11-2013 03:14:01 --- INFO: Toyota Highlander - found: 1210, pass primary filters: 0, did not pass the filter by colors: 0, did not pass the filter by options: 0, added: 0, new vincodes: 0
20-11-2013 03:14:45 --- INFO: Lexus RX 350 - found: 1963, pass primary filters: 0, did not pass the filter by colors: 0, did not pass the filter by options: 0, added: 0, new vincodes: 0
20-11-2013 03:15:15 --- INFO: Toyota 4RUNNER Limited V6 - found: 1469, pass primary filters: 0, did not pass the filter by colors: 0, did not pass the filter by options: 0, added: 0, new vincodes: 0
20-11-2013 03:15:15 --- INFO: Lexus GX 460 - found: 0, pass primary filters: 0, did not pass the filter by colors: 0, did not pass the filter by options: 0, added: 0, new vincodes: 0
20-11-2013 03:16:09 --- INFO: Lexus RX 350 - found: 65, pass primary filters: 10, did not pass the filter by colors: 0, did not pass the filter by options: 0, added: 10, new vincodes: 0
20-11-2013 03:16:15 --- INFO: Lexus GS300 - found: 258, pass primary filters: 3, did not pass the filter by colors: 0, did not pass the filter by options: 0, added: 3, new vincodes: 0
20-11-2013 03:16:20 --- INFO: Toyota FJ cruiser - found: 228, pass primary filters: 0, did not pass the filter by colors: 0, did not pass the filter by options: 0, added: 0, new vincodes: 0
20-11-2013 03:16:29 --- INFO: Lexus RX 350 2013 - found: 348, pass primary filters: 10, did not pass the filter by colors: 0, did not pass the filter by options: 0, added: 10, new vincodes: 0
20-11-2013 03:16:29 --- INFO: finish: 20-11-2013 03:16:29
20-11-2013 03:16:29 --- INFO: elapsed time: ~1887.97 sec., memory usage: ~14.45 Mb.
20-11-2013 03:00:01 --- INFO: start: 20-11-2013 03:00:01
20-11-2013 03:00:01 --- INFO: ----------Source_AutoSalon (cli)
20-11-2013 03:00:22 --- INFO: Lexus RX 330 - found: 81, pass primary filters: 0, did not pass the filter by colors: 0, did not pass the filter by options: 0, added: 0, new vincodes: 0
20-11-2013 03:00:25 --- INFO: Lexus RX 400H - found: 0, pass primary filters: 0, did not pass the filter by colors: 0, did not pass the filter by options: 0, added: 0, new vincodes: 0
20-11-2013 03:01:38 --- INFO: Lexus GX 470 - found: 11, pass primary filters: 9, did not pass the filter by colors: 0, did not pass the filter by options: 0, added: 9, new vincodes: 0
20-11-2013 03:06:22 --- INFO: Lexus GX 470 - found: 96, pass primary filters: 19, did not pass the filter by colors: 0, did not pass the filter by options: 0, added: 19, new vincodes: 0
20-11-2013 03:08:05 --- INFO: Lexus LX 470 - found: 41, pass primary filters: 14, did not pass the filter by colors: 0, did not pass the filter by options: 0, added: 14, new vincodes: 0
20-11-2013 03:08:08 --- INFO: Toyota Sequoia - found: 0, pass primary filters: 0, did not pass the filter by colors: 0, did not pass the filter by options: 0, added: 0, new vincodes: 0
20-11-2013 03:08:10 --- INFO: Toyota Land Cruiser - found: 0, pass primary filters: 0, did not pass the filter by colors: 0, did not pass the filter by options: 0, added: 0, new vincodes: 0
20-11-2013 03:08:18 --- INFO: Lexus LX 570 - found: 22, pass primary filters: 18, did not pass the filter by colors: 0, did not pass the filter by options: 0, added: 18, new vincodes: 1
20-11-2013 03:08:21 --- INFO: Toyota Venza - found: 0, pass primary filters: 0, did not pass the filter by colors: 0, did not pass the filter by options: 0, added: 0, new vincodes: 0
20-11-2013 03:08:23 --- INFO: Toyota 4runner 2010 - found: 0, pass primary filters: 0, did not pass the filter by colors: 0, did not pass the filter by options: 0, added: 0, new vincodes: 0
20-11-2013 03:08:26 --- INFO: Toyota 4RUNNER 4WD V6 - found: 0, pass primary filters: 0, did not pass the filter by colors: 0, did not pass the filter by options: 0, added: 0, new vincodes: 0
20-11-2013 03:08:28 --- INFO: Toyota RAV 4 - found: 0, pass primary filters: 0, did not pass the filter by colors: 0, did not pass the filter by options: 0, added: 0, new vincodes: 0
20-11-2013 03:08:31 --- INFO: Toyota Highlander 4WD - found: 0, pass primary filters: 0, did not pass the filter by colors: 0, did not pass the filter by options: 0, added: 0, new vincodes: 0
20-11-2013 03:08:34 --- INFO: Toyota Highlander - found: 0, pass primary filters: 0, did not pass the filter by colors: 0, did not pass the filter by options: 0, added: 0, new vincodes: 0
20-11-2013 03:13:55 --- INFO: Lexus RX 350 - found: 198, pass primary filters: 12, did not pass the filter by colors: 0, did not pass the filter by options: 0, added: 12, new vincodes: 1
20-11-2013 03:13:57 --- INFO: Toyota 4RUNNER Limited V6 - found: 0, pass primary filters: 0, did not pass the filter by colors: 0, did not pass the filter by options: 0, added: 0, new vincodes: 0
20-11-2013 03:13:59 --- INFO: Lexus GX 460 - found: 2, pass primary filters: 1, did not pass the filter by colors: 0, did not pass the filter by options: 0, added: 1, new vincodes: 0
20-11-2013 03:15:15 --- INFO: Lexus RX 350 - found: 15, pass primary filters: 11, did not pass the filter by colors: 0, did not pass the filter by options: 0, added: 11, new vincodes: 1
20-11-2013 03:15:31 --- INFO: Toyota Highlander - found: 21, pass primary filters: 13, did not pass the filter by colors: 0, did not pass the filter by options: 0, added: 13, new vincodes: 0
20-11-2013 03:15:39 --- INFO: Lexus GS300 - found: 20, pass primary filters: 7, did not pass the filter by colors: 0, did not pass the filter by options: 0, added: 7, new vincodes: 0
20-11-2013 03:15:49 --- INFO: Toyota FJ cruiser - found: 31, pass primary filters: 5, did not pass the filter by colors: 0, did not pass the filter by options: 0, added: 5, new vincodes: 1
20-11-2013 03:21:08 --- INFO: Lexus RX 350 2013 - found: 38, pass primary filters: 4, did not pass the filter by colors: 0, did not pass the filter by options: 0, added: 4, new vincodes: 0
20-11-2013 03:21:08 --- INFO: finish: 20-11-2013 03:21:08
20-11-2013 03:21:08 --- INFO: elapsed time: ~1266.75 sec., memory usage: ~3.46 Mb.
20-11-2013 06:00:02 --- INFO: start: 20-11-2013 06:00:02
20-11-2013 06:00:02 --- INFO: ----------Source_Adesa (cli)
20-11-2013 06:00:02 --- INFO: Authorized request
20-11-2013 06:00:09 --- INFO: Lexus RX 330 - found: 14, pass primary filters: 8, did not pass the filter by colors: 2, did not pass the filter by options: 5, added: 1, new vincodes: 1
20-11-2013 06:01:18 --- INFO: Lexus RX 400H - found: 4, pass primary filters: 2, did not pass the filter by colors: 1, did not pass the filter by options: 0, added: 1, new vincodes: 1
20-11-2013 06:01:18 --- INFO: Lexus GX 470 - found: 3, pass primary filters: 3, did not pass the filter by colors: 2, did not pass the filter by options: 0, added: 1, new vincodes: 0
20-11-2013 06:01:22 --- INFO: Lexus GX 470 - found: 9, pass primary filters: 8, did not pass the filter by colors: 3, did not pass the filter by options: 3, added: 2, new vincodes: 1
20-11-2013 06:01:23 --- INFO: Lexus LX 470 - found: 5, pass primary filters: 5, did not pass the filter by colors: 4, did not pass the filter by options: , added: 1, new vincodes: 0
20-11-2013 06:01:26 --- INFO: Toyota Sequoia - found: 0, pass primary filters: 0, did not pass the filter by colors: 0, did not pass the filter by options: 0, added: 0, new vincodes: 0
20-11-2013 06:01:27 --- INFO: Toyota Land Cruiser - found: 1, pass primary filters: 1, did not pass the filter by colors: 0, did not pass the filter by options: , added: 1, new vincodes: 0
20-11-2013 06:01:27 --- INFO: Lexus LX 570 - found: 0, pass primary filters: 0, did not pass the filter by colors: 0, did not pass the filter by options: 0, added: 0, new vincodes: 0
20-11-2013 06:01:28 --- INFO: Toyota Venza - found: 0, pass primary filters: 0, did not pass the filter by colors: 0, did not pass the filter by options: 0, added: 0, new vincodes: 0
20-11-2013 06:01:32 --- INFO: Toyota 4runner 2010 - found: 0, pass primary filters: 0, did not pass the filter by colors: 0, did not pass the filter by options: 0, added: 0, new vincodes: 0
20-11-2013 06:01:33 --- INFO: Toyota 4RUNNER 4WD V6 - found: 35, pass primary filters: 4, did not pass the filter by colors: 2, did not pass the filter by options: , added: 2, new vincodes: 0
20-11-2013 06:01:33 --- INFO: Toyota FJ cruiser - found: 8, pass primary filters: 0, did not pass the filter by colors: 0, did not pass the filter by options: 0, added: 0, new vincodes: 0
20-11-2013 06:01:34 --- INFO: Lexus RX 350 2013 - found: 0, pass primary filters: 0, did not pass the filter by colors: 0, did not pass the filter by options: 0, added: 0, new vincodes: 0
20-11-2013 06:01:35 --- INFO: Toyota Highlander - found: 36, pass primary filters: 7, did not pass the filter by colors: 5, did not pass the filter by options: , added: 2, new vincodes: 3
20-11-2013 06:02:31 --- INFO: Lexus RX 350 - found: 26, pass primary filters: 15, did not pass the filter by colors: 9, did not pass the filter by options: 4, added: 2, new vincodes: 2
20-11-2013 06:02:34 --- INFO: Toyota 4RUNNER Limited V6 - found: 37, pass primary filters: 2, did not pass the filter by colors: 0, did not pass the filter by options: , added: 2, new vincodes: 2
20-11-2013 06:02:34 --- INFO: finish: 20-11-2013 06:02:34
20-11-2013 06:02:34 --- INFO: elapsed time: ~152.9 sec., memory usage: ~2.35 Mb.
20-11-2013 06:30:01 --- INFO: start: 20-11-2013 06:30:01
20-11-2013 06:30:01 --- INFO: ----------Source_ExpOfCars (cli)
20-11-2013 06:30:05 --- INFO: Lexus RX 330 - found: 47, pass primary filters: 35, did not pass the filter by colors: 0, did not pass the filter by options: 0, added: 35, new vincodes: 0
20-11-2013 06:30:08 --- INFO: Lexus RX 400H - found: 10, pass primary filters: 10, did not pass the filter by colors: 0, did not pass the filter by options: 0, added: 10, new vincodes: 0
20-11-2013 06:30:09 --- INFO: Lexus GX 470 - found: 6, pass primary filters: 6, did not pass the filter by colors: 0, did not pass the filter by options: 0, added: 6, new vincodes: 0
20-11-2013 06:30:12 --- INFO: Lexus GX 470 - found: 42, pass primary filters: 42, did not pass the filter by colors: 0, did not pass the filter by options: 0, added: 42, new vincodes: 0
20-11-2013 06:30:15 --- INFO: Lexus LX 470 - found: 24, pass primary filters: 24, did not pass the filter by colors: 0, did not pass the filter by options: 0, added: 24, new vincodes: 0
20-11-2013 06:30:17 --- INFO: Toyota Sequoia - found: 20, pass primary filters: 20, did not pass the filter by colors: 0, did not pass the filter by options: 0, added: 20, new vincodes: 0
20-11-2013 06:30:19 --- INFO: Toyota Land Cruiser - found: 10, pass primary filters: 10, did not pass the filter by colors: 0, did not pass the filter by options: 0, added: 10, new vincodes: 0
20-11-2013 06:30:20 --- INFO: Lexus LX 570 - found: 14, pass primary filters: 14, did not pass the filter by colors: 0, did not pass the filter by options: 0, added: 14, new vincodes: 0
20-11-2013 06:30:21 --- INFO: Toyota Venza - found: 4, pass primary filters: 4, did not pass the filter by colors: 0, did not pass the filter by options: 0, added: 4, new vincodes: 0
20-11-2013 06:30:22 --- INFO: Toyota 4runner 2010 - found: 0, pass primary filters: 0, did not pass the filter by colors: 0, did not pass the filter by options: 0, added: 0, new vincodes: 0
20-11-2013 06:30:24 --- INFO: Toyota 4RUNNER 4WD V6 - found: 49, pass primary filters: 19, did not pass the filter by colors: 0, did not pass the filter by options: 0, added: 19, new vincodes: 0
20-11-2013 06:30:32 --- INFO: Toyota RAV 4 - found: 222, pass primary filters: 0, did not pass the filter by colors: 0, did not pass the filter by options: 0, added: 0, new vincodes: 0
20-11-2013 06:30:35 --- INFO: Toyota Highlander 4WD - found: 60, pass primary filters: 1, did not pass the filter by colors: 0, did not pass the filter by options: 0, added: 1, new vincodes: 0
20-11-2013 06:30:37 --- INFO: Toyota Highlander - found: 60, pass primary filters: 15, did not pass the filter by colors: 0, did not pass the filter by options: 0, added: 15, new vincodes: 0
20-11-2013 06:30:43 --- INFO: Lexus RX 350 - found: 101, pass primary filters: 73, did not pass the filter by colors: 0, did not pass the filter by options: 0, added: 73, new vincodes: 0
20-11-2013 06:30:45 --- INFO: Toyota 4RUNNER Limited V6 - found: 61, pass primary filters: 0, did not pass the filter by colors: 0, did not pass the filter by options: 0, added: 0, new vincodes: 0
20-11-2013 06:30:45 --- INFO: Lexus GX 460 - found: 1, pass primary filters: 1, did not pass the filter by colors: 0, did not pass the filter by options: 0, added: 1, new vincodes: 0
20-11-2013 06:30:46 --- INFO: Lexus RX 350 - found: 8, pass primary filters: 8, did not pass the filter by colors: 0, did not pass the filter by options: 0, added: 8, new vincodes: 0
20-11-2013 06:30:47 --- INFO: Toyota Highlander - found: 6, pass primary filters: 6, did not pass the filter by colors: 0, did not pass the filter by options: 0, added: 6, new vincodes: 0
20-11-2013 06:30:48 --- INFO: Lexus GS300 - found: 11, pass primary filters: 3, did not pass the filter by colors: 0, did not pass the filter by options: 0, added: 3, new vincodes: 0
20-11-2013 06:30:48 --- INFO: finish: 20-11-2013 06:30:48
20-11-2013 06:30:48 --- INFO: elapsed time: ~47 sec., memory usage: ~3.19 Mb.
20-11-2013 06:45:02 --- INFO: start: 20-11-2013 06:45:02
20-11-2013 06:45:02 --- INFO: ----------Source_Oodle (cli)
20-11-2013 06:45:06 --- INFO: Toyota Highlander - found: 73, pass primary filters: 18, did not pass the filter by colors: 0, did not pass the filter by options: 0, added: 18, new vincodes: 0
20-11-2013 06:45:37 --- ERROR: Error: You have not specified a 'category' or have specified multiple categories on your API request.  In that scenario, your 'start' parameter must be 500 or less.  Please revise your query and try again.  Use a smaller 'start' value or specify a single category.
20-11-2013 06:45:37 --- INFO: finish: 20-11-2013 06:45:37
20-11-2013 06:45:37 --- INFO: elapsed time: ~35.23 sec., memory usage: ~2.69 Mb.
20-11-2013 07:00:01 --- INFO: start: 20-11-2013 07:00:01
20-11-2013 07:00:01 --- INFO: ----------Source_AutoSalon (cli)
20-11-2013 07:01:29 --- INFO: Lexus RX 330 - found: 90, pass primary filters: 0, did not pass the filter by colors: 0, did not pass the filter by options: 0, added: 0, new vincodes: 0
20-11-2013 07:01:32 --- INFO: Lexus RX 400H - found: 0, pass primary filters: 0, did not pass the filter by colors: 0, did not pass the filter by options: 0, added: 0, new vincodes: 0
20-11-2013 07:01:36 --- INFO: Lexus GX 470 - found: 12, pass primary filters: 9, did not pass the filter by colors: 0, did not pass the filter by options: 0, added: 9, new vincodes: 0
20-11-2013 07:09:09 --- INFO: Lexus GX 470 - found: 106, pass primary filters: 6, did not pass the filter by colors: 0, did not pass the filter by options: 0, added: 6, new vincodes: 0
20-11-2013 07:09:27 --- INFO: Lexus LX 470 - found: 41, pass primary filters: 14, did not pass the filter by colors: 0, did not pass the filter by options: 0, added: 14, new vincodes: 1
20-11-2013 07:09:29 --- INFO: Toyota Sequoia - found: 0, pass primary filters: 0, did not pass the filter by colors: 0, did not pass the filter by options: 0, added: 0, new vincodes: 0
20-11-2013 07:09:32 --- INFO: Toyota Land Cruiser - found: 0, pass primary filters: 0, did not pass the filter by colors: 0, did not pass the filter by options: 0, added: 0, new vincodes: 0
20-11-2013 07:12:24 --- INFO: Lexus LX 570 - found: 25, pass primary filters: 21, did not pass the filter by colors: 0, did not pass the filter by options: 0, added: 21, new vincodes: 2
20-11-2013 07:12:27 --- INFO: Toyota Venza - found: 0, pass primary filters: 0, did not pass the filter by colors: 0, did not pass the filter by options: 0, added: 0, new vincodes: 0
20-11-2013 07:12:29 --- INFO: Toyota 4runner 2010 - found: 0, pass primary filters: 0, did not pass the filter by colors: 0, did not pass the filter by options: 0, added: 0, new vincodes: 0
20-11-2013 07:12:32 --- INFO: Toyota 4RUNNER 4WD V6 - found: 0, pass primary filters: 0, did not pass the filter by colors: 0, did not pass the filter by options: 0, added: 0, new vincodes: 0
20-11-2013 07:12:35 --- INFO: Toyota RAV 4 - found: 0, pass primary filters: 0, did not pass the filter by colors: 0, did not pass the filter by options: 0, added: 0, new vincodes: 0
20-11-2013 07:12:37 --- INFO: Toyota Highlander 4WD - found: 0, pass primary filters: 0, did not pass the filter by colors: 0, did not pass the filter by options: 0, added: 0, new vincodes: 0
20-11-2013 07:12:40 --- INFO: Toyota Highlander - found: 0, pass primary filters: 0, did not pass the filter by colors: 0, did not pass the filter by options: 0, added: 0, new vincodes: 0
20-11-2013 07:17:11 --- INFO: Lexus RX 350 - found: 208, pass primary filters: 1, did not pass the filter by colors: 0, did not pass the filter by options: 0, added: 1, new vincodes: 0
20-11-2013 07:17:15 --- INFO: Toyota 4RUNNER Limited V6 - found: 0, pass primary filters: 0, did not pass the filter by colors: 0, did not pass the filter by options: 0, added: 0, new vincodes: 0
20-11-2013 07:17:17 --- INFO: Lexus GX 460 - found: 3, pass primary filters: 1, did not pass the filter by colors: 0, did not pass the filter by options: 0, added: 1, new vincodes: 0
20-11-2013 07:17:21 --- INFO: Lexus RX 350 - found: 15, pass primary filters: 11, did not pass the filter by colors: 0, did not pass the filter by options: 0, added: 11, new vincodes: 0
20-11-2013 07:17:33 --- INFO: Toyota Highlander - found: 22, pass primary filters: 12, did not pass the filter by colors: 0, did not pass the filter by options: 0, added: 12, new vincodes: 0
20-11-2013 07:17:37 --- INFO: Lexus GS300 - found: 21, pass primary filters: 7, did not pass the filter by colors: 0, did not pass the filter by options: 0, added: 7, new vincodes: 0
20-11-2013 07:17:54 --- INFO: Toyota FJ cruiser - found: 37, pass primary filters: 11, did not pass the filter by colors: 0, did not pass the filter by options: 0, added: 11, new vincodes: 1
20-11-2013 07:18:04 --- INFO: Lexus RX 350 2013 - found: 38, pass primary filters: 5, did not pass the filter by colors: 0, did not pass the filter by options: 0, added: 5, new vincodes: 0
20-11-2013 07:18:04 --- INFO: finish: 20-11-2013 07:18:04
20-11-2013 07:18:04 --- INFO: elapsed time: ~1082.99 sec., memory usage: ~3.57 Mb.
20-11-2013 10:00:01 --- INFO: start: 20-11-2013 10:00:01
20-11-2013 10:00:01 --- INFO: ----------Source_Adesa (cli)
20-11-2013 10:00:02 --- INFO: Authorized request
20-11-2013 10:00:06 --- INFO: Lexus RX 330 - found: 15, pass primary filters: 8, did not pass the filter by colors: 2, did not pass the filter by options: 5, added: 1, new vincodes: 0
20-11-2013 10:00:06 --- INFO: Lexus RX 400H - found: 4, pass primary filters: 2, did not pass the filter by colors: 1, did not pass the filter by options: 0, added: 1, new vincodes: 0
20-11-2013 10:00:08 --- INFO: Lexus GX 470 - found: 3, pass primary filters: 3, did not pass the filter by colors: 1, did not pass the filter by options: 1, added: 1, new vincodes: 0
20-11-2013 10:00:09 --- INFO: Lexus GX 470 - found: 9, pass primary filters: 8, did not pass the filter by colors: 3, did not pass the filter by options: 3, added: 2, new vincodes: 0
20-11-2013 10:00:10 --- INFO: Lexus LX 470 - found: 6, pass primary filters: 6, did not pass the filter by colors: 5, did not pass the filter by options: , added: 1, new vincodes: 0
20-11-2013 10:00:10 --- INFO: Toyota Sequoia - found: 0, pass primary filters: 0, did not pass the filter by colors: 0, did not pass the filter by options: 0, added: 0, new vincodes: 0
20-11-2013 10:00:11 --- INFO: Toyota Land Cruiser - found: 1, pass primary filters: 1, did not pass the filter by colors: 0, did not pass the filter by options: , added: 1, new vincodes: 0
20-11-2013 10:00:11 --- INFO: Lexus LX 570 - found: 0, pass primary filters: 0, did not pass the filter by colors: 0, did not pass the filter by options: 0, added: 0, new vincodes: 0
20-11-2013 10:00:12 --- INFO: Toyota Venza - found: 0, pass primary filters: 0, did not pass the filter by colors: 0, did not pass the filter by options: 0, added: 0, new vincodes: 0
20-11-2013 10:00:12 --- INFO: Toyota 4runner 2010 - found: 0, pass primary filters: 0, did not pass the filter by colors: 0, did not pass the filter by options: 0, added: 0, new vincodes: 0
20-11-2013 10:00:13 --- INFO: Toyota 4RUNNER 4WD V6 - found: 37, pass primary filters: 4, did not pass the filter by colors: 2, did not pass the filter by options: , added: 2, new vincodes: 0
20-11-2013 10:00:14 --- INFO: Toyota FJ cruiser - found: 8, pass primary filters: 0, did not pass the filter by colors: 0, did not pass the filter by options: 0, added: 0, new vincodes: 0
20-11-2013 10:00:14 --- INFO: Lexus RX 350 2013 - found: 0, pass primary filters: 0, did not pass the filter by colors: 0, did not pass the filter by options: 0, added: 0, new vincodes: 0
20-11-2013 10:00:15 --- INFO: Toyota Highlander - found: 40, pass primary filters: 7, did not pass the filter by colors: 5, did not pass the filter by options: , added: 2, new vincodes: 0
20-11-2013 10:00:17 --- INFO: Lexus RX 350 - found: 28, pass primary filters: 16, did not pass the filter by colors: 10, did not pass the filter by options: 4, added: 2, new vincodes: 0
20-11-2013 10:00:17 --- INFO: Toyota 4RUNNER Limited V6 - found: 39, pass primary filters: 0, did not pass the filter by colors: 0, did not pass the filter by options: 0, added: 0, new vincodes: 0
20-11-2013 10:00:17 --- INFO: finish: 20-11-2013 10:00:17
20-11-2013 10:00:17 --- INFO: elapsed time: ~16.42 sec., memory usage: ~2.25 Mb.
20-11-2013 10:30:01 --- INFO: start: 20-11-2013 10:30:01
20-11-2013 10:30:01 --- INFO: ----------Source_ExpOfCars (cli)
20-11-2013 10:30:48 --- INFO: Lexus RX 330 - found: 72, pass primary filters: 52, did not pass the filter by colors: 0, did not pass the filter by options: 0, added: 52, new vincodes: 6
20-11-2013 10:30:59 --- INFO: Lexus RX 400H - found: 19, pass primary filters: 17, did not pass the filter by colors: 0, did not pass the filter by options: 0, added: 17, new vincodes: 5
20-11-2013 10:31:07 --- INFO: Lexus GX 470 - found: 9, pass primary filters: 9, did not pass the filter by colors: 0, did not pass the filter by options: 0, added: 9, new vincodes: 0
20-11-2013 10:32:26 --- INFO: Lexus GX 470 - found: 73, pass primary filters: 73, did not pass the filter by colors: 0, did not pass the filter by options: 0, added: 73, new vincodes: 0
20-11-2013 10:33:07 --- INFO: Lexus LX 470 - found: 38, pass primary filters: 38, did not pass the filter by colors: 0, did not pass the filter by options: 0, added: 38, new vincodes: 1
20-11-2013 10:33:32 --- INFO: Toyota Sequoia - found: 36, pass primary filters: 36, did not pass the filter by colors: 0, did not pass the filter by options: 0, added: 36, new vincodes: 5
20-11-2013 10:34:05 --- INFO: Toyota Land Cruiser - found: 18, pass primary filters: 18, did not pass the filter by colors: 0, did not pass the filter by options: 0, added: 18, new vincodes: 2
20-11-2013 10:34:25 --- INFO: Lexus LX 570 - found: 23, pass primary filters: 23, did not pass the filter by colors: 0, did not pass the filter by options: 0, added: 23, new vincodes: 0
20-11-2013 10:34:37 --- INFO: Toyota Venza - found: 10, pass primary filters: 10, did not pass the filter by colors: 0, did not pass the filter by options: 0, added: 10, new vincodes: 3
20-11-2013 10:34:44 --- INFO: Toyota 4runner 2010 - found: 5, pass primary filters: 5, did not pass the filter by colors: 0, did not pass the filter by options: 0, added: 5, new vincodes: 1
20-11-2013 10:35:15 --- INFO: Toyota 4RUNNER 4WD V6 - found: 80, pass primary filters: 29, did not pass the filter by colors: 0, did not pass the filter by options: 0, added: 29, new vincodes: 4
20-11-2013 10:35:26 --- INFO: Toyota RAV 4 - found: 336, pass primary filters: 0, did not pass the filter by colors: 0, did not pass the filter by options: 0, added: 0, new vincodes: 0
20-11-2013 10:35:32 --- INFO: Toyota Highlander 4WD - found: 94, pass primary filters: 1, did not pass the filter by colors: 0, did not pass the filter by options: 0, added: 1, new vincodes: 0
20-11-2013 10:35:44 --- INFO: Toyota Highlander - found: 94, pass primary filters: 21, did not pass the filter by colors: 0, did not pass the filter by options: 0, added: 21, new vincodes: 1
20-11-2013 10:38:19 --- INFO: Lexus RX 350 - found: 167, pass primary filters: 125, did not pass the filter by colors: 0, did not pass the filter by options: 0, added: 125, new vincodes: 16
20-11-2013 10:38:22 --- INFO: Toyota 4RUNNER Limited V6 - found: 96, pass primary filters: 0, did not pass the filter by colors: 0, did not pass the filter by options: 0, added: 0, new vincodes: 0
20-11-2013 10:38:27 --- INFO: Lexus GX 460 - found: 3, pass primary filters: 3, did not pass the filter by colors: 0, did not pass the filter by options: 0, added: 3, new vincodes: 0
20-11-2013 10:38:41 --- INFO: Lexus RX 350 - found: 11, pass primary filters: 11, did not pass the filter by colors: 0, did not pass the filter by options: 0, added: 11, new vincodes: 0
20-11-2013 10:38:45 --- INFO: Toyota Highlander - found: 10, pass primary filters: 10, did not pass the filter by colors: 0, did not pass the filter by options: 0, added: 10, new vincodes: 0
20-11-2013 10:38:47 --- INFO: Lexus GS300 - found: 15, pass primary filters: 4, did not pass the filter by colors: 0, did not pass the filter by options: 0, added: 4, new vincodes: 0
20-11-2013 10:38:47 --- INFO: finish: 20-11-2013 10:38:47
20-11-2013 10:38:47 --- INFO: elapsed time: ~525.91 sec., memory usage: ~5.94 Mb.
20-11-2013 10:45:01 --- INFO: start: 20-11-2013 10:45:01
20-11-2013 10:45:01 --- INFO: ----------Source_Oodle (cli)
20-11-2013 10:45:04 --- INFO: Toyota Highlander - found: 73, pass primary filters: 18, did not pass the filter by colors: 0, did not pass the filter by options: 0, added: 18, new vincodes: 0
20-11-2013 10:45:21 --- ERROR: Error: You have not specified a 'category' or have specified multiple categories on your API request.  In that scenario, your 'start' parameter must be 500 or less.  Please revise your query and try again.  Use a smaller 'start' value or specify a single category.
20-11-2013 10:45:21 --- INFO: finish: 20-11-2013 10:45:21
20-11-2013 10:45:21 --- INFO: elapsed time: ~19.39 sec., memory usage: ~2.57 Mb.
20-11-2013 11:00:01 --- INFO: start: 20-11-2013 11:00:01
20-11-2013 11:00:01 --- INFO: ----------Source_AutoSalon (cli)
20-11-2013 11:00:19 --- INFO: Lexus RX 330 - found: 92, pass primary filters: 0, did not pass the filter by colors: 0, did not pass the filter by options: 0, added: 0, new vincodes: 0
20-11-2013 11:00:21 --- INFO: Lexus RX 400H - found: 0, pass primary filters: 0, did not pass the filter by colors: 0, did not pass the filter by options: 0, added: 0, new vincodes: 0
20-11-2013 11:00:26 --- INFO: Lexus GX 470 - found: 12, pass primary filters: 9, did not pass the filter by colors: 0, did not pass the filter by options: 0, added: 9, new vincodes: 0
20-11-2013 11:01:08 --- INFO: Lexus GX 470 - found: 107, pass primary filters: 7, did not pass the filter by colors: 0, did not pass the filter by options: 0, added: 7, new vincodes: 0
20-11-2013 11:04:05 --- INFO: Lexus LX 470 - found: 47, pass primary filters: 20, did not pass the filter by colors: 0, did not pass the filter by options: 0, added: 20, new vincodes: 0
20-11-2013 11:04:07 --- INFO: Toyota Sequoia - found: 0, pass primary filters: 0, did not pass the filter by colors: 0, did not pass the filter by options: 0, added: 0, new vincodes: 0
20-11-2013 11:04:10 --- INFO: Toyota Land Cruiser - found: 0, pass primary filters: 0, did not pass the filter by colors: 0, did not pass the filter by options: 0, added: 0, new vincodes: 0
20-11-2013 11:04:20 --- INFO: Lexus LX 570 - found: 26, pass primary filters: 1, did not pass the filter by colors: 0, did not pass the filter by options: 0, added: 1, new vincodes: 0
20-11-2013 11:04:22 --- INFO: Toyota Venza - found: 0, pass primary filters: 0, did not pass the filter by colors: 0, did not pass the filter by options: 0, added: 0, new vincodes: 0
20-11-2013 11:04:25 --- INFO: Toyota 4runner 2010 - found: 0, pass primary filters: 0, did not pass the filter by colors: 0, did not pass the filter by options: 0, added: 0, new vincodes: 0
20-11-2013 11:04:27 --- INFO: Toyota 4RUNNER 4WD V6 - found: 0, pass primary filters: 0, did not pass the filter by colors: 0, did not pass the filter by options: 0, added: 0, new vincodes: 0
20-11-2013 11:04:30 --- INFO: Toyota RAV 4 - found: 0, pass primary filters: 0, did not pass the filter by colors: 0, did not pass the filter by options: 0, added: 0, new vincodes: 0
20-11-2013 11:04:32 --- INFO: Toyota Highlander 4WD - found: 0, pass primary filters: 0, did not pass the filter by colors: 0, did not pass the filter by options: 0, added: 0, new vincodes: 0
20-11-2013 11:04:35 --- INFO: Toyota Highlander - found: 0, pass primary filters: 0, did not pass the filter by colors: 0, did not pass the filter by options: 0, added: 0, new vincodes: 0
20-11-2013 11:05:22 --- INFO: Lexus RX 350 - found: 211, pass primary filters: 1, did not pass the filter by colors: 0, did not pass the filter by options: 0, added: 1, new vincodes: 0
20-11-2013 11:05:24 --- INFO: Toyota 4RUNNER Limited V6 - found: 0, pass primary filters: 0, did not pass the filter by colors: 0, did not pass the filter by options: 0, added: 0, new vincodes: 0
20-11-2013 11:05:27 --- INFO: Lexus GX 460 - found: 3, pass primary filters: 1, did not pass the filter by colors: 0, did not pass the filter by options: 0, added: 1, new vincodes: 0
20-11-2013 11:05:30 --- INFO: Lexus RX 350 - found: 15, pass primary filters: 11, did not pass the filter by colors: 0, did not pass the filter by options: 0, added: 11, new vincodes: 0
20-11-2013 11:05:43 --- INFO: Toyota Highlander - found: 22, pass primary filters: 12, did not pass the filter by colors: 0, did not pass the filter by options: 0, added: 12, new vincodes: 0
20-11-2013 11:05:47 --- INFO: Lexus GS300 - found: 22, pass primary filters: 7, did not pass the filter by colors: 0, did not pass the filter by options: 0, added: 7, new vincodes: 0
20-11-2013 11:07:00 --- INFO: Toyota FJ cruiser - found: 39, pass primary filters: 13, did not pass the filter by colors: 0, did not pass the filter by options: 0, added: 13, new vincodes: 1
20-11-2013 11:07:10 --- INFO: Lexus RX 350 2013 - found: 40, pass primary filters: 7, did not pass the filter by colors: 0, did not pass the filter by options: 0, added: 7, new vincodes: 0
20-11-2013 11:07:10 --- INFO: finish: 20-11-2013 11:07:10
20-11-2013 11:07:10 --- INFO: elapsed time: ~429.16 sec., memory usage: ~3.44 Mb.
20-11-2013 14:00:01 --- INFO: start: 20-11-2013 14:00:01
20-11-2013 14:00:01 --- INFO: ----------Source_Adesa (cli)
20-11-2013 14:00:02 --- INFO: Authorized request
20-11-2013 14:00:03 --- INFO: Lexus RX 330 - found: 7, pass primary filters: 3, did not pass the filter by colors: 1, did not pass the filter by options: 1, added: 1, new vincodes: 0
20-11-2013 14:00:07 --- INFO: Lexus RX 400H - found: 3, pass primary filters: 2, did not pass the filter by colors: 1, did not pass the filter by options: 0, added: 1, new vincodes: 0
20-11-2013 14:00:07 --- INFO: Lexus GX 470 - found: 1, pass primary filters: 1, did not pass the filter by colors: 0, did not pass the filter by options: 1, added: 0, new vincodes: 0
20-11-2013 14:00:09 --- INFO: Lexus GX 470 - found: 6, pass primary filters: 6, did not pass the filter by colors: 3, did not pass the filter by options: 2, added: 1, new vincodes: 0
20-11-2013 14:00:10 --- INFO: Lexus LX 470 - found: 5, pass primary filters: 5, did not pass the filter by colors: 5, did not pass the filter by options: , added: 0, new vincodes: 0
20-11-2013 14:00:12 --- INFO: Toyota Sequoia - found: 0, pass primary filters: 0, did not pass the filter by colors: 0, did not pass the filter by options: 0, added: 0, new vincodes: 0
20-11-2013 14:00:12 --- INFO: Toyota Land Cruiser - found: 1, pass primary filters: 1, did not pass the filter by colors: 0, did not pass the filter by options: , added: 1, new vincodes: 0
20-11-2013 14:00:13 --- INFO: Lexus LX 570 - found: 0, pass primary filters: 0, did not pass the filter by colors: 0, did not pass the filter by options: 0, added: 0, new vincodes: 0
20-11-2013 14:00:14 --- INFO: Toyota Venza - found: 0, pass primary filters: 0, did not pass the filter by colors: 0, did not pass the filter by options: 0, added: 0, new vincodes: 0
20-11-2013 14:00:14 --- INFO: Toyota 4runner 2010 - found: 0, pass primary filters: 0, did not pass the filter by colors: 0, did not pass the filter by options: 0, added: 0, new vincodes: 0
20-11-2013 14:00:15 --- INFO: Toyota 4RUNNER 4WD V6 - found: 30, pass primary filters: 5, did not pass the filter by colors: 2, did not pass the filter by options: , added: 3, new vincodes: 0
20-11-2013 14:00:16 --- INFO: Toyota FJ cruiser - found: 7, pass primary filters: 0, did not pass the filter by colors: 0, did not pass the filter by options: 0, added: 0, new vincodes: 0
20-11-2013 14:00:16 --- INFO: Lexus RX 350 2013 - found: 0, pass primary filters: 0, did not pass the filter by colors: 0, did not pass the filter by options: 0, added: 0, new vincodes: 0
20-11-2013 14:00:17 --- INFO: Toyota Highlander - found: 33, pass primary filters: 5, did not pass the filter by colors: 4, did not pass the filter by options: , added: 1, new vincodes: 0
20-11-2013 14:00:19 --- INFO: Lexus RX 350 - found: 20, pass primary filters: 12, did not pass the filter by colors: 7, did not pass the filter by options: 3, added: 2, new vincodes: 0
20-11-2013 14:00:20 --- INFO: Toyota 4RUNNER Limited V6 - found: 31, pass primary filters: 1, did not pass the filter by colors: 0, did not pass the filter by options: , added: 1, new vincodes: 0
20-11-2013 14:00:20 --- INFO: finish: 20-11-2013 14:00:20
20-11-2013 14:00:20 --- INFO: elapsed time: ~18.69 sec., memory usage: ~2.13 Mb.
20-11-2013 14:30:01 --- INFO: start: 20-11-2013 14:30:01
20-11-2013 14:30:01 --- INFO: ----------Source_ExpOfCars (cli)
20-11-2013 14:30:06 --- INFO: Lexus RX 330 - found: 68, pass primary filters: 51, did not pass the filter by colors: 0, did not pass the filter by options: 0, added: 51, new vincodes: 0
20-11-2013 14:30:08 --- INFO: Lexus RX 400H - found: 18, pass primary filters: 16, did not pass the filter by colors: 0, did not pass the filter by options: 0, added: 16, new vincodes: 0
20-11-2013 14:30:10 --- INFO: Lexus GX 470 - found: 9, pass primary filters: 9, did not pass the filter by colors: 0, did not pass the filter by options: 0, added: 9, new vincodes: 0
20-11-2013 14:30:15 --- INFO: Lexus GX 470 - found: 71, pass primary filters: 71, did not pass the filter by colors: 0, did not pass the filter by options: 0, added: 71, new vincodes: 0
20-11-2013 14:30:20 --- INFO: Lexus LX 470 - found: 38, pass primary filters: 38, did not pass the filter by colors: 0, did not pass the filter by options: 0, added: 38, new vincodes: 0
20-11-2013 14:30:23 --- INFO: Toyota Sequoia - found: 35, pass primary filters: 35, did not pass the filter by colors: 0, did not pass the filter by options: 0, added: 35, new vincodes: 0
20-11-2013 14:30:25 --- INFO: Toyota Land Cruiser - found: 18, pass primary filters: 18, did not pass the filter by colors: 0, did not pass the filter by options: 0, added: 18, new vincodes: 0
20-11-2013 14:30:27 --- INFO: Lexus LX 570 - found: 23, pass primary filters: 23, did not pass the filter by colors: 0, did not pass the filter by options: 0, added: 23, new vincodes: 0
20-11-2013 14:30:28 --- INFO: Toyota Venza - found: 10, pass primary filters: 10, did not pass the filter by colors: 0, did not pass the filter by options: 0, added: 10, new vincodes: 0
20-11-2013 14:30:30 --- INFO: Toyota 4runner 2010 - found: 5, pass primary filters: 5, did not pass the filter by colors: 0, did not pass the filter by options: 0, added: 5, new vincodes: 0
20-11-2013 14:30:33 --- INFO: Toyota 4RUNNER 4WD V6 - found: 72, pass primary filters: 26, did not pass the filter by colors: 0, did not pass the filter by options: 0, added: 26, new vincodes: 0
20-11-2013 14:30:46 --- INFO: Toyota RAV 4 - found: 332, pass primary filters: 0, did not pass the filter by colors: 0, did not pass the filter by options: 0, added: 0, new vincodes: 0
20-11-2013 14:30:50 --- INFO: Toyota Highlander 4WD - found: 89, pass primary filters: 1, did not pass the filter by colors: 0, did not pass the filter by options: 0, added: 1, new vincodes: 0
20-11-2013 14:30:53 --- INFO: Toyota Highlander - found: 89, pass primary filters: 21, did not pass the filter by colors: 0, did not pass the filter by options: 0, added: 21, new vincodes: 0
20-11-2013 14:31:03 --- INFO: Lexus RX 350 - found: 162, pass primary filters: 122, did not pass the filter by colors: 0, did not pass the filter by options: 0, added: 122, new vincodes: 0
20-11-2013 14:31:05 --- INFO: Toyota 4RUNNER Limited V6 - found: 85, pass primary filters: 0, did not pass the filter by colors: 0, did not pass the filter by options: 0, added: 0, new vincodes: 0
20-11-2013 14:31:06 --- INFO: Lexus GX 460 - found: 3, pass primary filters: 3, did not pass the filter by colors: 0, did not pass the filter by options: 0, added: 3, new vincodes: 0
20-11-2013 14:31:08 --- INFO: Lexus RX 350 - found: 10, pass primary filters: 10, did not pass the filter by colors: 0, did not pass the filter by options: 0, added: 10, new vincodes: 0
20-11-2013 14:31:09 --- INFO: Toyota Highlander - found: 9, pass primary filters: 9, did not pass the filter by colors: 0, did not pass the filter by options: 0, added: 9, new vincodes: 0
20-11-2013 14:31:10 --- INFO: Lexus GS300 - found: 14, pass primary filters: 4, did not pass the filter by colors: 0, did not pass the filter by options: 0, added: 4, new vincodes: 0
20-11-2013 14:31:10 --- INFO: finish: 20-11-2013 14:31:10
20-11-2013 14:31:10 --- INFO: elapsed time: ~68.63 sec., memory usage: ~4.13 Mb.
20-11-2013 14:45:01 --- INFO: start: 20-11-2013 14:45:01
20-11-2013 14:45:01 --- INFO: ----------Source_Oodle (cli)
20-11-2013 14:45:05 --- INFO: Toyota Highlander - found: 73, pass primary filters: 18, did not pass the filter by colors: 0, did not pass the filter by options: 0, added: 18, new vincodes: 0
20-11-2013 14:45:16 --- ERROR: Error: You have not specified a 'category' or have specified multiple categories on your API request.  In that scenario, your 'start' parameter must be 500 or less.  Please revise your query and try again.  Use a smaller 'start' value or specify a single category.
20-11-2013 14:45:16 --- INFO: finish: 20-11-2013 14:45:16
20-11-2013 14:45:16 --- INFO: elapsed time: ~15 sec., memory usage: ~2.57 Mb.
20-11-2013 15:00:01 --- INFO: start: 20-11-2013 15:00:01
20-11-2013 15:00:01 --- INFO: ----------Source_AutoSalon (cli)
20-11-2013 15:00:14 --- INFO: Lexus RX 330 - found: 74, pass primary filters: 0, did not pass the filter by colors: 0, did not pass the filter by options: 0, added: 0, new vincodes: 0
20-11-2013 15:00:16 --- INFO: Lexus RX 400H - found: 0, pass primary filters: 0, did not pass the filter by colors: 0, did not pass the filter by options: 0, added: 0, new vincodes: 0
20-11-2013 15:00:19 --- INFO: Lexus GX 470 - found: 10, pass primary filters: 8, did not pass the filter by colors: 0, did not pass the filter by options: 0, added: 8, new vincodes: 0
20-11-2013 15:00:57 --- INFO: Lexus GX 470 - found: 83, pass primary filters: 8, did not pass the filter by colors: 0, did not pass the filter by options: 0, added: 8, new vincodes: 0
20-11-2013 15:01:12 --- INFO: Lexus LX 470 - found: 38, pass primary filters: 11, did not pass the filter by colors: 0, did not pass the filter by options: 0, added: 11, new vincodes: 0
20-11-2013 15:01:15 --- INFO: Toyota Sequoia - found: 0, pass primary filters: 0, did not pass the filter by colors: 0, did not pass the filter by options: 0, added: 0, new vincodes: 0
20-11-2013 15:01:17 --- INFO: Toyota Land Cruiser - found: 0, pass primary filters: 0, did not pass the filter by colors: 0, did not pass the filter by options: 0, added: 0, new vincodes: 0
20-11-2013 15:01:24 --- INFO: Lexus LX 570 - found: 24, pass primary filters: 20, did not pass the filter by colors: 0, did not pass the filter by options: 0, added: 20, new vincodes: 0
20-11-2013 15:01:27 --- INFO: Toyota Venza - found: 0, pass primary filters: 0, did not pass the filter by colors: 0, did not pass the filter by options: 0, added: 0, new vincodes: 0
20-11-2013 15:01:29 --- INFO: Toyota 4runner 2010 - found: 0, pass primary filters: 0, did not pass the filter by colors: 0, did not pass the filter by options: 0, added: 0, new vincodes: 0
20-11-2013 15:01:32 --- INFO: Toyota 4RUNNER 4WD V6 - found: 0, pass primary filters: 0, did not pass the filter by colors: 0, did not pass the filter by options: 0, added: 0, new vincodes: 0
20-11-2013 15:01:34 --- INFO: Toyota RAV 4 - found: 0, pass primary filters: 0, did not pass the filter by colors: 0, did not pass the filter by options: 0, added: 0, new vincodes: 0
20-11-2013 15:01:37 --- INFO: Toyota Highlander 4WD - found: 0, pass primary filters: 0, did not pass the filter by colors: 0, did not pass the filter by options: 0, added: 0, new vincodes: 0
20-11-2013 15:01:39 --- INFO: Toyota Highlander - found: 0, pass primary filters: 0, did not pass the filter by colors: 0, did not pass the filter by options: 0, added: 0, new vincodes: 0
20-11-2013 15:06:02 --- INFO: Lexus RX 350 - found: 177, pass primary filters: 1, did not pass the filter by colors: 0, did not pass the filter by options: 0, added: 1, new vincodes: 0
20-11-2013 15:06:05 --- INFO: Toyota 4RUNNER Limited V6 - found: 0, pass primary filters: 0, did not pass the filter by colors: 0, did not pass the filter by options: 0, added: 0, new vincodes: 0
20-11-2013 15:06:07 --- INFO: Lexus GX 460 - found: 3, pass primary filters: 1, did not pass the filter by colors: 0, did not pass the filter by options: 0, added: 1, new vincodes: 0
20-11-2013 15:06:11 --- INFO: Lexus RX 350 - found: 12, pass primary filters: 9, did not pass the filter by colors: 0, did not pass the filter by options: 0, added: 9, new vincodes: 0
20-11-2013 15:06:17 --- INFO: Toyota Highlander - found: 13, pass primary filters: 10, did not pass the filter by colors: 0, did not pass the filter by options: 0, added: 10, new vincodes: 0
20-11-2013 15:06:21 --- INFO: Lexus GS300 - found: 16, pass primary filters: 5, did not pass the filter by colors: 0, did not pass the filter by options: 0, added: 5, new vincodes: 0
20-11-2013 15:06:32 --- INFO: Toyota FJ cruiser - found: 28, pass primary filters: 3, did not pass the filter by colors: 0, did not pass the filter by options: 0, added: 3, new vincodes: 0
20-11-2013 15:06:41 --- INFO: Lexus RX 350 2013 - found: 29, pass primary filters: 2, did not pass the filter by colors: 0, did not pass the filter by options: 0, added: 2, new vincodes: 0
20-11-2013 15:06:41 --- INFO: finish: 20-11-2013 15:06:41
20-11-2013 15:06:41 --- INFO: elapsed time: ~400.13 sec., memory usage: ~3.25 Mb.
20-11-2013 18:00:01 --- INFO: start: 20-11-2013 18:00:01
20-11-2013 18:00:01 --- INFO: ----------Source_Adesa (cli)
20-11-2013 18:00:02 --- INFO: Authorized request
20-11-2013 18:00:03 --- INFO: Lexus RX 330 - found: 7, pass primary filters: 3, did not pass the filter by colors: 1, did not pass the filter by options: 1, added: 1, new vincodes: 0
20-11-2013 18:00:04 --- INFO: Lexus RX 400H - found: 3, pass primary filters: 2, did not pass the filter by colors: 1, did not pass the filter by options: 0, added: 1, new vincodes: 0
20-11-2013 18:00:04 --- INFO: Lexus GX 470 - found: 1, pass primary filters: 1, did not pass the filter by colors: 0, did not pass the filter by options: 1, added: 0, new vincodes: 0
20-11-2013 18:00:06 --- INFO: Lexus GX 470 - found: 7, pass primary filters: 7, did not pass the filter by colors: 3, did not pass the filter by options: 2, added: 2, new vincodes: 0
20-11-2013 18:00:06 --- INFO: Lexus LX 470 - found: 5, pass primary filters: 5, did not pass the filter by colors: 5, did not pass the filter by options: , added: 0, new vincodes: 0
20-11-2013 18:00:07 --- INFO: Toyota Sequoia - found: 0, pass primary filters: 0, did not pass the filter by colors: 0, did not pass the filter by options: 0, added: 0, new vincodes: 0
20-11-2013 18:01:03 --- INFO: Toyota Land Cruiser - found: 2, pass primary filters: 2, did not pass the filter by colors: 1, did not pass the filter by options: , added: 1, new vincodes: 0
20-11-2013 18:01:03 --- INFO: Lexus LX 570 - found: 0, pass primary filters: 0, did not pass the filter by colors: 0, did not pass the filter by options: 0, added: 0, new vincodes: 0
20-11-2013 18:01:05 --- INFO: Toyota Venza - found: 0, pass primary filters: 0, did not pass the filter by colors: 0, did not pass the filter by options: 0, added: 0, new vincodes: 0
20-11-2013 18:01:06 --- INFO: Toyota 4runner 2010 - found: 0, pass primary filters: 0, did not pass the filter by colors: 0, did not pass the filter by options: 0, added: 0, new vincodes: 0
20-11-2013 18:01:07 --- INFO: Toyota 4RUNNER 4WD V6 - found: 31, pass primary filters: 8, did not pass the filter by colors: 2, did not pass the filter by options: , added: 6, new vincodes: 1
20-11-2013 18:01:08 --- INFO: Toyota FJ cruiser - found: 7, pass primary filters: 0, did not pass the filter by colors: 0, did not pass the filter by options: 0, added: 0, new vincodes: 0
20-11-2013 18:01:08 --- INFO: Lexus RX 350 2013 - found: 0, pass primary filters: 0, did not pass the filter by colors: 0, did not pass the filter by options: 0, added: 0, new vincodes: 0
20-11-2013 18:01:12 --- INFO: Toyota Highlander - found: 33, pass primary filters: 7, did not pass the filter by colors: 6, did not pass the filter by options: , added: 1, new vincodes: 1
20-11-2013 18:01:13 --- INFO: Lexus RX 350 - found: 20, pass primary filters: 16, did not pass the filter by colors: 10, did not pass the filter by options: 4, added: 2, new vincodes: 0
20-11-2013 18:01:14 --- INFO: Toyota 4RUNNER Limited V6 - found: 32, pass primary filters: 3, did not pass the filter by colors: 0, did not pass the filter by options: , added: 3, new vincodes: 0
20-11-2013 18:01:14 --- INFO: finish: 20-11-2013 18:01:14
20-11-2013 18:01:14 --- INFO: elapsed time: ~72.73 sec., memory usage: ~2.33 Mb.
20-11-2013 18:30:01 --- INFO: start: 20-11-2013 18:30:01
20-11-2013 18:30:01 --- INFO: ----------Source_ExpOfCars (cli)
20-11-2013 18:30:53 --- INFO: Lexus RX 330 - found: 71, pass primary filters: 49, did not pass the filter by colors: 0, did not pass the filter by options: 0, added: 49, new vincodes: 0
20-11-2013 18:30:58 --- INFO: Lexus RX 400H - found: 18, pass primary filters: 16, did not pass the filter by colors: 0, did not pass the filter by options: 0, added: 16, new vincodes: 0
20-11-2013 18:30:59 --- INFO: Lexus GX 470 - found: 8, pass primary filters: 8, did not pass the filter by colors: 0, did not pass the filter by options: 0, added: 8, new vincodes: 0
20-11-2013 18:31:07 --- INFO: Lexus GX 470 - found: 72, pass primary filters: 72, did not pass the filter by colors: 0, did not pass the filter by options: 0, added: 72, new vincodes: 0
20-11-2013 18:31:11 --- INFO: Lexus LX 470 - found: 36, pass primary filters: 36, did not pass the filter by colors: 0, did not pass the filter by options: 0, added: 36, new vincodes: 0
20-11-2013 18:31:17 --- INFO: Toyota Sequoia - found: 34, pass primary filters: 34, did not pass the filter by colors: 0, did not pass the filter by options: 0, added: 34, new vincodes: 0
20-11-2013 18:31:18 --- INFO: Toyota Land Cruiser - found: 17, pass primary filters: 17, did not pass the filter by colors: 0, did not pass the filter by options: 0, added: 17, new vincodes: 0
20-11-2013 18:31:22 --- INFO: Lexus LX 570 - found: 24, pass primary filters: 24, did not pass the filter by colors: 0, did not pass the filter by options: 0, added: 24, new vincodes: 0
20-11-2013 18:31:22 --- INFO: Toyota Venza - found: 0, pass primary filters: 0, did not pass the filter by colors: 0, did not pass the filter by options: 0, added: 0, new vincodes: 0
20-11-2013 18:31:24 --- INFO: Toyota 4runner 2010 - found: 5, pass primary filters: 5, did not pass the filter by colors: 0, did not pass the filter by options: 0, added: 5, new vincodes: 0
20-11-2013 18:31:28 --- INFO: Toyota 4RUNNER 4WD V6 - found: 70, pass primary filters: 25, did not pass the filter by colors: 0, did not pass the filter by options: 0, added: 25, new vincodes: 0
20-11-2013 18:31:36 --- INFO: Toyota RAV 4 - found: 301, pass primary filters: 0, did not pass the filter by colors: 0, did not pass the filter by options: 0, added: 0, new vincodes: 0
20-11-2013 18:31:40 --- INFO: Toyota Highlander 4WD - found: 97, pass primary filters: 1, did not pass the filter by colors: 0, did not pass the filter by options: 0, added: 1, new vincodes: 0
20-11-2013 18:31:47 --- INFO: Toyota Highlander - found: 97, pass primary filters: 22, did not pass the filter by colors: 0, did not pass the filter by options: 0, added: 22, new vincodes: 0
20-11-2013 18:32:28 --- INFO: Lexus RX 350 - found: 160, pass primary filters: 122, did not pass the filter by colors: 0, did not pass the filter by options: 0, added: 122, new vincodes: 0
20-11-2013 18:32:30 --- INFO: Toyota 4RUNNER Limited V6 - found: 81, pass primary filters: 0, did not pass the filter by colors: 0, did not pass the filter by options: 0, added: 0, new vincodes: 0
20-11-2013 18:32:31 --- INFO: Lexus GX 460 - found: 3, pass primary filters: 3, did not pass the filter by colors: 0, did not pass the filter by options: 0, added: 3, new vincodes: 0
20-11-2013 18:32:33 --- INFO: Lexus RX 350 - found: 9, pass primary filters: 9, did not pass the filter by colors: 0, did not pass the filter by options: 0, added: 9, new vincodes: 0
20-11-2013 18:32:35 --- INFO: Toyota Highlander - found: 9, pass primary filters: 9, did not pass the filter by colors: 0, did not pass the filter by options: 0, added: 9, new vincodes: 0
20-11-2013 18:32:36 --- INFO: Lexus GS300 - found: 14, pass primary filters: 4, did not pass the filter by colors: 0, did not pass the filter by options: 0, added: 4, new vincodes: 0
20-11-2013 18:32:36 --- INFO: finish: 20-11-2013 18:32:36
20-11-2013 18:32:36 --- INFO: elapsed time: ~155.02 sec., memory usage: ~4.23 Mb.
20-11-2013 18:45:01 --- INFO: start: 20-11-2013 18:45:01
20-11-2013 18:45:01 --- INFO: ----------Source_Oodle (cli)
20-11-2013 18:45:05 --- INFO: Toyota Highlander - found: 72, pass primary filters: 17, did not pass the filter by colors: 0, did not pass the filter by options: 0, added: 17, new vincodes: 0
20-11-2013 18:45:17 --- ERROR: Error: You have not specified a 'category' or have specified multiple categories on your API request.  In that scenario, your 'start' parameter must be 500 or less.  Please revise your query and try again.  Use a smaller 'start' value or specify a single category.
20-11-2013 18:45:17 --- INFO: finish: 20-11-2013 18:45:17
20-11-2013 18:45:17 --- INFO: elapsed time: ~16.37 sec., memory usage: ~2.57 Mb.
20-11-2013 19:00:01 --- INFO: start: 20-11-2013 19:00:01
20-11-2013 19:00:01 --- INFO: ----------Source_AutoSalon (cli)
20-11-2013 19:00:17 --- INFO: Lexus RX 330 - found: 76, pass primary filters: 0, did not pass the filter by colors: 0, did not pass the filter by options: 0, added: 0, new vincodes: 0
20-11-2013 19:00:20 --- INFO: Lexus RX 400H - found: 0, pass primary filters: 0, did not pass the filter by colors: 0, did not pass the filter by options: 0, added: 0, new vincodes: 0
20-11-2013 19:00:26 --- INFO: Lexus GX 470 - found: 11, pass primary filters: 9, did not pass the filter by colors: 0, did not pass the filter by options: 0, added: 9, new vincodes: 0
20-11-2013 19:00:55 --- INFO: Lexus GX 470 - found: 86, pass primary filters: 11, did not pass the filter by colors: 0, did not pass the filter by options: 0, added: 11, new vincodes: 0
20-11-2013 19:01:07 --- INFO: Lexus LX 470 - found: 38, pass primary filters: 11, did not pass the filter by colors: 0, did not pass the filter by options: 0, added: 11, new vincodes: 0
20-11-2013 19:01:09 --- INFO: Toyota Sequoia - found: 0, pass primary filters: 0, did not pass the filter by colors: 0, did not pass the filter by options: 0, added: 0, new vincodes: 0
20-11-2013 19:01:12 --- INFO: Toyota Land Cruiser - found: 0, pass primary filters: 0, did not pass the filter by colors: 0, did not pass the filter by options: 0, added: 0, new vincodes: 0
20-11-2013 19:01:18 --- INFO: Lexus LX 570 - found: 24, pass primary filters: 20, did not pass the filter by colors: 0, did not pass the filter by options: 0, added: 20, new vincodes: 0
20-11-2013 19:01:21 --- INFO: Toyota Venza - found: 0, pass primary filters: 0, did not pass the filter by colors: 0, did not pass the filter by options: 0, added: 0, new vincodes: 0
20-11-2013 19:01:23 --- INFO: Toyota 4runner 2010 - found: 0, pass primary filters: 0, did not pass the filter by colors: 0, did not pass the filter by options: 0, added: 0, new vincodes: 0
20-11-2013 19:01:26 --- INFO: Toyota 4RUNNER 4WD V6 - found: 0, pass primary filters: 0, did not pass the filter by colors: 0, did not pass the filter by options: 0, added: 0, new vincodes: 0
20-11-2013 19:01:28 --- INFO: Toyota RAV 4 - found: 0, pass primary filters: 0, did not pass the filter by colors: 0, did not pass the filter by options: 0, added: 0, new vincodes: 0
20-11-2013 19:01:30 --- INFO: Toyota Highlander 4WD - found: 0, pass primary filters: 0, did not pass the filter by colors: 0, did not pass the filter by options: 0, added: 0, new vincodes: 0
20-11-2013 19:01:33 --- INFO: Toyota Highlander - found: 0, pass primary filters: 0, did not pass the filter by colors: 0, did not pass the filter by options: 0, added: 0, new vincodes: 0
20-11-2013 19:02:11 --- INFO: Lexus RX 350 - found: 180, pass primary filters: 1, did not pass the filter by colors: 0, did not pass the filter by options: 0, added: 1, new vincodes: 0
20-11-2013 19:02:13 --- INFO: Toyota 4RUNNER Limited V6 - found: 0, pass primary filters: 0, did not pass the filter by colors: 0, did not pass the filter by options: 0, added: 0, new vincodes: 0
20-11-2013 19:02:16 --- INFO: Lexus GX 460 - found: 3, pass primary filters: 1, did not pass the filter by colors: 0, did not pass the filter by options: 0, added: 1, new vincodes: 0
20-11-2013 19:02:20 --- INFO: Lexus RX 350 - found: 12, pass primary filters: 9, did not pass the filter by colors: 0, did not pass the filter by options: 0, added: 9, new vincodes: 0
20-11-2013 19:02:26 --- INFO: Toyota Highlander - found: 13, pass primary filters: 10, did not pass the filter by colors: 0, did not pass the filter by options: 0, added: 10, new vincodes: 0
20-11-2013 19:02:30 --- INFO: Lexus GS300 - found: 17, pass primary filters: 5, did not pass the filter by colors: 0, did not pass the filter by options: 0, added: 5, new vincodes: 0
20-11-2013 19:02:41 --- INFO: Toyota FJ cruiser - found: 28, pass primary filters: 3, did not pass the filter by colors: 0, did not pass the filter by options: 0, added: 3, new vincodes: 0
20-11-2013 19:02:48 --- INFO: Lexus RX 350 2013 - found: 29, pass primary filters: 2, did not pass the filter by colors: 0, did not pass the filter by options: 0, added: 2, new vincodes: 0
20-11-2013 19:02:48 --- INFO: finish: 20-11-2013 19:02:48
20-11-2013 19:02:48 --- INFO: elapsed time: ~167.12 sec., memory usage: ~3.14 Mb.
20-11-2013 22:00:01 --- INFO: start: 20-11-2013 22:00:01
20-11-2013 22:00:01 --- INFO: ----------Source_Adesa (cli)
20-11-2013 22:00:02 --- INFO: Authorized request
20-11-2013 22:00:03 --- INFO: Lexus RX 330 - found: 8, pass primary filters: 3, did not pass the filter by colors: 1, did not pass the filter by options: 1, added: 1, new vincodes: 0
20-11-2013 22:00:03 --- INFO: Lexus RX 400H - found: 4, pass primary filters: 3, did not pass the filter by colors: 2, did not pass the filter by options: 0, added: 1, new vincodes: 0
20-11-2013 22:00:06 --- INFO: Lexus GX 470 - found: 1, pass primary filters: 1, did not pass the filter by colors: 0, did not pass the filter by options: 1, added: 0, new vincodes: 0
20-11-2013 22:00:06 --- INFO: Lexus GX 470 - found: 9, pass primary filters: 3, did not pass the filter by colors: 2, did not pass the filter by options: 0, added: 1, new vincodes: 0
20-11-2013 22:00:07 --- INFO: Lexus LX 470 - found: 5, pass primary filters: 5, did not pass the filter by colors: 5, did not pass the filter by options: , added: 0, new vincodes: 0
20-11-2013 22:00:08 --- INFO: Toyota Sequoia - found: 0, pass primary filters: 0, did not pass the filter by colors: 0, did not pass the filter by options: 0, added: 0, new vincodes: 0
20-11-2013 22:00:08 --- INFO: Toyota Land Cruiser - found: 2, pass primary filters: 2, did not pass the filter by colors: 1, did not pass the filter by options: , added: 1, new vincodes: 0
20-11-2013 22:00:09 --- INFO: Lexus LX 570 - found: 0, pass primary filters: 0, did not pass the filter by colors: 0, did not pass the filter by options: 0, added: 0, new vincodes: 0
20-11-2013 22:00:09 --- INFO: Toyota Venza - found: 0, pass primary filters: 0, did not pass the filter by colors: 0, did not pass the filter by options: 0, added: 0, new vincodes: 0
20-11-2013 22:00:10 --- INFO: Toyota 4runner 2010 - found: 0, pass primary filters: 0, did not pass the filter by colors: 0, did not pass the filter by options: 0, added: 0, new vincodes: 0
20-11-2013 22:00:14 --- INFO: Toyota 4RUNNER 4WD V6 - found: 33, pass primary filters: 8, did not pass the filter by colors: 2, did not pass the filter by options: , added: 6, new vincodes: 1
20-11-2013 22:00:15 --- INFO: Toyota FJ cruiser - found: 8, pass primary filters: 0, did not pass the filter by colors: 0, did not pass the filter by options: 0, added: 0, new vincodes: 0
20-11-2013 22:00:16 --- INFO: Lexus RX 350 2013 - found: 0, pass primary filters: 0, did not pass the filter by colors: 0, did not pass the filter by options: 0, added: 0, new vincodes: 0
20-11-2013 22:00:20 --- INFO: Toyota Highlander - found: 36, pass primary filters: 8, did not pass the filter by colors: 7, did not pass the filter by options: , added: 1, new vincodes: 1
20-11-2013 22:00:21 --- INFO: Lexus RX 350 - found: 23, pass primary filters: 16, did not pass the filter by colors: 10, did not pass the filter by options: 4, added: 2, new vincodes: 0
20-11-2013 22:00:22 --- INFO: Toyota 4RUNNER Limited V6 - found: 36, pass primary filters: 1, did not pass the filter by colors: 0, did not pass the filter by options: , added: 1, new vincodes: 0
20-11-2013 22:00:22 --- INFO: finish: 20-11-2013 22:00:22
20-11-2013 22:00:22 --- INFO: elapsed time: ~21.32 sec., memory usage: ~2.24 Mb.
20-11-2013 22:30:01 --- INFO: start: 20-11-2013 22:30:01
20-11-2013 22:30:01 --- INFO: ----------Source_ExpOfCars (cli)
20-11-2013 22:30:26 --- INFO: Lexus RX 330 - found: 53, pass primary filters: 38, did not pass the filter by colors: 0, did not pass the filter by options: 0, added: 38, new vincodes: 3
20-11-2013 22:30:27 --- INFO: Lexus RX 400H - found: 14, pass primary filters: 12, did not pass the filter by colors: 0, did not pass the filter by options: 0, added: 12, new vincodes: 0
20-11-2013 22:30:28 --- INFO: Lexus GX 470 - found: 6, pass primary filters: 6, did not pass the filter by colors: 0, did not pass the filter by options: 0, added: 6, new vincodes: 0
20-11-2013 22:30:47 --- INFO: Lexus GX 470 - found: 60, pass primary filters: 60, did not pass the filter by colors: 0, did not pass the filter by options: 0, added: 60, new vincodes: 3
20-11-2013 22:30:50 --- INFO: Lexus LX 470 - found: 23, pass primary filters: 23, did not pass the filter by colors: 0, did not pass the filter by options: 0, added: 23, new vincodes: 0
20-11-2013 22:30:54 --- INFO: Toyota Sequoia - found: 24, pass primary filters: 24, did not pass the filter by colors: 0, did not pass the filter by options: 0, added: 24, new vincodes: 1
20-11-2013 22:30:56 --- INFO: Toyota Land Cruiser - found: 11, pass primary filters: 11, did not pass the filter by colors: 0, did not pass the filter by options: 0, added: 11, new vincodes: 0
20-11-2013 22:31:10 --- INFO: Lexus LX 570 - found: 21, pass primary filters: 21, did not pass the filter by colors: 0, did not pass the filter by options: 0, added: 21, new vincodes: 1
20-11-2013 22:31:14 --- INFO: Toyota Venza - found: 1, pass primary filters: 1, did not pass the filter by colors: 0, did not pass the filter by options: 0, added: 1, new vincodes: 1
20-11-2013 22:31:15 --- INFO: Toyota 4runner 2010 - found: 2, pass primary filters: 2, did not pass the filter by colors: 0, did not pass the filter by options: 0, added: 2, new vincodes: 0
20-11-2013 22:31:18 --- INFO: Toyota 4RUNNER 4WD V6 - found: 51, pass primary filters: 19, did not pass the filter by colors: 0, did not pass the filter by options: 0, added: 19, new vincodes: 0
20-11-2013 22:31:27 --- INFO: Toyota RAV 4 - found: 202, pass primary filters: 0, did not pass the filter by colors: 0, did not pass the filter by options: 0, added: 0, new vincodes: 0
20-11-2013 22:31:31 --- INFO: Toyota Highlander 4WD - found: 87, pass primary filters: 1, did not pass the filter by colors: 0, did not pass the filter by options: 0, added: 1, new vincodes: 0
20-11-2013 22:31:58 --- INFO: Toyota Highlander - found: 87, pass primary filters: 21, did not pass the filter by colors: 0, did not pass the filter by options: 0, added: 21, new vincodes: 7
20-11-2013 22:32:24 --- INFO: Lexus RX 350 - found: 134, pass primary filters: 99, did not pass the filter by colors: 0, did not pass the filter by options: 0, added: 99, new vincodes: 6
20-11-2013 22:32:26 --- INFO: Toyota 4RUNNER Limited V6 - found: 57, pass primary filters: 0, did not pass the filter by colors: 0, did not pass the filter by options: 0, added: 0, new vincodes: 0
20-11-2013 22:32:27 --- INFO: Lexus GX 460 - found: 1, pass primary filters: 1, did not pass the filter by colors: 0, did not pass the filter by options: 0, added: 1, new vincodes: 0
20-11-2013 22:32:28 --- INFO: Lexus RX 350 - found: 8, pass primary filters: 8, did not pass the filter by colors: 0, did not pass the filter by options: 0, added: 8, new vincodes: 0
20-11-2013 22:32:29 --- INFO: Toyota Highlander - found: 5, pass primary filters: 5, did not pass the filter by colors: 0, did not pass the filter by options: 0, added: 5, new vincodes: 0
20-11-2013 22:32:30 --- INFO: Lexus GS300 - found: 11, pass primary filters: 4, did not pass the filter by colors: 0, did not pass the filter by options: 0, added: 4, new vincodes: 0
20-11-2013 22:32:30 --- INFO: finish: 20-11-2013 22:32:30
20-11-2013 22:32:30 --- INFO: elapsed time: ~149.43 sec., memory usage: ~3.91 Mb.
20-11-2013 22:45:01 --- INFO: start: 20-11-2013 22:45:01
20-11-2013 22:45:01 --- INFO: ----------Source_Oodle (cli)
20-11-2013 22:45:05 --- INFO: Toyota Highlander - found: 70, pass primary filters: 16, did not pass the filter by colors: 0, did not pass the filter by options: 0, added: 16, new vincodes: 0
20-11-2013 22:45:18 --- ERROR: Error: You have not specified a 'category' or have specified multiple categories on your API request.  In that scenario, your 'start' parameter must be 500 or less.  Please revise your query and try again.  Use a smaller 'start' value or specify a single category.
20-11-2013 22:45:18 --- INFO: finish: 20-11-2013 22:45:18
20-11-2013 22:45:18 --- INFO: elapsed time: ~16.19 sec., memory usage: ~2.56 Mb.
20-11-2013 23:00:01 --- INFO: start: 20-11-2013 23:00:01
20-11-2013 23:00:01 --- INFO: ----------Source_AutoSalon (cli)
20-11-2013 23:02:52 --- INFO: Lexus RX 330 - found: 83, pass primary filters: 0, did not pass the filter by colors: 0, did not pass the filter by options: 0, added: 0, new vincodes: 0
20-11-2013 23:02:54 --- INFO: Lexus RX 400H - found: 0, pass primary filters: 0, did not pass the filter by colors: 0, did not pass the filter by options: 0, added: 0, new vincodes: 0
20-11-2013 23:02:59 --- INFO: Lexus GX 470 - found: 11, pass primary filters: 9, did not pass the filter by colors: 0, did not pass the filter by options: 0, added: 9, new vincodes: 0
20-11-2013 23:05:45 --- INFO: Lexus GX 470 - found: 94, pass primary filters: 17, did not pass the filter by colors: 0, did not pass the filter by options: 0, added: 17, new vincodes: 0
20-11-2013 23:05:56 --- INFO: Lexus LX 470 - found: 44, pass primary filters: 16, did not pass the filter by colors: 0, did not pass the filter by options: 0, added: 16, new vincodes: 0
20-11-2013 23:06:02 --- INFO: Toyota Sequoia - found: 0, pass primary filters: 0, did not pass the filter by colors: 0, did not pass the filter by options: 0, added: 0, new vincodes: 0
20-11-2013 23:06:05 --- INFO: Toyota Land Cruiser - found: 0, pass primary filters: 0, did not pass the filter by colors: 0, did not pass the filter by options: 0, added: 0, new vincodes: 0
20-11-2013 23:06:19 --- INFO: Lexus LX 570 - found: 27, pass primary filters: 2, did not pass the filter by colors: 0, did not pass the filter by options: 0, added: 2, new vincodes: 0
20-11-2013 23:06:21 --- INFO: Toyota Venza - found: 0, pass primary filters: 0, did not pass the filter by colors: 0, did not pass the filter by options: 0, added: 0, new vincodes: 0
20-11-2013 23:06:24 --- INFO: Toyota 4runner 2010 - found: 0, pass primary filters: 0, did not pass the filter by colors: 0, did not pass the filter by options: 0, added: 0, new vincodes: 0
20-11-2013 23:06:26 --- INFO: Toyota 4RUNNER 4WD V6 - found: 0, pass primary filters: 0, did not pass the filter by colors: 0, did not pass the filter by options: 0, added: 0, new vincodes: 0
20-11-2013 23:06:29 --- INFO: Toyota RAV 4 - found: 0, pass primary filters: 0, did not pass the filter by colors: 0, did not pass the filter by options: 0, added: 0, new vincodes: 0
20-11-2013 23:06:31 --- INFO: Toyota Highlander 4WD - found: 0, pass primary filters: 0, did not pass the filter by colors: 0, did not pass the filter by options: 0, added: 0, new vincodes: 0
20-11-2013 23:06:34 --- INFO: Toyota Highlander - found: 0, pass primary filters: 0, did not pass the filter by colors: 0, did not pass the filter by options: 0, added: 0, new vincodes: 0
20-11-2013 23:08:34 --- INFO: Lexus RX 350 - found: 203, pass primary filters: 1, did not pass the filter by colors: 0, did not pass the filter by options: 0, added: 1, new vincodes: 0
20-11-2013 23:08:37 --- INFO: Toyota 4RUNNER Limited V6 - found: 0, pass primary filters: 0, did not pass the filter by colors: 0, did not pass the filter by options: 0, added: 0, new vincodes: 0
20-11-2013 23:08:43 --- INFO: Lexus GX 460 - found: 4, pass primary filters: 2, did not pass the filter by colors: 0, did not pass the filter by options: 0, added: 2, new vincodes: 0
20-11-2013 23:08:47 --- INFO: Lexus RX 350 - found: 12, pass primary filters: 8, did not pass the filter by colors: 0, did not pass the filter by options: 0, added: 8, new vincodes: 0
20-11-2013 23:08:53 --- INFO: Toyota Highlander - found: 13, pass primary filters: 10, did not pass the filter by colors: 0, did not pass the filter by options: 0, added: 10, new vincodes: 0
20-11-2013 23:08:57 --- INFO: Lexus GS300 - found: 19, pass primary filters: 5, did not pass the filter by colors: 0, did not pass the filter by options: 0, added: 5, new vincodes: 0
20-11-2013 23:09:14 --- INFO: Toyota FJ cruiser - found: 32, pass primary filters: 6, did not pass the filter by colors: 0, did not pass the filter by options: 0, added: 6, new vincodes: 1
20-11-2013 23:10:28 --- INFO: Lexus RX 350 2013 - found: 37, pass primary filters: 6, did not pass the filter by colors: 0, did not pass the filter by options: 0, added: 6, new vincodes: 1
20-11-2013 23:10:28 --- INFO: finish: 20-11-2013 23:10:28
20-11-2013 23:10:28 --- INFO: elapsed time: ~627.07 sec., memory usage: ~3.51 Mb.