
20-12-2013 16:59:10 --- INFO: start: 20-12-2013 16:59:10
20-12-2013 16:59:10 --- INFO: ----------Source_AutoSalon (apache2handler)
20-12-2013 16:59:34 --- INFO: Lexus RX 330 - found: 61, pass primary filters: 0, did not pass the filter by colors: 0, did not pass the filter by options: 0, added: 0, new vincodes: 0
20-12-2013 16:59:36 --- INFO: Lexus RX 400H - found: 1, pass primary filters: 0, did not pass the filter by colors: 0, did not pass the filter by options: 0, added: 0, new vincodes: 0
20-12-2013 17:01:11 --- INFO: Lexus GX 470 - found: 5, pass primary filters: 4, did not pass the filter by colors: 0, did not pass the filter by options: 0, added: 4, new vincodes: 1
20-12-2013 17:12:35 --- INFO: Lexus GX 470 - found: 46, pass primary filters: 19, did not pass the filter by colors: 0, did not pass the filter by options: 0, added: 19, new vincodes: 3
20-12-2013 17:14:58 --- INFO: Lexus LX 470 - found: 19, pass primary filters: 18, did not pass the filter by colors: 0, did not pass the filter by options: 0, added: 18, new vincodes: 1
20-12-2013 17:15:00 --- INFO: Toyota Sequoia - found: 0, pass primary filters: 0, did not pass the filter by colors: 0, did not pass the filter by options: 0, added: 0, new vincodes: 0
20-12-2013 17:15:03 --- INFO: Toyota Land Cruiser - found: 0, pass primary filters: 0, did not pass the filter by colors: 0, did not pass the filter by options: 0, added: 0, new vincodes: 0
20-12-2013 17:16:58 --- INFO: Lexus LX 570 - found: 18, pass primary filters: 16, did not pass the filter by colors: 0, did not pass the filter by options: 0, added: 16, new vincodes: 0
20-12-2013 17:17:01 --- INFO: Toyota Venza - found: 0, pass primary filters: 0, did not pass the filter by colors: 0, did not pass the filter by options: 0, added: 0, new vincodes: 0
20-12-2013 17:17:03 --- INFO: Toyota 4runner 2010 - found: 0, pass primary filters: 0, did not pass the filter by colors: 0, did not pass the filter by options: 0, added: 0, new vincodes: 0
20-12-2013 17:17:06 --- INFO: Toyota 4RUNNER 4WD V6 - found: 0, pass primary filters: 0, did not pass the filter by colors: 0, did not pass the filter by options: 0, added: 0, new vincodes: 0
20-12-2013 17:17:08 --- INFO: Toyota RAV 4 - found: 0, pass primary filters: 0, did not pass the filter by colors: 0, did not pass the filter by options: 0, added: 0, new vincodes: 0
20-12-2013 17:17:11 --- INFO: Toyota Highlander 4WD - found: 0, pass primary filters: 0, did not pass the filter by colors: 0, did not pass the filter by options: 0, added: 0, new vincodes: 0
20-12-2013 17:17:13 --- INFO: Toyota Highlander - found: 0, pass primary filters: 0, did not pass the filter by colors: 0, did not pass the filter by options: 0, added: 0, new vincodes: 0
20-12-2013 17:22:26 --- INFO: Lexus RX 350 - found: 126, pass primary filters: 0, did not pass the filter by colors: 0, did not pass the filter by options: 0, added: 0, new vincodes: 0
20-12-2013 17:22:29 --- INFO: Toyota 4RUNNER Limited V6 - found: 0, pass primary filters: 0, did not pass the filter by colors: 0, did not pass the filter by options: 0, added: 0, new vincodes: 0
20-12-2013 17:24:08 --- INFO: Lexus GX 460 - found: 1, pass primary filters: 1, did not pass the filter by colors: 0, did not pass the filter by options: 0, added: 1, new vincodes: 1
20-12-2013 17:24:15 --- INFO: Lexus RX 350 - found: 7, pass primary filters: 4, did not pass the filter by colors: 0, did not pass the filter by options: 0, added: 4, new vincodes: 0
20-12-2013 17:28:42 --- INFO: Toyota Highlander - found: 13, pass primary filters: 11, did not pass the filter by colors: 0, did not pass the filter by options: 0, added: 11, new vincodes: 0
20-12-2013 17:30:59 --- INFO: Lexus GS300 - found: 16, pass primary filters: 5, did not pass the filter by colors: 0, did not pass the filter by options: 0, added: 5, new vincodes: 0
20-12-2013 17:38:18 --- INFO: Toyota FJ cruiser - found: 19, pass primary filters: 13, did not pass the filter by colors: 0, did not pass the filter by options: 0, added: 13, new vincodes: 5
20-12-2013 17:40:41 --- INFO: Lexus RX 350 2013 - found: 14, pass primary filters: 6, did not pass the filter by colors: 0, did not pass the filter by options: 0, added: 6, new vincodes: 2
20-12-2013 17:40:41 --- INFO: finish: 20-12-2013 17:40:42
20-12-2013 17:40:41 --- INFO: elapsed time: ~2492 sec., memory usage: ~4.98 Mb.
20-12-2013 20:45:08 --- INFO: start: 20-12-2013 20:45:08
20-12-2013 20:45:08 --- INFO: ----------Source_Adesa (apache2handler)
20-12-2013 20:45:09 --- INFO: Authorized request
20-12-2013 20:45:12 --- INFO: Lexus RX 330 - found: 9, pass primary filters: 6, did not pass the filter by colors: 0, did not pass the filter by options: 5, added: 1, new vincodes: 2
20-12-2013 20:45:13 --- INFO: Lexus RX 400H - found: 3, pass primary filters: 2, did not pass the filter by colors: 2, did not pass the filter by options: 0, added: 0, new vincodes: 0
20-12-2013 20:45:13 --- INFO: Lexus GX 470 - found: 0, pass primary filters: 0, did not pass the filter by colors: 0, did not pass the filter by options: 0, added: 0, new vincodes: 0
20-12-2013 20:45:16 --- INFO: Lexus GX 470 - found: 7, pass primary filters: 6, did not pass the filter by colors: 1, did not pass the filter by options: 1, added: 4, new vincodes: 3
20-12-2013 20:45:17 --- INFO: Lexus LX 470 - found: 7, pass primary filters: 7, did not pass the filter by colors: 7, did not pass the filter by options: , added: 0, new vincodes: 2
20-12-2013 20:45:18 --- INFO: Toyota Sequoia - found: 0, pass primary filters: 0, did not pass the filter by colors: 0, did not pass the filter by options: 0, added: 0, new vincodes: 0
20-12-2013 20:45:18 --- INFO: Toyota Land Cruiser - found: 1, pass primary filters: 1, did not pass the filter by colors: 1, did not pass the filter by options: , added: 0, new vincodes: 0
20-12-2013 20:45:19 --- INFO: Lexus LX 570 - found: 0, pass primary filters: 0, did not pass the filter by colors: 0, did not pass the filter by options: 0, added: 0, new vincodes: 0
20-12-2013 20:45:19 --- INFO: Toyota Venza - found: 0, pass primary filters: 0, did not pass the filter by colors: 0, did not pass the filter by options: 0, added: 0, new vincodes: 0
20-12-2013 20:45:20 --- INFO: Toyota 4runner 2010 - found: 0, pass primary filters: 0, did not pass the filter by colors: 0, did not pass the filter by options: 0, added: 0, new vincodes: 0
20-12-2013 20:45:26 --- INFO: Toyota 4RUNNER 4WD V6 - found: 13, pass primary filters: 7, did not pass the filter by colors: 4, did not pass the filter by options: , added: 3, new vincodes: 4
20-12-2013 20:45:26 --- INFO: Toyota FJ cruiser - found: 5, pass primary filters: 0, did not pass the filter by colors: 0, did not pass the filter by options: 0, added: 0, new vincodes: 0
20-12-2013 20:45:27 --- INFO: Lexus RX 350 2013 - found: 0, pass primary filters: 0, did not pass the filter by colors: 0, did not pass the filter by options: 0, added: 0, new vincodes: 0
20-12-2013 20:45:28 --- INFO: Toyota Highlander - found: 22, pass primary filters: 0, did not pass the filter by colors: 0, did not pass the filter by options: 0, added: 0, new vincodes: 0
20-12-2013 20:48:42 --- INFO: Lexus RX 350 - found: 18, pass primary filters: 11, did not pass the filter by colors: 6, did not pass the filter by options: 3, added: 2, new vincodes: 6
20-12-2013 20:48:43 --- INFO: Toyota 4RUNNER Limited V6 - found: 17, pass primary filters: 1, did not pass the filter by colors: 0, did not pass the filter by options: , added: 1, new vincodes: 0
20-12-2013 20:48:43 --- INFO: finish: 20-12-2013 20:48:43
20-12-2013 20:48:43 --- INFO: elapsed time: ~214.35 sec., memory usage: ~3.47 Mb.
20-12-2013 20:45:29 --- INFO: start: 20-12-2013 20:45:29
20-12-2013 20:45:29 --- INFO: ----------Source_Oodle (apache2handler)
20-12-2013 20:45:31 --- INFO: Toyota Highlander - found: 26, pass primary filters: 21, did not pass the filter by colors: 0, did not pass the filter by options: 0, added: 21, new vincodes: 0
20-12-2013 20:46:11 --- INFO: Lexus RX 330 - found: 224, pass primary filters: 0, did not pass the filter by colors: 0, did not pass the filter by options: 0, added: 0, new vincodes: 0
20-12-2013 20:46:12 --- INFO: Lexus RX 400H - found: 0, pass primary filters: 0, did not pass the filter by colors: 0, did not pass the filter by options: 0, added: 0, new vincodes: 0
20-12-2013 20:46:14 --- INFO: Lexus GX 470 - found: 16, pass primary filters: 9, did not pass the filter by colors: 0, did not pass the filter by options: 0, added: 9, new vincodes: 0
20-12-2013 20:46:57 --- INFO: Lexus GX 470 - found: 199, pass primary filters: 11, did not pass the filter by colors: 0, did not pass the filter by options: 0, added: 11, new vincodes: 0
20-12-2013 20:48:00 --- INFO: Lexus LX 470 - found: 70, pass primary filters: 11, did not pass the filter by colors: 0, did not pass the filter by options: 0, added: 11, new vincodes: 0
20-12-2013 20:48:53 --- INFO: Toyota Sequoia - found: 71, pass primary filters: 6, did not pass the filter by colors: 0, did not pass the filter by options: 0, added: 6, new vincodes: 0
20-12-2013 20:48:54 --- INFO: Toyota Land Cruiser - found: 18, pass primary filters: 7, did not pass the filter by colors: 0, did not pass the filter by options: 0, added: 7, new vincodes: 0
20-12-2013 20:48:54 --- INFO: Lexus LX 570 - found: 0, pass primary filters: 0, did not pass the filter by colors: 0, did not pass the filter by options: 0, added: 0, new vincodes: 0
20-12-2013 20:48:54 --- INFO: Toyota Venza - found: 0, pass primary filters: 0, did not pass the filter by colors: 0, did not pass the filter by options: 0, added: 0, new vincodes: 0
20-12-2013 20:48:55 --- INFO: Toyota 4runner 2010 - found: 4, pass primary filters: 3, did not pass the filter by colors: 0, did not pass the filter by options: 0, added: 3, new vincodes: 0
20-12-2013 20:49:16 --- INFO: Toyota 4RUNNER 4WD V6 - found: 464, pass primary filters: 0, did not pass the filter by colors: 0, did not pass the filter by options: 0, added: 0, new vincodes: 0
20-12-2013 20:50:17 --- INFO: Toyota RAV 4 - found: 3076, pass primary filters: 0, did not pass the filter by colors: 0, did not pass the filter by options: 0, added: 0, new vincodes: 0
20-12-2013 20:50:27 --- INFO: Toyota Highlander 4WD - found: 451, pass primary filters: 0, did not pass the filter by colors: 0, did not pass the filter by options: 0, added: 0, new vincodes: 0
20-12-2013 20:50:36 --- INFO: Toyota Highlander - found: 451, pass primary filters: 0, did not pass the filter by colors: 0, did not pass the filter by options: 0, added: 0, new vincodes: 0
20-12-2013 20:51:04 --- INFO: Lexus RX 350 - found: 624, pass primary filters: 1, did not pass the filter by colors: 0, did not pass the filter by options: 0, added: 1, new vincodes: 0
20-12-2013 20:51:15 --- INFO: Toyota 4RUNNER Limited V6 - found: 533, pass primary filters: 0, did not pass the filter by colors: 0, did not pass the filter by options: 0, added: 0, new vincodes: 0
20-12-2013 20:51:15 --- INFO: Lexus GX 460 - found: 0, pass primary filters: 0, did not pass the filter by colors: 0, did not pass the filter by options: 0, added: 0, new vincodes: 0
20-12-2013 20:51:16 --- INFO: Lexus RX 350 - found: 10, pass primary filters: 6, did not pass the filter by colors: 0, did not pass the filter by options: 0, added: 6, new vincodes: 0
20-12-2013 20:51:19 --- INFO: Lexus GS300 - found: 91, pass primary filters: 3, did not pass the filter by colors: 0, did not pass the filter by options: 0, added: 3, new vincodes: 0
20-12-2013 20:51:21 --- INFO: Toyota FJ cruiser - found: 80, pass primary filters: 0, did not pass the filter by colors: 0, did not pass the filter by options: 0, added: 0, new vincodes: 0
20-12-2013 20:51:57 --- INFO: Lexus RX 350 2013 - found: 57, pass primary filters: 0, did not pass the filter by colors: 0, did not pass the filter by options: 0, added: 0, new vincodes: 0
20-12-2013 20:51:57 --- INFO: finish: 20-12-2013 20:51:57
20-12-2013 20:51:57 --- INFO: elapsed time: ~388.32 sec., memory usage: ~6.11 Mb.