
21-11-2013 01:55:32 --- INFO: start: 21-11-2013 01:55:32
21-11-2013 01:55:32 --- INFO: ----------Source_Oodle (apache2handler)
21-11-2013 01:55:35 --- INFO: Toyota Highlander - found: 70, pass primary filters: 16, did not pass the filter by colors: 0, did not pass the filter by options: 0, added: 16, new vincodes: 0
21-11-2013 01:55:46 --- ERROR: Error: You have not specified a 'category' or have specified multiple categories on your API request.  In that scenario, your 'start' parameter must be 500 or less.  Please revise your query and try again.  Use a smaller 'start' value or specify a single category.
21-11-2013 01:55:46 --- INFO: finish: 21-11-2013 01:55:46
21-11-2013 01:55:46 --- INFO: elapsed time: ~14.07 sec., memory usage: ~3.89 Mb.
21-11-2013 14:33:20 --- INFO: start: 21-11-2013 14:33:20
21-11-2013 14:33:20 --- INFO: ----------Source_Adesa (apache2handler)
21-11-2013 14:33:21 --- INFO: Authorized request
21-11-2013 14:33:22 --- INFO: Lexus RX 330 - found: 14, pass primary filters: 9, did not pass the filter by colors: 2, did not pass the filter by options: 4, added: 3, new vincodes: 0
21-11-2013 14:33:23 --- INFO: Lexus RX 400H - found: 3, pass primary filters: 1, did not pass the filter by colors: 1, did not pass the filter by options: 0, added: 0, new vincodes: 0
21-11-2013 14:33:23 --- INFO: Lexus GX 470 - found: 1, pass primary filters: 1, did not pass the filter by colors: 0, did not pass the filter by options: 1, added: 0, new vincodes: 0
21-11-2013 14:33:24 --- INFO: Lexus GX 470 - found: 7, pass primary filters: 7, did not pass the filter by colors: 3, did not pass the filter by options: 3, added: 1, new vincodes: 0
21-11-2013 14:33:25 --- INFO: Lexus LX 470 - found: 1, pass primary filters: 1, did not pass the filter by colors: 1, did not pass the filter by options: , added: 0, new vincodes: 0
21-11-2013 14:33:25 --- INFO: Toyota Sequoia - found: 0, pass primary filters: 0, did not pass the filter by colors: 0, did not pass the filter by options: 0, added: 0, new vincodes: 0
21-11-2013 14:33:26 --- INFO: Toyota Land Cruiser - found: 1, pass primary filters: 1, did not pass the filter by colors: 0, did not pass the filter by options: , added: 1, new vincodes: 0
21-11-2013 14:33:26 --- INFO: Lexus LX 570 - found: 0, pass primary filters: 0, did not pass the filter by colors: 0, did not pass the filter by options: 0, added: 0, new vincodes: 0
21-11-2013 14:33:27 --- INFO: Toyota Venza - found: 0, pass primary filters: 0, did not pass the filter by colors: 0, did not pass the filter by options: 0, added: 0, new vincodes: 0
21-11-2013 14:33:28 --- INFO: Toyota 4runner 2010 - found: 0, pass primary filters: 0, did not pass the filter by colors: 0, did not pass the filter by options: 0, added: 0, new vincodes: 0
21-11-2013 14:33:28 --- INFO: Toyota 4RUNNER 4WD V6 - found: 30, pass primary filters: 4, did not pass the filter by colors: 2, did not pass the filter by options: , added: 2, new vincodes: 0
21-11-2013 14:33:29 --- INFO: Toyota FJ cruiser - found: 6, pass primary filters: 0, did not pass the filter by colors: 0, did not pass the filter by options: 0, added: 0, new vincodes: 0
21-11-2013 14:33:29 --- INFO: Lexus RX 350 2013 - found: 0, pass primary filters: 0, did not pass the filter by colors: 0, did not pass the filter by options: 0, added: 0, new vincodes: 0
21-11-2013 14:33:30 --- INFO: Toyota Highlander - found: 36, pass primary filters: 6, did not pass the filter by colors: 5, did not pass the filter by options: , added: 1, new vincodes: 0
21-11-2013 14:33:31 --- INFO: Lexus RX 350 - found: 18, pass primary filters: 8, did not pass the filter by colors: 4, did not pass the filter by options: 2, added: 2, new vincodes: 0
21-11-2013 14:33:32 --- INFO: Toyota 4RUNNER Limited V6 - found: 31, pass primary filters: 2, did not pass the filter by colors: 0, did not pass the filter by options: , added: 2, new vincodes: 0
21-11-2013 14:33:32 --- INFO: finish: 21-11-2013 14:33:32
21-11-2013 14:33:32 --- INFO: elapsed time: ~11.51 sec., memory usage: ~3.28 Mb.
21-11-2013 14:34:46 --- INFO: start: 21-11-2013 14:34:46
21-11-2013 14:34:46 --- INFO: ----------Source_ExpOfCars (apache2handler)
21-11-2013 14:34:49 --- INFO: Lexus RX 330 - found: 41, pass primary filters: 30, did not pass the filter by colors: 0, did not pass the filter by options: 0, added: 30, new vincodes: 0
21-11-2013 14:34:50 --- INFO: Lexus RX 400H - found: 9, pass primary filters: 8, did not pass the filter by colors: 0, did not pass the filter by options: 0, added: 8, new vincodes: 0
21-11-2013 14:34:51 --- INFO: Lexus GX 470 - found: 4, pass primary filters: 4, did not pass the filter by colors: 0, did not pass the filter by options: 0, added: 4, new vincodes: 0
21-11-2013 14:34:54 --- INFO: Lexus GX 470 - found: 42, pass primary filters: 42, did not pass the filter by colors: 0, did not pass the filter by options: 0, added: 42, new vincodes: 0
21-11-2013 14:34:56 --- INFO: Lexus LX 470 - found: 14, pass primary filters: 14, did not pass the filter by colors: 0, did not pass the filter by options: 0, added: 14, new vincodes: 0
21-11-2013 14:34:57 --- INFO: Toyota Sequoia - found: 18, pass primary filters: 18, did not pass the filter by colors: 0, did not pass the filter by options: 0, added: 18, new vincodes: 0
21-11-2013 14:34:58 --- INFO: Toyota Land Cruiser - found: 11, pass primary filters: 11, did not pass the filter by colors: 0, did not pass the filter by options: 0, added: 11, new vincodes: 0
21-11-2013 14:35:01 --- INFO: Lexus LX 570 - found: 15, pass primary filters: 15, did not pass the filter by colors: 0, did not pass the filter by options: 0, added: 15, new vincodes: 0
21-11-2013 14:35:02 --- INFO: Toyota Venza - found: 1, pass primary filters: 1, did not pass the filter by colors: 0, did not pass the filter by options: 0, added: 1, new vincodes: 0
21-11-2013 14:35:03 --- INFO: Toyota 4runner 2010 - found: 2, pass primary filters: 2, did not pass the filter by colors: 0, did not pass the filter by options: 0, added: 2, new vincodes: 0
21-11-2013 14:35:05 --- INFO: Toyota 4RUNNER 4WD V6 - found: 39, pass primary filters: 16, did not pass the filter by colors: 0, did not pass the filter by options: 0, added: 16, new vincodes: 0
21-11-2013 14:35:10 --- INFO: Toyota RAV 4 - found: 145, pass primary filters: 0, did not pass the filter by colors: 0, did not pass the filter by options: 0, added: 0, new vincodes: 0
21-11-2013 14:35:12 --- INFO: Toyota Highlander 4WD - found: 60, pass primary filters: 1, did not pass the filter by colors: 0, did not pass the filter by options: 0, added: 1, new vincodes: 0
21-11-2013 14:35:15 --- INFO: Toyota Highlander - found: 60, pass primary filters: 14, did not pass the filter by colors: 0, did not pass the filter by options: 0, added: 14, new vincodes: 0
21-11-2013 14:35:24 --- INFO: Lexus RX 350 - found: 109, pass primary filters: 83, did not pass the filter by colors: 0, did not pass the filter by options: 0, added: 83, new vincodes: 0
21-11-2013 14:35:26 --- INFO: Toyota 4RUNNER Limited V6 - found: 43, pass primary filters: 0, did not pass the filter by colors: 0, did not pass the filter by options: 0, added: 0, new vincodes: 0
21-11-2013 14:35:27 --- INFO: Lexus GX 460 - found: 1, pass primary filters: 1, did not pass the filter by colors: 0, did not pass the filter by options: 0, added: 1, new vincodes: 0
21-11-2013 14:35:29 --- INFO: Lexus RX 350 - found: 6, pass primary filters: 6, did not pass the filter by colors: 0, did not pass the filter by options: 0, added: 6, new vincodes: 0
21-11-2013 14:35:30 --- INFO: Toyota Highlander - found: 4, pass primary filters: 4, did not pass the filter by colors: 0, did not pass the filter by options: 0, added: 4, new vincodes: 0
21-11-2013 14:35:31 --- INFO: Lexus GS300 - found: 6, pass primary filters: 1, did not pass the filter by colors: 0, did not pass the filter by options: 0, added: 1, new vincodes: 0
21-11-2013 14:35:31 --- INFO: finish: 21-11-2013 14:35:31
21-11-2013 14:35:31 --- INFO: elapsed time: ~44.55 sec., memory usage: ~4.48 Mb.
21-11-2013 14:38:50 --- INFO: start: 21-11-2013 14:38:50
21-11-2013 14:38:50 --- INFO: ----------Source_Oodle (apache2handler)
21-11-2013 14:38:53 --- INFO: Toyota Highlander - found: 71, pass primary filters: 17, did not pass the filter by colors: 0, did not pass the filter by options: 0, added: 17, new vincodes: 0
21-11-2013 14:39:03 --- ERROR: Error: You have not specified a 'category' or have specified multiple categories on your API request.  In that scenario, your 'start' parameter must be 500 or less.  Please revise your query and try again.  Use a smaller 'start' value or specify a single category.
21-11-2013 14:39:03 --- INFO: finish: 21-11-2013 14:39:03
21-11-2013 14:39:03 --- INFO: elapsed time: ~13.51 sec., memory usage: ~3.76 Mb.
21-11-2013 14:40:49 --- INFO: start: 21-11-2013 14:40:49
21-11-2013 14:40:49 --- INFO: ----------Source_Oodle (apache2handler)
21-11-2013 14:40:51 --- INFO: Toyota Highlander - found: 71, pass primary filters: 17, did not pass the filter by colors: 0, did not pass the filter by options: 0, added: 17, new vincodes: 0
21-11-2013 14:41:02 --- ERROR: Error: You have not specified a 'category' or have specified multiple categories on your API request.  In that scenario, your 'start' parameter must be 500 or less.  Please revise your query and try again.  Use a smaller 'start' value or specify a single category.
21-11-2013 14:41:02 --- INFO: finish: 21-11-2013 14:41:02
21-11-2013 14:41:02 --- INFO: elapsed time: ~13.22 sec., memory usage: ~3.76 Mb.
21-11-2013 14:45:31 --- INFO: start: 21-11-2013 14:45:31
21-11-2013 14:45:31 --- INFO: ----------Source_Oodle (apache2handler)
21-11-2013 14:45:33 --- INFO: Toyota Highlander - found: 71, pass primary filters: 17, did not pass the filter by colors: 0, did not pass the filter by options: 0, added: 17, new vincodes: 0
21-11-2013 14:45:45 --- ERROR: Error: You have not specified a 'category' or have specified multiple categories on your API request.  In that scenario, your 'start' parameter must be 500 or less.  Please revise your query and try again.  Use a smaller 'start' value or specify a single category.
21-11-2013 14:45:45 --- INFO: finish: 21-11-2013 14:45:45
21-11-2013 14:45:45 --- INFO: elapsed time: ~13.91 sec., memory usage: ~3.76 Mb.
21-11-2013 20:51:22 --- INFO: start: 21-11-2013 20:51:22
21-11-2013 20:51:22 --- INFO: ----------Source_ExpOfCars (apache2handler)
21-11-2013 20:51:26 --- INFO: Lexus RX 330 - found: 52, pass primary filters: 38, did not pass the filter by colors: 0, did not pass the filter by options: 0, added: 38, new vincodes: 0
21-11-2013 20:51:27 --- INFO: Lexus RX 400H - found: 14, pass primary filters: 11, did not pass the filter by colors: 0, did not pass the filter by options: 0, added: 11, new vincodes: 0
21-11-2013 20:51:29 --- INFO: Lexus GX 470 - found: 5, pass primary filters: 5, did not pass the filter by colors: 0, did not pass the filter by options: 0, added: 5, new vincodes: 0
21-11-2013 20:51:32 --- INFO: Lexus GX 470 - found: 58, pass primary filters: 58, did not pass the filter by colors: 0, did not pass the filter by options: 0, added: 58, new vincodes: 0
21-11-2013 20:51:35 --- INFO: Lexus LX 470 - found: 18, pass primary filters: 18, did not pass the filter by colors: 0, did not pass the filter by options: 0, added: 18, new vincodes: 0
21-11-2013 20:51:38 --- INFO: Toyota Sequoia - found: 25, pass primary filters: 25, did not pass the filter by colors: 0, did not pass the filter by options: 0, added: 25, new vincodes: 0
21-11-2013 20:51:40 --- INFO: Toyota Land Cruiser - found: 12, pass primary filters: 12, did not pass the filter by colors: 0, did not pass the filter by options: 0, added: 12, new vincodes: 0
21-11-2013 20:51:43 --- INFO: Lexus LX 570 - found: 17, pass primary filters: 17, did not pass the filter by colors: 0, did not pass the filter by options: 0, added: 17, new vincodes: 0
21-11-2013 20:51:45 --- INFO: Toyota Venza - found: 9, pass primary filters: 9, did not pass the filter by colors: 0, did not pass the filter by options: 0, added: 9, new vincodes: 0
21-11-2013 20:51:47 --- INFO: Toyota 4runner 2010 - found: 3, pass primary filters: 3, did not pass the filter by colors: 0, did not pass the filter by options: 0, added: 3, new vincodes: 0
21-11-2013 20:51:50 --- INFO: Toyota 4RUNNER 4WD V6 - found: 52, pass primary filters: 21, did not pass the filter by colors: 0, did not pass the filter by options: 0, added: 21, new vincodes: 0
21-11-2013 20:52:00 --- INFO: Toyota RAV 4 - found: 219, pass primary filters: 0, did not pass the filter by colors: 0, did not pass the filter by options: 0, added: 0, new vincodes: 0
21-11-2013 20:52:04 --- INFO: Toyota Highlander 4WD - found: 88, pass primary filters: 3, did not pass the filter by colors: 0, did not pass the filter by options: 0, added: 3, new vincodes: 0
21-11-2013 20:52:09 --- INFO: Toyota Highlander - found: 88, pass primary filters: 20, did not pass the filter by colors: 0, did not pass the filter by options: 0, added: 20, new vincodes: 0
21-11-2013 20:52:18 --- INFO: Lexus RX 350 - found: 116, pass primary filters: 83, did not pass the filter by colors: 0, did not pass the filter by options: 0, added: 83, new vincodes: 0
21-11-2013 20:52:21 --- INFO: Toyota 4RUNNER Limited V6 - found: 61, pass primary filters: 0, did not pass the filter by colors: 0, did not pass the filter by options: 0, added: 0, new vincodes: 0
21-11-2013 20:52:23 --- INFO: Lexus GX 460 - found: 2, pass primary filters: 2, did not pass the filter by colors: 0, did not pass the filter by options: 0, added: 2, new vincodes: 0
21-11-2013 20:52:24 --- INFO: Lexus RX 350 - found: 5, pass primary filters: 5, did not pass the filter by colors: 0, did not pass the filter by options: 0, added: 5, new vincodes: 0
21-11-2013 20:52:25 --- INFO: Toyota Highlander - found: 7, pass primary filters: 7, did not pass the filter by colors: 0, did not pass the filter by options: 0, added: 7, new vincodes: 0
21-11-2013 20:52:27 --- INFO: Lexus GS300 - found: 10, pass primary filters: 3, did not pass the filter by colors: 0, did not pass the filter by options: 0, added: 3, new vincodes: 0
21-11-2013 20:52:27 --- INFO: finish: 21-11-2013 20:52:27
21-11-2013 20:52:27 --- INFO: elapsed time: ~65.53 sec., memory usage: ~5.07 Mb.