
22-11-2013 02:00:01 --- INFO: start: 22-11-2013 02:00:01
22-11-2013 02:00:01 --- INFO: ----------Source_Adesa (cli)
22-11-2013 02:00:02 --- INFO: Authorized request
22-11-2013 02:00:05 --- INFO: Lexus RX 330 - found: 15, pass primary filters: 9, did not pass the filter by colors: 2, did not pass the filter by options: 4, added: 3, new vincodes: 0
22-11-2013 02:00:52 --- INFO: Lexus RX 400H - found: 5, pass primary filters: 3, did not pass the filter by colors: 2, did not pass the filter by options: 0, added: 1, new vincodes: 1
22-11-2013 02:00:53 --- INFO: Lexus GX 470 - found: 1, pass primary filters: 1, did not pass the filter by colors: 0, did not pass the filter by options: 1, added: 0, new vincodes: 0
22-11-2013 02:00:59 --- INFO: Lexus GX 470 - found: 12, pass primary filters: 8, did not pass the filter by colors: 3, did not pass the filter by options: 1, added: 4, new vincodes: 1
22-11-2013 02:01:00 --- INFO: Lexus LX 470 - found: 3, pass primary filters: 3, did not pass the filter by colors: 2, did not pass the filter by options: , added: 1, new vincodes: 0
22-11-2013 02:01:01 --- INFO: Toyota Sequoia - found: 0, pass primary filters: 0, did not pass the filter by colors: 0, did not pass the filter by options: 0, added: 0, new vincodes: 0
22-11-2013 02:01:01 --- INFO: Toyota Land Cruiser - found: 1, pass primary filters: 1, did not pass the filter by colors: 0, did not pass the filter by options: , added: 1, new vincodes: 0
22-11-2013 02:01:02 --- INFO: Lexus LX 570 - found: 0, pass primary filters: 0, did not pass the filter by colors: 0, did not pass the filter by options: 0, added: 0, new vincodes: 0
22-11-2013 02:01:03 --- INFO: Toyota Venza - found: 0, pass primary filters: 0, did not pass the filter by colors: 0, did not pass the filter by options: 0, added: 0, new vincodes: 0
22-11-2013 02:01:04 --- INFO: Toyota 4runner 2010 - found: 0, pass primary filters: 0, did not pass the filter by colors: 0, did not pass the filter by options: 0, added: 0, new vincodes: 0
22-11-2013 02:01:07 --- INFO: Toyota 4RUNNER 4WD V6 - found: 36, pass primary filters: 15, did not pass the filter by colors: 6, did not pass the filter by options: , added: 9, new vincodes: 2
22-11-2013 02:01:07 --- INFO: Toyota FJ cruiser - found: 6, pass primary filters: 0, did not pass the filter by colors: 0, did not pass the filter by options: 0, added: 0, new vincodes: 0
22-11-2013 02:01:08 --- INFO: Lexus RX 350 2013 - found: 0, pass primary filters: 0, did not pass the filter by colors: 0, did not pass the filter by options: 0, added: 0, new vincodes: 0
22-11-2013 02:01:09 --- INFO: Toyota Highlander - found: 45, pass primary filters: 10, did not pass the filter by colors: 7, did not pass the filter by options: , added: 3, new vincodes: 0
22-11-2013 02:01:43 --- INFO: Lexus RX 350 - found: 22, pass primary filters: 17, did not pass the filter by colors: 10, did not pass the filter by options: 3, added: 4, new vincodes: 2
22-11-2013 02:01:44 --- INFO: Toyota 4RUNNER Limited V6 - found: 41, pass primary filters: 3, did not pass the filter by colors: 0, did not pass the filter by options: , added: 3, new vincodes: 0
22-11-2013 02:01:44 --- INFO: finish: 22-11-2013 02:01:44
22-11-2013 02:01:44 --- INFO: elapsed time: ~103.05 sec., memory usage: ~2.52 Mb.
22-11-2013 02:30:02 --- INFO: start: 22-11-2013 02:30:02
22-11-2013 02:30:02 --- INFO: ----------Source_ExpOfCars (cli)
22-11-2013 02:30:05 --- INFO: Lexus RX 330 - found: 33, pass primary filters: 24, did not pass the filter by colors: 0, did not pass the filter by options: 0, added: 24, new vincodes: 0
22-11-2013 02:30:07 --- INFO: Lexus RX 400H - found: 8, pass primary filters: 6, did not pass the filter by colors: 0, did not pass the filter by options: 0, added: 6, new vincodes: 0
22-11-2013 02:30:08 --- INFO: Lexus GX 470 - found: 3, pass primary filters: 3, did not pass the filter by colors: 0, did not pass the filter by options: 0, added: 3, new vincodes: 0
22-11-2013 02:30:11 --- INFO: Lexus GX 470 - found: 39, pass primary filters: 39, did not pass the filter by colors: 0, did not pass the filter by options: 0, added: 39, new vincodes: 0
22-11-2013 02:30:13 --- INFO: Lexus LX 470 - found: 14, pass primary filters: 14, did not pass the filter by colors: 0, did not pass the filter by options: 0, added: 14, new vincodes: 0
22-11-2013 02:30:16 --- INFO: Toyota Sequoia - found: 22, pass primary filters: 22, did not pass the filter by colors: 0, did not pass the filter by options: 0, added: 22, new vincodes: 0
22-11-2013 02:30:18 --- INFO: Toyota Land Cruiser - found: 9, pass primary filters: 9, did not pass the filter by colors: 0, did not pass the filter by options: 0, added: 9, new vincodes: 0
22-11-2013 02:30:20 --- INFO: Lexus LX 570 - found: 16, pass primary filters: 16, did not pass the filter by colors: 0, did not pass the filter by options: 0, added: 16, new vincodes: 0
22-11-2013 02:30:22 --- INFO: Toyota Venza - found: 5, pass primary filters: 5, did not pass the filter by colors: 0, did not pass the filter by options: 0, added: 5, new vincodes: 0
22-11-2013 02:30:22 --- INFO: Toyota 4runner 2010 - found: 3, pass primary filters: 3, did not pass the filter by colors: 0, did not pass the filter by options: 0, added: 3, new vincodes: 0
22-11-2013 02:30:24 --- INFO: Toyota 4RUNNER 4WD V6 - found: 36, pass primary filters: 16, did not pass the filter by colors: 0, did not pass the filter by options: 0, added: 16, new vincodes: 0
22-11-2013 02:30:30 --- INFO: Toyota RAV 4 - found: 163, pass primary filters: 0, did not pass the filter by colors: 0, did not pass the filter by options: 0, added: 0, new vincodes: 0
22-11-2013 02:30:33 --- INFO: Toyota Highlander 4WD - found: 70, pass primary filters: 3, did not pass the filter by colors: 0, did not pass the filter by options: 0, added: 3, new vincodes: 0
22-11-2013 02:30:38 --- INFO: Toyota Highlander - found: 70, pass primary filters: 16, did not pass the filter by colors: 0, did not pass the filter by options: 0, added: 16, new vincodes: 0
22-11-2013 02:30:42 --- INFO: Lexus RX 350 - found: 75, pass primary filters: 56, did not pass the filter by colors: 0, did not pass the filter by options: 0, added: 56, new vincodes: 0
22-11-2013 02:30:44 --- INFO: Toyota 4RUNNER Limited V6 - found: 41, pass primary filters: 0, did not pass the filter by colors: 0, did not pass the filter by options: 0, added: 0, new vincodes: 0
22-11-2013 02:30:45 --- INFO: Lexus GX 460 - found: 2, pass primary filters: 2, did not pass the filter by colors: 0, did not pass the filter by options: 0, added: 2, new vincodes: 0
22-11-2013 02:30:46 --- INFO: Lexus RX 350 - found: 3, pass primary filters: 3, did not pass the filter by colors: 0, did not pass the filter by options: 0, added: 3, new vincodes: 0
22-11-2013 02:30:47 --- INFO: Toyota Highlander - found: 5, pass primary filters: 5, did not pass the filter by colors: 0, did not pass the filter by options: 0, added: 5, new vincodes: 0
22-11-2013 02:30:48 --- INFO: Lexus GS300 - found: 7, pass primary filters: 3, did not pass the filter by colors: 0, did not pass the filter by options: 0, added: 3, new vincodes: 0
22-11-2013 02:30:48 --- INFO: finish: 22-11-2013 02:30:48
22-11-2013 02:30:48 --- INFO: elapsed time: ~46.93 sec., memory usage: ~3 Mb.
22-11-2013 02:45:01 --- INFO: start: 22-11-2013 02:45:01
22-11-2013 02:45:01 --- INFO: ----------Source_Oodle (cli)
22-11-2013 02:45:06 --- INFO: Toyota Highlander - found: 70, pass primary filters: 16, did not pass the filter by colors: 0, did not pass the filter by options: 0, added: 16, new vincodes: 0
22-11-2013 02:46:49 --- ERROR: Error: You have not specified a 'category' or have specified multiple categories on your API request.  In that scenario, your 'start' parameter must be 500 or less.  Please revise your query and try again.  Use a smaller 'start' value or specify a single category.
22-11-2013 02:46:49 --- INFO: finish: 22-11-2013 02:46:49
22-11-2013 02:46:49 --- INFO: elapsed time: ~107.56 sec., memory usage: ~2.67 Mb.
22-11-2013 03:00:02 --- INFO: start: 22-11-2013 03:00:02
22-11-2013 03:00:02 --- INFO: ----------Source_AutoSalon (cli)
22-11-2013 03:00:15 --- INFO: Lexus RX 330 - found: 66, pass primary filters: 0, did not pass the filter by colors: 0, did not pass the filter by options: 0, added: 0, new vincodes: 0
22-11-2013 03:00:18 --- INFO: Lexus RX 400H - found: 0, pass primary filters: 0, did not pass the filter by colors: 0, did not pass the filter by options: 0, added: 0, new vincodes: 0
22-11-2013 03:00:21 --- INFO: Lexus GX 470 - found: 10, pass primary filters: 7, did not pass the filter by colors: 0, did not pass the filter by options: 0, added: 7, new vincodes: 0
22-11-2013 03:02:39 --- INFO: Lexus GX 470 - found: 78, pass primary filters: 3, did not pass the filter by colors: 0, did not pass the filter by options: 0, added: 3, new vincodes: 0
22-11-2013 03:04:11 --- INFO: Lexus LX 470 - found: 28, pass primary filters: 2, did not pass the filter by colors: 0, did not pass the filter by options: 0, added: 2, new vincodes: 0
22-11-2013 03:04:14 --- INFO: Toyota Sequoia - found: 0, pass primary filters: 0, did not pass the filter by colors: 0, did not pass the filter by options: 0, added: 0, new vincodes: 0
22-11-2013 03:04:17 --- INFO: Toyota Land Cruiser - found: 0, pass primary filters: 0, did not pass the filter by colors: 0, did not pass the filter by options: 0, added: 0, new vincodes: 0
22-11-2013 03:04:31 --- INFO: Lexus LX 570 - found: 23, pass primary filters: 21, did not pass the filter by colors: 0, did not pass the filter by options: 0, added: 21, new vincodes: 0
22-11-2013 03:04:34 --- INFO: Toyota Venza - found: 0, pass primary filters: 0, did not pass the filter by colors: 0, did not pass the filter by options: 0, added: 0, new vincodes: 0
22-11-2013 03:04:37 --- INFO: Toyota 4runner 2010 - found: 0, pass primary filters: 0, did not pass the filter by colors: 0, did not pass the filter by options: 0, added: 0, new vincodes: 0
22-11-2013 03:04:39 --- INFO: Toyota 4RUNNER 4WD V6 - found: 0, pass primary filters: 0, did not pass the filter by colors: 0, did not pass the filter by options: 0, added: 0, new vincodes: 0
22-11-2013 03:04:42 --- INFO: Toyota RAV 4 - found: 0, pass primary filters: 0, did not pass the filter by colors: 0, did not pass the filter by options: 0, added: 0, new vincodes: 0
22-11-2013 03:04:45 --- INFO: Toyota Highlander 4WD - found: 0, pass primary filters: 0, did not pass the filter by colors: 0, did not pass the filter by options: 0, added: 0, new vincodes: 0
22-11-2013 03:04:49 --- INFO: Toyota Highlander - found: 0, pass primary filters: 0, did not pass the filter by colors: 0, did not pass the filter by options: 0, added: 0, new vincodes: 0
22-11-2013 03:05:38 --- INFO: Lexus RX 350 - found: 185, pass primary filters: 0, did not pass the filter by colors: 0, did not pass the filter by options: 0, added: 0, new vincodes: 0
22-11-2013 03:05:41 --- INFO: Toyota 4RUNNER Limited V6 - found: 0, pass primary filters: 0, did not pass the filter by colors: 0, did not pass the filter by options: 0, added: 0, new vincodes: 0
22-11-2013 03:05:44 --- INFO: Lexus GX 460 - found: 3, pass primary filters: 2, did not pass the filter by colors: 0, did not pass the filter by options: 0, added: 2, new vincodes: 0
22-11-2013 03:05:53 --- INFO: Lexus RX 350 - found: 13, pass primary filters: 10, did not pass the filter by colors: 0, did not pass the filter by options: 0, added: 10, new vincodes: 0
22-11-2013 03:05:56 --- INFO: Toyota Highlander - found: 9, pass primary filters: 5, did not pass the filter by colors: 0, did not pass the filter by options: 0, added: 5, new vincodes: 0
22-11-2013 03:06:00 --- INFO: Lexus GS300 - found: 13, pass primary filters: 3, did not pass the filter by colors: 0, did not pass the filter by options: 0, added: 3, new vincodes: 1
22-11-2013 03:06:10 --- INFO: Toyota FJ cruiser - found: 27, pass primary filters: 1, did not pass the filter by colors: 0, did not pass the filter by options: 0, added: 1, new vincodes: 0
22-11-2013 03:07:54 --- INFO: Lexus RX 350 2013 - found: 41, pass primary filters: 10, did not pass the filter by colors: 0, did not pass the filter by options: 0, added: 10, new vincodes: 0
22-11-2013 03:07:54 --- INFO: finish: 22-11-2013 03:07:54
22-11-2013 03:07:54 --- INFO: elapsed time: ~472.12 sec., memory usage: ~3 Mb.
22-11-2013 06:00:03 --- INFO: start: 22-11-2013 06:00:03
22-11-2013 06:00:03 --- INFO: ----------Source_Adesa (cli)
22-11-2013 06:00:05 --- INFO: Authorized request
22-11-2013 06:00:09 --- INFO: Lexus RX 330 - found: 16, pass primary filters: 9, did not pass the filter by colors: 2, did not pass the filter by options: 4, added: 3, new vincodes: 0
22-11-2013 06:00:10 --- INFO: Lexus RX 400H - found: 5, pass primary filters: 3, did not pass the filter by colors: 2, did not pass the filter by options: 0, added: 1, new vincodes: 0
22-11-2013 06:00:18 --- INFO: Lexus GX 470 - found: 1, pass primary filters: 1, did not pass the filter by colors: 0, did not pass the filter by options: 1, added: 0, new vincodes: 0
22-11-2013 06:00:21 --- INFO: Lexus GX 470 - found: 12, pass primary filters: 8, did not pass the filter by colors: 4, did not pass the filter by options: 1, added: 3, new vincodes: 0
22-11-2013 06:00:22 --- INFO: Lexus LX 470 - found: 4, pass primary filters: 4, did not pass the filter by colors: 3, did not pass the filter by options: , added: 1, new vincodes: 0
22-11-2013 06:00:28 --- INFO: Toyota Sequoia - found: 0, pass primary filters: 0, did not pass the filter by colors: 0, did not pass the filter by options: 0, added: 0, new vincodes: 0
22-11-2013 06:00:29 --- INFO: Toyota Land Cruiser - found: 1, pass primary filters: 1, did not pass the filter by colors: 0, did not pass the filter by options: , added: 1, new vincodes: 0
22-11-2013 06:00:31 --- INFO: Lexus LX 570 - found: 0, pass primary filters: 0, did not pass the filter by colors: 0, did not pass the filter by options: 0, added: 0, new vincodes: 0
22-11-2013 06:00:31 --- INFO: Toyota Venza - found: 0, pass primary filters: 0, did not pass the filter by colors: 0, did not pass the filter by options: 0, added: 0, new vincodes: 0
22-11-2013 06:00:32 --- INFO: Toyota 4runner 2010 - found: 0, pass primary filters: 0, did not pass the filter by colors: 0, did not pass the filter by options: 0, added: 0, new vincodes: 0
22-11-2013 06:00:33 --- INFO: Toyota 4RUNNER 4WD V6 - found: 40, pass primary filters: 0, did not pass the filter by colors: 0, did not pass the filter by options: 0, added: 0, new vincodes: 0
22-11-2013 06:00:34 --- INFO: Toyota FJ cruiser - found: 8, pass primary filters: 0, did not pass the filter by colors: 0, did not pass the filter by options: 0, added: 0, new vincodes: 0
22-11-2013 06:00:34 --- INFO: Lexus RX 350 2013 - found: 0, pass primary filters: 0, did not pass the filter by colors: 0, did not pass the filter by options: 0, added: 0, new vincodes: 0
22-11-2013 06:00:36 --- INFO: Toyota Highlander - found: 50, pass primary filters: 3, did not pass the filter by colors: 2, did not pass the filter by options: , added: 1, new vincodes: 1
22-11-2013 06:00:38 --- INFO: Lexus RX 350 - found: 24, pass primary filters: 18, did not pass the filter by colors: 10, did not pass the filter by options: 4, added: 4, new vincodes: 0
22-11-2013 06:00:40 --- INFO: Toyota 4RUNNER Limited V6 - found: 45, pass primary filters: 0, did not pass the filter by colors: 0, did not pass the filter by options: 0, added: 0, new vincodes: 0
22-11-2013 06:00:40 --- INFO: finish: 22-11-2013 06:00:40
22-11-2013 06:00:40 --- INFO: elapsed time: ~37.51 sec., memory usage: ~2.19 Mb.
22-11-2013 06:30:01 --- INFO: start: 22-11-2013 06:30:01
22-11-2013 06:30:01 --- INFO: ----------Source_ExpOfCars (cli)
22-11-2013 06:30:06 --- INFO: Lexus RX 330 - found: 30, pass primary filters: 22, did not pass the filter by colors: 0, did not pass the filter by options: 0, added: 22, new vincodes: 0
22-11-2013 06:30:08 --- INFO: Lexus RX 400H - found: 7, pass primary filters: 5, did not pass the filter by colors: 0, did not pass the filter by options: 0, added: 5, new vincodes: 0
22-11-2013 06:30:09 --- INFO: Lexus GX 470 - found: 3, pass primary filters: 3, did not pass the filter by colors: 0, did not pass the filter by options: 0, added: 3, new vincodes: 0
22-11-2013 06:30:11 --- INFO: Lexus GX 470 - found: 30, pass primary filters: 30, did not pass the filter by colors: 0, did not pass the filter by options: 0, added: 30, new vincodes: 0
22-11-2013 06:30:12 --- INFO: Lexus LX 470 - found: 11, pass primary filters: 11, did not pass the filter by colors: 0, did not pass the filter by options: 0, added: 11, new vincodes: 0
22-11-2013 06:30:14 --- INFO: Toyota Sequoia - found: 20, pass primary filters: 20, did not pass the filter by colors: 0, did not pass the filter by options: 0, added: 20, new vincodes: 0
22-11-2013 06:30:16 --- INFO: Toyota Land Cruiser - found: 8, pass primary filters: 8, did not pass the filter by colors: 0, did not pass the filter by options: 0, added: 8, new vincodes: 0
22-11-2013 06:30:18 --- INFO: Lexus LX 570 - found: 15, pass primary filters: 15, did not pass the filter by colors: 0, did not pass the filter by options: 0, added: 15, new vincodes: 0
22-11-2013 06:30:19 --- INFO: Toyota Venza - found: 5, pass primary filters: 5, did not pass the filter by colors: 0, did not pass the filter by options: 0, added: 5, new vincodes: 0
22-11-2013 06:30:20 --- INFO: Toyota 4runner 2010 - found: 3, pass primary filters: 3, did not pass the filter by colors: 0, did not pass the filter by options: 0, added: 3, new vincodes: 0
22-11-2013 06:30:22 --- INFO: Toyota 4RUNNER 4WD V6 - found: 30, pass primary filters: 14, did not pass the filter by colors: 0, did not pass the filter by options: 0, added: 14, new vincodes: 0
22-11-2013 06:30:28 --- INFO: Toyota RAV 4 - found: 150, pass primary filters: 0, did not pass the filter by colors: 0, did not pass the filter by options: 0, added: 0, new vincodes: 0
22-11-2013 06:30:31 --- INFO: Toyota Highlander 4WD - found: 67, pass primary filters: 3, did not pass the filter by colors: 0, did not pass the filter by options: 0, added: 3, new vincodes: 0
22-11-2013 06:30:34 --- INFO: Toyota Highlander - found: 67, pass primary filters: 16, did not pass the filter by colors: 0, did not pass the filter by options: 0, added: 16, new vincodes: 0
22-11-2013 06:30:38 --- INFO: Lexus RX 350 - found: 66, pass primary filters: 48, did not pass the filter by colors: 0, did not pass the filter by options: 0, added: 48, new vincodes: 0
22-11-2013 06:30:40 --- INFO: Toyota 4RUNNER Limited V6 - found: 35, pass primary filters: 0, did not pass the filter by colors: 0, did not pass the filter by options: 0, added: 0, new vincodes: 0
22-11-2013 06:30:41 --- INFO: Lexus GX 460 - found: 2, pass primary filters: 2, did not pass the filter by colors: 0, did not pass the filter by options: 0, added: 2, new vincodes: 0
22-11-2013 06:30:42 --- INFO: Lexus RX 350 - found: 3, pass primary filters: 3, did not pass the filter by colors: 0, did not pass the filter by options: 0, added: 3, new vincodes: 0
22-11-2013 06:30:44 --- INFO: Toyota Highlander - found: 5, pass primary filters: 5, did not pass the filter by colors: 0, did not pass the filter by options: 0, added: 5, new vincodes: 0
22-11-2013 06:30:45 --- INFO: Lexus GS300 - found: 6, pass primary filters: 3, did not pass the filter by colors: 0, did not pass the filter by options: 0, added: 3, new vincodes: 0
22-11-2013 06:30:45 --- INFO: finish: 22-11-2013 06:30:45
22-11-2013 06:30:45 --- INFO: elapsed time: ~43.88 sec., memory usage: ~2.86 Mb.
22-11-2013 06:45:01 --- INFO: start: 22-11-2013 06:45:01
22-11-2013 06:45:02 --- INFO: ----------Source_Oodle (cli)
22-11-2013 06:45:06 --- INFO: Toyota Highlander - found: 70, pass primary filters: 16, did not pass the filter by colors: 0, did not pass the filter by options: 0, added: 16, new vincodes: 0
22-11-2013 06:45:18 --- ERROR: Error: You have not specified a 'category' or have specified multiple categories on your API request.  In that scenario, your 'start' parameter must be 500 or less.  Please revise your query and try again.  Use a smaller 'start' value or specify a single category.
22-11-2013 06:45:18 --- INFO: finish: 22-11-2013 06:45:18
22-11-2013 06:45:18 --- INFO: elapsed time: ~16.58 sec., memory usage: ~2.52 Mb.
22-11-2013 07:00:01 --- INFO: start: 22-11-2013 07:00:01
22-11-2013 07:00:01 --- INFO: ----------Source_AutoSalon (cli)
22-11-2013 07:00:15 --- INFO: Lexus RX 330 - found: 72, pass primary filters: 0, did not pass the filter by colors: 0, did not pass the filter by options: 0, added: 0, new vincodes: 0
22-11-2013 07:00:18 --- INFO: Lexus RX 400H - found: 0, pass primary filters: 0, did not pass the filter by colors: 0, did not pass the filter by options: 0, added: 0, new vincodes: 0
22-11-2013 07:00:21 --- INFO: Lexus GX 470 - found: 10, pass primary filters: 7, did not pass the filter by colors: 0, did not pass the filter by options: 0, added: 7, new vincodes: 0
22-11-2013 07:04:41 --- INFO: Lexus GX 470 - found: 89, pass primary filters: 14, did not pass the filter by colors: 0, did not pass the filter by options: 0, added: 14, new vincodes: 2
22-11-2013 07:06:57 --- INFO: Lexus LX 470 - found: 33, pass primary filters: 7, did not pass the filter by colors: 0, did not pass the filter by options: 0, added: 7, new vincodes: 0
22-11-2013 07:06:59 --- INFO: Toyota Sequoia - found: 0, pass primary filters: 0, did not pass the filter by colors: 0, did not pass the filter by options: 0, added: 0, new vincodes: 0
22-11-2013 07:07:02 --- INFO: Toyota Land Cruiser - found: 0, pass primary filters: 0, did not pass the filter by colors: 0, did not pass the filter by options: 0, added: 0, new vincodes: 0
22-11-2013 07:07:14 --- INFO: Lexus LX 570 - found: 26, pass primary filters: 1, did not pass the filter by colors: 0, did not pass the filter by options: 0, added: 1, new vincodes: 0
22-11-2013 07:07:17 --- INFO: Toyota Venza - found: 0, pass primary filters: 0, did not pass the filter by colors: 0, did not pass the filter by options: 0, added: 0, new vincodes: 0
22-11-2013 07:07:19 --- INFO: Toyota 4runner 2010 - found: 0, pass primary filters: 0, did not pass the filter by colors: 0, did not pass the filter by options: 0, added: 0, new vincodes: 0
22-11-2013 07:07:22 --- INFO: Toyota 4RUNNER 4WD V6 - found: 0, pass primary filters: 0, did not pass the filter by colors: 0, did not pass the filter by options: 0, added: 0, new vincodes: 0
22-11-2013 07:07:24 --- INFO: Toyota RAV 4 - found: 0, pass primary filters: 0, did not pass the filter by colors: 0, did not pass the filter by options: 0, added: 0, new vincodes: 0
22-11-2013 07:07:27 --- INFO: Toyota Highlander 4WD - found: 0, pass primary filters: 0, did not pass the filter by colors: 0, did not pass the filter by options: 0, added: 0, new vincodes: 0
22-11-2013 07:07:29 --- INFO: Toyota Highlander - found: 0, pass primary filters: 0, did not pass the filter by colors: 0, did not pass the filter by options: 0, added: 0, new vincodes: 0
22-11-2013 07:09:31 --- INFO: Lexus RX 350 - found: 201, pass primary filters: 1, did not pass the filter by colors: 0, did not pass the filter by options: 0, added: 1, new vincodes: 0
22-11-2013 07:09:34 --- INFO: Toyota 4RUNNER Limited V6 - found: 0, pass primary filters: 0, did not pass the filter by colors: 0, did not pass the filter by options: 0, added: 0, new vincodes: 0
22-11-2013 07:09:37 --- INFO: Lexus GX 460 - found: 3, pass primary filters: 2, did not pass the filter by colors: 0, did not pass the filter by options: 0, added: 2, new vincodes: 0
22-11-2013 07:09:45 --- INFO: Lexus RX 350 - found: 14, pass primary filters: 10, did not pass the filter by colors: 0, did not pass the filter by options: 0, added: 10, new vincodes: 0
22-11-2013 07:09:48 --- INFO: Toyota Highlander - found: 9, pass primary filters: 5, did not pass the filter by colors: 0, did not pass the filter by options: 0, added: 5, new vincodes: 0
22-11-2013 07:09:51 --- INFO: Lexus GS300 - found: 14, pass primary filters: 3, did not pass the filter by colors: 0, did not pass the filter by options: 0, added: 3, new vincodes: 0
22-11-2013 07:11:17 --- INFO: Toyota FJ cruiser - found: 28, pass primary filters: 3, did not pass the filter by colors: 0, did not pass the filter by options: 0, added: 3, new vincodes: 0
22-11-2013 07:11:33 --- INFO: Lexus RX 350 2013 - found: 44, pass primary filters: 13, did not pass the filter by colors: 0, did not pass the filter by options: 0, added: 13, new vincodes: 0
22-11-2013 07:11:33 --- INFO: finish: 22-11-2013 07:11:33
22-11-2013 07:11:33 --- INFO: elapsed time: ~691.87 sec., memory usage: ~3.18 Mb.
22-11-2013 10:00:01 --- INFO: start: 22-11-2013 10:00:01
22-11-2013 10:00:02 --- INFO: ----------Source_Adesa (cli)
22-11-2013 10:00:04 --- INFO: Authorized request
22-11-2013 10:00:06 --- INFO: Lexus RX 330 - found: 16, pass primary filters: 9, did not pass the filter by colors: 2, did not pass the filter by options: 4, added: 3, new vincodes: 0
22-11-2013 10:00:07 --- INFO: Lexus RX 400H - found: 5, pass primary filters: 3, did not pass the filter by colors: 2, did not pass the filter by options: 0, added: 1, new vincodes: 0
22-11-2013 10:00:08 --- INFO: Lexus GX 470 - found: 1, pass primary filters: 1, did not pass the filter by colors: 0, did not pass the filter by options: 1, added: 0, new vincodes: 0
22-11-2013 10:00:09 --- INFO: Lexus GX 470 - found: 12, pass primary filters: 8, did not pass the filter by colors: 4, did not pass the filter by options: 1, added: 3, new vincodes: 0
22-11-2013 10:00:10 --- INFO: Lexus LX 470 - found: 5, pass primary filters: 5, did not pass the filter by colors: 4, did not pass the filter by options: , added: 1, new vincodes: 0
22-11-2013 10:00:10 --- INFO: Toyota Sequoia - found: 0, pass primary filters: 0, did not pass the filter by colors: 0, did not pass the filter by options: 0, added: 0, new vincodes: 0
22-11-2013 10:00:11 --- INFO: Toyota Land Cruiser - found: 1, pass primary filters: 1, did not pass the filter by colors: 0, did not pass the filter by options: , added: 1, new vincodes: 0
22-11-2013 10:00:11 --- INFO: Lexus LX 570 - found: 0, pass primary filters: 0, did not pass the filter by colors: 0, did not pass the filter by options: 0, added: 0, new vincodes: 0
22-11-2013 10:00:12 --- INFO: Toyota Venza - found: 0, pass primary filters: 0, did not pass the filter by colors: 0, did not pass the filter by options: 0, added: 0, new vincodes: 0
22-11-2013 10:00:12 --- INFO: Toyota 4runner 2010 - found: 0, pass primary filters: 0, did not pass the filter by colors: 0, did not pass the filter by options: 0, added: 0, new vincodes: 0
22-11-2013 10:00:14 --- INFO: Toyota 4RUNNER 4WD V6 - found: 41, pass primary filters: 0, did not pass the filter by colors: 0, did not pass the filter by options: 0, added: 0, new vincodes: 0
22-11-2013 10:00:15 --- INFO: Toyota FJ cruiser - found: 8, pass primary filters: 0, did not pass the filter by colors: 0, did not pass the filter by options: 0, added: 0, new vincodes: 0
22-11-2013 10:00:16 --- INFO: Lexus RX 350 2013 - found: 0, pass primary filters: 0, did not pass the filter by colors: 0, did not pass the filter by options: 0, added: 0, new vincodes: 0
22-11-2013 10:00:17 --- INFO: Toyota Highlander - found: 50, pass primary filters: 3, did not pass the filter by colors: 2, did not pass the filter by options: , added: 1, new vincodes: 0
22-11-2013 10:00:18 --- INFO: Lexus RX 350 - found: 25, pass primary filters: 19, did not pass the filter by colors: 10, did not pass the filter by options: 5, added: 4, new vincodes: 0
22-11-2013 10:00:19 --- INFO: Toyota 4RUNNER Limited V6 - found: 46, pass primary filters: 0, did not pass the filter by colors: 0, did not pass the filter by options: 0, added: 0, new vincodes: 0
22-11-2013 10:00:19 --- INFO: finish: 22-11-2013 10:00:19
22-11-2013 10:00:19 --- INFO: elapsed time: ~18.03 sec., memory usage: ~2.2 Mb.
22-11-2013 10:30:01 --- INFO: start: 22-11-2013 10:30:01
22-11-2013 10:30:03 --- INFO: ----------Source_ExpOfCars (cli)
22-11-2013 10:30:43 --- INFO: Lexus RX 330 - found: 54, pass primary filters: 34, did not pass the filter by colors: 0, did not pass the filter by options: 0, added: 34, new vincodes: 0
22-11-2013 10:30:53 --- INFO: Lexus RX 400H - found: 14, pass primary filters: 11, did not pass the filter by colors: 0, did not pass the filter by options: 0, added: 11, new vincodes: 2
22-11-2013 10:30:57 --- INFO: Lexus GX 470 - found: 7, pass primary filters: 7, did not pass the filter by colors: 0, did not pass the filter by options: 0, added: 7, new vincodes: 0
22-11-2013 10:31:58 --- INFO: Lexus GX 470 - found: 59, pass primary filters: 59, did not pass the filter by colors: 0, did not pass the filter by options: 0, added: 59, new vincodes: 0
22-11-2013 10:32:33 --- INFO: Lexus LX 470 - found: 24, pass primary filters: 24, did not pass the filter by colors: 0, did not pass the filter by options: 0, added: 24, new vincodes: 0
22-11-2013 10:32:36 --- INFO: Toyota Sequoia - found: 23, pass primary filters: 23, did not pass the filter by colors: 0, did not pass the filter by options: 0, added: 23, new vincodes: 0
22-11-2013 10:33:05 --- INFO: Toyota Land Cruiser - found: 16, pass primary filters: 16, did not pass the filter by colors: 0, did not pass the filter by options: 0, added: 16, new vincodes: 2
22-11-2013 10:33:15 --- INFO: Lexus LX 570 - found: 21, pass primary filters: 21, did not pass the filter by colors: 0, did not pass the filter by options: 0, added: 21, new vincodes: 0
22-11-2013 10:33:23 --- INFO: Toyota Venza - found: 10, pass primary filters: 10, did not pass the filter by colors: 0, did not pass the filter by options: 0, added: 10, new vincodes: 1
22-11-2013 10:33:29 --- INFO: Toyota 4runner 2010 - found: 5, pass primary filters: 5, did not pass the filter by colors: 0, did not pass the filter by options: 0, added: 5, new vincodes: 1
22-11-2013 10:33:42 --- INFO: Toyota 4RUNNER 4WD V6 - found: 64, pass primary filters: 26, did not pass the filter by colors: 0, did not pass the filter by options: 0, added: 26, new vincodes: 1
22-11-2013 10:33:51 --- INFO: Toyota RAV 4 - found: 283, pass primary filters: 0, did not pass the filter by colors: 0, did not pass the filter by options: 0, added: 0, new vincodes: 0
22-11-2013 10:33:54 --- INFO: Toyota Highlander 4WD - found: 90, pass primary filters: 3, did not pass the filter by colors: 0, did not pass the filter by options: 0, added: 3, new vincodes: 0
22-11-2013 10:33:58 --- INFO: Toyota Highlander - found: 90, pass primary filters: 18, did not pass the filter by colors: 0, did not pass the filter by options: 0, added: 18, new vincodes: 0
22-11-2013 10:35:39 --- INFO: Lexus RX 350 - found: 112, pass primary filters: 84, did not pass the filter by colors: 0, did not pass the filter by options: 0, added: 84, new vincodes: 3
22-11-2013 10:35:42 --- INFO: Toyota 4RUNNER Limited V6 - found: 76, pass primary filters: 2, did not pass the filter by colors: 0, did not pass the filter by options: 0, added: 2, new vincodes: 0
22-11-2013 10:35:44 --- INFO: Lexus GX 460 - found: 3, pass primary filters: 3, did not pass the filter by colors: 0, did not pass the filter by options: 0, added: 3, new vincodes: 0
22-11-2013 10:35:56 --- INFO: Lexus RX 350 - found: 10, pass primary filters: 10, did not pass the filter by colors: 0, did not pass the filter by options: 0, added: 10, new vincodes: 0
22-11-2013 10:35:57 --- INFO: Toyota Highlander - found: 5, pass primary filters: 5, did not pass the filter by colors: 0, did not pass the filter by options: 0, added: 5, new vincodes: 0
22-11-2013 10:35:59 --- INFO: Lexus GS300 - found: 9, pass primary filters: 5, did not pass the filter by colors: 0, did not pass the filter by options: 0, added: 5, new vincodes: 0
22-11-2013 10:35:59 --- INFO: finish: 22-11-2013 10:35:59
22-11-2013 10:35:59 --- INFO: elapsed time: ~357.28 sec., memory usage: ~5.04 Mb.
22-11-2013 10:45:01 --- INFO: start: 22-11-2013 10:45:01
22-11-2013 10:45:01 --- INFO: ----------Source_Oodle (cli)
22-11-2013 10:45:06 --- INFO: Toyota Highlander - found: 71, pass primary filters: 17, did not pass the filter by colors: 0, did not pass the filter by options: 0, added: 17, new vincodes: 0
22-11-2013 10:45:54 --- ERROR: Error: You have not specified a 'category' or have specified multiple categories on your API request.  In that scenario, your 'start' parameter must be 500 or less.  Please revise your query and try again.  Use a smaller 'start' value or specify a single category.
22-11-2013 10:45:54 --- INFO: finish: 22-11-2013 10:45:54
22-11-2013 10:45:54 --- INFO: elapsed time: ~52.47 sec., memory usage: ~2.71 Mb.
22-11-2013 11:00:01 --- INFO: start: 22-11-2013 11:00:01
22-11-2013 11:00:01 --- INFO: ----------Source_AutoSalon (cli)
22-11-2013 11:00:14 --- INFO: Lexus RX 330 - found: 75, pass primary filters: 0, did not pass the filter by colors: 0, did not pass the filter by options: 0, added: 0, new vincodes: 0
22-11-2013 11:00:17 --- INFO: Lexus RX 400H - found: 0, pass primary filters: 0, did not pass the filter by colors: 0, did not pass the filter by options: 0, added: 0, new vincodes: 0
22-11-2013 11:00:20 --- INFO: Lexus GX 470 - found: 10, pass primary filters: 7, did not pass the filter by colors: 0, did not pass the filter by options: 0, added: 7, new vincodes: 0
22-11-2013 11:00:49 --- INFO: Lexus GX 470 - found: 90, pass primary filters: 14, did not pass the filter by colors: 0, did not pass the filter by options: 0, added: 14, new vincodes: 0
22-11-2013 11:01:10 --- INFO: Lexus LX 470 - found: 36, pass primary filters: 9, did not pass the filter by colors: 0, did not pass the filter by options: 0, added: 9, new vincodes: 0
22-11-2013 11:01:13 --- INFO: Toyota Sequoia - found: 0, pass primary filters: 0, did not pass the filter by colors: 0, did not pass the filter by options: 0, added: 0, new vincodes: 0
22-11-2013 11:01:15 --- INFO: Toyota Land Cruiser - found: 0, pass primary filters: 0, did not pass the filter by colors: 0, did not pass the filter by options: 0, added: 0, new vincodes: 0
22-11-2013 11:01:32 --- INFO: Lexus LX 570 - found: 29, pass primary filters: 4, did not pass the filter by colors: 0, did not pass the filter by options: 0, added: 4, new vincodes: 0
22-11-2013 11:01:34 --- INFO: Toyota Venza - found: 0, pass primary filters: 0, did not pass the filter by colors: 0, did not pass the filter by options: 0, added: 0, new vincodes: 0
22-11-2013 11:01:37 --- INFO: Toyota 4runner 2010 - found: 0, pass primary filters: 0, did not pass the filter by colors: 0, did not pass the filter by options: 0, added: 0, new vincodes: 0
22-11-2013 11:01:39 --- INFO: Toyota 4RUNNER 4WD V6 - found: 0, pass primary filters: 0, did not pass the filter by colors: 0, did not pass the filter by options: 0, added: 0, new vincodes: 0
22-11-2013 11:01:42 --- INFO: Toyota RAV 4 - found: 0, pass primary filters: 0, did not pass the filter by colors: 0, did not pass the filter by options: 0, added: 0, new vincodes: 0
22-11-2013 11:01:44 --- INFO: Toyota Highlander 4WD - found: 0, pass primary filters: 0, did not pass the filter by colors: 0, did not pass the filter by options: 0, added: 0, new vincodes: 0
22-11-2013 11:01:47 --- INFO: Toyota Highlander - found: 0, pass primary filters: 0, did not pass the filter by colors: 0, did not pass the filter by options: 0, added: 0, new vincodes: 0
22-11-2013 11:02:36 --- INFO: Lexus RX 350 - found: 202, pass primary filters: 1, did not pass the filter by colors: 0, did not pass the filter by options: 0, added: 1, new vincodes: 0
22-11-2013 11:02:38 --- INFO: Toyota 4RUNNER Limited V6 - found: 0, pass primary filters: 0, did not pass the filter by colors: 0, did not pass the filter by options: 0, added: 0, new vincodes: 0
22-11-2013 11:02:41 --- INFO: Lexus GX 460 - found: 3, pass primary filters: 2, did not pass the filter by colors: 0, did not pass the filter by options: 0, added: 2, new vincodes: 0
22-11-2013 11:02:47 --- INFO: Lexus RX 350 - found: 14, pass primary filters: 10, did not pass the filter by colors: 0, did not pass the filter by options: 0, added: 10, new vincodes: 0
22-11-2013 11:02:50 --- INFO: Toyota Highlander - found: 9, pass primary filters: 5, did not pass the filter by colors: 0, did not pass the filter by options: 0, added: 5, new vincodes: 0
22-11-2013 11:02:54 --- INFO: Lexus GS300 - found: 15, pass primary filters: 4, did not pass the filter by colors: 0, did not pass the filter by options: 0, added: 4, new vincodes: 0
22-11-2013 11:03:04 --- INFO: Toyota FJ cruiser - found: 28, pass primary filters: 3, did not pass the filter by colors: 0, did not pass the filter by options: 0, added: 3, new vincodes: 0
22-11-2013 11:03:17 --- INFO: Lexus RX 350 2013 - found: 49, pass primary filters: 16, did not pass the filter by colors: 0, did not pass the filter by options: 0, added: 16, new vincodes: 0
22-11-2013 11:03:17 --- INFO: finish: 22-11-2013 11:03:17
22-11-2013 11:03:17 --- INFO: elapsed time: ~196.41 sec., memory usage: ~2.98 Mb.
22-11-2013 14:00:01 --- INFO: start: 22-11-2013 14:00:01
22-11-2013 14:00:03 --- INFO: ----------Source_Adesa (cli)
22-11-2013 14:00:05 --- INFO: Authorized request
22-11-2013 14:00:10 --- INFO: Lexus RX 330 - found: 10, pass primary filters: 5, did not pass the filter by colors: 0, did not pass the filter by options: 3, added: 2, new vincodes: 0
22-11-2013 14:00:11 --- INFO: Lexus RX 400H - found: 4, pass primary filters: 2, did not pass the filter by colors: 1, did not pass the filter by options: 0, added: 1, new vincodes: 0
22-11-2013 14:00:14 --- INFO: Lexus GX 470 - found: 0, pass primary filters: 0, did not pass the filter by colors: 0, did not pass the filter by options: 0, added: 0, new vincodes: 0
22-11-2013 14:00:15 --- INFO: Lexus GX 470 - found: 3, pass primary filters: 3, did not pass the filter by colors: 3, did not pass the filter by options: 0, added: 0, new vincodes: 0
22-11-2013 14:00:16 --- INFO: Lexus LX 470 - found: 4, pass primary filters: 4, did not pass the filter by colors: 4, did not pass the filter by options: , added: 0, new vincodes: 0
22-11-2013 14:00:17 --- INFO: Toyota Sequoia - found: 0, pass primary filters: 0, did not pass the filter by colors: 0, did not pass the filter by options: 0, added: 0, new vincodes: 0
22-11-2013 14:00:18 --- INFO: Toyota Land Cruiser - found: 1, pass primary filters: 1, did not pass the filter by colors: 0, did not pass the filter by options: , added: 1, new vincodes: 0
22-11-2013 14:00:19 --- INFO: Lexus LX 570 - found: 0, pass primary filters: 0, did not pass the filter by colors: 0, did not pass the filter by options: 0, added: 0, new vincodes: 0
22-11-2013 14:00:19 --- INFO: Toyota Venza - found: 0, pass primary filters: 0, did not pass the filter by colors: 0, did not pass the filter by options: 0, added: 0, new vincodes: 0
22-11-2013 14:00:22 --- INFO: Toyota 4runner 2010 - found: 0, pass primary filters: 0, did not pass the filter by colors: 0, did not pass the filter by options: 0, added: 0, new vincodes: 0
22-11-2013 14:00:23 --- INFO: Toyota 4RUNNER 4WD V6 - found: 22, pass primary filters: 0, did not pass the filter by colors: 0, did not pass the filter by options: 0, added: 0, new vincodes: 0
22-11-2013 14:00:24 --- INFO: Toyota FJ cruiser - found: 8, pass primary filters: 0, did not pass the filter by colors: 0, did not pass the filter by options: 0, added: 0, new vincodes: 0
22-11-2013 14:00:24 --- INFO: Lexus RX 350 2013 - found: 0, pass primary filters: 0, did not pass the filter by colors: 0, did not pass the filter by options: 0, added: 0, new vincodes: 0
22-11-2013 14:00:26 --- INFO: Toyota Highlander - found: 24, pass primary filters: 2, did not pass the filter by colors: 2, did not pass the filter by options: , added: 0, new vincodes: 0
22-11-2013 14:00:27 --- INFO: Lexus RX 350 - found: 8, pass primary filters: 7, did not pass the filter by colors: 3, did not pass the filter by options: 3, added: 1, new vincodes: 0
22-11-2013 14:00:28 --- INFO: Toyota 4RUNNER Limited V6 - found: 24, pass primary filters: 0, did not pass the filter by colors: 0, did not pass the filter by options: 0, added: 0, new vincodes: 0
22-11-2013 14:00:28 --- INFO: finish: 22-11-2013 14:00:28
22-11-2013 14:00:28 --- INFO: elapsed time: ~26.94 sec., memory usage: ~1.91 Mb.
22-11-2013 14:30:01 --- INFO: start: 22-11-2013 14:30:01
22-11-2013 14:30:01 --- INFO: ----------Source_ExpOfCars (cli)
22-11-2013 14:30:05 --- INFO: Lexus RX 330 - found: 54, pass primary filters: 34, did not pass the filter by colors: 0, did not pass the filter by options: 0, added: 34, new vincodes: 0
22-11-2013 14:30:07 --- INFO: Lexus RX 400H - found: 14, pass primary filters: 11, did not pass the filter by colors: 0, did not pass the filter by options: 0, added: 11, new vincodes: 0
22-11-2013 14:30:08 --- INFO: Lexus GX 470 - found: 5, pass primary filters: 5, did not pass the filter by colors: 0, did not pass the filter by options: 0, added: 5, new vincodes: 0
22-11-2013 14:30:15 --- INFO: Lexus GX 470 - found: 58, pass primary filters: 58, did not pass the filter by colors: 0, did not pass the filter by options: 0, added: 58, new vincodes: 0
22-11-2013 14:30:18 --- INFO: Lexus LX 470 - found: 24, pass primary filters: 24, did not pass the filter by colors: 0, did not pass the filter by options: 0, added: 24, new vincodes: 0
22-11-2013 14:30:20 --- INFO: Toyota Sequoia - found: 23, pass primary filters: 23, did not pass the filter by colors: 0, did not pass the filter by options: 0, added: 23, new vincodes: 0
22-11-2013 14:30:22 --- INFO: Toyota Land Cruiser - found: 16, pass primary filters: 16, did not pass the filter by colors: 0, did not pass the filter by options: 0, added: 16, new vincodes: 0
22-11-2013 14:30:24 --- INFO: Lexus LX 570 - found: 19, pass primary filters: 19, did not pass the filter by colors: 0, did not pass the filter by options: 0, added: 19, new vincodes: 0
22-11-2013 14:30:25 --- INFO: Toyota Venza - found: 10, pass primary filters: 10, did not pass the filter by colors: 0, did not pass the filter by options: 0, added: 10, new vincodes: 0
22-11-2013 14:30:27 --- INFO: Toyota 4runner 2010 - found: 5, pass primary filters: 5, did not pass the filter by colors: 0, did not pass the filter by options: 0, added: 5, new vincodes: 0
22-11-2013 14:30:29 --- INFO: Toyota 4RUNNER 4WD V6 - found: 62, pass primary filters: 26, did not pass the filter by colors: 0, did not pass the filter by options: 0, added: 26, new vincodes: 0
22-11-2013 14:30:39 --- INFO: Toyota RAV 4 - found: 270, pass primary filters: 0, did not pass the filter by colors: 0, did not pass the filter by options: 0, added: 0, new vincodes: 0
22-11-2013 14:30:43 --- INFO: Toyota Highlander 4WD - found: 79, pass primary filters: 3, did not pass the filter by colors: 0, did not pass the filter by options: 0, added: 3, new vincodes: 0
22-11-2013 14:30:46 --- INFO: Toyota Highlander - found: 79, pass primary filters: 15, did not pass the filter by colors: 0, did not pass the filter by options: 0, added: 15, new vincodes: 0
22-11-2013 14:30:53 --- INFO: Lexus RX 350 - found: 108, pass primary filters: 80, did not pass the filter by colors: 0, did not pass the filter by options: 0, added: 80, new vincodes: 0
22-11-2013 14:30:56 --- INFO: Toyota 4RUNNER Limited V6 - found: 74, pass primary filters: 2, did not pass the filter by colors: 0, did not pass the filter by options: 0, added: 2, new vincodes: 0
22-11-2013 14:30:56 --- INFO: Lexus GX 460 - found: 3, pass primary filters: 3, did not pass the filter by colors: 0, did not pass the filter by options: 0, added: 3, new vincodes: 0
22-11-2013 14:30:57 --- INFO: Lexus RX 350 - found: 10, pass primary filters: 10, did not pass the filter by colors: 0, did not pass the filter by options: 0, added: 10, new vincodes: 0
22-11-2013 14:30:58 --- INFO: Toyota Highlander - found: 4, pass primary filters: 4, did not pass the filter by colors: 0, did not pass the filter by options: 0, added: 4, new vincodes: 0
22-11-2013 14:30:59 --- INFO: Lexus GS300 - found: 8, pass primary filters: 5, did not pass the filter by colors: 0, did not pass the filter by options: 0, added: 5, new vincodes: 0
22-11-2013 14:30:59 --- INFO: finish: 22-11-2013 14:30:59
22-11-2013 14:30:59 --- INFO: elapsed time: ~58.23 sec., memory usage: ~3.57 Mb.
22-11-2013 14:45:01 --- INFO: start: 22-11-2013 14:45:01
22-11-2013 14:45:01 --- INFO: ----------Source_Oodle (cli)
22-11-2013 14:45:04 --- INFO: Toyota Highlander - found: 71, pass primary filters: 17, did not pass the filter by colors: 0, did not pass the filter by options: 0, added: 17, new vincodes: 0
22-11-2013 14:45:15 --- ERROR: Error: You have not specified a 'category' or have specified multiple categories on your API request.  In that scenario, your 'start' parameter must be 500 or less.  Please revise your query and try again.  Use a smaller 'start' value or specify a single category.
22-11-2013 14:45:15 --- INFO: finish: 22-11-2013 14:45:15
22-11-2013 14:45:15 --- INFO: elapsed time: ~14.8 sec., memory usage: ~2.58 Mb.
22-11-2013 15:00:01 --- INFO: start: 22-11-2013 15:00:01
22-11-2013 15:00:01 --- INFO: ----------Source_AutoSalon (cli)
22-11-2013 15:00:10 --- INFO: Lexus RX 330 - found: 48, pass primary filters: 0, did not pass the filter by colors: 0, did not pass the filter by options: 0, added: 0, new vincodes: 0
22-11-2013 15:00:14 --- INFO: Lexus RX 400H - found: 0, pass primary filters: 0, did not pass the filter by colors: 0, did not pass the filter by options: 0, added: 0, new vincodes: 0
22-11-2013 15:00:20 --- INFO: Lexus GX 470 - found: 6, pass primary filters: 4, did not pass the filter by colors: 0, did not pass the filter by options: 0, added: 4, new vincodes: 0
22-11-2013 15:00:42 --- INFO: Lexus GX 470 - found: 51, pass primary filters: 1, did not pass the filter by colors: 0, did not pass the filter by options: 0, added: 1, new vincodes: 0
22-11-2013 15:00:54 --- INFO: Lexus LX 470 - found: 18, pass primary filters: 15, did not pass the filter by colors: 0, did not pass the filter by options: 0, added: 15, new vincodes: 0
22-11-2013 15:00:57 --- INFO: Toyota Sequoia - found: 0, pass primary filters: 0, did not pass the filter by colors: 0, did not pass the filter by options: 0, added: 0, new vincodes: 0
22-11-2013 15:00:59 --- INFO: Toyota Land Cruiser - found: 0, pass primary filters: 0, did not pass the filter by colors: 0, did not pass the filter by options: 0, added: 0, new vincodes: 0
22-11-2013 15:01:13 --- INFO: Lexus LX 570 - found: 20, pass primary filters: 18, did not pass the filter by colors: 0, did not pass the filter by options: 0, added: 18, new vincodes: 0
22-11-2013 15:01:15 --- INFO: Toyota Venza - found: 0, pass primary filters: 0, did not pass the filter by colors: 0, did not pass the filter by options: 0, added: 0, new vincodes: 0
22-11-2013 15:01:18 --- INFO: Toyota 4runner 2010 - found: 0, pass primary filters: 0, did not pass the filter by colors: 0, did not pass the filter by options: 0, added: 0, new vincodes: 0
22-11-2013 15:01:20 --- INFO: Toyota 4RUNNER 4WD V6 - found: 0, pass primary filters: 0, did not pass the filter by colors: 0, did not pass the filter by options: 0, added: 0, new vincodes: 0
22-11-2013 15:01:23 --- INFO: Toyota RAV 4 - found: 0, pass primary filters: 0, did not pass the filter by colors: 0, did not pass the filter by options: 0, added: 0, new vincodes: 0
22-11-2013 15:01:25 --- INFO: Toyota Highlander 4WD - found: 0, pass primary filters: 0, did not pass the filter by colors: 0, did not pass the filter by options: 0, added: 0, new vincodes: 0
22-11-2013 15:01:28 --- INFO: Toyota Highlander - found: 0, pass primary filters: 0, did not pass the filter by colors: 0, did not pass the filter by options: 0, added: 0, new vincodes: 0
22-11-2013 15:01:51 --- INFO: Lexus RX 350 - found: 115, pass primary filters: 5, did not pass the filter by colors: 0, did not pass the filter by options: 0, added: 5, new vincodes: 0
22-11-2013 15:01:54 --- INFO: Toyota 4RUNNER Limited V6 - found: 0, pass primary filters: 0, did not pass the filter by colors: 0, did not pass the filter by options: 0, added: 0, new vincodes: 0
22-11-2013 15:01:57 --- INFO: Lexus GX 460 - found: 3, pass primary filters: 2, did not pass the filter by colors: 0, did not pass the filter by options: 0, added: 2, new vincodes: 0
22-11-2013 15:02:00 --- INFO: Lexus RX 350 - found: 9, pass primary filters: 6, did not pass the filter by colors: 0, did not pass the filter by options: 0, added: 6, new vincodes: 0
22-11-2013 15:02:06 --- INFO: Toyota Highlander - found: 6, pass primary filters: 3, did not pass the filter by colors: 0, did not pass the filter by options: 0, added: 3, new vincodes: 0
22-11-2013 15:02:09 --- INFO: Lexus GS300 - found: 7, pass primary filters: 3, did not pass the filter by colors: 0, did not pass the filter by options: 0, added: 3, new vincodes: 0
22-11-2013 15:02:15 --- INFO: Toyota FJ cruiser - found: 19, pass primary filters: 10, did not pass the filter by colors: 0, did not pass the filter by options: 0, added: 10, new vincodes: 0
22-11-2013 15:02:22 --- INFO: Lexus RX 350 2013 - found: 27, pass primary filters: 0, did not pass the filter by colors: 0, did not pass the filter by options: 0, added: 0, new vincodes: 0
22-11-2013 15:02:22 --- INFO: finish: 22-11-2013 15:02:22
22-11-2013 15:02:22 --- INFO: elapsed time: ~140.85 sec., memory usage: ~2.47 Mb.
22-11-2013 18:00:01 --- INFO: start: 22-11-2013 18:00:01
22-11-2013 18:00:01 --- INFO: ----------Source_Adesa (cli)
22-11-2013 18:00:02 --- INFO: Authorized request
22-11-2013 18:00:03 --- INFO: Lexus RX 330 - found: 10, pass primary filters: 5, did not pass the filter by colors: 0, did not pass the filter by options: 3, added: 2, new vincodes: 0
22-11-2013 18:00:05 --- INFO: Lexus RX 400H - found: 4, pass primary filters: 2, did not pass the filter by colors: 1, did not pass the filter by options: 0, added: 1, new vincodes: 0
22-11-2013 18:00:05 --- INFO: Lexus GX 470 - found: 0, pass primary filters: 0, did not pass the filter by colors: 0, did not pass the filter by options: 0, added: 0, new vincodes: 0
22-11-2013 18:00:06 --- INFO: Lexus GX 470 - found: 3, pass primary filters: 3, did not pass the filter by colors: 3, did not pass the filter by options: 0, added: 0, new vincodes: 0
22-11-2013 18:00:06 --- INFO: Lexus LX 470 - found: 4, pass primary filters: 4, did not pass the filter by colors: 4, did not pass the filter by options: , added: 0, new vincodes: 0
22-11-2013 18:00:07 --- INFO: Toyota Sequoia - found: 0, pass primary filters: 0, did not pass the filter by colors: 0, did not pass the filter by options: 0, added: 0, new vincodes: 0
22-11-2013 18:00:07 --- INFO: Toyota Land Cruiser - found: 1, pass primary filters: 1, did not pass the filter by colors: 0, did not pass the filter by options: , added: 1, new vincodes: 0
22-11-2013 18:00:08 --- INFO: Lexus LX 570 - found: 0, pass primary filters: 0, did not pass the filter by colors: 0, did not pass the filter by options: 0, added: 0, new vincodes: 0
22-11-2013 18:00:09 --- INFO: Toyota Venza - found: 0, pass primary filters: 0, did not pass the filter by colors: 0, did not pass the filter by options: 0, added: 0, new vincodes: 0
22-11-2013 18:00:09 --- INFO: Toyota 4runner 2010 - found: 0, pass primary filters: 0, did not pass the filter by colors: 0, did not pass the filter by options: 0, added: 0, new vincodes: 0
22-11-2013 18:00:10 --- INFO: Toyota 4RUNNER 4WD V6 - found: 22, pass primary filters: 0, did not pass the filter by colors: 0, did not pass the filter by options: 0, added: 0, new vincodes: 0
22-11-2013 18:00:10 --- INFO: Toyota FJ cruiser - found: 8, pass primary filters: 0, did not pass the filter by colors: 0, did not pass the filter by options: 0, added: 0, new vincodes: 0
22-11-2013 18:00:11 --- INFO: Lexus RX 350 2013 - found: 0, pass primary filters: 0, did not pass the filter by colors: 0, did not pass the filter by options: 0, added: 0, new vincodes: 0
22-11-2013 18:00:12 --- INFO: Toyota Highlander - found: 24, pass primary filters: 5, did not pass the filter by colors: 5, did not pass the filter by options: , added: 0, new vincodes: 0
22-11-2013 18:00:13 --- INFO: Lexus RX 350 - found: 10, pass primary filters: 8, did not pass the filter by colors: 3, did not pass the filter by options: 3, added: 2, new vincodes: 0
22-11-2013 18:00:13 --- INFO: Toyota 4RUNNER Limited V6 - found: 24, pass primary filters: 0, did not pass the filter by colors: 0, did not pass the filter by options: 0, added: 0, new vincodes: 0
22-11-2013 18:00:13 --- INFO: finish: 22-11-2013 18:00:13
22-11-2013 18:00:13 --- INFO: elapsed time: ~12.46 sec., memory usage: ~1.95 Mb.
22-11-2013 18:30:02 --- INFO: start: 22-11-2013 18:30:02
22-11-2013 18:30:02 --- INFO: ----------Source_ExpOfCars (cli)
22-11-2013 18:30:06 --- INFO: Lexus RX 330 - found: 55, pass primary filters: 34, did not pass the filter by colors: 0, did not pass the filter by options: 0, added: 34, new vincodes: 0
22-11-2013 18:30:08 --- INFO: Lexus RX 400H - found: 12, pass primary filters: 9, did not pass the filter by colors: 0, did not pass the filter by options: 0, added: 9, new vincodes: 0
22-11-2013 18:30:09 --- INFO: Lexus GX 470 - found: 6, pass primary filters: 6, did not pass the filter by colors: 0, did not pass the filter by options: 0, added: 6, new vincodes: 0
22-11-2013 18:30:14 --- INFO: Lexus GX 470 - found: 54, pass primary filters: 54, did not pass the filter by colors: 0, did not pass the filter by options: 0, added: 54, new vincodes: 0
22-11-2013 18:30:22 --- INFO: Lexus LX 470 - found: 19, pass primary filters: 19, did not pass the filter by colors: 0, did not pass the filter by options: 0, added: 19, new vincodes: 0
22-11-2013 18:30:34 --- INFO: Toyota Sequoia - found: 30, pass primary filters: 30, did not pass the filter by colors: 0, did not pass the filter by options: 0, added: 30, new vincodes: 0
22-11-2013 18:30:41 --- INFO: Toyota Land Cruiser - found: 12, pass primary filters: 12, did not pass the filter by colors: 0, did not pass the filter by options: 0, added: 12, new vincodes: 1
22-11-2013 18:30:52 --- INFO: Lexus LX 570 - found: 21, pass primary filters: 21, did not pass the filter by colors: 0, did not pass the filter by options: 0, added: 21, new vincodes: 0
22-11-2013 18:30:53 --- INFO: Toyota Venza - found: 9, pass primary filters: 9, did not pass the filter by colors: 0, did not pass the filter by options: 0, added: 9, new vincodes: 0
22-11-2013 18:30:54 --- INFO: Toyota 4runner 2010 - found: 4, pass primary filters: 4, did not pass the filter by colors: 0, did not pass the filter by options: 0, added: 4, new vincodes: 0
22-11-2013 18:30:56 --- INFO: Toyota 4RUNNER 4WD V6 - found: 59, pass primary filters: 22, did not pass the filter by colors: 0, did not pass the filter by options: 0, added: 22, new vincodes: 0
22-11-2013 18:31:05 --- INFO: Toyota RAV 4 - found: 285, pass primary filters: 0, did not pass the filter by colors: 0, did not pass the filter by options: 0, added: 0, new vincodes: 0
22-11-2013 18:31:14 --- INFO: Toyota Highlander 4WD - found: 85, pass primary filters: 5, did not pass the filter by colors: 0, did not pass the filter by options: 0, added: 5, new vincodes: 1
22-11-2013 18:31:19 --- INFO: Toyota Highlander - found: 85, pass primary filters: 16, did not pass the filter by colors: 0, did not pass the filter by options: 0, added: 16, new vincodes: 1
22-11-2013 18:32:27 --- INFO: Lexus RX 350 - found: 123, pass primary filters: 95, did not pass the filter by colors: 0, did not pass the filter by options: 0, added: 95, new vincodes: 2
22-11-2013 18:32:30 --- INFO: Toyota 4RUNNER Limited V6 - found: 70, pass primary filters: 1, did not pass the filter by colors: 0, did not pass the filter by options: 0, added: 1, new vincodes: 0
22-11-2013 18:32:30 --- INFO: Lexus GX 460 - found: 3, pass primary filters: 3, did not pass the filter by colors: 0, did not pass the filter by options: 0, added: 3, new vincodes: 0
22-11-2013 18:32:32 --- INFO: Lexus RX 350 - found: 10, pass primary filters: 10, did not pass the filter by colors: 0, did not pass the filter by options: 0, added: 10, new vincodes: 0
22-11-2013 18:32:36 --- INFO: Toyota Highlander - found: 7, pass primary filters: 7, did not pass the filter by colors: 0, did not pass the filter by options: 0, added: 7, new vincodes: 0
22-11-2013 18:32:37 --- INFO: Lexus GS300 - found: 7, pass primary filters: 4, did not pass the filter by colors: 0, did not pass the filter by options: 0, added: 4, new vincodes: 0
22-11-2013 18:32:37 --- INFO: finish: 22-11-2013 18:32:37
22-11-2013 18:32:37 --- INFO: elapsed time: ~155.59 sec., memory usage: ~4.17 Mb.
22-11-2013 18:45:01 --- INFO: start: 22-11-2013 18:45:01
22-11-2013 18:45:01 --- INFO: ----------Source_Oodle (cli)
22-11-2013 18:45:04 --- INFO: Toyota Highlander - found: 71, pass primary filters: 17, did not pass the filter by colors: 0, did not pass the filter by options: 0, added: 17, new vincodes: 0
22-11-2013 18:45:17 --- ERROR: Error: You have not specified a 'category' or have specified multiple categories on your API request.  In that scenario, your 'start' parameter must be 500 or less.  Please revise your query and try again.  Use a smaller 'start' value or specify a single category.
22-11-2013 18:45:17 --- INFO: finish: 22-11-2013 18:45:17
22-11-2013 18:45:17 --- INFO: elapsed time: ~15.68 sec., memory usage: ~2.61 Mb.
22-11-2013 19:00:02 --- INFO: start: 22-11-2013 19:00:02
22-11-2013 19:00:06 --- INFO: ----------Source_AutoSalon (cli)
22-11-2013 19:00:15 --- INFO: Lexus RX 330 - found: 48, pass primary filters: 0, did not pass the filter by colors: 0, did not pass the filter by options: 0, added: 0, new vincodes: 0
22-11-2013 19:00:17 --- INFO: Lexus RX 400H - found: 0, pass primary filters: 0, did not pass the filter by colors: 0, did not pass the filter by options: 0, added: 0, new vincodes: 0
22-11-2013 19:00:20 --- INFO: Lexus GX 470 - found: 7, pass primary filters: 5, did not pass the filter by colors: 0, did not pass the filter by options: 0, added: 5, new vincodes: 0
22-11-2013 19:00:39 --- INFO: Lexus GX 470 - found: 53, pass primary filters: 3, did not pass the filter by colors: 0, did not pass the filter by options: 0, added: 3, new vincodes: 0
22-11-2013 19:00:47 --- INFO: Lexus LX 470 - found: 19, pass primary filters: 15, did not pass the filter by colors: 0, did not pass the filter by options: 0, added: 15, new vincodes: 0
22-11-2013 19:00:50 --- INFO: Toyota Sequoia - found: 0, pass primary filters: 0, did not pass the filter by colors: 0, did not pass the filter by options: 0, added: 0, new vincodes: 0
22-11-2013 19:00:53 --- INFO: Toyota Land Cruiser - found: 0, pass primary filters: 0, did not pass the filter by colors: 0, did not pass the filter by options: 0, added: 0, new vincodes: 0
22-11-2013 19:00:58 --- INFO: Lexus LX 570 - found: 20, pass primary filters: 18, did not pass the filter by colors: 0, did not pass the filter by options: 0, added: 18, new vincodes: 0
22-11-2013 19:01:01 --- INFO: Toyota Venza - found: 0, pass primary filters: 0, did not pass the filter by colors: 0, did not pass the filter by options: 0, added: 0, new vincodes: 0
22-11-2013 19:01:03 --- INFO: Toyota 4runner 2010 - found: 0, pass primary filters: 0, did not pass the filter by colors: 0, did not pass the filter by options: 0, added: 0, new vincodes: 0
22-11-2013 19:01:06 --- INFO: Toyota 4RUNNER 4WD V6 - found: 0, pass primary filters: 0, did not pass the filter by colors: 0, did not pass the filter by options: 0, added: 0, new vincodes: 0
22-11-2013 19:01:08 --- INFO: Toyota RAV 4 - found: 0, pass primary filters: 0, did not pass the filter by colors: 0, did not pass the filter by options: 0, added: 0, new vincodes: 0
22-11-2013 19:01:11 --- INFO: Toyota Highlander 4WD - found: 0, pass primary filters: 0, did not pass the filter by colors: 0, did not pass the filter by options: 0, added: 0, new vincodes: 0
22-11-2013 19:01:14 --- INFO: Toyota Highlander - found: 0, pass primary filters: 0, did not pass the filter by colors: 0, did not pass the filter by options: 0, added: 0, new vincodes: 0
22-11-2013 19:01:40 --- INFO: Lexus RX 350 - found: 118, pass primary filters: 8, did not pass the filter by colors: 0, did not pass the filter by options: 0, added: 8, new vincodes: 0
22-11-2013 19:01:42 --- INFO: Toyota 4RUNNER Limited V6 - found: 0, pass primary filters: 0, did not pass the filter by colors: 0, did not pass the filter by options: 0, added: 0, new vincodes: 0
22-11-2013 19:01:45 --- INFO: Lexus GX 460 - found: 3, pass primary filters: 2, did not pass the filter by colors: 0, did not pass the filter by options: 0, added: 2, new vincodes: 0
22-11-2013 19:01:48 --- INFO: Lexus RX 350 - found: 10, pass primary filters: 6, did not pass the filter by colors: 0, did not pass the filter by options: 0, added: 6, new vincodes: 0
22-11-2013 19:01:51 --- INFO: Toyota Highlander - found: 6, pass primary filters: 3, did not pass the filter by colors: 0, did not pass the filter by options: 0, added: 3, new vincodes: 0
22-11-2013 19:01:54 --- INFO: Lexus GS300 - found: 8, pass primary filters: 3, did not pass the filter by colors: 0, did not pass the filter by options: 0, added: 3, new vincodes: 0
22-11-2013 19:02:00 --- INFO: Toyota FJ cruiser - found: 21, pass primary filters: 10, did not pass the filter by colors: 0, did not pass the filter by options: 0, added: 10, new vincodes: 0
22-11-2013 19:02:09 --- INFO: Lexus RX 350 2013 - found: 28, pass primary filters: 0, did not pass the filter by colors: 0, did not pass the filter by options: 0, added: 0, new vincodes: 0
22-11-2013 19:02:09 --- INFO: finish: 22-11-2013 19:02:09
22-11-2013 19:02:09 --- INFO: elapsed time: ~126.87 sec., memory usage: ~2.48 Mb.
22-11-2013 22:00:01 --- INFO: start: 22-11-2013 22:00:01
22-11-2013 22:00:03 --- INFO: ----------Source_Adesa (cli)
22-11-2013 22:00:06 --- INFO: Authorized request
22-11-2013 22:00:08 --- INFO: Lexus RX 330 - found: 12, pass primary filters: 5, did not pass the filter by colors: 0, did not pass the filter by options: 3, added: 2, new vincodes: 0
22-11-2013 22:00:08 --- INFO: Lexus RX 400H - found: 4, pass primary filters: 2, did not pass the filter by colors: 1, did not pass the filter by options: 0, added: 1, new vincodes: 0
22-11-2013 22:00:09 --- INFO: Lexus GX 470 - found: 0, pass primary filters: 0, did not pass the filter by colors: 0, did not pass the filter by options: 0, added: 0, new vincodes: 0
22-11-2013 22:00:10 --- INFO: Lexus GX 470 - found: 4, pass primary filters: 4, did not pass the filter by colors: 4, did not pass the filter by options: 0, added: 0, new vincodes: 0
22-11-2013 22:00:11 --- INFO: Lexus LX 470 - found: 4, pass primary filters: 4, did not pass the filter by colors: 4, did not pass the filter by options: , added: 0, new vincodes: 0
22-11-2013 22:00:11 --- INFO: Toyota Sequoia - found: 0, pass primary filters: 0, did not pass the filter by colors: 0, did not pass the filter by options: 0, added: 0, new vincodes: 0
22-11-2013 22:00:12 --- INFO: Toyota Land Cruiser - found: 1, pass primary filters: 1, did not pass the filter by colors: 0, did not pass the filter by options: , added: 1, new vincodes: 0
22-11-2013 22:00:12 --- INFO: Lexus LX 570 - found: 0, pass primary filters: 0, did not pass the filter by colors: 0, did not pass the filter by options: 0, added: 0, new vincodes: 0
22-11-2013 22:00:13 --- INFO: Toyota Venza - found: 0, pass primary filters: 0, did not pass the filter by colors: 0, did not pass the filter by options: 0, added: 0, new vincodes: 0
22-11-2013 22:00:13 --- INFO: Toyota 4runner 2010 - found: 0, pass primary filters: 0, did not pass the filter by colors: 0, did not pass the filter by options: 0, added: 0, new vincodes: 0
22-11-2013 22:00:14 --- INFO: Toyota 4RUNNER 4WD V6 - found: 23, pass primary filters: 0, did not pass the filter by colors: 0, did not pass the filter by options: 0, added: 0, new vincodes: 0
22-11-2013 22:00:15 --- INFO: Toyota FJ cruiser - found: 8, pass primary filters: 0, did not pass the filter by colors: 0, did not pass the filter by options: 0, added: 0, new vincodes: 0
22-11-2013 22:00:15 --- INFO: Lexus RX 350 2013 - found: 0, pass primary filters: 0, did not pass the filter by colors: 0, did not pass the filter by options: 0, added: 0, new vincodes: 0
22-11-2013 22:00:17 --- INFO: Toyota Highlander - found: 29, pass primary filters: 8, did not pass the filter by colors: 5, did not pass the filter by options: , added: 3, new vincodes: 1
22-11-2013 22:00:18 --- INFO: Lexus RX 350 - found: 11, pass primary filters: 9, did not pass the filter by colors: 4, did not pass the filter by options: 3, added: 2, new vincodes: 0
22-11-2013 22:00:19 --- INFO: Toyota 4RUNNER Limited V6 - found: 25, pass primary filters: 0, did not pass the filter by colors: 0, did not pass the filter by options: 0, added: 0, new vincodes: 0
22-11-2013 22:00:19 --- INFO: finish: 22-11-2013 22:00:19
22-11-2013 22:00:19 --- INFO: elapsed time: ~17.81 sec., memory usage: ~2.01 Mb.
22-11-2013 22:30:01 --- INFO: start: 22-11-2013 22:30:01
22-11-2013 22:30:01 --- INFO: ----------Source_ExpOfCars (cli)
22-11-2013 22:30:04 --- INFO: Lexus RX 330 - found: 44, pass primary filters: 29, did not pass the filter by colors: 0, did not pass the filter by options: 0, added: 29, new vincodes: 0
22-11-2013 22:30:07 --- INFO: Lexus RX 400H - found: 7, pass primary filters: 6, did not pass the filter by colors: 0, did not pass the filter by options: 0, added: 6, new vincodes: 0
22-11-2013 22:30:09 --- INFO: Lexus GX 470 - found: 6, pass primary filters: 6, did not pass the filter by colors: 0, did not pass the filter by options: 0, added: 6, new vincodes: 0
22-11-2013 22:30:15 --- INFO: Lexus GX 470 - found: 48, pass primary filters: 48, did not pass the filter by colors: 0, did not pass the filter by options: 0, added: 48, new vincodes: 0
22-11-2013 22:30:17 --- INFO: Lexus LX 470 - found: 15, pass primary filters: 15, did not pass the filter by colors: 0, did not pass the filter by options: 0, added: 15, new vincodes: 0
22-11-2013 22:30:19 --- INFO: Toyota Sequoia - found: 25, pass primary filters: 25, did not pass the filter by colors: 0, did not pass the filter by options: 0, added: 25, new vincodes: 0
22-11-2013 22:30:22 --- INFO: Toyota Land Cruiser - found: 12, pass primary filters: 12, did not pass the filter by colors: 0, did not pass the filter by options: 0, added: 12, new vincodes: 0
22-11-2013 22:30:24 --- INFO: Lexus LX 570 - found: 16, pass primary filters: 16, did not pass the filter by colors: 0, did not pass the filter by options: 0, added: 16, new vincodes: 0
22-11-2013 22:30:26 --- INFO: Toyota Venza - found: 9, pass primary filters: 9, did not pass the filter by colors: 0, did not pass the filter by options: 0, added: 9, new vincodes: 0
22-11-2013 22:30:27 --- INFO: Toyota 4runner 2010 - found: 4, pass primary filters: 4, did not pass the filter by colors: 0, did not pass the filter by options: 0, added: 4, new vincodes: 0
22-11-2013 22:30:29 --- INFO: Toyota 4RUNNER 4WD V6 - found: 51, pass primary filters: 19, did not pass the filter by colors: 0, did not pass the filter by options: 0, added: 19, new vincodes: 0
22-11-2013 22:30:40 --- INFO: Toyota RAV 4 - found: 229, pass primary filters: 0, did not pass the filter by colors: 0, did not pass the filter by options: 0, added: 0, new vincodes: 0
22-11-2013 22:30:44 --- INFO: Toyota Highlander 4WD - found: 76, pass primary filters: 5, did not pass the filter by colors: 0, did not pass the filter by options: 0, added: 5, new vincodes: 0
22-11-2013 22:30:49 --- INFO: Toyota Highlander - found: 76, pass primary filters: 15, did not pass the filter by colors: 0, did not pass the filter by options: 0, added: 15, new vincodes: 0
22-11-2013 22:30:56 --- INFO: Lexus RX 350 - found: 99, pass primary filters: 76, did not pass the filter by colors: 0, did not pass the filter by options: 0, added: 76, new vincodes: 0
22-11-2013 22:30:58 --- INFO: Toyota 4RUNNER Limited V6 - found: 57, pass primary filters: 0, did not pass the filter by colors: 0, did not pass the filter by options: 0, added: 0, new vincodes: 0
22-11-2013 22:30:59 --- INFO: Lexus GX 460 - found: 3, pass primary filters: 3, did not pass the filter by colors: 0, did not pass the filter by options: 0, added: 3, new vincodes: 0
22-11-2013 22:31:00 --- INFO: Lexus RX 350 - found: 7, pass primary filters: 7, did not pass the filter by colors: 0, did not pass the filter by options: 0, added: 7, new vincodes: 0
22-11-2013 22:31:01 --- INFO: Toyota Highlander - found: 3, pass primary filters: 3, did not pass the filter by colors: 0, did not pass the filter by options: 0, added: 3, new vincodes: 0
22-11-2013 22:31:02 --- INFO: Lexus GS300 - found: 5, pass primary filters: 3, did not pass the filter by colors: 0, did not pass the filter by options: 0, added: 3, new vincodes: 0
22-11-2013 22:31:02 --- INFO: finish: 22-11-2013 22:31:02
22-11-2013 22:31:02 --- INFO: elapsed time: ~61.62 sec., memory usage: ~3.31 Mb.
22-11-2013 22:45:01 --- INFO: start: 22-11-2013 22:45:01
22-11-2013 22:45:02 --- INFO: ----------Source_Oodle (cli)
22-11-2013 22:45:06 --- INFO: Toyota Highlander - found: 71, pass primary filters: 17, did not pass the filter by colors: 0, did not pass the filter by options: 0, added: 17, new vincodes: 0
22-11-2013 22:45:17 --- ERROR: Error: You have not specified a 'category' or have specified multiple categories on your API request.  In that scenario, your 'start' parameter must be 500 or less.  Please revise your query and try again.  Use a smaller 'start' value or specify a single category.
22-11-2013 22:45:17 --- INFO: finish: 22-11-2013 22:45:17
22-11-2013 22:45:17 --- INFO: elapsed time: ~15.85 sec., memory usage: ~2.56 Mb.
22-11-2013 23:00:01 --- INFO: start: 22-11-2013 23:00:01
22-11-2013 23:00:01 --- INFO: ----------Source_AutoSalon (cli)
22-11-2013 23:00:14 --- INFO: Lexus RX 330 - found: 58, pass primary filters: 0, did not pass the filter by colors: 0, did not pass the filter by options: 0, added: 0, new vincodes: 0
22-11-2013 23:00:16 --- INFO: Lexus RX 400H - found: 0, pass primary filters: 0, did not pass the filter by colors: 0, did not pass the filter by options: 0, added: 0, new vincodes: 0
22-11-2013 23:00:19 --- INFO: Lexus GX 470 - found: 7, pass primary filters: 5, did not pass the filter by colors: 0, did not pass the filter by options: 0, added: 5, new vincodes: 0
22-11-2013 23:00:47 --- INFO: Lexus GX 470 - found: 58, pass primary filters: 8, did not pass the filter by colors: 0, did not pass the filter by options: 0, added: 8, new vincodes: 1
22-11-2013 23:04:27 --- INFO: Lexus LX 470 - found: 24, pass primary filters: 20, did not pass the filter by colors: 0, did not pass the filter by options: 0, added: 20, new vincodes: 0
22-11-2013 23:04:30 --- INFO: Toyota Sequoia - found: 0, pass primary filters: 0, did not pass the filter by colors: 0, did not pass the filter by options: 0, added: 0, new vincodes: 0
22-11-2013 23:04:32 --- INFO: Toyota Land Cruiser - found: 0, pass primary filters: 0, did not pass the filter by colors: 0, did not pass the filter by options: 0, added: 0, new vincodes: 0
22-11-2013 23:04:41 --- INFO: Lexus LX 570 - found: 19, pass primary filters: 17, did not pass the filter by colors: 0, did not pass the filter by options: 0, added: 17, new vincodes: 0
22-11-2013 23:04:43 --- INFO: Toyota Venza - found: 0, pass primary filters: 0, did not pass the filter by colors: 0, did not pass the filter by options: 0, added: 0, new vincodes: 0
22-11-2013 23:04:46 --- INFO: Toyota 4runner 2010 - found: 0, pass primary filters: 0, did not pass the filter by colors: 0, did not pass the filter by options: 0, added: 0, new vincodes: 0
22-11-2013 23:04:48 --- INFO: Toyota 4RUNNER 4WD V6 - found: 0, pass primary filters: 0, did not pass the filter by colors: 0, did not pass the filter by options: 0, added: 0, new vincodes: 0
22-11-2013 23:04:52 --- INFO: Toyota RAV 4 - found: 0, pass primary filters: 0, did not pass the filter by colors: 0, did not pass the filter by options: 0, added: 0, new vincodes: 0
22-11-2013 23:04:54 --- INFO: Toyota Highlander 4WD - found: 0, pass primary filters: 0, did not pass the filter by colors: 0, did not pass the filter by options: 0, added: 0, new vincodes: 0
22-11-2013 23:04:57 --- INFO: Toyota Highlander - found: 0, pass primary filters: 0, did not pass the filter by colors: 0, did not pass the filter by options: 0, added: 0, new vincodes: 0
22-11-2013 23:05:32 --- INFO: Lexus RX 350 - found: 136, pass primary filters: 1, did not pass the filter by colors: 0, did not pass the filter by options: 0, added: 1, new vincodes: 0
22-11-2013 23:05:35 --- INFO: Toyota 4RUNNER Limited V6 - found: 0, pass primary filters: 0, did not pass the filter by colors: 0, did not pass the filter by options: 0, added: 0, new vincodes: 0
22-11-2013 23:05:38 --- INFO: Lexus GX 460 - found: 3, pass primary filters: 2, did not pass the filter by colors: 0, did not pass the filter by options: 0, added: 2, new vincodes: 0
22-11-2013 23:05:44 --- INFO: Lexus RX 350 - found: 11, pass primary filters: 7, did not pass the filter by colors: 0, did not pass the filter by options: 0, added: 7, new vincodes: 0
22-11-2013 23:05:47 --- INFO: Toyota Highlander - found: 11, pass primary filters: 5, did not pass the filter by colors: 0, did not pass the filter by options: 0, added: 5, new vincodes: 0
22-11-2013 23:06:55 --- INFO: Lexus GS300 - found: 10, pass primary filters: 4, did not pass the filter by colors: 0, did not pass the filter by options: 0, added: 4, new vincodes: 1
22-11-2013 23:07:00 --- INFO: Toyota FJ cruiser - found: 22, pass primary filters: 10, did not pass the filter by colors: 0, did not pass the filter by options: 0, added: 10, new vincodes: 0
22-11-2013 23:07:08 --- INFO: Lexus RX 350 2013 - found: 31, pass primary filters: 0, did not pass the filter by colors: 0, did not pass the filter by options: 0, added: 0, new vincodes: 0
22-11-2013 23:07:08 --- INFO: finish: 22-11-2013 23:07:08
22-11-2013 23:07:08 --- INFO: elapsed time: ~427.3 sec., memory usage: ~2.65 Mb.