
23-11-2013 02:00:02 --- INFO: start: 23-11-2013 02:00:02
23-11-2013 02:00:02 --- INFO: ----------Source_Adesa (cli)
23-11-2013 02:00:03 --- INFO: Authorized request
23-11-2013 02:00:03 --- INFO: Lexus RX 330 - found: 13, pass primary filters: 5, did not pass the filter by colors: 0, did not pass the filter by options: 3, added: 2, new vincodes: 0
23-11-2013 02:00:04 --- INFO: Lexus RX 400H - found: 4, pass primary filters: 2, did not pass the filter by colors: 1, did not pass the filter by options: 0, added: 1, new vincodes: 0
23-11-2013 02:00:06 --- INFO: Lexus GX 470 - found: 1, pass primary filters: 1, did not pass the filter by colors: 0, did not pass the filter by options: 1, added: 0, new vincodes: 0
23-11-2013 02:01:38 --- INFO: Lexus GX 470 - found: 7, pass primary filters: 7, did not pass the filter by colors: 4, did not pass the filter by options: 0, added: 3, new vincodes: 3
23-11-2013 02:01:39 --- INFO: Lexus LX 470 - found: 5, pass primary filters: 5, did not pass the filter by colors: 5, did not pass the filter by options: , added: 0, new vincodes: 0
23-11-2013 02:01:40 --- INFO: Toyota Sequoia - found: 0, pass primary filters: 0, did not pass the filter by colors: 0, did not pass the filter by options: 0, added: 0, new vincodes: 0
23-11-2013 02:01:40 --- INFO: Toyota Land Cruiser - found: 1, pass primary filters: 1, did not pass the filter by colors: 0, did not pass the filter by options: , added: 1, new vincodes: 0
23-11-2013 02:01:41 --- INFO: Lexus LX 570 - found: 0, pass primary filters: 0, did not pass the filter by colors: 0, did not pass the filter by options: 0, added: 0, new vincodes: 0
23-11-2013 02:01:42 --- INFO: Toyota Venza - found: 0, pass primary filters: 0, did not pass the filter by colors: 0, did not pass the filter by options: 0, added: 0, new vincodes: 0
23-11-2013 02:01:42 --- INFO: Toyota 4runner 2010 - found: 0, pass primary filters: 0, did not pass the filter by colors: 0, did not pass the filter by options: 0, added: 0, new vincodes: 0
23-11-2013 02:01:43 --- INFO: Toyota 4RUNNER 4WD V6 - found: 26, pass primary filters: 0, did not pass the filter by colors: 0, did not pass the filter by options: 0, added: 0, new vincodes: 0
23-11-2013 02:01:44 --- INFO: Toyota FJ cruiser - found: 8, pass primary filters: 0, did not pass the filter by colors: 0, did not pass the filter by options: 0, added: 0, new vincodes: 0
23-11-2013 02:01:44 --- INFO: Lexus RX 350 2013 - found: 0, pass primary filters: 0, did not pass the filter by colors: 0, did not pass the filter by options: 0, added: 0, new vincodes: 0
23-11-2013 02:01:46 --- INFO: Toyota Highlander - found: 31, pass primary filters: 9, did not pass the filter by colors: 6, did not pass the filter by options: , added: 3, new vincodes: 1
23-11-2013 02:01:47 --- INFO: Lexus RX 350 - found: 13, pass primary filters: 11, did not pass the filter by colors: 6, did not pass the filter by options: 3, added: 2, new vincodes: 1
23-11-2013 02:01:47 --- INFO: Toyota 4RUNNER Limited V6 - found: 29, pass primary filters: 0, did not pass the filter by colors: 0, did not pass the filter by options: 0, added: 0, new vincodes: 0
23-11-2013 02:01:47 --- INFO: finish: 23-11-2013 02:01:47
23-11-2013 02:01:47 --- INFO: elapsed time: ~105.86 sec., memory usage: ~2.17 Mb.
23-11-2013 02:30:01 --- INFO: start: 23-11-2013 02:30:01
23-11-2013 02:30:02 --- INFO: ----------Source_ExpOfCars (cli)
23-11-2013 02:30:04 --- INFO: Lexus RX 330 - found: 39, pass primary filters: 27, did not pass the filter by colors: 0, did not pass the filter by options: 0, added: 27, new vincodes: 0
23-11-2013 02:30:05 --- INFO: Lexus RX 400H - found: 7, pass primary filters: 6, did not pass the filter by colors: 0, did not pass the filter by options: 0, added: 6, new vincodes: 0
23-11-2013 02:30:07 --- INFO: Lexus GX 470 - found: 6, pass primary filters: 6, did not pass the filter by colors: 0, did not pass the filter by options: 0, added: 6, new vincodes: 0
23-11-2013 02:30:11 --- INFO: Lexus GX 470 - found: 44, pass primary filters: 44, did not pass the filter by colors: 0, did not pass the filter by options: 0, added: 44, new vincodes: 0
23-11-2013 02:30:13 --- INFO: Lexus LX 470 - found: 15, pass primary filters: 15, did not pass the filter by colors: 0, did not pass the filter by options: 0, added: 15, new vincodes: 0
23-11-2013 02:30:15 --- INFO: Toyota Sequoia - found: 22, pass primary filters: 22, did not pass the filter by colors: 0, did not pass the filter by options: 0, added: 22, new vincodes: 0
23-11-2013 02:30:16 --- INFO: Toyota Land Cruiser - found: 9, pass primary filters: 9, did not pass the filter by colors: 0, did not pass the filter by options: 0, added: 9, new vincodes: 0
23-11-2013 02:30:18 --- INFO: Lexus LX 570 - found: 16, pass primary filters: 16, did not pass the filter by colors: 0, did not pass the filter by options: 0, added: 16, new vincodes: 0
23-11-2013 02:30:19 --- INFO: Toyota Venza - found: 9, pass primary filters: 9, did not pass the filter by colors: 0, did not pass the filter by options: 0, added: 9, new vincodes: 0
23-11-2013 02:30:21 --- INFO: Toyota 4runner 2010 - found: 4, pass primary filters: 4, did not pass the filter by colors: 0, did not pass the filter by options: 0, added: 4, new vincodes: 0
23-11-2013 02:30:23 --- INFO: Toyota 4RUNNER 4WD V6 - found: 48, pass primary filters: 19, did not pass the filter by colors: 0, did not pass the filter by options: 0, added: 19, new vincodes: 0
23-11-2013 02:30:32 --- INFO: Toyota RAV 4 - found: 215, pass primary filters: 0, did not pass the filter by colors: 0, did not pass the filter by options: 0, added: 0, new vincodes: 0
23-11-2013 02:30:35 --- INFO: Toyota Highlander 4WD - found: 71, pass primary filters: 5, did not pass the filter by colors: 0, did not pass the filter by options: 0, added: 5, new vincodes: 0
23-11-2013 02:30:38 --- INFO: Toyota Highlander - found: 71, pass primary filters: 13, did not pass the filter by colors: 0, did not pass the filter by options: 0, added: 13, new vincodes: 0
23-11-2013 02:30:45 --- INFO: Lexus RX 350 - found: 87, pass primary filters: 68, did not pass the filter by colors: 0, did not pass the filter by options: 0, added: 68, new vincodes: 0
23-11-2013 02:30:48 --- INFO: Toyota 4RUNNER Limited V6 - found: 53, pass primary filters: 0, did not pass the filter by colors: 0, did not pass the filter by options: 0, added: 0, new vincodes: 0
23-11-2013 02:30:48 --- INFO: Lexus GX 460 - found: 3, pass primary filters: 3, did not pass the filter by colors: 0, did not pass the filter by options: 0, added: 3, new vincodes: 0
23-11-2013 02:30:50 --- INFO: Lexus RX 350 - found: 7, pass primary filters: 7, did not pass the filter by colors: 0, did not pass the filter by options: 0, added: 7, new vincodes: 0
23-11-2013 02:30:51 --- INFO: Toyota Highlander - found: 3, pass primary filters: 3, did not pass the filter by colors: 0, did not pass the filter by options: 0, added: 3, new vincodes: 0
23-11-2013 02:30:51 --- INFO: Lexus GS300 - found: 4, pass primary filters: 2, did not pass the filter by colors: 0, did not pass the filter by options: 0, added: 2, new vincodes: 0
23-11-2013 02:30:51 --- INFO: finish: 23-11-2013 02:30:51
23-11-2013 02:30:51 --- INFO: elapsed time: ~49.86 sec., memory usage: ~3.2 Mb.
23-11-2013 02:45:01 --- INFO: start: 23-11-2013 02:45:01
23-11-2013 02:45:01 --- INFO: ----------Source_Oodle (cli)
23-11-2013 02:45:04 --- INFO: Toyota Highlander - found: 71, pass primary filters: 17, did not pass the filter by colors: 0, did not pass the filter by options: 0, added: 17, new vincodes: 0
23-11-2013 02:45:30 --- ERROR: Error: You have not specified a 'category' or have specified multiple categories on your API request.  In that scenario, your 'start' parameter must be 500 or less.  Please revise your query and try again.  Use a smaller 'start' value or specify a single category.
23-11-2013 02:45:30 --- INFO: finish: 23-11-2013 02:45:30
23-11-2013 02:45:30 --- INFO: elapsed time: ~28.49 sec., memory usage: ~2.73 Mb.
23-11-2013 03:00:01 --- INFO: start: 23-11-2013 03:00:01
23-11-2013 03:00:01 --- INFO: ----------Source_AutoSalon (cli)
23-11-2013 03:00:14 --- INFO: Lexus RX 330 - found: 63, pass primary filters: 0, did not pass the filter by colors: 0, did not pass the filter by options: 0, added: 0, new vincodes: 0
23-11-2013 03:00:17 --- INFO: Lexus RX 400H - found: 0, pass primary filters: 0, did not pass the filter by colors: 0, did not pass the filter by options: 0, added: 0, new vincodes: 0
23-11-2013 03:00:20 --- INFO: Lexus GX 470 - found: 7, pass primary filters: 5, did not pass the filter by colors: 0, did not pass the filter by options: 0, added: 5, new vincodes: 0
23-11-2013 03:05:06 --- INFO: Lexus GX 470 - found: 70, pass primary filters: 19, did not pass the filter by colors: 0, did not pass the filter by options: 0, added: 19, new vincodes: 0
23-11-2013 03:07:52 --- INFO: Lexus LX 470 - found: 28, pass primary filters: 2, did not pass the filter by colors: 0, did not pass the filter by options: 0, added: 2, new vincodes: 0
23-11-2013 03:07:55 --- INFO: Toyota Sequoia - found: 0, pass primary filters: 0, did not pass the filter by colors: 0, did not pass the filter by options: 0, added: 0, new vincodes: 0
23-11-2013 03:07:57 --- INFO: Toyota Land Cruiser - found: 0, pass primary filters: 0, did not pass the filter by colors: 0, did not pass the filter by options: 0, added: 0, new vincodes: 0
23-11-2013 03:09:20 --- INFO: Lexus LX 570 - found: 21, pass primary filters: 18, did not pass the filter by colors: 0, did not pass the filter by options: 0, added: 18, new vincodes: 1
23-11-2013 03:09:22 --- INFO: Toyota Venza - found: 0, pass primary filters: 0, did not pass the filter by colors: 0, did not pass the filter by options: 0, added: 0, new vincodes: 0
23-11-2013 03:09:25 --- INFO: Toyota 4runner 2010 - found: 0, pass primary filters: 0, did not pass the filter by colors: 0, did not pass the filter by options: 0, added: 0, new vincodes: 0
23-11-2013 03:09:27 --- INFO: Toyota 4RUNNER 4WD V6 - found: 0, pass primary filters: 0, did not pass the filter by colors: 0, did not pass the filter by options: 0, added: 0, new vincodes: 0
23-11-2013 03:09:30 --- INFO: Toyota RAV 4 - found: 0, pass primary filters: 0, did not pass the filter by colors: 0, did not pass the filter by options: 0, added: 0, new vincodes: 0
23-11-2013 03:09:32 --- INFO: Toyota Highlander 4WD - found: 0, pass primary filters: 0, did not pass the filter by colors: 0, did not pass the filter by options: 0, added: 0, new vincodes: 0
23-11-2013 03:09:35 --- INFO: Toyota Highlander - found: 0, pass primary filters: 0, did not pass the filter by colors: 0, did not pass the filter by options: 0, added: 0, new vincodes: 0
23-11-2013 03:11:47 --- INFO: Lexus RX 350 - found: 158, pass primary filters: 1, did not pass the filter by colors: 0, did not pass the filter by options: 0, added: 1, new vincodes: 0
23-11-2013 03:11:50 --- INFO: Toyota 4RUNNER Limited V6 - found: 0, pass primary filters: 0, did not pass the filter by colors: 0, did not pass the filter by options: 0, added: 0, new vincodes: 0
23-11-2013 03:11:52 --- INFO: Lexus GX 460 - found: 4, pass primary filters: 2, did not pass the filter by colors: 0, did not pass the filter by options: 0, added: 2, new vincodes: 0
23-11-2013 03:13:05 --- INFO: Lexus RX 350 - found: 17, pass primary filters: 10, did not pass the filter by colors: 0, did not pass the filter by options: 0, added: 10, new vincodes: 1
23-11-2013 03:14:10 --- INFO: Toyota Highlander - found: 12, pass primary filters: 6, did not pass the filter by colors: 0, did not pass the filter by options: 0, added: 6, new vincodes: 0
23-11-2013 03:14:14 --- INFO: Lexus GS300 - found: 13, pass primary filters: 5, did not pass the filter by colors: 0, did not pass the filter by options: 0, added: 5, new vincodes: 0
23-11-2013 03:14:20 --- INFO: Toyota FJ cruiser - found: 24, pass primary filters: 9, did not pass the filter by colors: 0, did not pass the filter by options: 0, added: 9, new vincodes: 0
23-11-2013 03:16:32 --- INFO: Lexus RX 350 2013 - found: 35, pass primary filters: 3, did not pass the filter by colors: 0, did not pass the filter by options: 0, added: 3, new vincodes: 0
23-11-2013 03:16:32 --- INFO: finish: 23-11-2013 03:16:32
23-11-2013 03:16:32 --- INFO: elapsed time: ~990.67 sec., memory usage: ~2.95 Mb.
23-11-2013 06:00:01 --- INFO: start: 23-11-2013 06:00:01
23-11-2013 06:00:04 --- INFO: ----------Source_Adesa (cli)
23-11-2013 06:00:05 --- INFO: Authorized request
23-11-2013 06:00:09 --- INFO: Lexus RX 330 - found: 16, pass primary filters: 7, did not pass the filter by colors: 1, did not pass the filter by options: 3, added: 3, new vincodes: 1
23-11-2013 06:00:10 --- INFO: Lexus RX 400H - found: 4, pass primary filters: 2, did not pass the filter by colors: 1, did not pass the filter by options: 0, added: 1, new vincodes: 0
23-11-2013 06:00:11 --- INFO: Lexus GX 470 - found: 1, pass primary filters: 1, did not pass the filter by colors: 0, did not pass the filter by options: 1, added: 0, new vincodes: 0
23-11-2013 06:00:11 --- INFO: Lexus GX 470 - found: 6, pass primary filters: 6, did not pass the filter by colors: 4, did not pass the filter by options: 0, added: 2, new vincodes: 0
23-11-2013 06:00:12 --- INFO: Lexus LX 470 - found: 5, pass primary filters: 5, did not pass the filter by colors: 5, did not pass the filter by options: , added: 0, new vincodes: 0
23-11-2013 06:00:13 --- INFO: Toyota Sequoia - found: 0, pass primary filters: 0, did not pass the filter by colors: 0, did not pass the filter by options: 0, added: 0, new vincodes: 0
23-11-2013 06:00:13 --- INFO: Toyota Land Cruiser - found: 1, pass primary filters: 1, did not pass the filter by colors: 0, did not pass the filter by options: , added: 1, new vincodes: 0
23-11-2013 06:00:14 --- INFO: Lexus LX 570 - found: 0, pass primary filters: 0, did not pass the filter by colors: 0, did not pass the filter by options: 0, added: 0, new vincodes: 0
23-11-2013 06:00:15 --- INFO: Toyota Venza - found: 0, pass primary filters: 0, did not pass the filter by colors: 0, did not pass the filter by options: 0, added: 0, new vincodes: 0
23-11-2013 06:00:15 --- INFO: Toyota 4runner 2010 - found: 0, pass primary filters: 0, did not pass the filter by colors: 0, did not pass the filter by options: 0, added: 0, new vincodes: 0
23-11-2013 06:00:16 --- INFO: Toyota 4RUNNER 4WD V6 - found: 27, pass primary filters: 0, did not pass the filter by colors: 0, did not pass the filter by options: 0, added: 0, new vincodes: 0
23-11-2013 06:00:17 --- INFO: Toyota FJ cruiser - found: 11, pass primary filters: 0, did not pass the filter by colors: 0, did not pass the filter by options: 0, added: 0, new vincodes: 0
23-11-2013 06:00:17 --- INFO: Lexus RX 350 2013 - found: 0, pass primary filters: 0, did not pass the filter by colors: 0, did not pass the filter by options: 0, added: 0, new vincodes: 0
23-11-2013 06:00:18 --- INFO: Toyota Highlander - found: 33, pass primary filters: 4, did not pass the filter by colors: 2, did not pass the filter by options: , added: 2, new vincodes: 0
23-11-2013 06:01:07 --- INFO: Lexus RX 350 - found: 15, pass primary filters: 4, did not pass the filter by colors: 2, did not pass the filter by options: 0, added: 2, new vincodes: 2
23-11-2013 06:01:08 --- INFO: Toyota 4RUNNER Limited V6 - found: 30, pass primary filters: 0, did not pass the filter by colors: 0, did not pass the filter by options: 0, added: 0, new vincodes: 0
23-11-2013 06:01:08 --- INFO: finish: 23-11-2013 06:01:08
23-11-2013 06:01:08 --- INFO: elapsed time: ~67.01 sec., memory usage: ~1.99 Mb.
23-11-2013 06:30:01 --- INFO: start: 23-11-2013 06:30:01
23-11-2013 06:30:01 --- INFO: ----------Source_ExpOfCars (cli)
23-11-2013 06:30:04 --- INFO: Lexus RX 330 - found: 37, pass primary filters: 26, did not pass the filter by colors: 0, did not pass the filter by options: 0, added: 26, new vincodes: 0
23-11-2013 06:30:05 --- INFO: Lexus RX 400H - found: 7, pass primary filters: 6, did not pass the filter by colors: 0, did not pass the filter by options: 0, added: 6, new vincodes: 0
23-11-2013 06:30:07 --- INFO: Lexus GX 470 - found: 5, pass primary filters: 5, did not pass the filter by colors: 0, did not pass the filter by options: 0, added: 5, new vincodes: 0
23-11-2013 06:30:10 --- INFO: Lexus GX 470 - found: 39, pass primary filters: 39, did not pass the filter by colors: 0, did not pass the filter by options: 0, added: 39, new vincodes: 0
23-11-2013 06:30:12 --- INFO: Lexus LX 470 - found: 15, pass primary filters: 15, did not pass the filter by colors: 0, did not pass the filter by options: 0, added: 15, new vincodes: 0
23-11-2013 06:30:14 --- INFO: Toyota Sequoia - found: 18, pass primary filters: 18, did not pass the filter by colors: 0, did not pass the filter by options: 0, added: 18, new vincodes: 0
23-11-2013 06:30:15 --- INFO: Toyota Land Cruiser - found: 8, pass primary filters: 8, did not pass the filter by colors: 0, did not pass the filter by options: 0, added: 8, new vincodes: 0
23-11-2013 06:30:17 --- INFO: Lexus LX 570 - found: 14, pass primary filters: 14, did not pass the filter by colors: 0, did not pass the filter by options: 0, added: 14, new vincodes: 0
23-11-2013 06:30:18 --- INFO: Toyota Venza - found: 7, pass primary filters: 7, did not pass the filter by colors: 0, did not pass the filter by options: 0, added: 7, new vincodes: 0
23-11-2013 06:30:19 --- INFO: Toyota 4runner 2010 - found: 2, pass primary filters: 2, did not pass the filter by colors: 0, did not pass the filter by options: 0, added: 2, new vincodes: 0
23-11-2013 06:30:22 --- INFO: Toyota 4RUNNER 4WD V6 - found: 45, pass primary filters: 18, did not pass the filter by colors: 0, did not pass the filter by options: 0, added: 18, new vincodes: 0
23-11-2013 06:30:29 --- INFO: Toyota RAV 4 - found: 204, pass primary filters: 0, did not pass the filter by colors: 0, did not pass the filter by options: 0, added: 0, new vincodes: 0
23-11-2013 06:30:31 --- INFO: Toyota Highlander 4WD - found: 71, pass primary filters: 5, did not pass the filter by colors: 0, did not pass the filter by options: 0, added: 5, new vincodes: 0
23-11-2013 06:30:36 --- INFO: Toyota Highlander - found: 71, pass primary filters: 13, did not pass the filter by colors: 0, did not pass the filter by options: 0, added: 13, new vincodes: 0
23-11-2013 06:30:43 --- INFO: Lexus RX 350 - found: 81, pass primary filters: 64, did not pass the filter by colors: 0, did not pass the filter by options: 0, added: 64, new vincodes: 0
23-11-2013 06:30:45 --- INFO: Toyota 4RUNNER Limited V6 - found: 50, pass primary filters: 0, did not pass the filter by colors: 0, did not pass the filter by options: 0, added: 0, new vincodes: 0
23-11-2013 06:30:46 --- INFO: Lexus GX 460 - found: 2, pass primary filters: 2, did not pass the filter by colors: 0, did not pass the filter by options: 0, added: 2, new vincodes: 0
23-11-2013 06:30:47 --- INFO: Lexus RX 350 - found: 7, pass primary filters: 7, did not pass the filter by colors: 0, did not pass the filter by options: 0, added: 7, new vincodes: 0
23-11-2013 06:30:47 --- INFO: Toyota Highlander - found: 3, pass primary filters: 3, did not pass the filter by colors: 0, did not pass the filter by options: 0, added: 3, new vincodes: 0
23-11-2013 06:30:48 --- INFO: Lexus GS300 - found: 4, pass primary filters: 2, did not pass the filter by colors: 0, did not pass the filter by options: 0, added: 2, new vincodes: 0
23-11-2013 06:30:48 --- INFO: finish: 23-11-2013 06:30:48
23-11-2013 06:30:48 --- INFO: elapsed time: ~47.46 sec., memory usage: ~3.03 Mb.
23-11-2013 06:45:01 --- INFO: start: 23-11-2013 06:45:01
23-11-2013 06:45:01 --- INFO: ----------Source_Oodle (cli)
23-11-2013 06:45:07 --- INFO: Toyota Highlander - found: 71, pass primary filters: 17, did not pass the filter by colors: 0, did not pass the filter by options: 0, added: 17, new vincodes: 0
23-11-2013 06:45:18 --- ERROR: Error: You have not specified a 'category' or have specified multiple categories on your API request.  In that scenario, your 'start' parameter must be 500 or less.  Please revise your query and try again.  Use a smaller 'start' value or specify a single category.
23-11-2013 06:45:18 --- INFO: finish: 23-11-2013 06:45:18
23-11-2013 06:45:18 --- INFO: elapsed time: ~17.18 sec., memory usage: ~2.57 Mb.
23-11-2013 07:00:01 --- INFO: start: 23-11-2013 07:00:01
23-11-2013 07:00:02 --- INFO: ----------Source_AutoSalon (cli)
23-11-2013 07:00:18 --- INFO: Lexus RX 330 - found: 70, pass primary filters: 0, did not pass the filter by colors: 0, did not pass the filter by options: 0, added: 0, new vincodes: 0
23-11-2013 07:00:20 --- INFO: Lexus RX 400H - found: 0, pass primary filters: 0, did not pass the filter by colors: 0, did not pass the filter by options: 0, added: 0, new vincodes: 0
23-11-2013 07:01:56 --- INFO: Lexus GX 470 - found: 11, pass primary filters: 8, did not pass the filter by colors: 0, did not pass the filter by options: 0, added: 8, new vincodes: 0
23-11-2013 07:08:48 --- INFO: Lexus GX 470 - found: 72, pass primary filters: 0, did not pass the filter by colors: 0, did not pass the filter by options: 0, added: 0, new vincodes: 0
23-11-2013 07:10:52 --- INFO: Lexus LX 470 - found: 30, pass primary filters: 3, did not pass the filter by colors: 0, did not pass the filter by options: 0, added: 3, new vincodes: 0
23-11-2013 07:10:55 --- INFO: Toyota Sequoia - found: 0, pass primary filters: 0, did not pass the filter by colors: 0, did not pass the filter by options: 0, added: 0, new vincodes: 0
23-11-2013 07:10:57 --- INFO: Toyota Land Cruiser - found: 0, pass primary filters: 0, did not pass the filter by colors: 0, did not pass the filter by options: 0, added: 0, new vincodes: 0
23-11-2013 07:13:15 --- INFO: Lexus LX 570 - found: 24, pass primary filters: 21, did not pass the filter by colors: 0, did not pass the filter by options: 0, added: 21, new vincodes: 1
23-11-2013 07:13:18 --- INFO: Toyota Venza - found: 0, pass primary filters: 0, did not pass the filter by colors: 0, did not pass the filter by options: 0, added: 0, new vincodes: 0
23-11-2013 07:13:20 --- INFO: Toyota 4runner 2010 - found: 0, pass primary filters: 0, did not pass the filter by colors: 0, did not pass the filter by options: 0, added: 0, new vincodes: 0
23-11-2013 07:13:23 --- INFO: Toyota 4RUNNER 4WD V6 - found: 0, pass primary filters: 0, did not pass the filter by colors: 0, did not pass the filter by options: 0, added: 0, new vincodes: 0
23-11-2013 07:13:25 --- INFO: Toyota RAV 4 - found: 0, pass primary filters: 0, did not pass the filter by colors: 0, did not pass the filter by options: 0, added: 0, new vincodes: 0
23-11-2013 07:13:27 --- INFO: Toyota Highlander 4WD - found: 0, pass primary filters: 0, did not pass the filter by colors: 0, did not pass the filter by options: 0, added: 0, new vincodes: 0
23-11-2013 07:13:30 --- INFO: Toyota Highlander - found: 0, pass primary filters: 0, did not pass the filter by colors: 0, did not pass the filter by options: 0, added: 0, new vincodes: 0
23-11-2013 07:16:29 --- INFO: Lexus RX 350 - found: 163, pass primary filters: 2, did not pass the filter by colors: 0, did not pass the filter by options: 0, added: 2, new vincodes: 0
23-11-2013 07:16:31 --- INFO: Toyota 4RUNNER Limited V6 - found: 0, pass primary filters: 0, did not pass the filter by colors: 0, did not pass the filter by options: 0, added: 0, new vincodes: 0
23-11-2013 07:16:34 --- INFO: Lexus GX 460 - found: 5, pass primary filters: 2, did not pass the filter by colors: 0, did not pass the filter by options: 0, added: 2, new vincodes: 0
23-11-2013 07:16:40 --- INFO: Lexus RX 350 - found: 16, pass primary filters: 9, did not pass the filter by colors: 0, did not pass the filter by options: 0, added: 9, new vincodes: 0
23-11-2013 07:16:44 --- INFO: Toyota Highlander - found: 13, pass primary filters: 6, did not pass the filter by colors: 0, did not pass the filter by options: 0, added: 6, new vincodes: 0
23-11-2013 07:16:56 --- INFO: Lexus GS300 - found: 16, pass primary filters: 7, did not pass the filter by colors: 0, did not pass the filter by options: 0, added: 7, new vincodes: 0
23-11-2013 07:19:59 --- INFO: Toyota FJ cruiser - found: 26, pass primary filters: 0, did not pass the filter by colors: 0, did not pass the filter by options: 0, added: 0, new vincodes: 0
23-11-2013 07:21:51 --- INFO: Lexus RX 350 2013 - found: 35, pass primary filters: 3, did not pass the filter by colors: 0, did not pass the filter by options: 0, added: 3, new vincodes: 0
23-11-2013 07:21:51 --- INFO: finish: 23-11-2013 07:21:51
23-11-2013 07:21:51 --- INFO: elapsed time: ~1309.93 sec., memory usage: ~2.96 Mb.
23-11-2013 10:00:01 --- INFO: start: 23-11-2013 10:00:01
23-11-2013 10:00:04 --- INFO: ----------Source_Adesa (cli)
23-11-2013 10:00:06 --- INFO: Authorized request
23-11-2013 10:00:08 --- INFO: Lexus RX 330 - found: 16, pass primary filters: 7, did not pass the filter by colors: 1, did not pass the filter by options: 3, added: 3, new vincodes: 0
23-11-2013 10:00:10 --- INFO: Lexus RX 400H - found: 4, pass primary filters: 2, did not pass the filter by colors: 1, did not pass the filter by options: 0, added: 1, new vincodes: 0
23-11-2013 10:00:10 --- INFO: Lexus GX 470 - found: 1, pass primary filters: 1, did not pass the filter by colors: 0, did not pass the filter by options: 1, added: 0, new vincodes: 0
23-11-2013 10:00:11 --- INFO: Lexus GX 470 - found: 6, pass primary filters: 6, did not pass the filter by colors: 4, did not pass the filter by options: 0, added: 2, new vincodes: 0
23-11-2013 10:00:13 --- INFO: Lexus LX 470 - found: 5, pass primary filters: 5, did not pass the filter by colors: 5, did not pass the filter by options: , added: 0, new vincodes: 0
23-11-2013 10:00:13 --- INFO: Toyota Sequoia - found: 0, pass primary filters: 0, did not pass the filter by colors: 0, did not pass the filter by options: 0, added: 0, new vincodes: 0
23-11-2013 10:00:14 --- INFO: Toyota Land Cruiser - found: 1, pass primary filters: 1, did not pass the filter by colors: 0, did not pass the filter by options: , added: 1, new vincodes: 0
23-11-2013 10:00:14 --- INFO: Lexus LX 570 - found: 0, pass primary filters: 0, did not pass the filter by colors: 0, did not pass the filter by options: 0, added: 0, new vincodes: 0
23-11-2013 10:00:15 --- INFO: Toyota Venza - found: 0, pass primary filters: 0, did not pass the filter by colors: 0, did not pass the filter by options: 0, added: 0, new vincodes: 0
23-11-2013 10:00:16 --- INFO: Toyota 4runner 2010 - found: 0, pass primary filters: 0, did not pass the filter by colors: 0, did not pass the filter by options: 0, added: 0, new vincodes: 0
23-11-2013 10:00:16 --- INFO: Toyota 4RUNNER 4WD V6 - found: 27, pass primary filters: 0, did not pass the filter by colors: 0, did not pass the filter by options: 0, added: 0, new vincodes: 0
23-11-2013 10:00:17 --- INFO: Toyota FJ cruiser - found: 11, pass primary filters: 0, did not pass the filter by colors: 0, did not pass the filter by options: 0, added: 0, new vincodes: 0
23-11-2013 10:00:17 --- INFO: Lexus RX 350 2013 - found: 0, pass primary filters: 0, did not pass the filter by colors: 0, did not pass the filter by options: 0, added: 0, new vincodes: 0
23-11-2013 10:00:18 --- INFO: Toyota Highlander - found: 33, pass primary filters: 3, did not pass the filter by colors: 2, did not pass the filter by options: , added: 1, new vincodes: 0
23-11-2013 10:00:19 --- INFO: Lexus RX 350 - found: 15, pass primary filters: 3, did not pass the filter by colors: 2, did not pass the filter by options: 0, added: 1, new vincodes: 0
23-11-2013 10:00:20 --- INFO: Toyota 4RUNNER Limited V6 - found: 30, pass primary filters: 0, did not pass the filter by colors: 0, did not pass the filter by options: 0, added: 0, new vincodes: 0
23-11-2013 10:00:20 --- INFO: finish: 23-11-2013 10:00:20
23-11-2013 10:00:20 --- INFO: elapsed time: ~18.42 sec., memory usage: ~1.95 Mb.
23-11-2013 10:30:01 --- INFO: start: 23-11-2013 10:30:01
23-11-2013 10:30:01 --- INFO: ----------Source_ExpOfCars (cli)
23-11-2013 10:30:49 --- INFO: Lexus RX 330 - found: 60, pass primary filters: 40, did not pass the filter by colors: 0, did not pass the filter by options: 0, added: 40, new vincodes: 1
23-11-2013 10:30:57 --- INFO: Lexus RX 400H - found: 16, pass primary filters: 12, did not pass the filter by colors: 0, did not pass the filter by options: 0, added: 12, new vincodes: 0
23-11-2013 10:31:15 --- INFO: Lexus GX 470 - found: 10, pass primary filters: 10, did not pass the filter by colors: 0, did not pass the filter by options: 0, added: 10, new vincodes: 0
23-11-2013 10:33:07 --- INFO: Lexus GX 470 - found: 63, pass primary filters: 63, did not pass the filter by colors: 0, did not pass the filter by options: 0, added: 63, new vincodes: 0
23-11-2013 10:33:35 --- INFO: Lexus LX 470 - found: 24, pass primary filters: 24, did not pass the filter by colors: 0, did not pass the filter by options: 0, added: 24, new vincodes: 1
23-11-2013 10:34:31 --- INFO: Toyota Sequoia - found: 37, pass primary filters: 37, did not pass the filter by colors: 0, did not pass the filter by options: 0, added: 37, new vincodes: 2
23-11-2013 10:34:40 --- INFO: Toyota Land Cruiser - found: 16, pass primary filters: 16, did not pass the filter by colors: 0, did not pass the filter by options: 0, added: 16, new vincodes: 2
23-11-2013 10:35:23 --- INFO: Lexus LX 570 - found: 20, pass primary filters: 20, did not pass the filter by colors: 0, did not pass the filter by options: 0, added: 20, new vincodes: 0
23-11-2013 10:35:43 --- INFO: Toyota Venza - found: 16, pass primary filters: 16, did not pass the filter by colors: 0, did not pass the filter by options: 0, added: 16, new vincodes: 4
23-11-2013 10:35:49 --- INFO: Toyota 4runner 2010 - found: 7, pass primary filters: 7, did not pass the filter by colors: 0, did not pass the filter by options: 0, added: 7, new vincodes: 0
23-11-2013 10:35:59 --- INFO: Toyota 4RUNNER 4WD V6 - found: 70, pass primary filters: 22, did not pass the filter by colors: 0, did not pass the filter by options: 0, added: 22, new vincodes: 3
23-11-2013 10:36:19 --- INFO: Toyota RAV 4 - found: 539, pass primary filters: 0, did not pass the filter by colors: 0, did not pass the filter by options: 0, added: 0, new vincodes: 0
23-11-2013 10:36:22 --- INFO: Toyota Highlander 4WD - found: 109, pass primary filters: 4, did not pass the filter by colors: 0, did not pass the filter by options: 0, added: 4, new vincodes: 0
23-11-2013 10:36:54 --- INFO: Toyota Highlander - found: 109, pass primary filters: 24, did not pass the filter by colors: 0, did not pass the filter by options: 0, added: 24, new vincodes: 8
23-11-2013 10:39:00 --- INFO: Lexus RX 350 - found: 142, pass primary filters: 109, did not pass the filter by colors: 0, did not pass the filter by options: 0, added: 109, new vincodes: 4
23-11-2013 10:39:03 --- INFO: Toyota 4RUNNER Limited V6 - found: 81, pass primary filters: 1, did not pass the filter by colors: 0, did not pass the filter by options: 0, added: 1, new vincodes: 1
23-11-2013 10:39:05 --- INFO: Lexus GX 460 - found: 4, pass primary filters: 4, did not pass the filter by colors: 0, did not pass the filter by options: 0, added: 4, new vincodes: 0
23-11-2013 10:39:32 --- INFO: Lexus RX 350 - found: 15, pass primary filters: 15, did not pass the filter by colors: 0, did not pass the filter by options: 0, added: 15, new vincodes: 1
23-11-2013 10:39:48 --- INFO: Toyota Highlander - found: 9, pass primary filters: 9, did not pass the filter by colors: 0, did not pass the filter by options: 0, added: 9, new vincodes: 0
23-11-2013 10:39:57 --- INFO: Lexus GS300 - found: 14, pass primary filters: 7, did not pass the filter by colors: 0, did not pass the filter by options: 0, added: 7, new vincodes: 1
23-11-2013 10:39:57 --- INFO: finish: 23-11-2013 10:39:57
23-11-2013 10:39:57 --- INFO: elapsed time: ~595.54 sec., memory usage: ~5.87 Mb.
23-11-2013 10:45:01 --- INFO: start: 23-11-2013 10:45:01
23-11-2013 10:45:01 --- INFO: ----------Source_Oodle (cli)
23-11-2013 10:45:05 --- INFO: Toyota Highlander - found: 71, pass primary filters: 17, did not pass the filter by colors: 0, did not pass the filter by options: 0, added: 17, new vincodes: 0
23-11-2013 10:45:17 --- ERROR: Error: You have not specified a 'category' or have specified multiple categories on your API request.  In that scenario, your 'start' parameter must be 500 or less.  Please revise your query and try again.  Use a smaller 'start' value or specify a single category.
23-11-2013 10:45:17 --- INFO: finish: 23-11-2013 10:45:17
23-11-2013 10:45:17 --- INFO: elapsed time: ~15.41 sec., memory usage: ~2.56 Mb.
23-11-2013 11:00:01 --- INFO: start: 23-11-2013 11:00:01
23-11-2013 11:00:01 --- INFO: ----------Source_AutoSalon (cli)
23-11-2013 11:00:15 --- INFO: Lexus RX 330 - found: 70, pass primary filters: 0, did not pass the filter by colors: 0, did not pass the filter by options: 0, added: 0, new vincodes: 0
23-11-2013 11:00:18 --- INFO: Lexus RX 400H - found: 0, pass primary filters: 0, did not pass the filter by colors: 0, did not pass the filter by options: 0, added: 0, new vincodes: 0
23-11-2013 11:00:21 --- INFO: Lexus GX 470 - found: 11, pass primary filters: 8, did not pass the filter by colors: 0, did not pass the filter by options: 0, added: 8, new vincodes: 0
23-11-2013 11:00:52 --- INFO: Lexus GX 470 - found: 74, pass primary filters: 23, did not pass the filter by colors: 0, did not pass the filter by options: 0, added: 23, new vincodes: 0
23-11-2013 11:01:07 --- INFO: Lexus LX 470 - found: 30, pass primary filters: 3, did not pass the filter by colors: 0, did not pass the filter by options: 0, added: 3, new vincodes: 0
23-11-2013 11:01:10 --- INFO: Toyota Sequoia - found: 0, pass primary filters: 0, did not pass the filter by colors: 0, did not pass the filter by options: 0, added: 0, new vincodes: 0
23-11-2013 11:01:12 --- INFO: Toyota Land Cruiser - found: 0, pass primary filters: 0, did not pass the filter by colors: 0, did not pass the filter by options: 0, added: 0, new vincodes: 0
23-11-2013 11:01:23 --- INFO: Lexus LX 570 - found: 24, pass primary filters: 21, did not pass the filter by colors: 0, did not pass the filter by options: 0, added: 21, new vincodes: 0
23-11-2013 11:01:26 --- INFO: Toyota Venza - found: 0, pass primary filters: 0, did not pass the filter by colors: 0, did not pass the filter by options: 0, added: 0, new vincodes: 0
23-11-2013 11:01:29 --- INFO: Toyota 4runner 2010 - found: 0, pass primary filters: 0, did not pass the filter by colors: 0, did not pass the filter by options: 0, added: 0, new vincodes: 0
23-11-2013 11:01:31 --- INFO: Toyota 4RUNNER 4WD V6 - found: 0, pass primary filters: 0, did not pass the filter by colors: 0, did not pass the filter by options: 0, added: 0, new vincodes: 0
23-11-2013 11:01:34 --- INFO: Toyota RAV 4 - found: 0, pass primary filters: 0, did not pass the filter by colors: 0, did not pass the filter by options: 0, added: 0, new vincodes: 0
23-11-2013 11:01:37 --- INFO: Toyota Highlander 4WD - found: 0, pass primary filters: 0, did not pass the filter by colors: 0, did not pass the filter by options: 0, added: 0, new vincodes: 0
23-11-2013 11:01:39 --- INFO: Toyota Highlander - found: 0, pass primary filters: 0, did not pass the filter by colors: 0, did not pass the filter by options: 0, added: 0, new vincodes: 0
23-11-2013 11:02:15 --- INFO: Lexus RX 350 - found: 165, pass primary filters: 3, did not pass the filter by colors: 0, did not pass the filter by options: 0, added: 3, new vincodes: 0
23-11-2013 11:02:18 --- INFO: Toyota 4RUNNER Limited V6 - found: 0, pass primary filters: 0, did not pass the filter by colors: 0, did not pass the filter by options: 0, added: 0, new vincodes: 0
23-11-2013 11:02:21 --- INFO: Lexus GX 460 - found: 5, pass primary filters: 2, did not pass the filter by colors: 0, did not pass the filter by options: 0, added: 2, new vincodes: 0
23-11-2013 11:02:25 --- INFO: Lexus RX 350 - found: 16, pass primary filters: 9, did not pass the filter by colors: 0, did not pass the filter by options: 0, added: 9, new vincodes: 0
23-11-2013 11:02:29 --- INFO: Toyota Highlander - found: 13, pass primary filters: 6, did not pass the filter by colors: 0, did not pass the filter by options: 0, added: 6, new vincodes: 0
23-11-2013 11:02:37 --- INFO: Lexus GS300 - found: 16, pass primary filters: 7, did not pass the filter by colors: 0, did not pass the filter by options: 0, added: 7, new vincodes: 0
23-11-2013 11:02:44 --- INFO: Toyota FJ cruiser - found: 26, pass primary filters: 0, did not pass the filter by colors: 0, did not pass the filter by options: 0, added: 0, new vincodes: 0
23-11-2013 11:02:55 --- INFO: Lexus RX 350 2013 - found: 35, pass primary filters: 3, did not pass the filter by colors: 0, did not pass the filter by options: 0, added: 3, new vincodes: 0
23-11-2013 11:02:55 --- INFO: finish: 23-11-2013 11:02:55
23-11-2013 11:02:55 --- INFO: elapsed time: ~174.11 sec., memory usage: ~2.79 Mb.
19-11-2013 02:15:01 --- INFO: start: 19-11-2013 02:15:01
19-11-2013 02:15:01 --- INFO: ----------Source_Gsmotors (cli)
19-11-2013 15:13:47 --- INFO: Lexus RX 330 - found: 14120, pass primary filters: 0, did not pass the filter by colors: 0, did not pass the filter by options: 0, added: 0, new vincodes: 0
23-11-2013 11:12:24 --- INFO: Lexus RX 400H - found: 29169, pass primary filters: 0, did not pass the filter by colors: 0, did not pass the filter by options: 0, added: 0, new vincodes: 0
23-11-2013 11:12:48 --- INFO: Lexus GX 470 - found: 0, pass primary filters: 0, did not pass the filter by colors: 0, did not pass the filter by options: 0, added: 0, new vincodes: 0
23-11-2013 11:13:13 --- INFO: Lexus GX 470 - found: 0, pass primary filters: 0, did not pass the filter by colors: 0, did not pass the filter by options: 0, added: 0, new vincodes: 0
23-11-2013 11:13:40 --- INFO: Lexus LX 470 - found: 0, pass primary filters: 0, did not pass the filter by colors: 0, did not pass the filter by options: 0, added: 0, new vincodes: 0
23-11-2013 11:14:04 --- INFO: Toyota Sequoia - found: 0, pass primary filters: 0, did not pass the filter by colors: 0, did not pass the filter by options: 0, added: 0, new vincodes: 0
23-11-2013 11:14:27 --- INFO: Toyota Land Cruiser - found: 0, pass primary filters: 0, did not pass the filter by colors: 0, did not pass the filter by options: 0, added: 0, new vincodes: 0
23-11-2013 11:14:52 --- INFO: Lexus LX 570 - found: 0, pass primary filters: 0, did not pass the filter by colors: 0, did not pass the filter by options: 0, added: 0, new vincodes: 0
23-11-2013 11:14:59 --- INFO: Toyota Venza - found: 0, pass primary filters: 0, did not pass the filter by colors: 0, did not pass the filter by options: 0, added: 0, new vincodes: 0
23-11-2013 11:15:05 --- INFO: Toyota 4runner 2010 - found: 0, pass primary filters: 0, did not pass the filter by colors: 0, did not pass the filter by options: 0, added: 0, new vincodes: 0
23-11-2013 11:15:10 --- INFO: Toyota 4RUNNER 4WD V6 - found: 0, pass primary filters: 0, did not pass the filter by colors: 0, did not pass the filter by options: 0, added: 0, new vincodes: 0
23-11-2013 11:15:22 --- INFO: Toyota RAV 4 - found: 0, pass primary filters: 0, did not pass the filter by colors: 0, did not pass the filter by options: 0, added: 0, new vincodes: 0
23-11-2013 11:15:50 --- INFO: Toyota Highlander 4WD - found: 0, pass primary filters: 0, did not pass the filter by colors: 0, did not pass the filter by options: 0, added: 0, new vincodes: 0
23-11-2013 11:16:16 --- INFO: Toyota Highlander - found: 0, pass primary filters: 0, did not pass the filter by colors: 0, did not pass the filter by options: 0, added: 0, new vincodes: 0
23-11-2013 11:16:39 --- INFO: Lexus RX 350 - found: 0, pass primary filters: 0, did not pass the filter by colors: 0, did not pass the filter by options: 0, added: 0, new vincodes: 0
23-11-2013 11:17:03 --- INFO: Toyota 4RUNNER Limited V6 - found: 0, pass primary filters: 0, did not pass the filter by colors: 0, did not pass the filter by options: 0, added: 0, new vincodes: 0
23-11-2013 11:17:03 --- INFO: finish: 23-11-2013 11:17:03
23-11-2013 11:17:03 --- INFO: elapsed time: ~378121.61 sec., memory usage: ~69.6 Mb.
23-11-2013 14:00:04 --- INFO: start: 23-11-2013 14:00:04
23-11-2013 14:00:07 --- INFO: ----------Source_Adesa (cli)
23-11-2013 14:00:09 --- INFO: Authorized request
23-11-2013 14:00:10 --- INFO: Lexus RX 330 - found: 2, pass primary filters: 1, did not pass the filter by colors: 0, did not pass the filter by options: 0, added: 1, new vincodes: 0
23-11-2013 14:00:11 --- INFO: Lexus RX 400H - found: 1, pass primary filters: 0, did not pass the filter by colors: 0, did not pass the filter by options: 0, added: 0, new vincodes: 0
23-11-2013 14:00:11 --- INFO: Lexus GX 470 - found: 1, pass primary filters: 1, did not pass the filter by colors: 0, did not pass the filter by options: 1, added: 0, new vincodes: 0
23-11-2013 14:00:12 --- INFO: Lexus GX 470 - found: 0, pass primary filters: 0, did not pass the filter by colors: 0, did not pass the filter by options: 0, added: 0, new vincodes: 0
23-11-2013 14:00:12 --- INFO: Lexus LX 470 - found: 2, pass primary filters: 2, did not pass the filter by colors: 2, did not pass the filter by options: , added: 0, new vincodes: 0
23-11-2013 14:00:13 --- INFO: Toyota Sequoia - found: 0, pass primary filters: 0, did not pass the filter by colors: 0, did not pass the filter by options: 0, added: 0, new vincodes: 0
23-11-2013 14:00:13 --- INFO: Toyota Land Cruiser - found: 0, pass primary filters: 0, did not pass the filter by colors: 0, did not pass the filter by options: 0, added: 0, new vincodes: 0
23-11-2013 14:00:14 --- INFO: Lexus LX 570 - found: 0, pass primary filters: 0, did not pass the filter by colors: 0, did not pass the filter by options: 0, added: 0, new vincodes: 0
23-11-2013 14:00:14 --- INFO: Toyota Venza - found: 0, pass primary filters: 0, did not pass the filter by colors: 0, did not pass the filter by options: 0, added: 0, new vincodes: 0
23-11-2013 14:00:15 --- INFO: Toyota 4runner 2010 - found: 0, pass primary filters: 0, did not pass the filter by colors: 0, did not pass the filter by options: 0, added: 0, new vincodes: 0
23-11-2013 14:00:16 --- INFO: Toyota 4RUNNER 4WD V6 - found: 12, pass primary filters: 4, did not pass the filter by colors: 2, did not pass the filter by options: , added: 2, new vincodes: 0
23-11-2013 14:00:16 --- INFO: Toyota FJ cruiser - found: 4, pass primary filters: 0, did not pass the filter by colors: 0, did not pass the filter by options: 0, added: 0, new vincodes: 0
23-11-2013 14:00:17 --- INFO: Lexus RX 350 2013 - found: 0, pass primary filters: 0, did not pass the filter by colors: 0, did not pass the filter by options: 0, added: 0, new vincodes: 0
23-11-2013 14:00:17 --- INFO: Toyota Highlander - found: 10, pass primary filters: 2, did not pass the filter by colors: 1, did not pass the filter by options: , added: 1, new vincodes: 0
23-11-2013 14:00:18 --- INFO: Lexus RX 350 - found: 10, pass primary filters: 3, did not pass the filter by colors: 2, did not pass the filter by options: 0, added: 1, new vincodes: 0
23-11-2013 14:00:19 --- INFO: Toyota 4RUNNER Limited V6 - found: 12, pass primary filters: 0, did not pass the filter by colors: 0, did not pass the filter by options: 0, added: 0, new vincodes: 0
23-11-2013 14:00:19 --- INFO: finish: 23-11-2013 14:00:19
23-11-2013 14:00:19 --- INFO: elapsed time: ~14.56 sec., memory usage: ~1.79 Mb.
23-11-2013 14:30:01 --- INFO: start: 23-11-2013 14:30:01
23-11-2013 14:30:02 --- INFO: ----------Source_ExpOfCars (cli)
23-11-2013 14:30:07 --- INFO: Lexus RX 330 - found: 57, pass primary filters: 39, did not pass the filter by colors: 0, did not pass the filter by options: 0, added: 39, new vincodes: 0
23-11-2013 14:30:08 --- INFO: Lexus RX 400H - found: 15, pass primary filters: 11, did not pass the filter by colors: 0, did not pass the filter by options: 0, added: 11, new vincodes: 0
23-11-2013 14:30:10 --- INFO: Lexus GX 470 - found: 10, pass primary filters: 10, did not pass the filter by colors: 0, did not pass the filter by options: 0, added: 10, new vincodes: 0
23-11-2013 14:30:16 --- INFO: Lexus GX 470 - found: 59, pass primary filters: 59, did not pass the filter by colors: 0, did not pass the filter by options: 0, added: 59, new vincodes: 0
23-11-2013 14:30:18 --- INFO: Lexus LX 470 - found: 24, pass primary filters: 24, did not pass the filter by colors: 0, did not pass the filter by options: 0, added: 24, new vincodes: 0
23-11-2013 14:30:21 --- INFO: Toyota Sequoia - found: 35, pass primary filters: 35, did not pass the filter by colors: 0, did not pass the filter by options: 0, added: 35, new vincodes: 0
23-11-2013 14:30:23 --- INFO: Toyota Land Cruiser - found: 16, pass primary filters: 16, did not pass the filter by colors: 0, did not pass the filter by options: 0, added: 16, new vincodes: 0
23-11-2013 14:30:25 --- INFO: Lexus LX 570 - found: 20, pass primary filters: 20, did not pass the filter by colors: 0, did not pass the filter by options: 0, added: 20, new vincodes: 0
23-11-2013 14:30:27 --- INFO: Toyota Venza - found: 16, pass primary filters: 16, did not pass the filter by colors: 0, did not pass the filter by options: 0, added: 16, new vincodes: 0
23-11-2013 14:30:29 --- INFO: Toyota 4runner 2010 - found: 7, pass primary filters: 7, did not pass the filter by colors: 0, did not pass the filter by options: 0, added: 7, new vincodes: 0
23-11-2013 14:30:31 --- INFO: Toyota 4RUNNER 4WD V6 - found: 64, pass primary filters: 19, did not pass the filter by colors: 0, did not pass the filter by options: 0, added: 19, new vincodes: 0
23-11-2013 14:30:52 --- INFO: Toyota RAV 4 - found: 532, pass primary filters: 0, did not pass the filter by colors: 0, did not pass the filter by options: 0, added: 0, new vincodes: 0
23-11-2013 14:30:55 --- INFO: Toyota Highlander 4WD - found: 101, pass primary filters: 4, did not pass the filter by colors: 0, did not pass the filter by options: 0, added: 4, new vincodes: 0
23-11-2013 14:30:59 --- INFO: Toyota Highlander - found: 101, pass primary filters: 23, did not pass the filter by colors: 0, did not pass the filter by options: 0, added: 23, new vincodes: 0
23-11-2013 14:31:07 --- INFO: Lexus RX 350 - found: 141, pass primary filters: 108, did not pass the filter by colors: 0, did not pass the filter by options: 0, added: 108, new vincodes: 0
23-11-2013 14:31:10 --- INFO: Toyota 4RUNNER Limited V6 - found: 74, pass primary filters: 1, did not pass the filter by colors: 0, did not pass the filter by options: 0, added: 1, new vincodes: 0
23-11-2013 14:31:12 --- INFO: Lexus GX 460 - found: 4, pass primary filters: 4, did not pass the filter by colors: 0, did not pass the filter by options: 0, added: 4, new vincodes: 0
23-11-2013 14:31:13 --- INFO: Lexus RX 350 - found: 14, pass primary filters: 14, did not pass the filter by colors: 0, did not pass the filter by options: 0, added: 14, new vincodes: 0
23-11-2013 14:31:14 --- INFO: Toyota Highlander - found: 9, pass primary filters: 9, did not pass the filter by colors: 0, did not pass the filter by options: 0, added: 9, new vincodes: 0
23-11-2013 14:31:16 --- INFO: Lexus GS300 - found: 13, pass primary filters: 7, did not pass the filter by colors: 0, did not pass the filter by options: 0, added: 7, new vincodes: 0
23-11-2013 14:31:16 --- INFO: finish: 23-11-2013 14:31:16
23-11-2013 14:31:16 --- INFO: elapsed time: ~74.92 sec., memory usage: ~3.87 Mb.
23-11-2013 14:45:01 --- INFO: start: 23-11-2013 14:45:01
23-11-2013 14:45:01 --- INFO: ----------Source_Oodle (cli)
23-11-2013 14:45:06 --- INFO: Toyota Highlander - found: 72, pass primary filters: 18, did not pass the filter by colors: 0, did not pass the filter by options: 0, added: 18, new vincodes: 0
23-11-2013 14:45:17 --- ERROR: Error: You have not specified a 'category' or have specified multiple categories on your API request.  In that scenario, your 'start' parameter must be 500 or less.  Please revise your query and try again.  Use a smaller 'start' value or specify a single category.
23-11-2013 14:45:17 --- INFO: finish: 23-11-2013 14:45:17
23-11-2013 14:45:17 --- INFO: elapsed time: ~16.38 sec., memory usage: ~2.56 Mb.
23-11-2013 15:00:01 --- INFO: start: 23-11-2013 15:00:01
23-11-2013 15:00:01 --- INFO: ----------Source_AutoSalon (cli)
23-11-2013 15:00:13 --- INFO: Lexus RX 330 - found: 54, pass primary filters: 0, did not pass the filter by colors: 0, did not pass the filter by options: 0, added: 0, new vincodes: 0
23-11-2013 15:00:16 --- INFO: Lexus RX 400H - found: 0, pass primary filters: 0, did not pass the filter by colors: 0, did not pass the filter by options: 0, added: 0, new vincodes: 0
23-11-2013 15:00:20 --- INFO: Lexus GX 470 - found: 10, pass primary filters: 8, did not pass the filter by colors: 0, did not pass the filter by options: 0, added: 8, new vincodes: 0
23-11-2013 15:02:18 --- INFO: Lexus GX 470 - found: 56, pass primary filters: 6, did not pass the filter by colors: 0, did not pass the filter by options: 0, added: 6, new vincodes: 0
23-11-2013 15:07:17 --- INFO: Lexus LX 470 - found: 25, pass primary filters: 21, did not pass the filter by colors: 0, did not pass the filter by options: 0, added: 21, new vincodes: 0
23-11-2013 15:07:19 --- INFO: Toyota Sequoia - found: 0, pass primary filters: 0, did not pass the filter by colors: 0, did not pass the filter by options: 0, added: 0, new vincodes: 0
23-11-2013 15:07:21 --- INFO: Toyota Land Cruiser - found: 0, pass primary filters: 0, did not pass the filter by colors: 0, did not pass the filter by options: 0, added: 0, new vincodes: 0
23-11-2013 15:07:34 --- INFO: Lexus LX 570 - found: 19, pass primary filters: 16, did not pass the filter by colors: 0, did not pass the filter by options: 0, added: 16, new vincodes: 0
23-11-2013 15:07:36 --- INFO: Toyota Venza - found: 0, pass primary filters: 0, did not pass the filter by colors: 0, did not pass the filter by options: 0, added: 0, new vincodes: 0
23-11-2013 15:07:39 --- INFO: Toyota 4runner 2010 - found: 0, pass primary filters: 0, did not pass the filter by colors: 0, did not pass the filter by options: 0, added: 0, new vincodes: 0
23-11-2013 15:07:41 --- INFO: Toyota 4RUNNER 4WD V6 - found: 0, pass primary filters: 0, did not pass the filter by colors: 0, did not pass the filter by options: 0, added: 0, new vincodes: 0
23-11-2013 15:07:44 --- INFO: Toyota RAV 4 - found: 0, pass primary filters: 0, did not pass the filter by colors: 0, did not pass the filter by options: 0, added: 0, new vincodes: 0
23-11-2013 15:07:46 --- INFO: Toyota Highlander 4WD - found: 0, pass primary filters: 0, did not pass the filter by colors: 0, did not pass the filter by options: 0, added: 0, new vincodes: 0
23-11-2013 15:07:49 --- INFO: Toyota Highlander - found: 0, pass primary filters: 0, did not pass the filter by colors: 0, did not pass the filter by options: 0, added: 0, new vincodes: 0
23-11-2013 15:08:17 --- INFO: Lexus RX 350 - found: 131, pass primary filters: 1, did not pass the filter by colors: 0, did not pass the filter by options: 0, added: 1, new vincodes: 0
23-11-2013 15:08:19 --- INFO: Toyota 4RUNNER Limited V6 - found: 0, pass primary filters: 0, did not pass the filter by colors: 0, did not pass the filter by options: 0, added: 0, new vincodes: 0
23-11-2013 15:08:22 --- INFO: Lexus GX 460 - found: 4, pass primary filters: 2, did not pass the filter by colors: 0, did not pass the filter by options: 0, added: 2, new vincodes: 0
23-11-2013 15:08:29 --- INFO: Lexus RX 350 - found: 13, pass primary filters: 7, did not pass the filter by colors: 0, did not pass the filter by options: 0, added: 7, new vincodes: 0
23-11-2013 15:08:32 --- INFO: Toyota Highlander - found: 9, pass primary filters: 3, did not pass the filter by colors: 0, did not pass the filter by options: 0, added: 3, new vincodes: 0
23-11-2013 15:08:40 --- INFO: Lexus GS300 - found: 13, pass primary filters: 5, did not pass the filter by colors: 0, did not pass the filter by options: 0, added: 5, new vincodes: 0
23-11-2013 15:08:44 --- INFO: Toyota FJ cruiser - found: 22, pass primary filters: 8, did not pass the filter by colors: 0, did not pass the filter by options: 0, added: 8, new vincodes: 0
23-11-2013 15:08:51 --- INFO: Lexus RX 350 2013 - found: 23, pass primary filters: 10, did not pass the filter by colors: 0, did not pass the filter by options: 0, added: 10, new vincodes: 0
23-11-2013 15:08:51 --- INFO: finish: 23-11-2013 15:08:51
23-11-2013 15:08:51 --- INFO: elapsed time: ~530.06 sec., memory usage: ~2.69 Mb.
23-11-2013 18:00:01 --- INFO: start: 23-11-2013 18:00:01
23-11-2013 18:00:01 --- INFO: ----------Source_Adesa (cli)
23-11-2013 18:00:02 --- INFO: Authorized request
23-11-2013 18:00:05 --- INFO: Lexus RX 330 - found: 4, pass primary filters: 1, did not pass the filter by colors: 0, did not pass the filter by options: 0, added: 1, new vincodes: 0
23-11-2013 18:00:05 --- INFO: Lexus RX 400H - found: 1, pass primary filters: 0, did not pass the filter by colors: 0, did not pass the filter by options: 0, added: 0, new vincodes: 0
23-11-2013 18:00:06 --- INFO: Lexus GX 470 - found: 1, pass primary filters: 1, did not pass the filter by colors: 0, did not pass the filter by options: 1, added: 0, new vincodes: 0
23-11-2013 18:00:10 --- INFO: Lexus GX 470 - found: 2, pass primary filters: 2, did not pass the filter by colors: 0, did not pass the filter by options: 0, added: 2, new vincodes: 1
23-11-2013 18:00:11 --- INFO: Lexus LX 470 - found: 3, pass primary filters: 3, did not pass the filter by colors: 3, did not pass the filter by options: , added: 0, new vincodes: 0
23-11-2013 18:00:11 --- INFO: Toyota Sequoia - found: 0, pass primary filters: 0, did not pass the filter by colors: 0, did not pass the filter by options: 0, added: 0, new vincodes: 0
23-11-2013 18:00:11 --- INFO: Toyota Land Cruiser - found: 0, pass primary filters: 0, did not pass the filter by colors: 0, did not pass the filter by options: 0, added: 0, new vincodes: 0
23-11-2013 18:00:12 --- INFO: Lexus LX 570 - found: 0, pass primary filters: 0, did not pass the filter by colors: 0, did not pass the filter by options: 0, added: 0, new vincodes: 0
23-11-2013 18:00:13 --- INFO: Toyota Venza - found: 0, pass primary filters: 0, did not pass the filter by colors: 0, did not pass the filter by options: 0, added: 0, new vincodes: 0
23-11-2013 18:00:13 --- INFO: Toyota 4runner 2010 - found: 0, pass primary filters: 0, did not pass the filter by colors: 0, did not pass the filter by options: 0, added: 0, new vincodes: 0
23-11-2013 18:00:14 --- INFO: Toyota 4RUNNER 4WD V6 - found: 12, pass primary filters: 4, did not pass the filter by colors: 2, did not pass the filter by options: , added: 2, new vincodes: 0
23-11-2013 18:00:14 --- INFO: Toyota FJ cruiser - found: 4, pass primary filters: 0, did not pass the filter by colors: 0, did not pass the filter by options: 0, added: 0, new vincodes: 0
23-11-2013 18:00:15 --- INFO: Lexus RX 350 2013 - found: 0, pass primary filters: 0, did not pass the filter by colors: 0, did not pass the filter by options: 0, added: 0, new vincodes: 0
23-11-2013 18:00:15 --- INFO: Toyota Highlander - found: 11, pass primary filters: 2, did not pass the filter by colors: 1, did not pass the filter by options: , added: 1, new vincodes: 0
23-11-2013 18:00:16 --- INFO: Lexus RX 350 - found: 11, pass primary filters: 11, did not pass the filter by colors: 6, did not pass the filter by options: 3, added: 2, new vincodes: 0
23-11-2013 18:00:17 --- INFO: Toyota 4RUNNER Limited V6 - found: 12, pass primary filters: 0, did not pass the filter by colors: 0, did not pass the filter by options: 0, added: 0, new vincodes: 0
23-11-2013 18:00:17 --- INFO: finish: 23-11-2013 18:00:17
23-11-2013 18:00:17 --- INFO: elapsed time: ~16.03 sec., memory usage: ~1.96 Mb.
23-11-2013 18:30:01 --- INFO: start: 23-11-2013 18:30:01
23-11-2013 18:30:01 --- INFO: ----------Source_ExpOfCars (cli)
23-11-2013 18:30:10 --- INFO: Lexus RX 330 - found: 58, pass primary filters: 40, did not pass the filter by colors: 0, did not pass the filter by options: 0, added: 40, new vincodes: 0
23-11-2013 18:30:11 --- INFO: Lexus RX 400H - found: 14, pass primary filters: 10, did not pass the filter by colors: 0, did not pass the filter by options: 0, added: 10, new vincodes: 0
23-11-2013 18:30:13 --- INFO: Lexus GX 470 - found: 10, pass primary filters: 10, did not pass the filter by colors: 0, did not pass the filter by options: 0, added: 10, new vincodes: 0
23-11-2013 18:30:30 --- INFO: Lexus GX 470 - found: 58, pass primary filters: 58, did not pass the filter by colors: 0, did not pass the filter by options: 0, added: 58, new vincodes: 0
23-11-2013 18:31:16 --- INFO: Lexus LX 470 - found: 24, pass primary filters: 24, did not pass the filter by colors: 0, did not pass the filter by options: 0, added: 24, new vincodes: 0
23-11-2013 18:31:19 --- INFO: Toyota Sequoia - found: 34, pass primary filters: 34, did not pass the filter by colors: 0, did not pass the filter by options: 0, added: 34, new vincodes: 0
23-11-2013 18:31:26 --- INFO: Toyota Land Cruiser - found: 17, pass primary filters: 17, did not pass the filter by colors: 0, did not pass the filter by options: 0, added: 17, new vincodes: 0
23-11-2013 18:31:28 --- INFO: Lexus LX 570 - found: 20, pass primary filters: 20, did not pass the filter by colors: 0, did not pass the filter by options: 0, added: 20, new vincodes: 0
23-11-2013 18:31:29 --- INFO: Toyota Venza - found: 16, pass primary filters: 16, did not pass the filter by colors: 0, did not pass the filter by options: 0, added: 16, new vincodes: 0
23-11-2013 18:31:31 --- INFO: Toyota 4runner 2010 - found: 7, pass primary filters: 7, did not pass the filter by colors: 0, did not pass the filter by options: 0, added: 7, new vincodes: 0
23-11-2013 18:31:34 --- INFO: Toyota 4RUNNER 4WD V6 - found: 39, pass primary filters: 11, did not pass the filter by colors: 0, did not pass the filter by options: 0, added: 11, new vincodes: 0
23-11-2013 18:31:52 --- INFO: Toyota RAV 4 - found: 521, pass primary filters: 0, did not pass the filter by colors: 0, did not pass the filter by options: 0, added: 0, new vincodes: 0
23-11-2013 18:31:56 --- INFO: Toyota Highlander 4WD - found: 104, pass primary filters: 5, did not pass the filter by colors: 0, did not pass the filter by options: 0, added: 5, new vincodes: 0
23-11-2013 18:32:05 --- INFO: Toyota Highlander - found: 104, pass primary filters: 24, did not pass the filter by colors: 0, did not pass the filter by options: 0, added: 24, new vincodes: 0
23-11-2013 18:32:13 --- INFO: Lexus RX 350 - found: 138, pass primary filters: 104, did not pass the filter by colors: 0, did not pass the filter by options: 0, added: 104, new vincodes: 0
23-11-2013 18:32:15 --- INFO: Toyota 4RUNNER Limited V6 - found: 48, pass primary filters: 1, did not pass the filter by colors: 0, did not pass the filter by options: 0, added: 1, new vincodes: 0
23-11-2013 18:32:16 --- INFO: Lexus GX 460 - found: 4, pass primary filters: 4, did not pass the filter by colors: 0, did not pass the filter by options: 0, added: 4, new vincodes: 0
23-11-2013 18:32:18 --- INFO: Lexus RX 350 - found: 13, pass primary filters: 13, did not pass the filter by colors: 0, did not pass the filter by options: 0, added: 13, new vincodes: 0
23-11-2013 18:32:19 --- INFO: Toyota Highlander - found: 9, pass primary filters: 9, did not pass the filter by colors: 0, did not pass the filter by options: 0, added: 9, new vincodes: 0
23-11-2013 18:32:21 --- INFO: Lexus GS300 - found: 13, pass primary filters: 7, did not pass the filter by colors: 0, did not pass the filter by options: 0, added: 7, new vincodes: 0
23-11-2013 18:32:21 --- INFO: finish: 23-11-2013 18:32:21
23-11-2013 18:32:21 --- INFO: elapsed time: ~140.64 sec., memory usage: ~4.02 Mb.
23-11-2013 18:45:02 --- INFO: start: 23-11-2013 18:45:02
23-11-2013 18:45:02 --- INFO: ----------Source_Oodle (cli)
23-11-2013 18:45:08 --- INFO: Toyota Highlander - found: 72, pass primary filters: 18, did not pass the filter by colors: 0, did not pass the filter by options: 0, added: 18, new vincodes: 0
23-11-2013 18:45:22 --- ERROR: Error: You have not specified a 'category' or have specified multiple categories on your API request.  In that scenario, your 'start' parameter must be 500 or less.  Please revise your query and try again.  Use a smaller 'start' value or specify a single category.
23-11-2013 18:45:22 --- INFO: finish: 23-11-2013 18:45:22
23-11-2013 18:45:22 --- INFO: elapsed time: ~20.25 sec., memory usage: ~2.63 Mb.
23-11-2013 19:00:01 --- INFO: start: 23-11-2013 19:00:01
23-11-2013 19:00:01 --- INFO: ----------Source_AutoSalon (cli)
23-11-2013 19:00:14 --- INFO: Lexus RX 330 - found: 55, pass primary filters: 0, did not pass the filter by colors: 0, did not pass the filter by options: 0, added: 0, new vincodes: 0
23-11-2013 19:00:19 --- INFO: Lexus RX 400H - found: 0, pass primary filters: 0, did not pass the filter by colors: 0, did not pass the filter by options: 0, added: 0, new vincodes: 0
23-11-2013 19:00:23 --- INFO: Lexus GX 470 - found: 10, pass primary filters: 8, did not pass the filter by colors: 0, did not pass the filter by options: 0, added: 8, new vincodes: 0
23-11-2013 19:00:49 --- INFO: Lexus GX 470 - found: 60, pass primary filters: 10, did not pass the filter by colors: 0, did not pass the filter by options: 0, added: 10, new vincodes: 0
23-11-2013 19:00:57 --- INFO: Lexus LX 470 - found: 27, pass primary filters: 0, did not pass the filter by colors: 0, did not pass the filter by options: 0, added: 0, new vincodes: 0
23-11-2013 19:01:00 --- INFO: Toyota Sequoia - found: 0, pass primary filters: 0, did not pass the filter by colors: 0, did not pass the filter by options: 0, added: 0, new vincodes: 0
23-11-2013 19:01:02 --- INFO: Toyota Land Cruiser - found: 0, pass primary filters: 0, did not pass the filter by colors: 0, did not pass the filter by options: 0, added: 0, new vincodes: 0
23-11-2013 19:01:08 --- INFO: Lexus LX 570 - found: 19, pass primary filters: 16, did not pass the filter by colors: 0, did not pass the filter by options: 0, added: 16, new vincodes: 0
23-11-2013 19:01:10 --- INFO: Toyota Venza - found: 0, pass primary filters: 0, did not pass the filter by colors: 0, did not pass the filter by options: 0, added: 0, new vincodes: 0
23-11-2013 19:01:13 --- INFO: Toyota 4runner 2010 - found: 0, pass primary filters: 0, did not pass the filter by colors: 0, did not pass the filter by options: 0, added: 0, new vincodes: 0
23-11-2013 19:01:15 --- INFO: Toyota 4RUNNER 4WD V6 - found: 0, pass primary filters: 0, did not pass the filter by colors: 0, did not pass the filter by options: 0, added: 0, new vincodes: 0
23-11-2013 19:01:18 --- INFO: Toyota RAV 4 - found: 0, pass primary filters: 0, did not pass the filter by colors: 0, did not pass the filter by options: 0, added: 0, new vincodes: 0
23-11-2013 19:01:20 --- INFO: Toyota Highlander 4WD - found: 0, pass primary filters: 0, did not pass the filter by colors: 0, did not pass the filter by options: 0, added: 0, new vincodes: 0
23-11-2013 19:01:23 --- INFO: Toyota Highlander - found: 0, pass primary filters: 0, did not pass the filter by colors: 0, did not pass the filter by options: 0, added: 0, new vincodes: 0
23-11-2013 19:01:56 --- INFO: Lexus RX 350 - found: 132, pass primary filters: 1, did not pass the filter by colors: 0, did not pass the filter by options: 0, added: 1, new vincodes: 0
23-11-2013 19:01:58 --- INFO: Toyota 4RUNNER Limited V6 - found: 0, pass primary filters: 0, did not pass the filter by colors: 0, did not pass the filter by options: 0, added: 0, new vincodes: 0
23-11-2013 19:02:01 --- INFO: Lexus GX 460 - found: 4, pass primary filters: 2, did not pass the filter by colors: 0, did not pass the filter by options: 0, added: 2, new vincodes: 0
23-11-2013 19:02:05 --- INFO: Lexus RX 350 - found: 13, pass primary filters: 7, did not pass the filter by colors: 0, did not pass the filter by options: 0, added: 7, new vincodes: 0
23-11-2013 19:02:08 --- INFO: Toyota Highlander - found: 11, pass primary filters: 5, did not pass the filter by colors: 0, did not pass the filter by options: 0, added: 5, new vincodes: 0
23-11-2013 19:02:15 --- INFO: Lexus GS300 - found: 14, pass primary filters: 5, did not pass the filter by colors: 0, did not pass the filter by options: 0, added: 5, new vincodes: 0
23-11-2013 19:02:20 --- INFO: Toyota FJ cruiser - found: 22, pass primary filters: 8, did not pass the filter by colors: 0, did not pass the filter by options: 0, added: 8, new vincodes: 0
23-11-2013 19:02:25 --- INFO: Lexus RX 350 2013 - found: 24, pass primary filters: 10, did not pass the filter by colors: 0, did not pass the filter by options: 0, added: 10, new vincodes: 0
23-11-2013 19:02:25 --- INFO: finish: 23-11-2013 19:02:25
23-11-2013 19:02:25 --- INFO: elapsed time: ~143.15 sec., memory usage: ~2.63 Mb.
23-11-2013 22:00:01 --- INFO: start: 23-11-2013 22:00:01
23-11-2013 22:00:04 --- INFO: ----------Source_Adesa (cli)
23-11-2013 22:00:09 --- INFO: Authorized request
23-11-2013 22:00:11 --- INFO: Lexus RX 330 - found: 4, pass primary filters: 1, did not pass the filter by colors: 0, did not pass the filter by options: 0, added: 1, new vincodes: 0
23-11-2013 22:00:11 --- INFO: Lexus RX 400H - found: 1, pass primary filters: 0, did not pass the filter by colors: 0, did not pass the filter by options: 0, added: 0, new vincodes: 0
23-11-2013 22:00:12 --- INFO: Lexus GX 470 - found: 1, pass primary filters: 1, did not pass the filter by colors: 0, did not pass the filter by options: 1, added: 0, new vincodes: 0
23-11-2013 22:00:15 --- INFO: Lexus GX 470 - found: 3, pass primary filters: 3, did not pass the filter by colors: 0, did not pass the filter by options: 0, added: 3, new vincodes: 1
23-11-2013 22:00:16 --- INFO: Lexus LX 470 - found: 3, pass primary filters: 3, did not pass the filter by colors: 3, did not pass the filter by options: , added: 0, new vincodes: 0
23-11-2013 22:00:17 --- INFO: Toyota Sequoia - found: 0, pass primary filters: 0, did not pass the filter by colors: 0, did not pass the filter by options: 0, added: 0, new vincodes: 0
23-11-2013 22:00:17 --- INFO: Toyota Land Cruiser - found: 0, pass primary filters: 0, did not pass the filter by colors: 0, did not pass the filter by options: 0, added: 0, new vincodes: 0
23-11-2013 22:00:17 --- INFO: Lexus LX 570 - found: 0, pass primary filters: 0, did not pass the filter by colors: 0, did not pass the filter by options: 0, added: 0, new vincodes: 0
23-11-2013 22:00:18 --- INFO: Toyota Venza - found: 0, pass primary filters: 0, did not pass the filter by colors: 0, did not pass the filter by options: 0, added: 0, new vincodes: 0
23-11-2013 22:00:19 --- INFO: Toyota 4runner 2010 - found: 0, pass primary filters: 0, did not pass the filter by colors: 0, did not pass the filter by options: 0, added: 0, new vincodes: 0
23-11-2013 22:00:19 --- INFO: Toyota 4RUNNER 4WD V6 - found: 12, pass primary filters: 4, did not pass the filter by colors: 2, did not pass the filter by options: , added: 2, new vincodes: 0
23-11-2013 22:00:20 --- INFO: Toyota FJ cruiser - found: 4, pass primary filters: 0, did not pass the filter by colors: 0, did not pass the filter by options: 0, added: 0, new vincodes: 0
23-11-2013 22:00:20 --- INFO: Lexus RX 350 2013 - found: 0, pass primary filters: 0, did not pass the filter by colors: 0, did not pass the filter by options: 0, added: 0, new vincodes: 0
23-11-2013 22:00:21 --- INFO: Toyota Highlander - found: 11, pass primary filters: 2, did not pass the filter by colors: 1, did not pass the filter by options: , added: 1, new vincodes: 0
23-11-2013 22:00:22 --- INFO: Lexus RX 350 - found: 11, pass primary filters: 11, did not pass the filter by colors: 6, did not pass the filter by options: 3, added: 2, new vincodes: 0
23-11-2013 22:00:23 --- INFO: Toyota 4RUNNER Limited V6 - found: 12, pass primary filters: 0, did not pass the filter by colors: 0, did not pass the filter by options: 0, added: 0, new vincodes: 0
23-11-2013 22:00:23 --- INFO: finish: 23-11-2013 22:00:23
23-11-2013 22:00:23 --- INFO: elapsed time: ~21.71 sec., memory usage: ~1.98 Mb.
23-11-2013 22:30:01 --- INFO: start: 23-11-2013 22:30:01
23-11-2013 22:30:01 --- INFO: ----------Source_ExpOfCars (cli)
23-11-2013 22:30:06 --- INFO: Lexus RX 330 - found: 56, pass primary filters: 38, did not pass the filter by colors: 0, did not pass the filter by options: 0, added: 38, new vincodes: 0
23-11-2013 22:30:07 --- INFO: Lexus RX 400H - found: 13, pass primary filters: 10, did not pass the filter by colors: 0, did not pass the filter by options: 0, added: 10, new vincodes: 0
23-11-2013 22:30:08 --- INFO: Lexus GX 470 - found: 10, pass primary filters: 10, did not pass the filter by colors: 0, did not pass the filter by options: 0, added: 10, new vincodes: 0
23-11-2013 22:30:13 --- INFO: Lexus GX 470 - found: 56, pass primary filters: 56, did not pass the filter by colors: 0, did not pass the filter by options: 0, added: 56, new vincodes: 0
23-11-2013 22:30:15 --- INFO: Lexus LX 470 - found: 23, pass primary filters: 23, did not pass the filter by colors: 0, did not pass the filter by options: 0, added: 23, new vincodes: 0
23-11-2013 22:30:18 --- INFO: Toyota Sequoia - found: 29, pass primary filters: 29, did not pass the filter by colors: 0, did not pass the filter by options: 0, added: 29, new vincodes: 0
23-11-2013 22:30:20 --- INFO: Toyota Land Cruiser - found: 17, pass primary filters: 17, did not pass the filter by colors: 0, did not pass the filter by options: 0, added: 17, new vincodes: 0
23-11-2013 22:30:24 --- INFO: Lexus LX 570 - found: 18, pass primary filters: 18, did not pass the filter by colors: 0, did not pass the filter by options: 0, added: 18, new vincodes: 0
23-11-2013 22:30:26 --- INFO: Toyota Venza - found: 16, pass primary filters: 16, did not pass the filter by colors: 0, did not pass the filter by options: 0, added: 16, new vincodes: 0
23-11-2013 22:30:28 --- INFO: Toyota 4runner 2010 - found: 7, pass primary filters: 7, did not pass the filter by colors: 0, did not pass the filter by options: 0, added: 7, new vincodes: 0
23-11-2013 22:30:30 --- INFO: Toyota 4RUNNER 4WD V6 - found: 35, pass primary filters: 9, did not pass the filter by colors: 0, did not pass the filter by options: 0, added: 9, new vincodes: 0
23-11-2013 22:30:51 --- INFO: Toyota RAV 4 - found: 514, pass primary filters: 0, did not pass the filter by colors: 0, did not pass the filter by options: 0, added: 0, new vincodes: 0
23-11-2013 22:30:54 --- INFO: Toyota Highlander 4WD - found: 103, pass primary filters: 5, did not pass the filter by colors: 0, did not pass the filter by options: 0, added: 5, new vincodes: 0
23-11-2013 22:30:58 --- INFO: Toyota Highlander - found: 103, pass primary filters: 24, did not pass the filter by colors: 0, did not pass the filter by options: 0, added: 24, new vincodes: 0
23-11-2013 22:31:05 --- INFO: Lexus RX 350 - found: 134, pass primary filters: 101, did not pass the filter by colors: 0, did not pass the filter by options: 0, added: 101, new vincodes: 0
23-11-2013 22:31:07 --- INFO: Toyota 4RUNNER Limited V6 - found: 43, pass primary filters: 1, did not pass the filter by colors: 0, did not pass the filter by options: 0, added: 1, new vincodes: 0
23-11-2013 22:31:08 --- INFO: Lexus GX 460 - found: 3, pass primary filters: 3, did not pass the filter by colors: 0, did not pass the filter by options: 0, added: 3, new vincodes: 0
23-11-2013 22:31:10 --- INFO: Lexus RX 350 - found: 13, pass primary filters: 13, did not pass the filter by colors: 0, did not pass the filter by options: 0, added: 13, new vincodes: 0
23-11-2013 22:31:12 --- INFO: Toyota Highlander - found: 9, pass primary filters: 9, did not pass the filter by colors: 0, did not pass the filter by options: 0, added: 9, new vincodes: 0
23-11-2013 22:31:13 --- INFO: Lexus GS300 - found: 13, pass primary filters: 7, did not pass the filter by colors: 0, did not pass the filter by options: 0, added: 7, new vincodes: 0
23-11-2013 22:31:13 --- INFO: finish: 23-11-2013 22:31:13
23-11-2013 22:31:13 --- INFO: elapsed time: ~72.67 sec., memory usage: ~3.73 Mb.
23-11-2013 22:45:01 --- INFO: start: 23-11-2013 22:45:01
23-11-2013 22:45:02 --- INFO: ----------Source_Oodle (cli)
23-11-2013 22:45:06 --- INFO: Toyota Highlander - found: 72, pass primary filters: 18, did not pass the filter by colors: 0, did not pass the filter by options: 0, added: 18, new vincodes: 0
23-11-2013 22:45:35 --- ERROR: Error: You have not specified a 'category' or have specified multiple categories on your API request.  In that scenario, your 'start' parameter must be 500 or less.  Please revise your query and try again.  Use a smaller 'start' value or specify a single category.
23-11-2013 22:45:35 --- INFO: finish: 23-11-2013 22:45:35
23-11-2013 22:45:35 --- INFO: elapsed time: ~33.04 sec., memory usage: ~2.62 Mb.
23-11-2013 23:00:07 --- INFO: start: 23-11-2013 23:00:07
23-11-2013 23:00:07 --- INFO: ----------Source_AutoSalon (cli)
23-11-2013 23:00:24 --- INFO: Lexus RX 330 - found: 57, pass primary filters: 0, did not pass the filter by colors: 0, did not pass the filter by options: 0, added: 0, new vincodes: 0
23-11-2013 23:00:27 --- INFO: Lexus RX 400H - found: 0, pass primary filters: 0, did not pass the filter by colors: 0, did not pass the filter by options: 0, added: 0, new vincodes: 0
23-11-2013 23:00:31 --- INFO: Lexus GX 470 - found: 10, pass primary filters: 8, did not pass the filter by colors: 0, did not pass the filter by options: 0, added: 8, new vincodes: 0
23-11-2013 23:01:00 --- INFO: Lexus GX 470 - found: 62, pass primary filters: 12, did not pass the filter by colors: 0, did not pass the filter by options: 0, added: 12, new vincodes: 0
23-11-2013 23:02:29 --- INFO: Lexus LX 470 - found: 29, pass primary filters: 1, did not pass the filter by colors: 0, did not pass the filter by options: 0, added: 1, new vincodes: 0
23-11-2013 23:02:32 --- INFO: Toyota Sequoia - found: 0, pass primary filters: 0, did not pass the filter by colors: 0, did not pass the filter by options: 0, added: 0, new vincodes: 0
23-11-2013 23:02:35 --- INFO: Toyota Land Cruiser - found: 0, pass primary filters: 0, did not pass the filter by colors: 0, did not pass the filter by options: 0, added: 0, new vincodes: 0
23-11-2013 23:02:44 --- INFO: Lexus LX 570 - found: 21, pass primary filters: 17, did not pass the filter by colors: 0, did not pass the filter by options: 0, added: 17, new vincodes: 0
23-11-2013 23:02:47 --- INFO: Toyota Venza - found: 0, pass primary filters: 0, did not pass the filter by colors: 0, did not pass the filter by options: 0, added: 0, new vincodes: 0
23-11-2013 23:02:50 --- INFO: Toyota 4runner 2010 - found: 0, pass primary filters: 0, did not pass the filter by colors: 0, did not pass the filter by options: 0, added: 0, new vincodes: 0
23-11-2013 23:02:53 --- INFO: Toyota 4RUNNER 4WD V6 - found: 0, pass primary filters: 0, did not pass the filter by colors: 0, did not pass the filter by options: 0, added: 0, new vincodes: 0
23-11-2013 23:02:56 --- INFO: Toyota RAV 4 - found: 0, pass primary filters: 0, did not pass the filter by colors: 0, did not pass the filter by options: 0, added: 0, new vincodes: 0
23-11-2013 23:02:58 --- INFO: Toyota Highlander 4WD - found: 0, pass primary filters: 0, did not pass the filter by colors: 0, did not pass the filter by options: 0, added: 0, new vincodes: 0
23-11-2013 23:03:01 --- INFO: Toyota Highlander - found: 0, pass primary filters: 0, did not pass the filter by colors: 0, did not pass the filter by options: 0, added: 0, new vincodes: 0
23-11-2013 23:03:34 --- INFO: Lexus RX 350 - found: 138, pass primary filters: 3, did not pass the filter by colors: 0, did not pass the filter by options: 0, added: 3, new vincodes: 0
23-11-2013 23:03:37 --- INFO: Toyota 4RUNNER Limited V6 - found: 0, pass primary filters: 0, did not pass the filter by colors: 0, did not pass the filter by options: 0, added: 0, new vincodes: 0
23-11-2013 23:03:44 --- INFO: Lexus GX 460 - found: 5, pass primary filters: 3, did not pass the filter by colors: 0, did not pass the filter by options: 0, added: 3, new vincodes: 0
23-11-2013 23:03:49 --- INFO: Lexus RX 350 - found: 13, pass primary filters: 7, did not pass the filter by colors: 0, did not pass the filter by options: 0, added: 7, new vincodes: 0
23-11-2013 23:03:52 --- INFO: Toyota Highlander - found: 11, pass primary filters: 5, did not pass the filter by colors: 0, did not pass the filter by options: 0, added: 5, new vincodes: 0
23-11-2013 23:03:58 --- INFO: Lexus GS300 - found: 14, pass primary filters: 5, did not pass the filter by colors: 0, did not pass the filter by options: 0, added: 5, new vincodes: 0
23-11-2013 23:04:03 --- INFO: Toyota FJ cruiser - found: 22, pass primary filters: 8, did not pass the filter by colors: 0, did not pass the filter by options: 0, added: 8, new vincodes: 0
23-11-2013 23:04:18 --- INFO: Lexus RX 350 2013 - found: 25, pass primary filters: 11, did not pass the filter by colors: 0, did not pass the filter by options: 0, added: 11, new vincodes: 0
23-11-2013 23:04:18 --- INFO: finish: 23-11-2013 23:04:18
23-11-2013 23:04:18 --- INFO: elapsed time: ~250.83 sec., memory usage: ~2.69 Mb.