
30-12-2013 18:35:09 --- INFO: start: 30-12-2013 18:35:09
30-12-2013 18:35:09 --- INFO: ----------Source_Oodle (apache2handler)
30-12-2013 18:35:21 --- INFO: Toyota Highlander - found: 27, pass primary filters: 24, did not pass the filter by colors: 0, did not pass the filter by options: 0, added: 24, new vincodes: 2
30-12-2013 18:35:28 --- INFO: Lexus RX 330 - found: 237, pass primary filters: 1, did not pass the filter by colors: 0, did not pass the filter by options: 0, added: 1, new vincodes: 0
30-12-2013 18:35:28 --- INFO: Lexus RX 400H - found: 0, pass primary filters: 0, did not pass the filter by colors: 0, did not pass the filter by options: 0, added: 0, new vincodes: 0
30-12-2013 18:35:29 --- INFO: Lexus GX 470 - found: 15, pass primary filters: 9, did not pass the filter by colors: 0, did not pass the filter by options: 0, added: 9, new vincodes: 0
30-12-2013 18:37:02 --- INFO: Lexus GX 470 - found: 214, pass primary filters: 3, did not pass the filter by colors: 0, did not pass the filter by options: 0, added: 3, new vincodes: 0
30-12-2013 18:37:53 --- INFO: Lexus LX 470 - found: 72, pass primary filters: 11, did not pass the filter by colors: 0, did not pass the filter by options: 0, added: 11, new vincodes: 0
30-12-2013 18:37:57 --- INFO: Toyota Sequoia - found: 79, pass primary filters: 7, did not pass the filter by colors: 0, did not pass the filter by options: 0, added: 7, new vincodes: 0
30-12-2013 18:37:58 --- INFO: Toyota Land Cruiser - found: 19, pass primary filters: 7, did not pass the filter by colors: 0, did not pass the filter by options: 0, added: 7, new vincodes: 0
30-12-2013 18:37:58 --- INFO: Lexus LX 570 - found: 0, pass primary filters: 0, did not pass the filter by colors: 0, did not pass the filter by options: 0, added: 0, new vincodes: 0
30-12-2013 18:37:59 --- INFO: Toyota Venza - found: 0, pass primary filters: 0, did not pass the filter by colors: 0, did not pass the filter by options: 0, added: 0, new vincodes: 0
30-12-2013 18:38:32 --- INFO: Toyota 4runner 2010 - found: 4, pass primary filters: 3, did not pass the filter by colors: 0, did not pass the filter by options: 0, added: 3, new vincodes: 1
30-12-2013 18:38:43 --- INFO: Toyota 4RUNNER 4WD V6 - found: 483, pass primary filters: 0, did not pass the filter by colors: 0, did not pass the filter by options: 0, added: 0, new vincodes: 0
30-12-2013 18:39:47 --- INFO: Toyota RAV 4 - found: 3096, pass primary filters: 0, did not pass the filter by colors: 0, did not pass the filter by options: 0, added: 0, new vincodes: 0
30-12-2013 18:40:00 --- INFO: Toyota Highlander 4WD - found: 476, pass primary filters: 0, did not pass the filter by colors: 0, did not pass the filter by options: 0, added: 0, new vincodes: 0
30-12-2013 18:41:00 --- INFO: Toyota Highlander - found: 476, pass primary filters: 0, did not pass the filter by colors: 0, did not pass the filter by options: 0, added: 0, new vincodes: 0
30-12-2013 18:42:05 --- INFO: Lexus RX 350 - found: 696, pass primary filters: 2, did not pass the filter by colors: 0, did not pass the filter by options: 0, added: 2, new vincodes: 0
30-12-2013 18:42:18 --- INFO: Toyota 4RUNNER Limited V6 - found: 552, pass primary filters: 0, did not pass the filter by colors: 0, did not pass the filter by options: 0, added: 0, new vincodes: 0
30-12-2013 18:42:18 --- INFO: Lexus GX 460 - found: 0, pass primary filters: 0, did not pass the filter by colors: 0, did not pass the filter by options: 0, added: 0, new vincodes: 0
30-12-2013 18:42:19 --- INFO: Lexus RX 350 - found: 11, pass primary filters: 6, did not pass the filter by colors: 0, did not pass the filter by options: 0, added: 6, new vincodes: 0
30-12-2013 18:42:22 --- INFO: Lexus GS300 - found: 102, pass primary filters: 0, did not pass the filter by colors: 0, did not pass the filter by options: 0, added: 0, new vincodes: 0
30-12-2013 18:42:24 --- INFO: Toyota FJ cruiser - found: 81, pass primary filters: 0, did not pass the filter by colors: 0, did not pass the filter by options: 0, added: 0, new vincodes: 0
30-12-2013 18:42:59 --- INFO: Lexus RX 350 2013 - found: 62, pass primary filters: 1, did not pass the filter by colors: 0, did not pass the filter by options: 0, added: 1, new vincodes: 0
30-12-2013 18:42:59 --- INFO: finish: 30-12-2013 18:42:59
30-12-2013 18:42:59 --- INFO: elapsed time: ~470.01 sec., memory usage: ~6.23 Mb.
30-12-2013 19:26:59 --- INFO: start: 30-12-2013 19:26:59
30-12-2013 19:26:59 --- INFO: ----------Source_AutoSalon (apache2handler)
30-12-2013 19:27:16 --- INFO: Lexus RX 330 - found: 50, pass primary filters: 0, did not pass the filter by colors: 0, did not pass the filter by options: 0, added: 0, new vincodes: 0
30-12-2013 19:27:17 --- INFO: Lexus RX 400H - found: 1, pass primary filters: 0, did not pass the filter by colors: 0, did not pass the filter by options: 0, added: 0, new vincodes: 0
30-12-2013 19:27:23 --- INFO: Lexus GX 470 - found: 2, pass primary filters: 2, did not pass the filter by colors: 0, did not pass the filter by options: 0, added: 2, new vincodes: 0
30-12-2013 19:36:09 --- INFO: Lexus GX 470 - found: 49, pass primary filters: 23, did not pass the filter by colors: 0, did not pass the filter by options: 0, added: 23, new vincodes: 4
30-12-2013 19:39:05 --- INFO: Lexus LX 470 - found: 17, pass primary filters: 15, did not pass the filter by colors: 0, did not pass the filter by options: 0, added: 15, new vincodes: 3
30-12-2013 19:39:06 --- INFO: Toyota Sequoia - found: 0, pass primary filters: 0, did not pass the filter by colors: 0, did not pass the filter by options: 0, added: 0, new vincodes: 0
30-12-2013 19:39:08 --- INFO: Toyota Land Cruiser - found: 0, pass primary filters: 0, did not pass the filter by colors: 0, did not pass the filter by options: 0, added: 0, new vincodes: 0
30-12-2013 19:39:32 --- INFO: Lexus LX 570 - found: 15, pass primary filters: 13, did not pass the filter by colors: 0, did not pass the filter by options: 0, added: 13, new vincodes: 1
30-12-2013 19:39:34 --- INFO: Toyota Venza - found: 0, pass primary filters: 0, did not pass the filter by colors: 0, did not pass the filter by options: 0, added: 0, new vincodes: 0
30-12-2013 19:39:35 --- INFO: Toyota 4runner 2010 - found: 0, pass primary filters: 0, did not pass the filter by colors: 0, did not pass the filter by options: 0, added: 0, new vincodes: 0
30-12-2013 19:39:37 --- INFO: Toyota 4RUNNER 4WD V6 - found: 0, pass primary filters: 0, did not pass the filter by colors: 0, did not pass the filter by options: 0, added: 0, new vincodes: 0
30-12-2013 19:39:38 --- INFO: Toyota RAV 4 - found: 0, pass primary filters: 0, did not pass the filter by colors: 0, did not pass the filter by options: 0, added: 0, new vincodes: 0
30-12-2013 19:39:40 --- INFO: Toyota Highlander 4WD - found: 0, pass primary filters: 0, did not pass the filter by colors: 0, did not pass the filter by options: 0, added: 0, new vincodes: 0
30-12-2013 19:39:43 --- INFO: Toyota Highlander - found: 0, pass primary filters: 0, did not pass the filter by colors: 0, did not pass the filter by options: 0, added: 0, new vincodes: 0
30-12-2013 19:46:24 --- INFO: Lexus RX 350 - found: 113, pass primary filters: 9, did not pass the filter by colors: 0, did not pass the filter by options: 0, added: 9, new vincodes: 2
30-12-2013 19:46:26 --- INFO: Toyota 4RUNNER Limited V6 - found: 0, pass primary filters: 0, did not pass the filter by colors: 0, did not pass the filter by options: 0, added: 0, new vincodes: 0
30-12-2013 19:46:27 --- INFO: Lexus GX 460 - found: 0, pass primary filters: 0, did not pass the filter by colors: 0, did not pass the filter by options: 0, added: 0, new vincodes: 0
30-12-2013 19:50:27 --- INFO: Lexus RX 350 - found: 10, pass primary filters: 5, did not pass the filter by colors: 0, did not pass the filter by options: 0, added: 5, new vincodes: 3
30-12-2013 19:50:42 --- INFO: Toyota Highlander - found: 14, pass primary filters: 10, did not pass the filter by colors: 0, did not pass the filter by options: 0, added: 10, new vincodes: 0
30-12-2013 19:52:53 --- INFO: Lexus GS300 - found: 16, pass primary filters: 4, did not pass the filter by colors: 0, did not pass the filter by options: 0, added: 4, new vincodes: 2
30-12-2013 19:53:12 --- INFO: Toyota FJ cruiser - found: 23, pass primary filters: 12, did not pass the filter by colors: 0, did not pass the filter by options: 0, added: 12, new vincodes: 1
30-12-2013 19:55:24 --- INFO: Lexus RX 350 2013 - found: 24, pass primary filters: 12, did not pass the filter by colors: 0, did not pass the filter by options: 0, added: 12, new vincodes: 3
30-12-2013 19:55:24 --- INFO: finish: 30-12-2013 19:55:24
30-12-2013 19:55:24 --- INFO: elapsed time: ~1704.96 sec., memory usage: ~5.07 Mb.